[0.017s] Invoking command in '/home/vasee22/COAR-ROS2-Workspace-main/build/igus_rebel_description': CMAKE_PREFIX_PATH=${CMAKE_PREFIX_PATH}:/home/vasee22/ws_moveit/install/moveit_configs_utils:/opt/ros/jazzy DEBUGINFOD_URLS=https://debuginfod.ubuntu.com /usr/bin/cmake /home/vasee22/COAR-ROS2-Workspace-main/src/igus_rebel_ros2/igus_rebel_description -DCMAKE_BUILD_TYPE=Debug -DCMAKE_INSTALL_PREFIX=/home/vasee22/COAR-ROS2-Workspace-main/install/igus_rebel_description
[0.103s] -- The C compiler identification is GNU 13.3.0
[0.160s] -- The CXX compiler identification is GNU 13.3.0
[0.172s] -- Detecting C compiler ABI info
[0.236s] -- Detecting C compiler ABI info - done
[0.242s] -- Check for working C compiler: /usr/bin/cc - skipped
[0.242s] -- Detecting C compile features
[0.243s] -- Detecting C compile features - done
[0.250s] -- Detecting CXX compiler ABI info
[0.316s] -- Detecting CXX compiler ABI info - done
[0.321s] -- Check for working CXX compiler: /usr/bin/c++ - skipped
[0.321s] -- Detecting CXX compile features
[0.321s] -- Detecting CXX compile features - done
[0.326s] -- Found ament_cmake: 2.5.5 (/opt/ros/jazzy/share/ament_cmake/cmake)
[0.442s] -- Found Python3: /usr/bin/python3 (found version "3.12.3") found components: Interpreter 
[0.539s] -- Found ament_lint_auto: 0.17.4 (/opt/ros/jazzy/share/ament_lint_auto/cmake)
[0.625s] -- Added test 'lint_cmake' to check CMake code style
[0.629s] -- Added test 'xmllint' to check XML markup files
[0.631s] -- Configuring done (0.6s)
[0.633s] -- Generating done (0.0s)
[0.634s] -- Build files have been written to: /home/vasee22/COAR-ROS2-Workspace-main/build/igus_rebel_description
[0.639s] Invoked command in '/home/vasee22/COAR-ROS2-Workspace-main/build/igus_rebel_description' returned '0': CMAKE_PREFIX_PATH=${CMAKE_PREFIX_PATH}:/home/vasee22/ws_moveit/install/moveit_configs_utils:/opt/ros/jazzy DEBUGINFOD_URLS=https://debuginfod.ubuntu.com /usr/bin/cmake /home/vasee22/COAR-ROS2-Workspace-main/src/igus_rebel_ros2/igus_rebel_description -DCMAKE_BUILD_TYPE=Debug -DCMAKE_INSTALL_PREFIX=/home/vasee22/COAR-ROS2-Workspace-main/install/igus_rebel_description
[0.640s] Invoking command in '/home/vasee22/COAR-ROS2-Workspace-main/build/igus_rebel_description': CMAKE_PREFIX_PATH=${CMAKE_PREFIX_PATH}:/home/vasee22/ws_moveit/install/moveit_configs_utils:/opt/ros/jazzy DEBUGINFOD_URLS=https://debuginfod.ubuntu.com /usr/bin/cmake --build /home/vasee22/COAR-ROS2-Workspace-main/build/igus_rebel_description -- -j24 -l24
[0.672s] Invoked command in '/home/vasee22/COAR-ROS2-Workspace-main/build/igus_rebel_description' returned '0': CMAKE_PREFIX_PATH=${CMAKE_PREFIX_PATH}:/home/vasee22/ws_moveit/install/moveit_configs_utils:/opt/ros/jazzy DEBUGINFOD_URLS=https://debuginfod.ubuntu.com /usr/bin/cmake --build /home/vasee22/COAR-ROS2-Workspace-main/build/igus_rebel_description -- -j24 -l24
[0.681s] Invoking command in '/home/vasee22/COAR-ROS2-Workspace-main/build/igus_rebel_description': CMAKE_PREFIX_PATH=${CMAKE_PREFIX_PATH}:/home/vasee22/ws_moveit/install/moveit_configs_utils:/opt/ros/jazzy DEBUGINFOD_URLS=https://debuginfod.ubuntu.com /usr/bin/cmake --install /home/vasee22/COAR-ROS2-Workspace-main/build/igus_rebel_description
[0.687s] -- Install configuration: "Debug"
[0.687s] -- Installing: /home/vasee22/COAR-ROS2-Workspace-main/install/igus_rebel_description/share/igus_rebel_description/launch
[0.687s] -- Installing: /home/vasee22/COAR-ROS2-Workspace-main/install/igus_rebel_description/share/igus_rebel_description/launch/display.launch.archive
[0.687s] -- Installing: /home/vasee22/COAR-ROS2-Workspace-main/install/igus_rebel_description/share/igus_rebel_description/launch/igus_rebel_robot.launch.archive
[0.687s] -- Installing: /home/vasee22/COAR-ROS2-Workspace-main/install/igus_rebel_description/share/igus_rebel_description/meshes
[0.687s] -- Installing: /home/vasee22/COAR-ROS2-Workspace-main/install/igus_rebel_description/share/igus_rebel_description/meshes/robolink_rebel
[0.687s] -- Installing: /home/vasee22/COAR-ROS2-Workspace-main/install/igus_rebel_description/share/igus_rebel_description/meshes/robolink_rebel/Diffuse Map.001.png
[0.687s] -- Installing: /home/vasee22/COAR-ROS2-Workspace-main/install/igus_rebel_description/share/igus_rebel_description/meshes/robolink_rebel/Robolink_RebeL_002_2.dae
[0.688s] -- Installing: /home/vasee22/COAR-ROS2-Workspace-main/install/igus_rebel_description/share/igus_rebel_description/meshes/robolink_rebel/Robolink_RebeL_001.dae
[0.689s] -- Installing: /home/vasee22/COAR-ROS2-Workspace-main/install/igus_rebel_description/share/igus_rebel_description/meshes/robolink_rebel/Robolink_RebeL_004.dae
[0.692s] -- Installing: /home/vasee22/COAR-ROS2-Workspace-main/install/igus_rebel_description/share/igus_rebel_description/meshes/robolink_rebel/Robolink_RebeL_005.stl
[0.692s] -- Installing: /home/vasee22/COAR-ROS2-Workspace-main/install/igus_rebel_description/share/igus_rebel_description/meshes/robolink_rebel/Robolink_RebeL_002.stl
[0.693s] -- Installing: /home/vasee22/COAR-ROS2-Workspace-main/install/igus_rebel_description/share/igus_rebel_description/meshes/robolink_rebel/Robolink_RebeL_002_1.stl
[0.693s] -- Installing: /home/vasee22/COAR-ROS2-Workspace-main/install/igus_rebel_description/share/igus_rebel_description/meshes/robolink_rebel/Diffuse Map.004.png
[0.693s] -- Installing: /home/vasee22/COAR-ROS2-Workspace-main/install/igus_rebel_description/share/igus_rebel_description/meshes/robolink_rebel/Robolink_RebeL_003.stl
[0.694s] -- Installing: /home/vasee22/COAR-ROS2-Workspace-main/install/igus_rebel_description/share/igus_rebel_description/meshes/robolink_rebel/Diffuse Map.005.png
[0.694s] -- Installing: /home/vasee22/COAR-ROS2-Workspace-main/install/igus_rebel_description/share/igus_rebel_description/meshes/robolink_rebel/Robolink_RebeL_000.stl
[0.694s] -- Installing: /home/vasee22/COAR-ROS2-Workspace-main/install/igus_rebel_description/share/igus_rebel_description/meshes/robolink_rebel/Diffuse Map.003.png
[0.694s] -- Installing: /home/vasee22/COAR-ROS2-Workspace-main/install/igus_rebel_description/share/igus_rebel_description/meshes/robolink_rebel/Robolink_RebeL_002_0.dae
[0.695s] -- Installing: /home/vasee22/COAR-ROS2-Workspace-main/install/igus_rebel_description/share/igus_rebel_description/meshes/robolink_rebel/Robolink_RebeL_005.dae
[0.697s] -- Installing: /home/vasee22/COAR-ROS2-Workspace-main/install/igus_rebel_description/share/igus_rebel_description/meshes/robolink_rebel/Diffuse Map.png
[0.697s] -- Installing: /home/vasee22/COAR-ROS2-Workspace-main/install/igus_rebel_description/share/igus_rebel_description/meshes/robolink_rebel/Diffuse Map.006.png
[0.697s] -- Installing: /home/vasee22/COAR-ROS2-Workspace-main/install/igus_rebel_description/share/igus_rebel_description/meshes/robolink_rebel/Robolink_RebeL_004.stl
[0.698s] -- Installing: /home/vasee22/COAR-ROS2-Workspace-main/install/igus_rebel_description/share/igus_rebel_description/meshes/robolink_rebel/Robolink_RebeL_000.dae
[0.698s] -- Installing: /home/vasee22/COAR-ROS2-Workspace-main/install/igus_rebel_description/share/igus_rebel_description/meshes/robolink_rebel/Robolink_RebeL_006.stl
[0.698s] -- Installing: /home/vasee22/COAR-ROS2-Workspace-main/install/igus_rebel_description/share/igus_rebel_description/meshes/robolink_rebel/Robolink_RebeL_001.stl
[0.698s] -- Installing: /home/vasee22/COAR-ROS2-Workspace-main/install/igus_rebel_description/share/igus_rebel_description/meshes/robolink_rebel/Robolink_RebeL_006.dae
[0.699s] -- Installing: /home/vasee22/COAR-ROS2-Workspace-main/install/igus_rebel_description/share/igus_rebel_description/meshes/robolink_rebel/Robolink_RebeL_002_2.stl
[0.700s] -- Installing: /home/vasee22/COAR-ROS2-Workspace-main/install/igus_rebel_description/share/igus_rebel_description/meshes/robolink_rebel/Robolink_RebeL_003.dae
[0.703s] -- Installing: /home/vasee22/COAR-ROS2-Workspace-main/install/igus_rebel_description/share/igus_rebel_description/meshes/robolink_rebel/Robolink_RebeL_002_0.stl
[0.703s] -- Installing: /home/vasee22/COAR-ROS2-Workspace-main/install/igus_rebel_description/share/igus_rebel_description/meshes/robolink_rebel/Robolink_RebeL_002_1.dae
[0.704s] -- Installing: /home/vasee22/COAR-ROS2-Workspace-main/install/igus_rebel_description/share/igus_rebel_description/meshes/robolink_rebel/Diffuse Map.002.png
[0.704s] -- Installing: /home/vasee22/COAR-ROS2-Workspace-main/install/igus_rebel_description/share/igus_rebel_description/meshes/robolink_rebel2
[0.704s] -- Installing: /home/vasee22/COAR-ROS2-Workspace-main/install/igus_rebel_description/share/igus_rebel_description/meshes/robolink_rebel2/base_link.stl
[0.707s] -- Installing: /home/vasee22/COAR-ROS2-Workspace-main/install/igus_rebel_description/share/igus_rebel_description/meshes/robolink_rebel2/simplified_link6.stl
[0.707s] -- Installing: /home/vasee22/COAR-ROS2-Workspace-main/install/igus_rebel_description/share/igus_rebel_description/meshes/robolink_rebel2/simplified_base_link.stl
[0.707s] -- Installing: /home/vasee22/COAR-ROS2-Workspace-main/install/igus_rebel_description/share/igus_rebel_description/meshes/robolink_rebel2/motor3.stl
[0.711s] -- Installing: /home/vasee22/COAR-ROS2-Workspace-main/install/igus_rebel_description/share/igus_rebel_description/meshes/robolink_rebel2/simplified_motor1.stl
[0.711s] -- Installing: /home/vasee22/COAR-ROS2-Workspace-main/install/igus_rebel_description/share/igus_rebel_description/meshes/robolink_rebel2/link4.stl
[0.714s] -- Installing: /home/vasee22/COAR-ROS2-Workspace-main/install/igus_rebel_description/share/igus_rebel_description/meshes/robolink_rebel2/motor5.stl
[0.715s] -- Installing: /home/vasee22/COAR-ROS2-Workspace-main/install/igus_rebel_description/share/igus_rebel_description/meshes/robolink_rebel2/link3.stl
[0.718s] -- Installing: /home/vasee22/COAR-ROS2-Workspace-main/install/igus_rebel_description/share/igus_rebel_description/meshes/robolink_rebel2/simplified_motor2.stl
[0.718s] -- Installing: /home/vasee22/COAR-ROS2-Workspace-main/install/igus_rebel_description/share/igus_rebel_description/meshes/robolink_rebel2/link6.stl
[0.719s] -- Installing: /home/vasee22/COAR-ROS2-Workspace-main/install/igus_rebel_description/share/igus_rebel_description/meshes/robolink_rebel2/simplified_link1.stl
[0.719s] -- Installing: /home/vasee22/COAR-ROS2-Workspace-main/install/igus_rebel_description/share/igus_rebel_description/meshes/robolink_rebel2/vacuum_gripper.stl
[0.725s] -- Installing: /home/vasee22/COAR-ROS2-Workspace-main/install/igus_rebel_description/share/igus_rebel_description/meshes/robolink_rebel2/IGUS7AXIS_1000.dae
[0.756s] -- Installing: /home/vasee22/COAR-ROS2-Workspace-main/install/igus_rebel_description/share/igus_rebel_description/meshes/robolink_rebel2/simplified_link3.stl
[0.756s] -- Installing: /home/vasee22/COAR-ROS2-Workspace-main/install/igus_rebel_description/share/igus_rebel_description/meshes/robolink_rebel2/link1.stl
[0.759s] -- Installing: /home/vasee22/COAR-ROS2-Workspace-main/install/igus_rebel_description/share/igus_rebel_description/meshes/robolink_rebel2/simplified_link5.stl
[0.759s] -- Installing: /home/vasee22/COAR-ROS2-Workspace-main/install/igus_rebel_description/share/igus_rebel_description/meshes/robolink_rebel2/simplified_motor3.stl
[0.759s] -- Installing: /home/vasee22/COAR-ROS2-Workspace-main/install/igus_rebel_description/share/igus_rebel_description/meshes/robolink_rebel2/link2.stl
[0.769s] -- Installing: /home/vasee22/COAR-ROS2-Workspace-main/install/igus_rebel_description/share/igus_rebel_description/meshes/robolink_rebel2/simplified_link2.stl
[0.771s] -- Installing: /home/vasee22/COAR-ROS2-Workspace-main/install/igus_rebel_description/share/igus_rebel_description/meshes/robolink_rebel2/motor4.stl
[0.774s] -- Installing: /home/vasee22/COAR-ROS2-Workspace-main/install/igus_rebel_description/share/igus_rebel_description/meshes/robolink_rebel2/simplified_motor5.stl
[0.774s] -- Installing: /home/vasee22/COAR-ROS2-Workspace-main/install/igus_rebel_description/share/igus_rebel_description/meshes/robolink_rebel2/simplified_link4.stl
[0.774s] -- Installing: /home/vasee22/COAR-ROS2-Workspace-main/install/igus_rebel_description/share/igus_rebel_description/meshes/robolink_rebel2/link5.stl
[0.778s] -- Installing: /home/vasee22/COAR-ROS2-Workspace-main/install/igus_rebel_description/share/igus_rebel_description/meshes/robolink_rebel2/motor2.stl
[0.781s] -- Installing: /home/vasee22/COAR-ROS2-Workspace-main/install/igus_rebel_description/share/igus_rebel_description/meshes/robolink_rebel2/IGUS7AXIS_1000.stl
[0.801s] -- Installing: /home/vasee22/COAR-ROS2-Workspace-main/install/igus_rebel_description/share/igus_rebel_description/meshes/robolink_rebel2/motor1.stl
[0.804s] -- Installing: /home/vasee22/COAR-ROS2-Workspace-main/install/igus_rebel_description/share/igus_rebel_description/meshes/robolink_rebel2/Igus_7thaxis.dae
[0.812s] -- Installing: /home/vasee22/COAR-ROS2-Workspace-main/install/igus_rebel_description/share/igus_rebel_description/meshes/robolink_rebel2/simplified_motor4.stl
[0.812s] -- Installing: /home/vasee22/COAR-ROS2-Workspace-main/install/igus_rebel_description/share/igus_rebel_description/meshes1
[0.812s] -- Installing: /home/vasee22/COAR-ROS2-Workspace-main/install/igus_rebel_description/share/igus_rebel_description/meshes1/robolink_rebel
[0.812s] -- Installing: /home/vasee22/COAR-ROS2-Workspace-main/install/igus_rebel_description/share/igus_rebel_description/meshes1/robolink_rebel/Robolink_RebeL_002_2.dae
[0.813s] -- Installing: /home/vasee22/COAR-ROS2-Workspace-main/install/igus_rebel_description/share/igus_rebel_description/meshes1/robolink_rebel/Robolink_RebeL_001.dae
[0.814s] -- Installing: /home/vasee22/COAR-ROS2-Workspace-main/install/igus_rebel_description/share/igus_rebel_description/meshes1/robolink_rebel/Diffuse_Map.png
[0.814s] -- Installing: /home/vasee22/COAR-ROS2-Workspace-main/install/igus_rebel_description/share/igus_rebel_description/meshes1/robolink_rebel/Robolink_RebeL_004.dae
[0.816s] -- Installing: /home/vasee22/COAR-ROS2-Workspace-main/install/igus_rebel_description/share/igus_rebel_description/meshes1/robolink_rebel/Diffuse_Map.003.png
[0.816s] -- Installing: /home/vasee22/COAR-ROS2-Workspace-main/install/igus_rebel_description/share/igus_rebel_description/meshes1/robolink_rebel/Robolink_RebeL_005.stl
[0.816s] -- Installing: /home/vasee22/COAR-ROS2-Workspace-main/install/igus_rebel_description/share/igus_rebel_description/meshes1/robolink_rebel/Robolink_RebeL_002.stl
[0.817s] -- Installing: /home/vasee22/COAR-ROS2-Workspace-main/install/igus_rebel_description/share/igus_rebel_description/meshes1/robolink_rebel/Robolink_RebeL_002_1.stl
[0.817s] -- Installing: /home/vasee22/COAR-ROS2-Workspace-main/install/igus_rebel_description/share/igus_rebel_description/meshes1/robolink_rebel/Robolink_RebeL_003.stl
[0.818s] -- Installing: /home/vasee22/COAR-ROS2-Workspace-main/install/igus_rebel_description/share/igus_rebel_description/meshes1/robolink_rebel/Robolink_RebeL_000.stl
[0.818s] -- Installing: /home/vasee22/COAR-ROS2-Workspace-main/install/igus_rebel_description/share/igus_rebel_description/meshes1/robolink_rebel/Diffuse_Map.006.png
[0.818s] -- Installing: /home/vasee22/COAR-ROS2-Workspace-main/install/igus_rebel_description/share/igus_rebel_description/meshes1/robolink_rebel/Robolink_RebeL_002_0.dae
[0.819s] -- Installing: /home/vasee22/COAR-ROS2-Workspace-main/install/igus_rebel_description/share/igus_rebel_description/meshes1/robolink_rebel/Robolink_RebeL_005.dae
[0.821s] -- Installing: /home/vasee22/COAR-ROS2-Workspace-main/install/igus_rebel_description/share/igus_rebel_description/meshes1/robolink_rebel/Diffuse_Map.002.png
[0.821s] -- Installing: /home/vasee22/COAR-ROS2-Workspace-main/install/igus_rebel_description/share/igus_rebel_description/meshes1/robolink_rebel/Diffuse_Map.005.png
[0.821s] -- Installing: /home/vasee22/COAR-ROS2-Workspace-main/install/igus_rebel_description/share/igus_rebel_description/meshes1/robolink_rebel/Robolink_RebeL_004.stl
[0.821s] -- Installing: /home/vasee22/COAR-ROS2-Workspace-main/install/igus_rebel_description/share/igus_rebel_description/meshes1/robolink_rebel/Diffuse_Map.001.png
[0.821s] -- Installing: /home/vasee22/COAR-ROS2-Workspace-main/install/igus_rebel_description/share/igus_rebel_description/meshes1/robolink_rebel/Robolink_RebeL_000.dae
[0.821s] -- Installing: /home/vasee22/COAR-ROS2-Workspace-main/install/igus_rebel_description/share/igus_rebel_description/meshes1/robolink_rebel/Robolink_RebeL_006.stl
[0.821s] -- Installing: /home/vasee22/COAR-ROS2-Workspace-main/install/igus_rebel_description/share/igus_rebel_description/meshes1/robolink_rebel/Robolink_RebeL_001.stl
[0.821s] -- Installing: /home/vasee22/COAR-ROS2-Workspace-main/install/igus_rebel_description/share/igus_rebel_description/meshes1/robolink_rebel/Robolink_RebeL_006.dae
[0.822s] -- Installing: /home/vasee22/COAR-ROS2-Workspace-main/install/igus_rebel_description/share/igus_rebel_description/meshes1/robolink_rebel/Diffuse_Map.004.png
[0.822s] -- Installing: /home/vasee22/COAR-ROS2-Workspace-main/install/igus_rebel_description/share/igus_rebel_description/meshes1/robolink_rebel/Robolink_RebeL_002_2.stl
[0.822s] -- Installing: /home/vasee22/COAR-ROS2-Workspace-main/install/igus_rebel_description/share/igus_rebel_description/meshes1/robolink_rebel/Robolink_RebeL_003.dae
[0.825s] -- Installing: /home/vasee22/COAR-ROS2-Workspace-main/install/igus_rebel_description/share/igus_rebel_description/meshes1/robolink_rebel/Igus_7thaxis.dae
[0.833s] -- Installing: /home/vasee22/COAR-ROS2-Workspace-main/install/igus_rebel_description/share/igus_rebel_description/meshes1/robolink_rebel/Robolink_RebeL_002_0.stl
[0.833s] -- Installing: /home/vasee22/COAR-ROS2-Workspace-main/install/igus_rebel_description/share/igus_rebel_description/meshes1/robolink_rebel/Robolink_RebeL_002_1.dae
[0.833s] -- Installing: /home/vasee22/COAR-ROS2-Workspace-main/install/igus_rebel_description/share/igus_rebel_description/urdf
[0.833s] -- Installing: /home/vasee22/COAR-ROS2-Workspace-main/install/igus_rebel_description/share/igus_rebel_description/urdf/igus_rebel2.urdf
[0.833s] -- Installing: /home/vasee22/COAR-ROS2-Workspace-main/install/igus_rebel_description/share/igus_rebel_description/urdf/igus_rebel2.control.xacro
[0.833s] -- Installing: /home/vasee22/COAR-ROS2-Workspace-main/install/igus_rebel_description/share/igus_rebel_description/urdf/igus_rebel_robot.urdf.xacro
[0.833s] -- Installing: /home/vasee22/COAR-ROS2-Workspace-main/install/igus_rebel_description/share/igus_rebel_description/urdf/igus_robt.urdf
[0.833s] -- Installing: /home/vasee22/COAR-ROS2-Workspace-main/install/igus_rebel_description/share/igus_rebel_description/urdf/igus_rebel.control.xacro
[0.833s] -- Installing: /home/vasee22/COAR-ROS2-Workspace-main/install/igus_rebel_description/share/igus_rebel_description/urdf/igus_rebel_robot2.urdf.xacro
[0.833s] -- Installing: /home/vasee22/COAR-ROS2-Workspace-main/install/igus_rebel_description/share/igus_rebel_description/urdf/igus_rebel.urdf
[0.833s] -- Installing: /home/vasee22/COAR-ROS2-Workspace-main/install/igus_rebel_description/share/igus_rebel_description/urdf/igus_rebel_ros1.urdf
[0.833s] -- Installing: /home/vasee22/COAR-ROS2-Workspace-main/install/igus_rebel_description/share/igus_rebel_description/urdf1
[0.833s] -- Installing: /home/vasee22/COAR-ROS2-Workspace-main/install/igus_rebel_description/share/igus_rebel_description/urdf1/igus_rebel_robot.urdf.xacro
[0.833s] -- Installing: /home/vasee22/COAR-ROS2-Workspace-main/install/igus_rebel_description/share/igus_rebel_description/urdf1/igus_rebel.control.xacro
[0.834s] -- Installing: /home/vasee22/COAR-ROS2-Workspace-main/install/igus_rebel_description/share/igus_rebel_description/urdf1/igus_rebel.urdf
[0.834s] -- Installing: /home/vasee22/COAR-ROS2-Workspace-main/install/igus_rebel_description/share/ament_index/resource_index/package_run_dependencies/igus_rebel_description
[0.834s] -- Installing: /home/vasee22/COAR-ROS2-Workspace-main/install/igus_rebel_description/share/ament_index/resource_index/parent_prefix_path/igus_rebel_description
[0.834s] -- Installing: /home/vasee22/COAR-ROS2-Workspace-main/install/igus_rebel_description/share/igus_rebel_description/environment/ament_prefix_path.sh
[0.834s] -- Installing: /home/vasee22/COAR-ROS2-Workspace-main/install/igus_rebel_description/share/igus_rebel_description/environment/ament_prefix_path.dsv
[0.834s] -- Installing: /home/vasee22/COAR-ROS2-Workspace-main/install/igus_rebel_description/share/igus_rebel_description/environment/path.sh
[0.834s] -- Installing: /home/vasee22/COAR-ROS2-Workspace-main/install/igus_rebel_description/share/igus_rebel_description/environment/path.dsv
[0.834s] -- Installing: /home/vasee22/COAR-ROS2-Workspace-main/install/igus_rebel_description/share/igus_rebel_description/local_setup.bash
[0.834s] -- Installing: /home/vasee22/COAR-ROS2-Workspace-main/install/igus_rebel_description/share/igus_rebel_description/local_setup.sh
[0.834s] -- Installing: /home/vasee22/COAR-ROS2-Workspace-main/install/igus_rebel_description/share/igus_rebel_description/local_setup.zsh
[0.834s] -- Installing: /home/vasee22/COAR-ROS2-Workspace-main/install/igus_rebel_description/share/igus_rebel_description/local_setup.dsv
[0.834s] -- Installing: /home/vasee22/COAR-ROS2-Workspace-main/install/igus_rebel_description/share/igus_rebel_description/package.dsv
[0.834s] -- Installing: /home/vasee22/COAR-ROS2-Workspace-main/install/igus_rebel_description/share/ament_index/resource_index/packages/igus_rebel_description
[0.834s] -- Installing: /home/vasee22/COAR-ROS2-Workspace-main/install/igus_rebel_description/share/igus_rebel_description/cmake/igus_rebel_descriptionConfig.cmake
[0.834s] -- Installing: /home/vasee22/COAR-ROS2-Workspace-main/install/igus_rebel_description/share/igus_rebel_description/cmake/igus_rebel_descriptionConfig-version.cmake
[0.834s] -- Installing: /home/vasee22/COAR-ROS2-Workspace-main/install/igus_rebel_description/share/igus_rebel_description/package.xml
[0.835s] Invoked command in '/home/vasee22/COAR-ROS2-Workspace-main/build/igus_rebel_description' returned '0': CMAKE_PREFIX_PATH=${CMAKE_PREFIX_PATH}:/home/vasee22/ws_moveit/install/moveit_configs_utils:/opt/ros/jazzy DEBUGINFOD_URLS=https://debuginfod.ubuntu.com /usr/bin/cmake --install /home/vasee22/COAR-ROS2-Workspace-main/build/igus_rebel_description
