[0.011s] Invoking command in '/home/vasee22/igus-coffee-moveit/build/igus_rebel_moveit_config': AMENT_PREFIX_PATH=/home/vasee22/igus-coffee-moveit/install/igus_rebel_description:${AMENT_PREFIX_PATH} CMAKE_PREFIX_PATH=/home/vasee22/igus-coffee-moveit/install/igus_rebel_description:/home/vasee22/COAR-ROS2-Workspace-mai/install/moveit_task_constructor_demo:/home/vasee22/COAR-ROS2-Workspace-mai/install/moveit_task_constructor_visualization:/home/vasee22/COAR-ROS2-Workspace-mai/install/moveit_task_constructor_capabilities:/home/vasee22/COAR-ROS2-Workspace-mai/install/igus_rebel:/home/vasee22/COAR-ROS2-Workspace-mai/install/moveit_task_constructor_core:/home/vasee22/COAR-ROS2-Workspace-mai/install/rviz_marker_tools:/home/vasee22/COAR-ROS2-Workspace-mai/install/moveit_task_constructor_msgs:/home/vasee22/COAR-ROS2-Workspace-mai/install/igus_rebel_msgs:/home/vasee22/COAR-ROS2-Workspace-mai/install/igus_rebel_moveit_config:/home/vasee22/COAR-ROS2-Workspace-mai/install/igus_rebel_description:/opt/ros/jazzy/opt/gz_sim_vendor:/opt/ros/jazzy/opt/gz_sensors_vendor:/opt/ros/jazzy/opt/gz_physics_vendor:/opt/ros/jazzy/opt/sdformat_vendor:/opt/ros/jazzy/opt/gz_gui_vendor:/opt/ros/jazzy/opt/gz_transport_vendor:/opt/ros/jazzy/opt/gz_rendering_vendor:/opt/ros/jazzy/opt/gz_plugin_vendor:/opt/ros/jazzy/opt/gz_fuel_tools_vendor:/opt/ros/jazzy/opt/gz_msgs_vendor:/opt/ros/jazzy/opt/gz_common_vendor:/opt/ros/jazzy/opt/gz_math_vendor:/opt/ros/jazzy/opt/gz_utils_vendor:/opt/ros/jazzy/opt/gz_tools_vendor:/opt/ros/jazzy/opt/gz_ogre_next_vendor:/opt/ros/jazzy/opt/gz_dartsim_vendor:/opt/ros/jazzy/opt/gz_cmake_vendor:/home/vasee22/COAR-ROS2-Workspace-mai/install/modbus_ros:/opt/ros/jazzy DEBUGINFOD_URLS=https://debuginfod.ubuntu.com /usr/bin/cmake /home/vasee22/igus-coffee-moveit/src/igus_rebel_ros2/igus_rebel_moveit_config -DCMAKE_INSTALL_PREFIX=/home/vasee22/igus-coffee-moveit/install/igus_rebel_moveit_config
[0.085s] -- The C compiler identification is GNU 13.3.0
[0.160s] -- The CXX compiler identification is GNU 13.3.0
[0.182s] -- Detecting C compiler ABI info
[0.302s] -- Detecting C compiler ABI info - done
[0.315s] -- Check for working C compiler: /usr/bin/cc - skipped
[0.315s] -- Detecting C compile features
[0.316s] -- Detecting C compile features - done
[0.328s] -- Detecting CXX compiler ABI info
[0.466s] -- Detecting CXX compiler ABI info - done
[0.480s] -- Check for working CXX compiler: /usr/bin/c++ - skipped
[0.480s] -- Detecting CXX compile features
[0.481s] -- Detecting CXX compile features - done
[0.488s] -- Found ament_cmake: 2.5.5 (/opt/ros/jazzy/share/ament_cmake/cmake)
[0.716s] -- Found Python3: /usr/bin/python3 (found version "3.12.3") found components: Interpreter 
[0.896s] -- Found rclcpp: 28.1.16 (/opt/ros/jazzy/share/rclcpp/cmake)
[0.980s] -- Found rosidl_generator_c: 4.6.7 (/opt/ros/jazzy/share/rosidl_generator_c/cmake)
[1.007s] -- Found rosidl_generator_cpp: 4.6.7 (/opt/ros/jazzy/share/rosidl_generator_cpp/cmake)
[1.031s] -- Using all available rosidl_typesupport_c: rosidl_typesupport_fastrtps_c;rosidl_typesupport_introspection_c
[1.053s] -- Using all available rosidl_typesupport_cpp: rosidl_typesupport_fastrtps_cpp;rosidl_typesupport_introspection_cpp
[1.139s] -- Found rmw_implementation_cmake: 7.3.3 (/opt/ros/jazzy/share/rmw_implementation_cmake/cmake)
[1.144s] -- Found rmw_fastrtps_cpp: 8.4.3 (/opt/ros/jazzy/share/rmw_fastrtps_cpp/cmake)
[1.251s] -- Found OpenSSL: /usr/lib/x86_64-linux-gnu/libcrypto.so (found version "3.0.13")  
[1.279s] -- Found FastRTPS: /opt/ros/jazzy/include (Required is at least version "2.13") 
[1.312s] -- Using RMW implementation 'rmw_fastrtps_cpp' as default
[1.438s] -- Found moveit_ros_planning_interface: 2.12.4 (/opt/ros/jazzy/share/moveit_ros_planning_interface/cmake)
[1.596s] -- Found Boost: /usr/lib/x86_64-linux-gnu/cmake/Boost-1.83.0/BoostConfig.cmake (found version "1.83.0") found components: date_time filesystem program_options system thread 
[1.960s] -- Found Boost: /usr/lib/x86_64-linux-gnu/cmake/Boost-1.83.0/BoostConfig.cmake (found version "1.83.0") found components: chrono date_time filesystem iostreams program_options regex serialization system thread 
[2.035s] -- Found parameter_traits: 0.6.0 (/opt/ros/jazzy/share/parameter_traits/cmake)
[2.052s] -- Found rclcpp_lifecycle: 28.1.16 (/opt/ros/jazzy/share/rclcpp_lifecycle/cmake)
[2.093s] -- Found Boost: /usr/lib/x86_64-linux-gnu/cmake/Boost-1.83.0/BoostConfig.cmake (found version "1.83.0") found components: filesystem 
[2.164s] -- Found Eigen3: TRUE (found version "3.4.0") 
[2.164s] -- Ensuring Eigen3 include directory is part of orocos-kdl CMake target
[2.320s] -- Found Boost: /usr/lib/x86_64-linux-gnu/cmake/Boost-1.83.0/BoostConfig.cmake (found version "1.83.0") found components: system filesystem date_time program_options thread chrono 
[2.352s] -- Found Boost: /usr/lib/x86_64-linux-gnu/cmake/Boost-1.83.0/BoostConfig.cmake (found version "1.83.0") found components: thread system filesystem regex date_time program_options 
[2.369s] -- Found Boost: /usr/lib/x86_64-linux-gnu/cmake/Boost-1.83.0/BoostConfig.cmake (found version "1.83.0") found components: system filesystem date_time program_options thread 
[2.504s] -- Configuring done (2.5s)
[2.511s] -- Generating done (0.0s)
[2.514s] -- Build files have been written to: /home/vasee22/igus-coffee-moveit/build/igus_rebel_moveit_config
[2.531s] Invoked command in '/home/vasee22/igus-coffee-moveit/build/igus_rebel_moveit_config' returned '0': AMENT_PREFIX_PATH=/home/vasee22/igus-coffee-moveit/install/igus_rebel_description:${AMENT_PREFIX_PATH} CMAKE_PREFIX_PATH=/home/vasee22/igus-coffee-moveit/install/igus_rebel_description:/home/vasee22/COAR-ROS2-Workspace-mai/install/moveit_task_constructor_demo:/home/vasee22/COAR-ROS2-Workspace-mai/install/moveit_task_constructor_visualization:/home/vasee22/COAR-ROS2-Workspace-mai/install/moveit_task_constructor_capabilities:/home/vasee22/COAR-ROS2-Workspace-mai/install/igus_rebel:/home/vasee22/COAR-ROS2-Workspace-mai/install/moveit_task_constructor_core:/home/vasee22/COAR-ROS2-Workspace-mai/install/rviz_marker_tools:/home/vasee22/COAR-ROS2-Workspace-mai/install/moveit_task_constructor_msgs:/home/vasee22/COAR-ROS2-Workspace-mai/install/igus_rebel_msgs:/home/vasee22/COAR-ROS2-Workspace-mai/install/igus_rebel_moveit_config:/home/vasee22/COAR-ROS2-Workspace-mai/install/igus_rebel_description:/opt/ros/jazzy/opt/gz_sim_vendor:/opt/ros/jazzy/opt/gz_sensors_vendor:/opt/ros/jazzy/opt/gz_physics_vendor:/opt/ros/jazzy/opt/sdformat_vendor:/opt/ros/jazzy/opt/gz_gui_vendor:/opt/ros/jazzy/opt/gz_transport_vendor:/opt/ros/jazzy/opt/gz_rendering_vendor:/opt/ros/jazzy/opt/gz_plugin_vendor:/opt/ros/jazzy/opt/gz_fuel_tools_vendor:/opt/ros/jazzy/opt/gz_msgs_vendor:/opt/ros/jazzy/opt/gz_common_vendor:/opt/ros/jazzy/opt/gz_math_vendor:/opt/ros/jazzy/opt/gz_utils_vendor:/opt/ros/jazzy/opt/gz_tools_vendor:/opt/ros/jazzy/opt/gz_ogre_next_vendor:/opt/ros/jazzy/opt/gz_dartsim_vendor:/opt/ros/jazzy/opt/gz_cmake_vendor:/home/vasee22/COAR-ROS2-Workspace-mai/install/modbus_ros:/opt/ros/jazzy DEBUGINFOD_URLS=https://debuginfod.ubuntu.com /usr/bin/cmake /home/vasee22/igus-coffee-moveit/src/igus_rebel_ros2/igus_rebel_moveit_config -DCMAKE_INSTALL_PREFIX=/home/vasee22/igus-coffee-moveit/install/igus_rebel_moveit_config
[2.533s] Invoking command in '/home/vasee22/igus-coffee-moveit/build/igus_rebel_moveit_config': AMENT_PREFIX_PATH=/home/vasee22/igus-coffee-moveit/install/igus_rebel_description:${AMENT_PREFIX_PATH} CMAKE_PREFIX_PATH=/home/vasee22/igus-coffee-moveit/install/igus_rebel_description:/home/vasee22/COAR-ROS2-Workspace-mai/install/moveit_task_constructor_demo:/home/vasee22/COAR-ROS2-Workspace-mai/install/moveit_task_constructor_visualization:/home/vasee22/COAR-ROS2-Workspace-mai/install/moveit_task_constructor_capabilities:/home/vasee22/COAR-ROS2-Workspace-mai/install/igus_rebel:/home/vasee22/COAR-ROS2-Workspace-mai/install/moveit_task_constructor_core:/home/vasee22/COAR-ROS2-Workspace-mai/install/rviz_marker_tools:/home/vasee22/COAR-ROS2-Workspace-mai/install/moveit_task_constructor_msgs:/home/vasee22/COAR-ROS2-Workspace-mai/install/igus_rebel_msgs:/home/vasee22/COAR-ROS2-Workspace-mai/install/igus_rebel_moveit_config:/home/vasee22/COAR-ROS2-Workspace-mai/install/igus_rebel_description:/opt/ros/jazzy/opt/gz_sim_vendor:/opt/ros/jazzy/opt/gz_sensors_vendor:/opt/ros/jazzy/opt/gz_physics_vendor:/opt/ros/jazzy/opt/sdformat_vendor:/opt/ros/jazzy/opt/gz_gui_vendor:/opt/ros/jazzy/opt/gz_transport_vendor:/opt/ros/jazzy/opt/gz_rendering_vendor:/opt/ros/jazzy/opt/gz_plugin_vendor:/opt/ros/jazzy/opt/gz_fuel_tools_vendor:/opt/ros/jazzy/opt/gz_msgs_vendor:/opt/ros/jazzy/opt/gz_common_vendor:/opt/ros/jazzy/opt/gz_math_vendor:/opt/ros/jazzy/opt/gz_utils_vendor:/opt/ros/jazzy/opt/gz_tools_vendor:/opt/ros/jazzy/opt/gz_ogre_next_vendor:/opt/ros/jazzy/opt/gz_dartsim_vendor:/opt/ros/jazzy/opt/gz_cmake_vendor:/home/vasee22/COAR-ROS2-Workspace-mai/install/modbus_ros:/opt/ros/jazzy DEBUGINFOD_URLS=https://debuginfod.ubuntu.com /usr/bin/cmake --build /home/vasee22/igus-coffee-moveit/build/igus_rebel_moveit_config -- -j24 -l24
[2.599s] Invoked command in '/home/vasee22/igus-coffee-moveit/build/igus_rebel_moveit_config' returned '0': AMENT_PREFIX_PATH=/home/vasee22/igus-coffee-moveit/install/igus_rebel_description:${AMENT_PREFIX_PATH} CMAKE_PREFIX_PATH=/home/vasee22/igus-coffee-moveit/install/igus_rebel_description:/home/vasee22/COAR-ROS2-Workspace-mai/install/moveit_task_constructor_demo:/home/vasee22/COAR-ROS2-Workspace-mai/install/moveit_task_constructor_visualization:/home/vasee22/COAR-ROS2-Workspace-mai/install/moveit_task_constructor_capabilities:/home/vasee22/COAR-ROS2-Workspace-mai/install/igus_rebel:/home/vasee22/COAR-ROS2-Workspace-mai/install/moveit_task_constructor_core:/home/vasee22/COAR-ROS2-Workspace-mai/install/rviz_marker_tools:/home/vasee22/COAR-ROS2-Workspace-mai/install/moveit_task_constructor_msgs:/home/vasee22/COAR-ROS2-Workspace-mai/install/igus_rebel_msgs:/home/vasee22/COAR-ROS2-Workspace-mai/install/igus_rebel_moveit_config:/home/vasee22/COAR-ROS2-Workspace-mai/install/igus_rebel_description:/opt/ros/jazzy/opt/gz_sim_vendor:/opt/ros/jazzy/opt/gz_sensors_vendor:/opt/ros/jazzy/opt/gz_physics_vendor:/opt/ros/jazzy/opt/sdformat_vendor:/opt/ros/jazzy/opt/gz_gui_vendor:/opt/ros/jazzy/opt/gz_transport_vendor:/opt/ros/jazzy/opt/gz_rendering_vendor:/opt/ros/jazzy/opt/gz_plugin_vendor:/opt/ros/jazzy/opt/gz_fuel_tools_vendor:/opt/ros/jazzy/opt/gz_msgs_vendor:/opt/ros/jazzy/opt/gz_common_vendor:/opt/ros/jazzy/opt/gz_math_vendor:/opt/ros/jazzy/opt/gz_utils_vendor:/opt/ros/jazzy/opt/gz_tools_vendor:/opt/ros/jazzy/opt/gz_ogre_next_vendor:/opt/ros/jazzy/opt/gz_dartsim_vendor:/opt/ros/jazzy/opt/gz_cmake_vendor:/home/vasee22/COAR-ROS2-Workspace-mai/install/modbus_ros:/opt/ros/jazzy DEBUGINFOD_URLS=https://debuginfod.ubuntu.com /usr/bin/cmake --build /home/vasee22/igus-coffee-moveit/build/igus_rebel_moveit_config -- -j24 -l24
[2.600s] Invoking command in '/home/vasee22/igus-coffee-moveit/build/igus_rebel_moveit_config': AMENT_PREFIX_PATH=/home/vasee22/igus-coffee-moveit/install/igus_rebel_description:${AMENT_PREFIX_PATH} CMAKE_PREFIX_PATH=/home/vasee22/igus-coffee-moveit/install/igus_rebel_description:/home/vasee22/COAR-ROS2-Workspace-mai/install/moveit_task_constructor_demo:/home/vasee22/COAR-ROS2-Workspace-mai/install/moveit_task_constructor_visualization:/home/vasee22/COAR-ROS2-Workspace-mai/install/moveit_task_constructor_capabilities:/home/vasee22/COAR-ROS2-Workspace-mai/install/igus_rebel:/home/vasee22/COAR-ROS2-Workspace-mai/install/moveit_task_constructor_core:/home/vasee22/COAR-ROS2-Workspace-mai/install/rviz_marker_tools:/home/vasee22/COAR-ROS2-Workspace-mai/install/moveit_task_constructor_msgs:/home/vasee22/COAR-ROS2-Workspace-mai/install/igus_rebel_msgs:/home/vasee22/COAR-ROS2-Workspace-mai/install/igus_rebel_moveit_config:/home/vasee22/COAR-ROS2-Workspace-mai/install/igus_rebel_description:/opt/ros/jazzy/opt/gz_sim_vendor:/opt/ros/jazzy/opt/gz_sensors_vendor:/opt/ros/jazzy/opt/gz_physics_vendor:/opt/ros/jazzy/opt/sdformat_vendor:/opt/ros/jazzy/opt/gz_gui_vendor:/opt/ros/jazzy/opt/gz_transport_vendor:/opt/ros/jazzy/opt/gz_rendering_vendor:/opt/ros/jazzy/opt/gz_plugin_vendor:/opt/ros/jazzy/opt/gz_fuel_tools_vendor:/opt/ros/jazzy/opt/gz_msgs_vendor:/opt/ros/jazzy/opt/gz_common_vendor:/opt/ros/jazzy/opt/gz_math_vendor:/opt/ros/jazzy/opt/gz_utils_vendor:/opt/ros/jazzy/opt/gz_tools_vendor:/opt/ros/jazzy/opt/gz_ogre_next_vendor:/opt/ros/jazzy/opt/gz_dartsim_vendor:/opt/ros/jazzy/opt/gz_cmake_vendor:/home/vasee22/COAR-ROS2-Workspace-mai/install/modbus_ros:/opt/ros/jazzy DEBUGINFOD_URLS=https://debuginfod.ubuntu.com /usr/bin/cmake --install /home/vasee22/igus-coffee-moveit/build/igus_rebel_moveit_config
[2.612s] -- Install configuration: ""
[2.612s] -- Installing: /home/vasee22/igus-coffee-moveit/install/igus_rebel_moveit_config/share/igus_rebel_moveit_config/launch
[2.612s] -- Installing: /home/vasee22/igus-coffee-moveit/install/igus_rebel_moveit_config/share/igus_rebel_moveit_config/launch/move_group.launch.py
[2.612s] -- Installing: /home/vasee22/igus-coffee-moveit/install/igus_rebel_moveit_config/share/igus_rebel_moveit_config/launch/moveit_rviz.launch.py
[2.613s] -- Installing: /home/vasee22/igus-coffee-moveit/install/igus_rebel_moveit_config/share/igus_rebel_moveit_config/launch/ros_controllers.launch.py
[2.613s] -- Installing: /home/vasee22/igus-coffee-moveit/install/igus_rebel_moveit_config/share/igus_rebel_moveit_config/launch/gazebo.launch.py
[2.613s] -- Installing: /home/vasee22/igus-coffee-moveit/install/igus_rebel_moveit_config/share/igus_rebel_moveit_config/launch/igus_rebel_simulated.launch.py
[2.613s] -- Installing: /home/vasee22/igus-coffee-moveit/install/igus_rebel_moveit_config/share/igus_rebel_moveit_config/launch/igus_rebel_motion_planner.launch.py
[2.613s] -- Installing: /home/vasee22/igus-coffee-moveit/install/igus_rebel_moveit_config/share/igus_rebel_moveit_config/launch/coffee_cell_environment.py
[2.613s] -- Installing: /home/vasee22/igus-coffee-moveit/install/igus_rebel_moveit_config/share/igus_rebel_moveit_config/launch/moveit.rviz
[2.613s] -- Installing: /home/vasee22/igus-coffee-moveit/install/igus_rebel_moveit_config/share/igus_rebel_moveit_config/config
[2.614s] -- Installing: /home/vasee22/igus-coffee-moveit/install/igus_rebel_moveit_config/share/igus_rebel_moveit_config/config/pilz_cartesian_limits.yaml
[2.614s] -- Installing: /home/vasee22/igus-coffee-moveit/install/igus_rebel_moveit_config/share/igus_rebel_moveit_config/config/initial_positions.yaml
[2.614s] -- Installing: /home/vasee22/igus-coffee-moveit/install/igus_rebel_moveit_config/share/igus_rebel_moveit_config/config/igus_rebel1.srdf
[2.614s] -- Installing: /home/vasee22/igus-coffee-moveit/install/igus_rebel_moveit_config/share/igus_rebel_moveit_config/config/moveit_controllers.yaml
[2.614s] -- Installing: /home/vasee22/igus-coffee-moveit/install/igus_rebel_moveit_config/share/igus_rebel_moveit_config/config/pilz_industrial_motion_planner_planning.yaml
[2.614s] -- Installing: /home/vasee22/igus-coffee-moveit/install/igus_rebel_moveit_config/share/igus_rebel_moveit_config/config/ompl_planning.yaml
[2.614s] -- Installing: /home/vasee22/igus-coffee-moveit/install/igus_rebel_moveit_config/share/igus_rebel_moveit_config/config/fake_controllers.yaml.archive
[2.614s] -- Installing: /home/vasee22/igus-coffee-moveit/install/igus_rebel_moveit_config/share/igus_rebel_moveit_config/config/ros_controllers.yaml
[2.614s] -- Installing: /home/vasee22/igus-coffee-moveit/install/igus_rebel_moveit_config/share/igus_rebel_moveit_config/config/sensors_3d.yaml.archive
[2.614s] -- Installing: /home/vasee22/igus-coffee-moveit/install/igus_rebel_moveit_config/share/igus_rebel_moveit_config/config/gz_bridge.yaml
[2.614s] -- Installing: /home/vasee22/igus-coffee-moveit/install/igus_rebel_moveit_config/share/igus_rebel_moveit_config/config/igus_rebel2.srdf
[2.614s] -- Installing: /home/vasee22/igus-coffee-moveit/install/igus_rebel_moveit_config/share/igus_rebel_moveit_config/config/joint_limits.yaml
[2.615s] -- Installing: /home/vasee22/igus-coffee-moveit/install/igus_rebel_moveit_config/share/igus_rebel_moveit_config/config/stomp_planning.yaml
[2.615s] -- Installing: /home/vasee22/igus-coffee-moveit/install/igus_rebel_moveit_config/share/igus_rebel_moveit_config/config/kinematics.yaml
[2.615s] -- Installing: /home/vasee22/igus-coffee-moveit/install/igus_rebel_moveit_config/share/ament_index/resource_index/package_run_dependencies/igus_rebel_moveit_config
[2.615s] -- Installing: /home/vasee22/igus-coffee-moveit/install/igus_rebel_moveit_config/share/ament_index/resource_index/parent_prefix_path/igus_rebel_moveit_config
[2.615s] -- Installing: /home/vasee22/igus-coffee-moveit/install/igus_rebel_moveit_config/share/igus_rebel_moveit_config/environment/ament_prefix_path.sh
[2.615s] -- Installing: /home/vasee22/igus-coffee-moveit/install/igus_rebel_moveit_config/share/igus_rebel_moveit_config/environment/ament_prefix_path.dsv
[2.615s] -- Installing: /home/vasee22/igus-coffee-moveit/install/igus_rebel_moveit_config/share/igus_rebel_moveit_config/environment/path.sh
[2.615s] -- Installing: /home/vasee22/igus-coffee-moveit/install/igus_rebel_moveit_config/share/igus_rebel_moveit_config/environment/path.dsv
[2.615s] -- Installing: /home/vasee22/igus-coffee-moveit/install/igus_rebel_moveit_config/share/igus_rebel_moveit_config/local_setup.bash
[2.615s] -- Installing: /home/vasee22/igus-coffee-moveit/install/igus_rebel_moveit_config/share/igus_rebel_moveit_config/local_setup.sh
[2.615s] -- Installing: /home/vasee22/igus-coffee-moveit/install/igus_rebel_moveit_config/share/igus_rebel_moveit_config/local_setup.zsh
[2.616s] -- Installing: /home/vasee22/igus-coffee-moveit/install/igus_rebel_moveit_config/share/igus_rebel_moveit_config/local_setup.dsv
[2.616s] -- Installing: /home/vasee22/igus-coffee-moveit/install/igus_rebel_moveit_config/share/igus_rebel_moveit_config/package.dsv
[2.616s] -- Installing: /home/vasee22/igus-coffee-moveit/install/igus_rebel_moveit_config/share/ament_index/resource_index/packages/igus_rebel_moveit_config
[2.616s] -- Installing: /home/vasee22/igus-coffee-moveit/install/igus_rebel_moveit_config/share/igus_rebel_moveit_config/cmake/igus_rebel_moveit_configConfig.cmake
[2.616s] -- Installing: /home/vasee22/igus-coffee-moveit/install/igus_rebel_moveit_config/share/igus_rebel_moveit_config/cmake/igus_rebel_moveit_configConfig-version.cmake
[2.616s] -- Installing: /home/vasee22/igus-coffee-moveit/install/igus_rebel_moveit_config/share/igus_rebel_moveit_config/package.xml
[2.619s] Invoked command in '/home/vasee22/igus-coffee-moveit/build/igus_rebel_moveit_config' returned '0': AMENT_PREFIX_PATH=/home/vasee22/igus-coffee-moveit/install/igus_rebel_description:${AMENT_PREFIX_PATH} CMAKE_PREFIX_PATH=/home/vasee22/igus-coffee-moveit/install/igus_rebel_description:/home/vasee22/COAR-ROS2-Workspace-mai/install/moveit_task_constructor_demo:/home/vasee22/COAR-ROS2-Workspace-mai/install/moveit_task_constructor_visualization:/home/vasee22/COAR-ROS2-Workspace-mai/install/moveit_task_constructor_capabilities:/home/vasee22/COAR-ROS2-Workspace-mai/install/igus_rebel:/home/vasee22/COAR-ROS2-Workspace-mai/install/moveit_task_constructor_core:/home/vasee22/COAR-ROS2-Workspace-mai/install/rviz_marker_tools:/home/vasee22/COAR-ROS2-Workspace-mai/install/moveit_task_constructor_msgs:/home/vasee22/COAR-ROS2-Workspace-mai/install/igus_rebel_msgs:/home/vasee22/COAR-ROS2-Workspace-mai/install/igus_rebel_moveit_config:/home/vasee22/COAR-ROS2-Workspace-mai/install/igus_rebel_description:/opt/ros/jazzy/opt/gz_sim_vendor:/opt/ros/jazzy/opt/gz_sensors_vendor:/opt/ros/jazzy/opt/gz_physics_vendor:/opt/ros/jazzy/opt/sdformat_vendor:/opt/ros/jazzy/opt/gz_gui_vendor:/opt/ros/jazzy/opt/gz_transport_vendor:/opt/ros/jazzy/opt/gz_rendering_vendor:/opt/ros/jazzy/opt/gz_plugin_vendor:/opt/ros/jazzy/opt/gz_fuel_tools_vendor:/opt/ros/jazzy/opt/gz_msgs_vendor:/opt/ros/jazzy/opt/gz_common_vendor:/opt/ros/jazzy/opt/gz_math_vendor:/opt/ros/jazzy/opt/gz_utils_vendor:/opt/ros/jazzy/opt/gz_tools_vendor:/opt/ros/jazzy/opt/gz_ogre_next_vendor:/opt/ros/jazzy/opt/gz_dartsim_vendor:/opt/ros/jazzy/opt/gz_cmake_vendor:/home/vasee22/COAR-ROS2-Workspace-mai/install/modbus_ros:/opt/ros/jazzy DEBUGINFOD_URLS=https://debuginfod.ubuntu.com /usr/bin/cmake --install /home/vasee22/igus-coffee-moveit/build/igus_rebel_moveit_config
