[0.015s] Invoking command in '/home/vasee22/COAR-ROS2-Workspace-main/build/igus_rebel_description': CMAKE_PREFIX_PATH=${CMAKE_PREFIX_PATH}:/home/vasee22/COAR-ROS2-Workspace-main/install/modbus_ros:/home/vasee22/ws_moveit/install/moveit_configs_utils:/opt/ros/jazzy DEBUGINFOD_URLS=https://debuginfod.ubuntu.com /usr/bin/cmake --build /home/vasee22/COAR-ROS2-Workspace-main/build/igus_rebel_description -- -j24 -l24
[0.148s] Invoked command in '/home/vasee22/COAR-ROS2-Workspace-main/build/igus_rebel_description' returned '0': CMAKE_PREFIX_PATH=${CMAKE_PREFIX_PATH}:/home/vasee22/COAR-ROS2-Workspace-main/install/modbus_ros:/home/vasee22/ws_moveit/install/moveit_configs_utils:/opt/ros/jazzy DEBUGINFOD_URLS=https://debuginfod.ubuntu.com /usr/bin/cmake --build /home/vasee22/COAR-ROS2-Workspace-main/build/igus_rebel_description -- -j24 -l24
[0.154s] Invoking command in '/home/vasee22/COAR-ROS2-Workspace-main/build/igus_rebel_description': CMAKE_PREFIX_PATH=${CMAKE_PREFIX_PATH}:/home/vasee22/COAR-ROS2-Workspace-main/install/modbus_ros:/home/vasee22/ws_moveit/install/moveit_configs_utils:/opt/ros/jazzy DEBUGINFOD_URLS=https://debuginfod.ubuntu.com /usr/bin/cmake --install /home/vasee22/COAR-ROS2-Workspace-main/build/igus_rebel_description
[0.159s] -- Install configuration: "Debug"
[0.159s] -- Up-to-date: /home/vasee22/COAR-ROS2-Workspace-main/install/igus_rebel_description/share/igus_rebel_description/launch
[0.159s] -- Up-to-date: /home/vasee22/COAR-ROS2-Workspace-main/install/igus_rebel_description/share/igus_rebel_description/launch/display.launch.archive
[0.160s] -- Up-to-date: /home/vasee22/COAR-ROS2-Workspace-main/install/igus_rebel_description/share/igus_rebel_description/launch/igus_rebel_robot.launch.archive
[0.160s] -- Up-to-date: /home/vasee22/COAR-ROS2-Workspace-main/install/igus_rebel_description/share/igus_rebel_description/meshes
[0.160s] -- Up-to-date: /home/vasee22/COAR-ROS2-Workspace-main/install/igus_rebel_description/share/igus_rebel_description/meshes/robolink_rebel
[0.160s] -- Up-to-date: /home/vasee22/COAR-ROS2-Workspace-main/install/igus_rebel_description/share/igus_rebel_description/meshes/robolink_rebel/Diffuse Map.001.png
[0.160s] -- Up-to-date: /home/vasee22/COAR-ROS2-Workspace-main/install/igus_rebel_description/share/igus_rebel_description/meshes/robolink_rebel/Robolink_RebeL_002_2.dae
[0.160s] -- Up-to-date: /home/vasee22/COAR-ROS2-Workspace-main/install/igus_rebel_description/share/igus_rebel_description/meshes/robolink_rebel/Robolink_RebeL_001.dae
[0.160s] -- Up-to-date: /home/vasee22/COAR-ROS2-Workspace-main/install/igus_rebel_description/share/igus_rebel_description/meshes/robolink_rebel/Robolink_RebeL_004.dae
[0.160s] -- Up-to-date: /home/vasee22/COAR-ROS2-Workspace-main/install/igus_rebel_description/share/igus_rebel_description/meshes/robolink_rebel/Robolink_RebeL_005.stl
[0.160s] -- Up-to-date: /home/vasee22/COAR-ROS2-Workspace-main/install/igus_rebel_description/share/igus_rebel_description/meshes/robolink_rebel/Robolink_RebeL_002.stl
[0.160s] -- Up-to-date: /home/vasee22/COAR-ROS2-Workspace-main/install/igus_rebel_description/share/igus_rebel_description/meshes/robolink_rebel/Robolink_RebeL_002_1.stl
[0.160s] -- Up-to-date: /home/vasee22/COAR-ROS2-Workspace-main/install/igus_rebel_description/share/igus_rebel_description/meshes/robolink_rebel/Diffuse Map.004.png
[0.160s] -- Up-to-date: /home/vasee22/COAR-ROS2-Workspace-main/install/igus_rebel_description/share/igus_rebel_description/meshes/robolink_rebel/Robolink_RebeL_003.stl
[0.160s] -- Up-to-date: /home/vasee22/COAR-ROS2-Workspace-main/install/igus_rebel_description/share/igus_rebel_description/meshes/robolink_rebel/Diffuse Map.005.png
[0.160s] -- Up-to-date: /home/vasee22/COAR-ROS2-Workspace-main/install/igus_rebel_description/share/igus_rebel_description/meshes/robolink_rebel/Robolink_RebeL_000.stl
[0.160s] -- Up-to-date: /home/vasee22/COAR-ROS2-Workspace-main/install/igus_rebel_description/share/igus_rebel_description/meshes/robolink_rebel/Diffuse Map.003.png
[0.160s] -- Up-to-date: /home/vasee22/COAR-ROS2-Workspace-main/install/igus_rebel_description/share/igus_rebel_description/meshes/robolink_rebel/Robolink_RebeL_002_0.dae
[0.160s] -- Up-to-date: /home/vasee22/COAR-ROS2-Workspace-main/install/igus_rebel_description/share/igus_rebel_description/meshes/robolink_rebel/Robolink_RebeL_005.dae
[0.160s] -- Up-to-date: /home/vasee22/COAR-ROS2-Workspace-main/install/igus_rebel_description/share/igus_rebel_description/meshes/robolink_rebel/Diffuse Map.png
[0.160s] -- Up-to-date: /home/vasee22/COAR-ROS2-Workspace-main/install/igus_rebel_description/share/igus_rebel_description/meshes/robolink_rebel/Diffuse Map.006.png
[0.160s] -- Up-to-date: /home/vasee22/COAR-ROS2-Workspace-main/install/igus_rebel_description/share/igus_rebel_description/meshes/robolink_rebel/Robolink_RebeL_004.stl
[0.160s] -- Up-to-date: /home/vasee22/COAR-ROS2-Workspace-main/install/igus_rebel_description/share/igus_rebel_description/meshes/robolink_rebel/Robolink_RebeL_000.dae
[0.160s] -- Up-to-date: /home/vasee22/COAR-ROS2-Workspace-main/install/igus_rebel_description/share/igus_rebel_description/meshes/robolink_rebel/Robolink_RebeL_006.stl
[0.160s] -- Up-to-date: /home/vasee22/COAR-ROS2-Workspace-main/install/igus_rebel_description/share/igus_rebel_description/meshes/robolink_rebel/Robolink_RebeL_001.stl
[0.160s] -- Up-to-date: /home/vasee22/COAR-ROS2-Workspace-main/install/igus_rebel_description/share/igus_rebel_description/meshes/robolink_rebel/Robolink_RebeL_006.dae
[0.160s] -- Up-to-date: /home/vasee22/COAR-ROS2-Workspace-main/install/igus_rebel_description/share/igus_rebel_description/meshes/robolink_rebel/Robolink_RebeL_002_2.stl
[0.160s] -- Up-to-date: /home/vasee22/COAR-ROS2-Workspace-main/install/igus_rebel_description/share/igus_rebel_description/meshes/robolink_rebel/Robolink_RebeL_003.dae
[0.160s] -- Up-to-date: /home/vasee22/COAR-ROS2-Workspace-main/install/igus_rebel_description/share/igus_rebel_description/meshes/robolink_rebel/Robolink_RebeL_002_0.stl
[0.160s] -- Up-to-date: /home/vasee22/COAR-ROS2-Workspace-main/install/igus_rebel_description/share/igus_rebel_description/meshes/robolink_rebel/Robolink_RebeL_002_1.dae
[0.160s] -- Up-to-date: /home/vasee22/COAR-ROS2-Workspace-main/install/igus_rebel_description/share/igus_rebel_description/meshes/robolink_rebel/Diffuse Map.002.png
[0.160s] -- Up-to-date: /home/vasee22/COAR-ROS2-Workspace-main/install/igus_rebel_description/share/igus_rebel_description/meshes/robolink_rebel2
[0.160s] -- Up-to-date: /home/vasee22/COAR-ROS2-Workspace-main/install/igus_rebel_description/share/igus_rebel_description/meshes/robolink_rebel2/base_link.stl
[0.160s] -- Up-to-date: /home/vasee22/COAR-ROS2-Workspace-main/install/igus_rebel_description/share/igus_rebel_description/meshes/robolink_rebel2/simplified_link6.stl
[0.160s] -- Up-to-date: /home/vasee22/COAR-ROS2-Workspace-main/install/igus_rebel_description/share/igus_rebel_description/meshes/robolink_rebel2/simplified_base_link.stl
[0.160s] -- Up-to-date: /home/vasee22/COAR-ROS2-Workspace-main/install/igus_rebel_description/share/igus_rebel_description/meshes/robolink_rebel2/motor3.stl
[0.160s] -- Up-to-date: /home/vasee22/COAR-ROS2-Workspace-main/install/igus_rebel_description/share/igus_rebel_description/meshes/robolink_rebel2/simplified_motor1.stl
[0.161s] -- Up-to-date: /home/vasee22/COAR-ROS2-Workspace-main/install/igus_rebel_description/share/igus_rebel_description/meshes/robolink_rebel2/link4.stl
[0.161s] -- Up-to-date: /home/vasee22/COAR-ROS2-Workspace-main/install/igus_rebel_description/share/igus_rebel_description/meshes/robolink_rebel2/motor5.stl
[0.161s] -- Up-to-date: /home/vasee22/COAR-ROS2-Workspace-main/install/igus_rebel_description/share/igus_rebel_description/meshes/robolink_rebel2/link3.stl
[0.161s] -- Up-to-date: /home/vasee22/COAR-ROS2-Workspace-main/install/igus_rebel_description/share/igus_rebel_description/meshes/robolink_rebel2/simplified_motor2.stl
[0.161s] -- Up-to-date: /home/vasee22/COAR-ROS2-Workspace-main/install/igus_rebel_description/share/igus_rebel_description/meshes/robolink_rebel2/link6.stl
[0.161s] -- Up-to-date: /home/vasee22/COAR-ROS2-Workspace-main/install/igus_rebel_description/share/igus_rebel_description/meshes/robolink_rebel2/simplified_link1.stl
[0.161s] -- Up-to-date: /home/vasee22/COAR-ROS2-Workspace-main/install/igus_rebel_description/share/igus_rebel_description/meshes/robolink_rebel2/vacuum_gripper.stl
[0.161s] -- Up-to-date: /home/vasee22/COAR-ROS2-Workspace-main/install/igus_rebel_description/share/igus_rebel_description/meshes/robolink_rebel2/IGUS7AXIS_1000.dae
[0.161s] -- Up-to-date: /home/vasee22/COAR-ROS2-Workspace-main/install/igus_rebel_description/share/igus_rebel_description/meshes/robolink_rebel2/simplified_link3.stl
[0.161s] -- Up-to-date: /home/vasee22/COAR-ROS2-Workspace-main/install/igus_rebel_description/share/igus_rebel_description/meshes/robolink_rebel2/link1.stl
[0.161s] -- Up-to-date: /home/vasee22/COAR-ROS2-Workspace-main/install/igus_rebel_description/share/igus_rebel_description/meshes/robolink_rebel2/simplified_link5.stl
[0.161s] -- Up-to-date: /home/vasee22/COAR-ROS2-Workspace-main/install/igus_rebel_description/share/igus_rebel_description/meshes/robolink_rebel2/simplified_motor3.stl
[0.161s] -- Up-to-date: /home/vasee22/COAR-ROS2-Workspace-main/install/igus_rebel_description/share/igus_rebel_description/meshes/robolink_rebel2/link2.stl
[0.161s] -- Up-to-date: /home/vasee22/COAR-ROS2-Workspace-main/install/igus_rebel_description/share/igus_rebel_description/meshes/robolink_rebel2/simplified_link2.stl
[0.161s] -- Up-to-date: /home/vasee22/COAR-ROS2-Workspace-main/install/igus_rebel_description/share/igus_rebel_description/meshes/robolink_rebel2/motor4.stl
[0.161s] -- Up-to-date: /home/vasee22/COAR-ROS2-Workspace-main/install/igus_rebel_description/share/igus_rebel_description/meshes/robolink_rebel2/simplified_motor5.stl
[0.161s] -- Up-to-date: /home/vasee22/COAR-ROS2-Workspace-main/install/igus_rebel_description/share/igus_rebel_description/meshes/robolink_rebel2/simplified_link4.stl
[0.161s] -- Up-to-date: /home/vasee22/COAR-ROS2-Workspace-main/install/igus_rebel_description/share/igus_rebel_description/meshes/robolink_rebel2/link5.stl
[0.161s] -- Up-to-date: /home/vasee22/COAR-ROS2-Workspace-main/install/igus_rebel_description/share/igus_rebel_description/meshes/robolink_rebel2/motor2.stl
[0.161s] -- Up-to-date: /home/vasee22/COAR-ROS2-Workspace-main/install/igus_rebel_description/share/igus_rebel_description/meshes/robolink_rebel2/IGUS7AXIS_1000.stl
[0.161s] -- Up-to-date: /home/vasee22/COAR-ROS2-Workspace-main/install/igus_rebel_description/share/igus_rebel_description/meshes/robolink_rebel2/motor1.stl
[0.161s] -- Up-to-date: /home/vasee22/COAR-ROS2-Workspace-main/install/igus_rebel_description/share/igus_rebel_description/meshes/robolink_rebel2/Igus_7thaxis.dae
[0.161s] -- Up-to-date: /home/vasee22/COAR-ROS2-Workspace-main/install/igus_rebel_description/share/igus_rebel_description/meshes/robolink_rebel2/simplified_motor4.stl
[0.161s] -- Up-to-date: /home/vasee22/COAR-ROS2-Workspace-main/install/igus_rebel_description/share/igus_rebel_description/meshes1
[0.161s] -- Up-to-date: /home/vasee22/COAR-ROS2-Workspace-main/install/igus_rebel_description/share/igus_rebel_description/meshes1/robolink_rebel
[0.161s] -- Up-to-date: /home/vasee22/COAR-ROS2-Workspace-main/install/igus_rebel_description/share/igus_rebel_description/meshes1/robolink_rebel/Robolink_RebeL_002_2.dae
[0.161s] -- Up-to-date: /home/vasee22/COAR-ROS2-Workspace-main/install/igus_rebel_description/share/igus_rebel_description/meshes1/robolink_rebel/Robolink_RebeL_001.dae
[0.161s] -- Up-to-date: /home/vasee22/COAR-ROS2-Workspace-main/install/igus_rebel_description/share/igus_rebel_description/meshes1/robolink_rebel/Diffuse_Map.png
[0.161s] -- Up-to-date: /home/vasee22/COAR-ROS2-Workspace-main/install/igus_rebel_description/share/igus_rebel_description/meshes1/robolink_rebel/Robolink_RebeL_004.dae
[0.161s] -- Up-to-date: /home/vasee22/COAR-ROS2-Workspace-main/install/igus_rebel_description/share/igus_rebel_description/meshes1/robolink_rebel/Diffuse_Map.003.png
[0.161s] -- Up-to-date: /home/vasee22/COAR-ROS2-Workspace-main/install/igus_rebel_description/share/igus_rebel_description/meshes1/robolink_rebel/Robolink_RebeL_005.stl
[0.161s] -- Up-to-date: /home/vasee22/COAR-ROS2-Workspace-main/install/igus_rebel_description/share/igus_rebel_description/meshes1/robolink_rebel/Robolink_RebeL_002.stl
[0.161s] -- Up-to-date: /home/vasee22/COAR-ROS2-Workspace-main/install/igus_rebel_description/share/igus_rebel_description/meshes1/robolink_rebel/Robolink_RebeL_002_1.stl
[0.161s] -- Up-to-date: /home/vasee22/COAR-ROS2-Workspace-main/install/igus_rebel_description/share/igus_rebel_description/meshes1/robolink_rebel/Robolink_RebeL_003.stl
[0.161s] -- Up-to-date: /home/vasee22/COAR-ROS2-Workspace-main/install/igus_rebel_description/share/igus_rebel_description/meshes1/robolink_rebel/Robolink_RebeL_000.stl
[0.161s] -- Up-to-date: /home/vasee22/COAR-ROS2-Workspace-main/install/igus_rebel_description/share/igus_rebel_description/meshes1/robolink_rebel/Diffuse_Map.006.png
[0.161s] -- Up-to-date: /home/vasee22/COAR-ROS2-Workspace-main/install/igus_rebel_description/share/igus_rebel_description/meshes1/robolink_rebel/Robolink_RebeL_002_0.dae
[0.161s] -- Up-to-date: /home/vasee22/COAR-ROS2-Workspace-main/install/igus_rebel_description/share/igus_rebel_description/meshes1/robolink_rebel/Robolink_RebeL_005.dae
[0.161s] -- Up-to-date: /home/vasee22/COAR-ROS2-Workspace-main/install/igus_rebel_description/share/igus_rebel_description/meshes1/robolink_rebel/Diffuse_Map.002.png
[0.161s] -- Up-to-date: /home/vasee22/COAR-ROS2-Workspace-main/install/igus_rebel_description/share/igus_rebel_description/meshes1/robolink_rebel/Diffuse_Map.005.png
[0.161s] -- Up-to-date: /home/vasee22/COAR-ROS2-Workspace-main/install/igus_rebel_description/share/igus_rebel_description/meshes1/robolink_rebel/Robolink_RebeL_004.stl
[0.161s] -- Up-to-date: /home/vasee22/COAR-ROS2-Workspace-main/install/igus_rebel_description/share/igus_rebel_description/meshes1/robolink_rebel/Diffuse_Map.001.png
[0.162s] -- Up-to-date: /home/vasee22/COAR-ROS2-Workspace-main/install/igus_rebel_description/share/igus_rebel_description/meshes1/robolink_rebel/Robolink_RebeL_000.dae
[0.162s] -- Up-to-date: /home/vasee22/COAR-ROS2-Workspace-main/install/igus_rebel_description/share/igus_rebel_description/meshes1/robolink_rebel/Robolink_RebeL_006.stl
[0.162s] -- Up-to-date: /home/vasee22/COAR-ROS2-Workspace-main/install/igus_rebel_description/share/igus_rebel_description/meshes1/robolink_rebel/Robolink_RebeL_001.stl
[0.162s] -- Up-to-date: /home/vasee22/COAR-ROS2-Workspace-main/install/igus_rebel_description/share/igus_rebel_description/meshes1/robolink_rebel/Robolink_RebeL_006.dae
[0.162s] -- Up-to-date: /home/vasee22/COAR-ROS2-Workspace-main/install/igus_rebel_description/share/igus_rebel_description/meshes1/robolink_rebel/Diffuse_Map.004.png
[0.162s] -- Up-to-date: /home/vasee22/COAR-ROS2-Workspace-main/install/igus_rebel_description/share/igus_rebel_description/meshes1/robolink_rebel/Robolink_RebeL_002_2.stl
[0.162s] -- Up-to-date: /home/vasee22/COAR-ROS2-Workspace-main/install/igus_rebel_description/share/igus_rebel_description/meshes1/robolink_rebel/Robolink_RebeL_003.dae
[0.162s] -- Up-to-date: /home/vasee22/COAR-ROS2-Workspace-main/install/igus_rebel_description/share/igus_rebel_description/meshes1/robolink_rebel/Igus_7thaxis.dae
[0.162s] -- Up-to-date: /home/vasee22/COAR-ROS2-Workspace-main/install/igus_rebel_description/share/igus_rebel_description/meshes1/robolink_rebel/Robolink_RebeL_002_0.stl
[0.162s] -- Up-to-date: /home/vasee22/COAR-ROS2-Workspace-main/install/igus_rebel_description/share/igus_rebel_description/meshes1/robolink_rebel/Robolink_RebeL_002_1.dae
[0.162s] -- Up-to-date: /home/vasee22/COAR-ROS2-Workspace-main/install/igus_rebel_description/share/igus_rebel_description/urdf
[0.162s] -- Up-to-date: /home/vasee22/COAR-ROS2-Workspace-main/install/igus_rebel_description/share/igus_rebel_description/urdf/igus_rebel2.urdf
[0.162s] -- Up-to-date: /home/vasee22/COAR-ROS2-Workspace-main/install/igus_rebel_description/share/igus_rebel_description/urdf/igus_rebel2.control.xacro
[0.162s] -- Up-to-date: /home/vasee22/COAR-ROS2-Workspace-main/install/igus_rebel_description/share/igus_rebel_description/urdf/igus_rebel_robot.urdf.xacro
[0.162s] -- Up-to-date: /home/vasee22/COAR-ROS2-Workspace-main/install/igus_rebel_description/share/igus_rebel_description/urdf/igus_robt.urdf
[0.162s] -- Up-to-date: /home/vasee22/COAR-ROS2-Workspace-main/install/igus_rebel_description/share/igus_rebel_description/urdf/igus_rebel.control.xacro
[0.162s] -- Up-to-date: /home/vasee22/COAR-ROS2-Workspace-main/install/igus_rebel_description/share/igus_rebel_description/urdf/igus_rebel_robot2.urdf.xacro
[0.162s] -- Up-to-date: /home/vasee22/COAR-ROS2-Workspace-main/install/igus_rebel_description/share/igus_rebel_description/urdf/igus_rebel.urdf
[0.162s] -- Up-to-date: /home/vasee22/COAR-ROS2-Workspace-main/install/igus_rebel_description/share/igus_rebel_description/urdf/igus_rebel_ros1.urdf
[0.162s] -- Up-to-date: /home/vasee22/COAR-ROS2-Workspace-main/install/igus_rebel_description/share/igus_rebel_description/urdf1
[0.162s] -- Up-to-date: /home/vasee22/COAR-ROS2-Workspace-main/install/igus_rebel_description/share/igus_rebel_description/urdf1/igus_rebel_robot.urdf.xacro
[0.162s] -- Up-to-date: /home/vasee22/COAR-ROS2-Workspace-main/install/igus_rebel_description/share/igus_rebel_description/urdf1/igus_rebel.control.xacro
[0.162s] -- Up-to-date: /home/vasee22/COAR-ROS2-Workspace-main/install/igus_rebel_description/share/igus_rebel_description/urdf1/igus_rebel.urdf
[0.162s] -- Up-to-date: /home/vasee22/COAR-ROS2-Workspace-main/install/igus_rebel_description/share/ament_index/resource_index/package_run_dependencies/igus_rebel_description
[0.162s] -- Up-to-date: /home/vasee22/COAR-ROS2-Workspace-main/install/igus_rebel_description/share/ament_index/resource_index/parent_prefix_path/igus_rebel_description
[0.162s] -- Up-to-date: /home/vasee22/COAR-ROS2-Workspace-main/install/igus_rebel_description/share/igus_rebel_description/environment/ament_prefix_path.sh
[0.162s] -- Up-to-date: /home/vasee22/COAR-ROS2-Workspace-main/install/igus_rebel_description/share/igus_rebel_description/environment/ament_prefix_path.dsv
[0.162s] -- Up-to-date: /home/vasee22/COAR-ROS2-Workspace-main/install/igus_rebel_description/share/igus_rebel_description/environment/path.sh
[0.162s] -- Up-to-date: /home/vasee22/COAR-ROS2-Workspace-main/install/igus_rebel_description/share/igus_rebel_description/environment/path.dsv
[0.162s] -- Up-to-date: /home/vasee22/COAR-ROS2-Workspace-main/install/igus_rebel_description/share/igus_rebel_description/local_setup.bash
[0.162s] -- Up-to-date: /home/vasee22/COAR-ROS2-Workspace-main/install/igus_rebel_description/share/igus_rebel_description/local_setup.sh
[0.162s] -- Up-to-date: /home/vasee22/COAR-ROS2-Workspace-main/install/igus_rebel_description/share/igus_rebel_description/local_setup.zsh
[0.162s] -- Up-to-date: /home/vasee22/COAR-ROS2-Workspace-main/install/igus_rebel_description/share/igus_rebel_description/local_setup.dsv
[0.162s] -- Installing: /home/vasee22/COAR-ROS2-Workspace-main/install/igus_rebel_description/share/igus_rebel_description/package.dsv
[0.162s] -- Up-to-date: /home/vasee22/COAR-ROS2-Workspace-main/install/igus_rebel_description/share/ament_index/resource_index/packages/igus_rebel_description
[0.162s] -- Up-to-date: /home/vasee22/COAR-ROS2-Workspace-main/install/igus_rebel_description/share/igus_rebel_description/cmake/igus_rebel_descriptionConfig.cmake
[0.162s] -- Up-to-date: /home/vasee22/COAR-ROS2-Workspace-main/install/igus_rebel_description/share/igus_rebel_description/cmake/igus_rebel_descriptionConfig-version.cmake
[0.162s] -- Up-to-date: /home/vasee22/COAR-ROS2-Workspace-main/install/igus_rebel_description/share/igus_rebel_description/package.xml
[0.163s] Invoked command in '/home/vasee22/COAR-ROS2-Workspace-main/build/igus_rebel_description' returned '0': CMAKE_PREFIX_PATH=${CMAKE_PREFIX_PATH}:/home/vasee22/COAR-ROS2-Workspace-main/install/modbus_ros:/home/vasee22/ws_moveit/install/moveit_configs_utils:/opt/ros/jazzy DEBUGINFOD_URLS=https://debuginfod.ubuntu.com /usr/bin/cmake --install /home/vasee22/COAR-ROS2-Workspace-main/build/igus_rebel_description
