[0.032s] Invoking command in '/home/vasee22/COAR-ROS2-Workspace-mai/COAR-ROS2-Workspace-main/build/moveit_task_constructor_core': AMENT_PREFIX_PATH=/home/vasee22/COAR-ROS2-Workspace-mai/COAR-ROS2-Workspace-main/install/rviz_marker_tools:/home/vasee22/COAR-ROS2-Workspace-mai/COAR-ROS2-Workspace-main/install/moveit_task_constructor_msgs:${AMENT_PREFIX_PATH} CMAKE_PREFIX_PATH=/home/vasee22/COAR-ROS2-Workspace-mai/COAR-ROS2-Workspace-main/install/rviz_marker_tools:/home/vasee22/COAR-ROS2-Workspace-mai/COAR-ROS2-Workspace-main/install/moveit_task_constructor_msgs:/home/vasee22/ws_moveit/install/robotiq_hardware_tests:/home/vasee22/ws_moveit/install/robotiq_driver:/home/vasee22/ws_moveit/install/serial:/home/vasee22/ws_moveit/install/moveit2_tutorials:/home/vasee22/ws_moveit/install/igus_rebel_moveit_config:/home/vasee22/ws_moveit/install/hello_moveit:/home/vasee22/ws_moveit/install/moveit_visual_tools:/home/vasee22/ws_moveit/install/rviz_visual_tools:/home/vasee22/ws_moveit/install/mtc_tutorial:/home/vasee22/ws_moveit/install/moveit_task_constructor_demo:/home/vasee22/ws_moveit/install/moveit_task_constructor_visualization:/home/vasee22/ws_moveit/install/moveit_task_constructor_capabilities:/home/vasee22/ws_moveit/install/moveit_task_constructor_core:/home/vasee22/ws_moveit/install/rviz_marker_tools:/home/vasee22/ws_moveit/install/kortex_bringup:/home/vasee22/ws_moveit/install/kinova_gen3_lite_moveit_config:/home/vasee22/ws_moveit/install/kinova_gen3_7dof_robotiq_2f_85_moveit_config:/home/vasee22/ws_moveit/install/kinova_gen3_6dof_robotiq_2f_85_moveit_config:/home/vasee22/ws_moveit/install/kortex_description:/home/vasee22/ws_moveit/install/robotiq_description:/home/vasee22/ws_moveit/install/robotiq_controllers:/home/vasee22/ws_moveit/install/pilz_industrial_motion_planner_testutils:/home/vasee22/ws_moveit/install/moveit_runtime:/home/vasee22/ws_moveit/install/moveit:/home/vasee22/ws_moveit/install/moveit_planners:/home/vasee22/ws_moveit/install/pilz_industrial_motion_planner:/home/vasee22/ws_moveit/install/moveit_task_constructor_msgs:/home/vasee22/ws_moveit/install/moveit_ros_control_interface:/home/vasee22/ws_moveit/install/moveit_plugins:/home/vasee22/ws_moveit/install/moveit_simple_controller_manager:/home/vasee22/ws_moveit/install/moveit_setup_assistant:/home/vasee22/ws_moveit/install/moveit_setup_srdf_plugins:/home/vasee22/ws_moveit/install/moveit_setup_core_plugins:/home/vasee22/ws_moveit/install/moveit_setup_controllers:/home/vasee22/ws_moveit/install/moveit_setup_app_plugins:/home/vasee22/ws_moveit/install/moveit_setup_framework:/home/vasee22/ws_moveit/install/moveit_servo:/home/vasee22/ws_moveit/install/moveit_ros_trajectory_cache:/home/vasee22/ws_moveit/install/moveit_ros:/home/vasee22/ws_moveit/install/moveit_ros_visualization:/home/vasee22/ws_moveit/install/moveit_py:/home/vasee22/ws_moveit/install/moveit_hybrid_planning:/home/vasee22/ws_moveit/install/moveit_ros_planning_interface:/home/vasee22/ws_moveit/install/moveit_ros_benchmarks:/home/vasee22/ws_moveit/install/moveit_ros_warehouse:/home/vasee22/ws_moveit/install/moveit_ros_robot_interaction:/home/vasee22/ws_moveit/install/moveit_ros_perception:/home/vasee22/ws_moveit/install/moveit_resources_prbt_pg70_support:/home/vasee22/ws_moveit/install/moveit_resources_prbt_moveit_config:/home/vasee22/ws_moveit/install/moveit_ros_move_group:/home/vasee22/ws_moveit/install/moveit_planners_ompl:/home/vasee22/ws_moveit/install/moveit_kinematics:/home/vasee22/ws_moveit/install/moveit_ros_planning:/home/vasee22/ws_moveit/install/moveit_ros_occupancy_map_monitor:/home/vasee22/ws_moveit/install/moveit_resources_prbt_support:/home/vasee22/ws_moveit/install/moveit_resources_prbt_ikfast_manipulator_plugin:/home/vasee22/ws_moveit/install/moveit_resources:/home/vasee22/ws_moveit/install/moveit_resources_pr2_description:/home/vasee22/ws_moveit/install/moveit_resources_panda_moveit_config:/home/vasee22/ws_moveit/install/dual_arm_panda_moveit_config:/home/vasee22/ws_moveit/install/moveit_resources_panda_description:/home/vasee22/ws_moveit/install/moveit_resources_fanuc_moveit_config:/home/vasee22/ws_moveit/install/moveit_resources_fanuc_description:/home/vasee22/ws_moveit/install/moveit_planners_stomp:/home/vasee22/ws_moveit/install/moveit_planners_chomp:/home/vasee22/ws_moveit/install/chomp_motion_planner:/home/vasee22/ws_moveit/install/moveit_core:/home/vasee22/ws_moveit/install/moveit_msgs:/home/vasee22/ws_moveit/install/moveit_common:/home/vasee22/ws_moveit/install/kortex_driver:/home/vasee22/ws_moveit/install/kortex_api:/home/vasee22/ws_moveit/install/igus_rebel:/home/vasee22/ws_moveit/install/igus_rebel_msgs:/home/vasee22/ws_moveit/install/igus_rebel_description:/home/vasee22/COAR-ROS2-Workspace-main/install/igus_rebel:/home/vasee22/COAR-ROS2-Workspace-main/install/igus_rebel_msgs:/home/vasee22/COAR-ROS2-Workspace-main/install/igus_rebel_moveit_config:/home/vasee22/COAR-ROS2-Workspace-main/install/igus_rebel_description:/home/vasee22/COAR-ROS2-Workspace-mai/COAR-ROS2-Workspace-main/install/igus_rebel:/home/vasee22/COAR-ROS2-Workspace-mai/COAR-ROS2-Workspace-main/install/igus_rebel_msgs:/home/vasee22/COAR-ROS2-Workspace-mai/COAR-ROS2-Workspace-main/install/igus_rebel_moveit_config:/home/vasee22/COAR-ROS2-Workspace-mai/COAR-ROS2-Workspace-main/install/igus_rebel_description:/opt/ros/jazzy/opt/gz_sim_vendor:/opt/ros/jazzy/opt/gz_sensors_vendor:/opt/ros/jazzy/opt/gz_physics_vendor:/opt/ros/jazzy/opt/sdformat_vendor:/opt/ros/jazzy/opt/gz_gui_vendor:/opt/ros/jazzy/opt/gz_transport_vendor:/opt/ros/jazzy/opt/gz_rendering_vendor:/opt/ros/jazzy/opt/gz_plugin_vendor:/opt/ros/jazzy/opt/gz_fuel_tools_vendor:/opt/ros/jazzy/opt/gz_msgs_vendor:/opt/ros/jazzy/opt/gz_common_vendor:/opt/ros/jazzy/opt/gz_math_vendor:/opt/ros/jazzy/opt/gz_utils_vendor:/opt/ros/jazzy/opt/gz_tools_vendor:/opt/ros/jazzy/opt/gz_ogre_next_vendor:/opt/ros/jazzy/opt/gz_dartsim_vendor:/opt/ros/jazzy/opt/gz_cmake_vendor:/home/vasee22/ws_moveit/install/moveit_configs_utils:/home/vasee22/COAR-ROS2-Workspace-main/install/modbus_ros:/home/vasee22/COAR-ROS2-Workspace-mai/COAR-ROS2-Workspace-main/install/modbus_ros:/opt/ros/jazzy DEBUGINFOD_URLS=https://debuginfod.ubuntu.com LD_LIBRARY_PATH=/home/vasee22/COAR-ROS2-Workspace-mai/COAR-ROS2-Workspace-main/install/rviz_marker_tools/lib:/home/vasee22/COAR-ROS2-Workspace-mai/COAR-ROS2-Workspace-main/install/moveit_task_constructor_msgs/lib:${LD_LIBRARY_PATH} PYTHONPATH=/home/vasee22/COAR-ROS2-Workspace-mai/COAR-ROS2-Workspace-main/install/moveit_task_constructor_msgs/lib/python3.12/site-packages:${PYTHONPATH} /usr/bin/cmake /home/vasee22/COAR-ROS2-Workspace-mai/COAR-ROS2-Workspace-main/src/moveit_task_constructor/core -DCMAKE_BUILD_TYPE=Debug -DCMAKE_INSTALL_PREFIX=/home/vasee22/COAR-ROS2-Workspace-mai/COAR-ROS2-Workspace-main/install/moveit_task_constructor_core
[0.127s] -- The C compiler identification is GNU 13.3.0
[0.202s] -- The CXX compiler identification is GNU 13.3.0
[0.225s] -- Detecting C compiler ABI info
[0.398s] -- Detecting C compiler ABI info - done
[0.414s] -- Check for working C compiler: /usr/bin/cc - skipped
[0.414s] -- Detecting C compile features
[0.415s] -- Detecting C compile features - done
[0.431s] -- Detecting CXX compiler ABI info
[0.627s] -- Detecting CXX compiler ABI info - done
[0.644s] -- Check for working CXX compiler: /usr/bin/c++ - skipped
[0.645s] -- Detecting CXX compile features
[0.645s] -- Detecting CXX compile features - done
[0.659s] -- Found ament_cmake: 2.5.5 (/opt/ros/jazzy/share/ament_cmake/cmake)
[0.992s] -- Found Python3: /usr/bin/python3 (found version "3.12.3") found components: Interpreter 
[1.284s] -- Found Boost: /usr/lib/x86_64-linux-gnu/cmake/Boost-1.83.0/BoostConfig.cmake (found version "1.83.0")  
[1.308s] -- Found geometry_msgs: 5.3.6 (/opt/ros/jazzy/share/geometry_msgs/cmake)
[1.427s] -- Found rosidl_generator_c: 4.6.7 (/opt/ros/jazzy/share/rosidl_generator_c/cmake)
[1.453s] -- Found rosidl_generator_cpp: 4.6.7 (/opt/ros/jazzy/share/rosidl_generator_cpp/cmake)
[1.485s] -- Using all available rosidl_typesupport_c: rosidl_typesupport_fastrtps_c;rosidl_typesupport_introspection_c
[1.519s] -- Using all available rosidl_typesupport_cpp: rosidl_typesupport_fastrtps_cpp;rosidl_typesupport_introspection_cpp
[1.582s] -- Found moveit_common: 2.14.1 (/home/vasee22/ws_moveit/install/moveit_common/share/moveit_common/cmake)
[1.718s] -- Found moveit_core: 2.14.1 (/home/vasee22/ws_moveit/install/moveit_core/share/moveit_core/cmake)
[2.024s] -- Found Boost: /usr/lib/x86_64-linux-gnu/cmake/Boost-1.83.0/BoostConfig.cmake (found version "1.83.0") found components: chrono date_time filesystem iostreams program_options regex serialization system thread 
[2.213s] -- Found parameter_traits: 0.6.0 (/opt/ros/jazzy/share/parameter_traits/cmake)
[2.320s] -- Found rmw_implementation_cmake: 7.3.3 (/opt/ros/jazzy/share/rmw_implementation_cmake/cmake)
[2.331s] -- Found rmw_fastrtps_cpp: 8.4.3 (/opt/ros/jazzy/share/rmw_fastrtps_cpp/cmake)
[2.482s] -- Found OpenSSL: /usr/lib/x86_64-linux-gnu/libcrypto.so (found version "3.0.13")  
[2.518s] -- Found FastRTPS: /opt/ros/jazzy/include (Required is at least version "2.13") 
[2.564s] -- Using RMW implementation 'rmw_fastrtps_cpp' as default
[2.735s] -- Found rclcpp_lifecycle: 28.1.16 (/opt/ros/jazzy/share/rclcpp_lifecycle/cmake)
[2.786s] -- Found Boost: /usr/lib/x86_64-linux-gnu/cmake/Boost-1.83.0/BoostConfig.cmake (found version "1.83.0") found components: filesystem 
[2.940s] -- Found Eigen3: TRUE (found version "3.4.0") 
[2.940s] -- Ensuring Eigen3 include directory is part of orocos-kdl CMake target
[3.337s] -- Found moveit_ros_planning: 2.14.1 (/home/vasee22/ws_moveit/install/moveit_ros_planning/share/moveit_ros_planning/cmake)
[3.340s] -- Found Boost: /usr/lib/x86_64-linux-gnu/cmake/Boost-1.83.0/BoostConfig.cmake (found version "1.83.0") found components: system filesystem date_time program_options thread chrono 
[3.371s] -- Found moveit_ros_planning_interface: 2.14.1 (/home/vasee22/ws_moveit/install/moveit_ros_planning_interface/share/moveit_ros_planning_interface/cmake)
[3.373s] -- Found Boost: /usr/lib/x86_64-linux-gnu/cmake/Boost-1.83.0/BoostConfig.cmake (found version "1.83.0") found components: date_time filesystem program_options system thread 
[3.386s] -- Found Boost: /usr/lib/x86_64-linux-gnu/cmake/Boost-1.83.0/BoostConfig.cmake (found version "1.83.0") found components: thread system filesystem regex date_time program_options 
[3.410s] -- Found Boost: /usr/lib/x86_64-linux-gnu/cmake/Boost-1.83.0/BoostConfig.cmake (found version "1.83.0") found components: system filesystem date_time program_options thread 
[3.436s] -- Found moveit_task_constructor_msgs: 0.1.4 (/home/vasee22/COAR-ROS2-Workspace-mai/COAR-ROS2-Workspace-main/install/moveit_task_constructor_msgs/share/moveit_task_constructor_msgs/cmake)
[3.465s] -- Found py_binding_tools: 2.0.1 (/opt/ros/jazzy/share/py_binding_tools/cmake)
[3.466s] -- Found rviz_marker_tools: 0.1.4 (/home/vasee22/COAR-ROS2-Workspace-mai/COAR-ROS2-Workspace-main/install/rviz_marker_tools/share/rviz_marker_tools/cmake)
[3.893s] -- Found Python3: /usr/bin/python3 (found version "3.12.3") found components: Interpreter Development Development.Module Development.Embed 
[3.906s] -- pybind11 v2.13.0 dev1
[3.952s] -- Found PythonInterp: /usr/bin/python3 (found suitable version "3.12.3", minimum required is "3.6") 
[3.992s] -- Found PythonLibs: /usr/lib/x86_64-linux-gnu/libpython3.12.so
[3.996s] -- Performing Test HAS_FLTO
[4.305s] -- Performing Test HAS_FLTO - Success
[4.329s] -- Found ament_cmake_pytest: 2.5.5 (/opt/ros/jazzy/share/ament_cmake_pytest/cmake)
[4.342s] -- Found launch_testing_ament_cmake: 3.4.10 (/opt/ros/jazzy/share/launch_testing_ament_cmake/cmake)
[4.353s] -- Found python_cmake_module: 0.11.1 (/opt/ros/jazzy/share/python_cmake_module/cmake)
[4.395s] -- Found Python3: /usr/bin/python3 (found version "3.12.3") found components: Interpreter 
[4.397s] -- Found PythonExtra: /usr/bin/python3  
[4.741s] -- Found ament_cmake_gtest: 2.5.5 (/opt/ros/jazzy/share/ament_cmake_gtest/cmake)
[4.746s] -- Found ament_cmake_gmock: 2.5.5 (/opt/ros/jazzy/share/ament_cmake_gmock/cmake)
[4.746s] -- Found launch_testing_ament_cmake: 3.4.10 (/opt/ros/jazzy/share/launch_testing_ament_cmake/cmake)
[4.747s] -- Found python_cmake_module: 0.11.1 (/opt/ros/jazzy/share/python_cmake_module/cmake)
[4.810s] -- Found gmock sources under '/opt/ros/jazzy/src/gmock_vendor': C++ tests using 'Google Mock' will be built
[4.829s] -- Found gtest sources under '/opt/ros/jazzy/src/gtest_vendor': C++ tests using 'Google Test' will be built
[4.835s] -- Found Threads: TRUE  
[4.874s] -- Configuring done (4.8s)
[5.199s] -- Generating done (0.2s)
[5.252s] -- Build files have been written to: /home/vasee22/COAR-ROS2-Workspace-mai/COAR-ROS2-Workspace-main/build/moveit_task_constructor_core
[5.280s] Invoked command in '/home/vasee22/COAR-ROS2-Workspace-mai/COAR-ROS2-Workspace-main/build/moveit_task_constructor_core' returned '0': AMENT_PREFIX_PATH=/home/vasee22/COAR-ROS2-Workspace-mai/COAR-ROS2-Workspace-main/install/rviz_marker_tools:/home/vasee22/COAR-ROS2-Workspace-mai/COAR-ROS2-Workspace-main/install/moveit_task_constructor_msgs:${AMENT_PREFIX_PATH} CMAKE_PREFIX_PATH=/home/vasee22/COAR-ROS2-Workspace-mai/COAR-ROS2-Workspace-main/install/rviz_marker_tools:/home/vasee22/COAR-ROS2-Workspace-mai/COAR-ROS2-Workspace-main/install/moveit_task_constructor_msgs:/home/vasee22/ws_moveit/install/robotiq_hardware_tests:/home/vasee22/ws_moveit/install/robotiq_driver:/home/vasee22/ws_moveit/install/serial:/home/vasee22/ws_moveit/install/moveit2_tutorials:/home/vasee22/ws_moveit/install/igus_rebel_moveit_config:/home/vasee22/ws_moveit/install/hello_moveit:/home/vasee22/ws_moveit/install/moveit_visual_tools:/home/vasee22/ws_moveit/install/rviz_visual_tools:/home/vasee22/ws_moveit/install/mtc_tutorial:/home/vasee22/ws_moveit/install/moveit_task_constructor_demo:/home/vasee22/ws_moveit/install/moveit_task_constructor_visualization:/home/vasee22/ws_moveit/install/moveit_task_constructor_capabilities:/home/vasee22/ws_moveit/install/moveit_task_constructor_core:/home/vasee22/ws_moveit/install/rviz_marker_tools:/home/vasee22/ws_moveit/install/kortex_bringup:/home/vasee22/ws_moveit/install/kinova_gen3_lite_moveit_config:/home/vasee22/ws_moveit/install/kinova_gen3_7dof_robotiq_2f_85_moveit_config:/home/vasee22/ws_moveit/install/kinova_gen3_6dof_robotiq_2f_85_moveit_config:/home/vasee22/ws_moveit/install/kortex_description:/home/vasee22/ws_moveit/install/robotiq_description:/home/vasee22/ws_moveit/install/robotiq_controllers:/home/vasee22/ws_moveit/install/pilz_industrial_motion_planner_testutils:/home/vasee22/ws_moveit/install/moveit_runtime:/home/vasee22/ws_moveit/install/moveit:/home/vasee22/ws_moveit/install/moveit_planners:/home/vasee22/ws_moveit/install/pilz_industrial_motion_planner:/home/vasee22/ws_moveit/install/moveit_task_constructor_msgs:/home/vasee22/ws_moveit/install/moveit_ros_control_interface:/home/vasee22/ws_moveit/install/moveit_plugins:/home/vasee22/ws_moveit/install/moveit_simple_controller_manager:/home/vasee22/ws_moveit/install/moveit_setup_assistant:/home/vasee22/ws_moveit/install/moveit_setup_srdf_plugins:/home/vasee22/ws_moveit/install/moveit_setup_core_plugins:/home/vasee22/ws_moveit/install/moveit_setup_controllers:/home/vasee22/ws_moveit/install/moveit_setup_app_plugins:/home/vasee22/ws_moveit/install/moveit_setup_framework:/home/vasee22/ws_moveit/install/moveit_servo:/home/vasee22/ws_moveit/install/moveit_ros_trajectory_cache:/home/vasee22/ws_moveit/install/moveit_ros:/home/vasee22/ws_moveit/install/moveit_ros_visualization:/home/vasee22/ws_moveit/install/moveit_py:/home/vasee22/ws_moveit/install/moveit_hybrid_planning:/home/vasee22/ws_moveit/install/moveit_ros_planning_interface:/home/vasee22/ws_moveit/install/moveit_ros_benchmarks:/home/vasee22/ws_moveit/install/moveit_ros_warehouse:/home/vasee22/ws_moveit/install/moveit_ros_robot_interaction:/home/vasee22/ws_moveit/install/moveit_ros_perception:/home/vasee22/ws_moveit/install/moveit_resources_prbt_pg70_support:/home/vasee22/ws_moveit/install/moveit_resources_prbt_moveit_config:/home/vasee22/ws_moveit/install/moveit_ros_move_group:/home/vasee22/ws_moveit/install/moveit_planners_ompl:/home/vasee22/ws_moveit/install/moveit_kinematics:/home/vasee22/ws_moveit/install/moveit_ros_planning:/home/vasee22/ws_moveit/install/moveit_ros_occupancy_map_monitor:/home/vasee22/ws_moveit/install/moveit_resources_prbt_support:/home/vasee22/ws_moveit/install/moveit_resources_prbt_ikfast_manipulator_plugin:/home/vasee22/ws_moveit/install/moveit_resources:/home/vasee22/ws_moveit/install/moveit_resources_pr2_description:/home/vasee22/ws_moveit/install/moveit_resources_panda_moveit_config:/home/vasee22/ws_moveit/install/dual_arm_panda_moveit_config:/home/vasee22/ws_moveit/install/moveit_resources_panda_description:/home/vasee22/ws_moveit/install/moveit_resources_fanuc_moveit_config:/home/vasee22/ws_moveit/install/moveit_resources_fanuc_description:/home/vasee22/ws_moveit/install/moveit_planners_stomp:/home/vasee22/ws_moveit/install/moveit_planners_chomp:/home/vasee22/ws_moveit/install/chomp_motion_planner:/home/vasee22/ws_moveit/install/moveit_core:/home/vasee22/ws_moveit/install/moveit_msgs:/home/vasee22/ws_moveit/install/moveit_common:/home/vasee22/ws_moveit/install/kortex_driver:/home/vasee22/ws_moveit/install/kortex_api:/home/vasee22/ws_moveit/install/igus_rebel:/home/vasee22/ws_moveit/install/igus_rebel_msgs:/home/vasee22/ws_moveit/install/igus_rebel_description:/home/vasee22/COAR-ROS2-Workspace-main/install/igus_rebel:/home/vasee22/COAR-ROS2-Workspace-main/install/igus_rebel_msgs:/home/vasee22/COAR-ROS2-Workspace-main/install/igus_rebel_moveit_config:/home/vasee22/COAR-ROS2-Workspace-main/install/igus_rebel_description:/home/vasee22/COAR-ROS2-Workspace-mai/COAR-ROS2-Workspace-main/install/igus_rebel:/home/vasee22/COAR-ROS2-Workspace-mai/COAR-ROS2-Workspace-main/install/igus_rebel_msgs:/home/vasee22/COAR-ROS2-Workspace-mai/COAR-ROS2-Workspace-main/install/igus_rebel_moveit_config:/home/vasee22/COAR-ROS2-Workspace-mai/COAR-ROS2-Workspace-main/install/igus_rebel_description:/opt/ros/jazzy/opt/gz_sim_vendor:/opt/ros/jazzy/opt/gz_sensors_vendor:/opt/ros/jazzy/opt/gz_physics_vendor:/opt/ros/jazzy/opt/sdformat_vendor:/opt/ros/jazzy/opt/gz_gui_vendor:/opt/ros/jazzy/opt/gz_transport_vendor:/opt/ros/jazzy/opt/gz_rendering_vendor:/opt/ros/jazzy/opt/gz_plugin_vendor:/opt/ros/jazzy/opt/gz_fuel_tools_vendor:/opt/ros/jazzy/opt/gz_msgs_vendor:/opt/ros/jazzy/opt/gz_common_vendor:/opt/ros/jazzy/opt/gz_math_vendor:/opt/ros/jazzy/opt/gz_utils_vendor:/opt/ros/jazzy/opt/gz_tools_vendor:/opt/ros/jazzy/opt/gz_ogre_next_vendor:/opt/ros/jazzy/opt/gz_dartsim_vendor:/opt/ros/jazzy/opt/gz_cmake_vendor:/home/vasee22/ws_moveit/install/moveit_configs_utils:/home/vasee22/COAR-ROS2-Workspace-main/install/modbus_ros:/home/vasee22/COAR-ROS2-Workspace-mai/COAR-ROS2-Workspace-main/install/modbus_ros:/opt/ros/jazzy DEBUGINFOD_URLS=https://debuginfod.ubuntu.com LD_LIBRARY_PATH=/home/vasee22/COAR-ROS2-Workspace-mai/COAR-ROS2-Workspace-main/install/rviz_marker_tools/lib:/home/vasee22/COAR-ROS2-Workspace-mai/COAR-ROS2-Workspace-main/install/moveit_task_constructor_msgs/lib:${LD_LIBRARY_PATH} PYTHONPATH=/home/vasee22/COAR-ROS2-Workspace-mai/COAR-ROS2-Workspace-main/install/moveit_task_constructor_msgs/lib/python3.12/site-packages:${PYTHONPATH} /usr/bin/cmake /home/vasee22/COAR-ROS2-Workspace-mai/COAR-ROS2-Workspace-main/src/moveit_task_constructor/core -DCMAKE_BUILD_TYPE=Debug -DCMAKE_INSTALL_PREFIX=/home/vasee22/COAR-ROS2-Workspace-mai/COAR-ROS2-Workspace-main/install/moveit_task_constructor_core
[5.282s] Invoking command in '/home/vasee22/COAR-ROS2-Workspace-mai/COAR-ROS2-Workspace-main/build/moveit_task_constructor_core': AMENT_PREFIX_PATH=/home/vasee22/COAR-ROS2-Workspace-mai/COAR-ROS2-Workspace-main/install/rviz_marker_tools:/home/vasee22/COAR-ROS2-Workspace-mai/COAR-ROS2-Workspace-main/install/moveit_task_constructor_msgs:${AMENT_PREFIX_PATH} CMAKE_PREFIX_PATH=/home/vasee22/COAR-ROS2-Workspace-mai/COAR-ROS2-Workspace-main/install/rviz_marker_tools:/home/vasee22/COAR-ROS2-Workspace-mai/COAR-ROS2-Workspace-main/install/moveit_task_constructor_msgs:/home/vasee22/ws_moveit/install/robotiq_hardware_tests:/home/vasee22/ws_moveit/install/robotiq_driver:/home/vasee22/ws_moveit/install/serial:/home/vasee22/ws_moveit/install/moveit2_tutorials:/home/vasee22/ws_moveit/install/igus_rebel_moveit_config:/home/vasee22/ws_moveit/install/hello_moveit:/home/vasee22/ws_moveit/install/moveit_visual_tools:/home/vasee22/ws_moveit/install/rviz_visual_tools:/home/vasee22/ws_moveit/install/mtc_tutorial:/home/vasee22/ws_moveit/install/moveit_task_constructor_demo:/home/vasee22/ws_moveit/install/moveit_task_constructor_visualization:/home/vasee22/ws_moveit/install/moveit_task_constructor_capabilities:/home/vasee22/ws_moveit/install/moveit_task_constructor_core:/home/vasee22/ws_moveit/install/rviz_marker_tools:/home/vasee22/ws_moveit/install/kortex_bringup:/home/vasee22/ws_moveit/install/kinova_gen3_lite_moveit_config:/home/vasee22/ws_moveit/install/kinova_gen3_7dof_robotiq_2f_85_moveit_config:/home/vasee22/ws_moveit/install/kinova_gen3_6dof_robotiq_2f_85_moveit_config:/home/vasee22/ws_moveit/install/kortex_description:/home/vasee22/ws_moveit/install/robotiq_description:/home/vasee22/ws_moveit/install/robotiq_controllers:/home/vasee22/ws_moveit/install/pilz_industrial_motion_planner_testutils:/home/vasee22/ws_moveit/install/moveit_runtime:/home/vasee22/ws_moveit/install/moveit:/home/vasee22/ws_moveit/install/moveit_planners:/home/vasee22/ws_moveit/install/pilz_industrial_motion_planner:/home/vasee22/ws_moveit/install/moveit_task_constructor_msgs:/home/vasee22/ws_moveit/install/moveit_ros_control_interface:/home/vasee22/ws_moveit/install/moveit_plugins:/home/vasee22/ws_moveit/install/moveit_simple_controller_manager:/home/vasee22/ws_moveit/install/moveit_setup_assistant:/home/vasee22/ws_moveit/install/moveit_setup_srdf_plugins:/home/vasee22/ws_moveit/install/moveit_setup_core_plugins:/home/vasee22/ws_moveit/install/moveit_setup_controllers:/home/vasee22/ws_moveit/install/moveit_setup_app_plugins:/home/vasee22/ws_moveit/install/moveit_setup_framework:/home/vasee22/ws_moveit/install/moveit_servo:/home/vasee22/ws_moveit/install/moveit_ros_trajectory_cache:/home/vasee22/ws_moveit/install/moveit_ros:/home/vasee22/ws_moveit/install/moveit_ros_visualization:/home/vasee22/ws_moveit/install/moveit_py:/home/vasee22/ws_moveit/install/moveit_hybrid_planning:/home/vasee22/ws_moveit/install/moveit_ros_planning_interface:/home/vasee22/ws_moveit/install/moveit_ros_benchmarks:/home/vasee22/ws_moveit/install/moveit_ros_warehouse:/home/vasee22/ws_moveit/install/moveit_ros_robot_interaction:/home/vasee22/ws_moveit/install/moveit_ros_perception:/home/vasee22/ws_moveit/install/moveit_resources_prbt_pg70_support:/home/vasee22/ws_moveit/install/moveit_resources_prbt_moveit_config:/home/vasee22/ws_moveit/install/moveit_ros_move_group:/home/vasee22/ws_moveit/install/moveit_planners_ompl:/home/vasee22/ws_moveit/install/moveit_kinematics:/home/vasee22/ws_moveit/install/moveit_ros_planning:/home/vasee22/ws_moveit/install/moveit_ros_occupancy_map_monitor:/home/vasee22/ws_moveit/install/moveit_resources_prbt_support:/home/vasee22/ws_moveit/install/moveit_resources_prbt_ikfast_manipulator_plugin:/home/vasee22/ws_moveit/install/moveit_resources:/home/vasee22/ws_moveit/install/moveit_resources_pr2_description:/home/vasee22/ws_moveit/install/moveit_resources_panda_moveit_config:/home/vasee22/ws_moveit/install/dual_arm_panda_moveit_config:/home/vasee22/ws_moveit/install/moveit_resources_panda_description:/home/vasee22/ws_moveit/install/moveit_resources_fanuc_moveit_config:/home/vasee22/ws_moveit/install/moveit_resources_fanuc_description:/home/vasee22/ws_moveit/install/moveit_planners_stomp:/home/vasee22/ws_moveit/install/moveit_planners_chomp:/home/vasee22/ws_moveit/install/chomp_motion_planner:/home/vasee22/ws_moveit/install/moveit_core:/home/vasee22/ws_moveit/install/moveit_msgs:/home/vasee22/ws_moveit/install/moveit_common:/home/vasee22/ws_moveit/install/kortex_driver:/home/vasee22/ws_moveit/install/kortex_api:/home/vasee22/ws_moveit/install/igus_rebel:/home/vasee22/ws_moveit/install/igus_rebel_msgs:/home/vasee22/ws_moveit/install/igus_rebel_description:/home/vasee22/COAR-ROS2-Workspace-main/install/igus_rebel:/home/vasee22/COAR-ROS2-Workspace-main/install/igus_rebel_msgs:/home/vasee22/COAR-ROS2-Workspace-main/install/igus_rebel_moveit_config:/home/vasee22/COAR-ROS2-Workspace-main/install/igus_rebel_description:/home/vasee22/COAR-ROS2-Workspace-mai/COAR-ROS2-Workspace-main/install/igus_rebel:/home/vasee22/COAR-ROS2-Workspace-mai/COAR-ROS2-Workspace-main/install/igus_rebel_msgs:/home/vasee22/COAR-ROS2-Workspace-mai/COAR-ROS2-Workspace-main/install/igus_rebel_moveit_config:/home/vasee22/COAR-ROS2-Workspace-mai/COAR-ROS2-Workspace-main/install/igus_rebel_description:/opt/ros/jazzy/opt/gz_sim_vendor:/opt/ros/jazzy/opt/gz_sensors_vendor:/opt/ros/jazzy/opt/gz_physics_vendor:/opt/ros/jazzy/opt/sdformat_vendor:/opt/ros/jazzy/opt/gz_gui_vendor:/opt/ros/jazzy/opt/gz_transport_vendor:/opt/ros/jazzy/opt/gz_rendering_vendor:/opt/ros/jazzy/opt/gz_plugin_vendor:/opt/ros/jazzy/opt/gz_fuel_tools_vendor:/opt/ros/jazzy/opt/gz_msgs_vendor:/opt/ros/jazzy/opt/gz_common_vendor:/opt/ros/jazzy/opt/gz_math_vendor:/opt/ros/jazzy/opt/gz_utils_vendor:/opt/ros/jazzy/opt/gz_tools_vendor:/opt/ros/jazzy/opt/gz_ogre_next_vendor:/opt/ros/jazzy/opt/gz_dartsim_vendor:/opt/ros/jazzy/opt/gz_cmake_vendor:/home/vasee22/ws_moveit/install/moveit_configs_utils:/home/vasee22/COAR-ROS2-Workspace-main/install/modbus_ros:/home/vasee22/COAR-ROS2-Workspace-mai/COAR-ROS2-Workspace-main/install/modbus_ros:/opt/ros/jazzy DEBUGINFOD_URLS=https://debuginfod.ubuntu.com LD_LIBRARY_PATH=/home/vasee22/COAR-ROS2-Workspace-mai/COAR-ROS2-Workspace-main/install/rviz_marker_tools/lib:/home/vasee22/COAR-ROS2-Workspace-mai/COAR-ROS2-Workspace-main/install/moveit_task_constructor_msgs/lib:${LD_LIBRARY_PATH} PYTHONPATH=/home/vasee22/COAR-ROS2-Workspace-mai/COAR-ROS2-Workspace-main/install/moveit_task_constructor_msgs/lib/python3.12/site-packages:${PYTHONPATH} /usr/bin/cmake --build /home/vasee22/COAR-ROS2-Workspace-mai/COAR-ROS2-Workspace-main/build/moveit_task_constructor_core -- -j24 -l24
[5.395s] [  1%] [32mBuilding CXX object src/CMakeFiles/moveit_task_constructor_core.dir/properties.cpp.o[0m
[5.395s] [  2%] [32mBuilding CXX object src/CMakeFiles/moveit_task_constructor_core.dir/stage.cpp.o[0m
[5.396s] [  3%] [32mBuilding CXX object src/CMakeFiles/moveit_task_constructor_core.dir/container.cpp.o[0m
[5.396s] [  4%] [32mBuilding CXX object gtest/CMakeFiles/gtest_main.dir/src/gtest_main.cc.o[0m
[5.396s] [  5%] [32mBuilding CXX object gmock/CMakeFiles/gmock.dir/opt/ros/jazzy/src/gtest_vendor/src/gtest-all.cc.o[0m
[5.397s] [  6%] [32mBuilding CXX object src/CMakeFiles/moveit_task_constructor_core.dir/task.cpp.o[0m
[5.397s] [  7%] [32mBuilding CXX object gtest/CMakeFiles/gtest.dir/src/gtest-all.cc.o[0m
[5.397s] [  8%] [32mBuilding CXX object gmock/CMakeFiles/gmock_main.dir/src/gmock_main.cc.o[0m
[5.398s] [ 10%] [32mBuilding CXX object gmock/CMakeFiles/gmock.dir/src/gmock-all.cc.o[0m
[5.398s] [ 10%] [32mBuilding CXX object src/CMakeFiles/moveit_task_constructor_core.dir/introspection.cpp.o[0m
[5.398s] [ 11%] [32mBuilding CXX object src/CMakeFiles/moveit_task_constructor_core.dir/cost_terms.cpp.o[0m
[5.399s] [ 12%] [32mBuilding CXX object src/CMakeFiles/moveit_task_constructor_core.dir/utils.cpp.o[0m
[5.399s] [ 13%] [32mBuilding CXX object src/CMakeFiles/moveit_task_constructor_core.dir/marker_tools.cpp.o[0m
[5.400s] [ 15%] [32mBuilding CXX object src/CMakeFiles/moveit_task_constructor_core.dir/merge.cpp.o[0m
[5.402s] [ 16%] [32mBuilding CXX object src/CMakeFiles/moveit_task_constructor_core.dir/solvers/joint_interpolation.cpp.o[0m
[5.402s] [ 17%] [32mBuilding CXX object src/CMakeFiles/moveit_task_constructor_core.dir/solvers/cartesian_path.cpp.o[0m
[5.402s] [ 18%] [32mBuilding CXX object src/CMakeFiles/moveit_task_constructor_core.dir/storage.cpp.o[0m
[5.403s] [ 19%] [32mBuilding CXX object src/CMakeFiles/moveit_task_constructor_core.dir/solvers/multi_planner.cpp.o[0m
[5.407s] [ 20%] [32mBuilding CXX object src/CMakeFiles/moveit_task_constructor_core.dir/solvers/planner_interface.cpp.o[0m
[5.410s] [ 21%] [32mBuilding CXX object src/CMakeFiles/moveit_task_constructor_core.dir/solvers/pipeline_planner.cpp.o[0m
[5.412s] [ 21%] Built target ament_cmake_python_copy_moveit
[5.600s] running egg_info
[5.601s] creating moveit.egg-info
[5.619s] writing moveit.egg-info/PKG-INFO
[5.619s] writing dependency_links to moveit.egg-info/dependency_links.txt
[5.619s] writing top-level names to moveit.egg-info/top_level.txt
[5.619s] writing manifest file 'moveit.egg-info/SOURCES.txt'
[5.669s] reading manifest file 'moveit.egg-info/SOURCES.txt'
[5.670s] writing manifest file 'moveit.egg-info/SOURCES.txt'
[5.706s] [ 21%] Built target ament_cmake_python_build_moveit_egg
[6.282s] [ 22%] [32m[1mLinking CXX static library libgmock_main.a[0m
[6.374s] [ 22%] Built target gmock_main
[6.503s] [ 23%] [32m[1mLinking CXX static library libgtest_main.a[0m
[6.582s] [ 23%] Built target gtest_main
[9.965s] [ 24%] [32m[1mLinking CXX static library libgtest.a[0m
[9.969s] [ 25%] [32m[1mLinking CXX static library libgmock.a[0m
[10.082s] [ 25%] Built target gtest
[10.092s] [ 25%] Built target gmock
[18.712s] [ 26%] [32m[1mLinking CXX shared library libmoveit_task_constructor_core.so[0m
[20.669s] [ 26%] Built target moveit_task_constructor_core
[20.717s] [ 27%] [32mBuilding CXX object src/stages/CMakeFiles/moveit_task_constructor_core_stages.dir/generate_grasp_pose.cpp.o[0m
[20.717s] [ 30%] [32mBuilding CXX object test/CMakeFiles/gtest_utils.dir/gtest_value_printers.cpp.o[0m
[20.718s] [ 30%] [32mBuilding CXX object python/bindings/CMakeFiles/moveit_task_constructor_core_python_tools.dir/src/properties.cpp.o[0m
[20.718s] [ 31%] [32mBuilding CXX object src/stages/CMakeFiles/moveit_task_constructor_core_stages.dir/modify_planning_scene.cpp.o[0m
[20.718s] [ 32%] [32mBuilding CXX object src/stages/CMakeFiles/moveit_task_constructor_core_stages.dir/compute_ik.cpp.o[0m
[20.718s] [ 33%] [32mBuilding CXX object test/CMakeFiles/gtest_utils.dir/models.cpp.o[0m
[20.718s] [ 34%] [32mBuilding CXX object src/stages/CMakeFiles/moveit_task_constructor_core_stages.dir/fix_collision_objects.cpp.o[0m
[20.718s] [ 35%] [32mBuilding CXX object src/stages/CMakeFiles/moveit_task_constructor_core_stages.dir/generate_place_pose.cpp.o[0m
[20.718s] [ 36%] [32mBuilding CXX object src/stages/CMakeFiles/moveit_task_constructor_core_stages.dir/predicate_filter.cpp.o[0m
[20.718s] [ 37%] [32mBuilding CXX object test/CMakeFiles/gtest_utils.dir/stage_mockups.cpp.o[0m
[20.719s] [ 38%] [32mBuilding CXX object src/stages/CMakeFiles/moveit_task_constructor_core_stages.dir/current_state.cpp.o[0m
[20.719s] [ 40%] [32mBuilding CXX object src/stages/CMakeFiles/moveit_task_constructor_core_stages.dir/fixed_cartesian_poses.cpp.o[0m
[20.719s] [ 40%] [32mBuilding CXX object src/stages/CMakeFiles/moveit_task_constructor_core_stages.dir/move_relative.cpp.o[0m
[20.719s] [ 41%] [32mBuilding CXX object src/stages/CMakeFiles/moveit_task_constructor_core_stages.dir/generate_pose.cpp.o[0m
[20.719s] [ 43%] [32mBuilding CXX object src/stages/CMakeFiles/moveit_task_constructor_core_stages.dir/fixed_state.cpp.o[0m
[20.719s] [ 44%] [32mBuilding CXX object src/stages/CMakeFiles/moveit_task_constructor_core_stages.dir/simple_grasp.cpp.o[0m
[20.720s] [ 45%] [32mBuilding CXX object src/stages/CMakeFiles/moveit_task_constructor_core_stages.dir/generate_random_pose.cpp.o[0m
[20.720s] [ 46%] [32mBuilding CXX object src/stages/CMakeFiles/moveit_task_constructor_core_stages.dir/limit_solutions.cpp.o[0m
[20.721s] [ 47%] [32mBuilding CXX object src/stages/CMakeFiles/moveit_task_constructor_core_stages.dir/passthrough.cpp.o[0m
[20.722s] [ 48%] [32mBuilding CXX object src/stages/CMakeFiles/moveit_task_constructor_core_stages.dir/connect.cpp.o[0m
[20.722s] [ 49%] [32mBuilding CXX object src/stages/CMakeFiles/moveit_task_constructor_core_stages.dir/move_to.cpp.o[0m
[20.723s] [ 50%] [32mBuilding CXX object src/stages/CMakeFiles/moveit_task_constructor_core_stages.dir/pick.cpp.o[0m
[31.918s] [ 51%] [32m[1mLinking CXX shared library libgtest_utils.so[0m
[32.761s] [ 51%] Built target gtest_utils
[33.985s] [ 52%] [32m[1mLinking CXX shared library libmoveit_task_constructor_core_python_tools.so[0m
[34.437s] [ 52%] Built target moveit_task_constructor_core_python_tools
[42.980s] [ 53%] [32m[1mLinking CXX shared library libmoveit_task_constructor_core_stages.so[0m
[45.351s] [ 53%] Built target moveit_task_constructor_core_stages
[45.396s] [ 59%] [32mBuilding CXX object python/bindings/CMakeFiles/pymoveit_mtc.dir/src/module.cpp.o[0m
[45.396s] [ 59%] [32mBuilding CXX object python/bindings/CMakeFiles/pymoveit_mtc.dir/src/core.cpp.o[0m
[45.397s] [ 59%] [32mBuilding CXX object test/CMakeFiles/moveit_task_constructor_core-test-stage.dir/test_stage.cpp.o[0m
[45.397s] [ 59%] [32mBuilding CXX object test/CMakeFiles/moveit_task_constructor_core-test-serial.dir/test_serial.cpp.o[0m
[45.397s] [ 59%] [32mBuilding CXX object test/CMakeFiles/moveit_task_constructor_core-test-properties.dir/test_properties.cpp.o[0m
[45.398s] [ 60%] [32mBuilding CXX object test/CMakeFiles/moveit_task_constructor_core-test-interface-state.dir/test_interface_state.cpp.o[0m
[45.398s] [ 64%] [32mBuilding CXX object test/CMakeFiles/moveit_task_constructor_core-test-pruning.dir/test_pruning.cpp.o[0m
[45.398s] [ 64%] [32mBuilding CXX object test/CMakeFiles/moveit_task_constructor_core-test-mockups.dir/test_mockups.cpp.o[0m
[45.399s] [ 64%] [32mBuilding CXX object test/CMakeFiles/moveit_task_constructor_core-test-pipeline-planner.dir/test_pipeline_planner.cpp.o[0m
[45.399s] [ 64%] [32mBuilding CXX object test/CMakeFiles/moveit_task_constructor_core-test-move-to.dir/test_move_to.cpp.o[0m
[45.399s] [ 65%] [32mBuilding CXX object src/stages/CMakeFiles/moveit_task_constructor_core_stage_plugins.dir/plugins.cpp.o[0m
[45.400s] [ 66%] [32mBuilding CXX object python/bindings/CMakeFiles/pymoveit_mtc.dir/src/solvers.cpp.o[0m
[45.400s] [ 67%] [32mBuilding CXX object test/CMakeFiles/moveit_task_constructor_core-test-limit-solutions.dir/test_limit_solutions.cpp.o[0m
[45.401s] [ 68%] [32mBuilding CXX object test/CMakeFiles/moveit_task_constructor_core-test-container.dir/test_container.cpp.o[0m
[45.402s] [ 69%] [32mBuilding CXX object test/CMakeFiles/moveit_task_constructor_core-test-fallback.dir/test_fallback.cpp.o[0m
[45.402s] [ 70%] [32mBuilding CXX object python/bindings/CMakeFiles/pymoveit_mtc.dir/src/stages.cpp.o[0m
[45.402s] [ 72%] [32mBuilding CXX object test/CMakeFiles/moveit_task_constructor_core-test-cost-terms.dir/test_cost_terms.cpp.o[0m
[45.403s] [ 73%] [32mBuilding CXX object test/CMakeFiles/moveit_task_constructor_core-test-storage.dir/test_storage.cpp.o[0m
[45.403s] [ 74%] [32mBuilding CXX object test/CMakeFiles/moveit_task_constructor_core-test-cost-queue.dir/test_cost_queue.cpp.o[0m
[45.403s] [ 75%] [32mBuilding CXX object test/CMakeFiles/moveit_task_constructor_core-test-move-relative.dir/test_move_relative.cpp.o[0m
[45.403s] [ 76%] [32mBuilding CXX object test/CMakeFiles/pick_pr2.dir/pick_pr2.cpp.o[0m
[45.404s] [ 78%] [32mBuilding CXX object test/CMakeFiles/pick_pa10.dir/pick_pa10.cpp.o[0m
[45.406s] [ 78%] [32mBuilding CXX object test/CMakeFiles/pick_ur5.dir/pick_ur5.cpp.o[0m
[46.724s] [ 79%] [32m[1mLinking CXX executable moveit_task_constructor_core-test-properties[0m
[47.615s] [ 79%] Built target moveit_task_constructor_core-test-properties
[53.546s] [ 80%] [32m[1mLinking CXX executable moveit_task_constructor_core-test-storage[0m
[53.548s] [ 81%] [32m[1mLinking CXX executable moveit_task_constructor_core-test-cost-queue[0m
[53.607s] [ 82%] [32m[1mLinking CXX executable moveit_task_constructor_core-test-interface-state[0m
[54.307s] [ 83%] [32m[1mLinking CXX executable moveit_task_constructor_core-test-pruning[0m
[54.336s] [ 84%] [32m[1mLinking CXX executable moveit_task_constructor_core-test-stage[0m
[54.598s] [ 84%] Built target moveit_task_constructor_core-test-cost-queue
[54.837s] [ 86%] [32m[1mLinking CXX shared library libmoveit_task_constructor_core_stage_plugins.so[0m
[54.888s] [ 86%] Built target moveit_task_constructor_core-test-interface-state
[54.917s] [ 86%] Built target moveit_task_constructor_core-test-storage
[55.195s] [ 86%] Built target moveit_task_constructor_core-test-pruning
[55.235s] [ 86%] Built target moveit_task_constructor_core_stage_plugins
[55.282s] [ 87%] [32m[1mLinking CXX executable pick_pr2[0m
[55.734s] [ 87%] Built target moveit_task_constructor_core-test-stage
[55.987s] [ 88%] [32m[1mLinking CXX executable moveit_task_constructor_core-test-container[0m
[56.079s] [ 89%] [32m[1mLinking CXX executable moveit_task_constructor_core-test-limit-solutions[0m
[56.298s] [ 89%] Built target pick_pr2
[56.761s] [ 90%] [32m[1mLinking CXX executable moveit_task_constructor_core-test-serial[0m
[56.902s] [ 90%] Built target moveit_task_constructor_core-test-limit-solutions
[57.052s] [ 91%] [32m[1mLinking CXX executable moveit_task_constructor_core-test-pipeline-planner[0m
[57.147s] [ 91%] Built target moveit_task_constructor_core-test-container
[57.397s] [ 92%] [32m[1mLinking CXX executable moveit_task_constructor_core-test-mockups[0m
[57.499s] [ 92%] Built target moveit_task_constructor_core-test-serial
[58.073s] [ 93%] [32m[1mLinking CXX executable moveit_task_constructor_core-test-move-relative[0m
[58.073s] [ 93%] Built target moveit_task_constructor_core-test-pipeline-planner
[58.169s] [ 93%] Built target moveit_task_constructor_core-test-mockups
[58.211s] [ 94%] [32m[1mLinking CXX executable pick_ur5[0m
[58.320s] [ 95%] [32m[1mLinking CXX executable moveit_task_constructor_core-test-cost-terms[0m
[58.555s] [ 96%] [32m[1mLinking CXX executable moveit_task_constructor_core-test-fallback[0m
[58.591s] [ 97%] [32m[1mLinking CXX executable moveit_task_constructor_core-test-move-to[0m
[59.323s] [ 97%] Built target pick_ur5
[59.374s] [ 98%] [32m[1mLinking CXX executable pick_pa10[0m
[59.598s] [ 98%] Built target moveit_task_constructor_core-test-move-relative
[59.709s] [ 98%] Built target moveit_task_constructor_core-test-fallback
[59.870s] [ 98%] Built target moveit_task_constructor_core-test-cost-terms
[60.063s] [ 98%] Built target moveit_task_constructor_core-test-move-to
[60.517s] [ 98%] Built target pick_pa10
[72.069s] [100%] [32m[1mLinking CXX shared module pymoveit_mtc.cpython-312-x86_64-linux-gnu.so[0m
[73.108s] [100%] Built target pymoveit_mtc
[73.135s] Invoked command in '/home/vasee22/COAR-ROS2-Workspace-mai/COAR-ROS2-Workspace-main/build/moveit_task_constructor_core' returned '0': AMENT_PREFIX_PATH=/home/vasee22/COAR-ROS2-Workspace-mai/COAR-ROS2-Workspace-main/install/rviz_marker_tools:/home/vasee22/COAR-ROS2-Workspace-mai/COAR-ROS2-Workspace-main/install/moveit_task_constructor_msgs:${AMENT_PREFIX_PATH} CMAKE_PREFIX_PATH=/home/vasee22/COAR-ROS2-Workspace-mai/COAR-ROS2-Workspace-main/install/rviz_marker_tools:/home/vasee22/COAR-ROS2-Workspace-mai/COAR-ROS2-Workspace-main/install/moveit_task_constructor_msgs:/home/vasee22/ws_moveit/install/robotiq_hardware_tests:/home/vasee22/ws_moveit/install/robotiq_driver:/home/vasee22/ws_moveit/install/serial:/home/vasee22/ws_moveit/install/moveit2_tutorials:/home/vasee22/ws_moveit/install/igus_rebel_moveit_config:/home/vasee22/ws_moveit/install/hello_moveit:/home/vasee22/ws_moveit/install/moveit_visual_tools:/home/vasee22/ws_moveit/install/rviz_visual_tools:/home/vasee22/ws_moveit/install/mtc_tutorial:/home/vasee22/ws_moveit/install/moveit_task_constructor_demo:/home/vasee22/ws_moveit/install/moveit_task_constructor_visualization:/home/vasee22/ws_moveit/install/moveit_task_constructor_capabilities:/home/vasee22/ws_moveit/install/moveit_task_constructor_core:/home/vasee22/ws_moveit/install/rviz_marker_tools:/home/vasee22/ws_moveit/install/kortex_bringup:/home/vasee22/ws_moveit/install/kinova_gen3_lite_moveit_config:/home/vasee22/ws_moveit/install/kinova_gen3_7dof_robotiq_2f_85_moveit_config:/home/vasee22/ws_moveit/install/kinova_gen3_6dof_robotiq_2f_85_moveit_config:/home/vasee22/ws_moveit/install/kortex_description:/home/vasee22/ws_moveit/install/robotiq_description:/home/vasee22/ws_moveit/install/robotiq_controllers:/home/vasee22/ws_moveit/install/pilz_industrial_motion_planner_testutils:/home/vasee22/ws_moveit/install/moveit_runtime:/home/vasee22/ws_moveit/install/moveit:/home/vasee22/ws_moveit/install/moveit_planners:/home/vasee22/ws_moveit/install/pilz_industrial_motion_planner:/home/vasee22/ws_moveit/install/moveit_task_constructor_msgs:/home/vasee22/ws_moveit/install/moveit_ros_control_interface:/home/vasee22/ws_moveit/install/moveit_plugins:/home/vasee22/ws_moveit/install/moveit_simple_controller_manager:/home/vasee22/ws_moveit/install/moveit_setup_assistant:/home/vasee22/ws_moveit/install/moveit_setup_srdf_plugins:/home/vasee22/ws_moveit/install/moveit_setup_core_plugins:/home/vasee22/ws_moveit/install/moveit_setup_controllers:/home/vasee22/ws_moveit/install/moveit_setup_app_plugins:/home/vasee22/ws_moveit/install/moveit_setup_framework:/home/vasee22/ws_moveit/install/moveit_servo:/home/vasee22/ws_moveit/install/moveit_ros_trajectory_cache:/home/vasee22/ws_moveit/install/moveit_ros:/home/vasee22/ws_moveit/install/moveit_ros_visualization:/home/vasee22/ws_moveit/install/moveit_py:/home/vasee22/ws_moveit/install/moveit_hybrid_planning:/home/vasee22/ws_moveit/install/moveit_ros_planning_interface:/home/vasee22/ws_moveit/install/moveit_ros_benchmarks:/home/vasee22/ws_moveit/install/moveit_ros_warehouse:/home/vasee22/ws_moveit/install/moveit_ros_robot_interaction:/home/vasee22/ws_moveit/install/moveit_ros_perception:/home/vasee22/ws_moveit/install/moveit_resources_prbt_pg70_support:/home/vasee22/ws_moveit/install/moveit_resources_prbt_moveit_config:/home/vasee22/ws_moveit/install/moveit_ros_move_group:/home/vasee22/ws_moveit/install/moveit_planners_ompl:/home/vasee22/ws_moveit/install/moveit_kinematics:/home/vasee22/ws_moveit/install/moveit_ros_planning:/home/vasee22/ws_moveit/install/moveit_ros_occupancy_map_monitor:/home/vasee22/ws_moveit/install/moveit_resources_prbt_support:/home/vasee22/ws_moveit/install/moveit_resources_prbt_ikfast_manipulator_plugin:/home/vasee22/ws_moveit/install/moveit_resources:/home/vasee22/ws_moveit/install/moveit_resources_pr2_description:/home/vasee22/ws_moveit/install/moveit_resources_panda_moveit_config:/home/vasee22/ws_moveit/install/dual_arm_panda_moveit_config:/home/vasee22/ws_moveit/install/moveit_resources_panda_description:/home/vasee22/ws_moveit/install/moveit_resources_fanuc_moveit_config:/home/vasee22/ws_moveit/install/moveit_resources_fanuc_description:/home/vasee22/ws_moveit/install/moveit_planners_stomp:/home/vasee22/ws_moveit/install/moveit_planners_chomp:/home/vasee22/ws_moveit/install/chomp_motion_planner:/home/vasee22/ws_moveit/install/moveit_core:/home/vasee22/ws_moveit/install/moveit_msgs:/home/vasee22/ws_moveit/install/moveit_common:/home/vasee22/ws_moveit/install/kortex_driver:/home/vasee22/ws_moveit/install/kortex_api:/home/vasee22/ws_moveit/install/igus_rebel:/home/vasee22/ws_moveit/install/igus_rebel_msgs:/home/vasee22/ws_moveit/install/igus_rebel_description:/home/vasee22/COAR-ROS2-Workspace-main/install/igus_rebel:/home/vasee22/COAR-ROS2-Workspace-main/install/igus_rebel_msgs:/home/vasee22/COAR-ROS2-Workspace-main/install/igus_rebel_moveit_config:/home/vasee22/COAR-ROS2-Workspace-main/install/igus_rebel_description:/home/vasee22/COAR-ROS2-Workspace-mai/COAR-ROS2-Workspace-main/install/igus_rebel:/home/vasee22/COAR-ROS2-Workspace-mai/COAR-ROS2-Workspace-main/install/igus_rebel_msgs:/home/vasee22/COAR-ROS2-Workspace-mai/COAR-ROS2-Workspace-main/install/igus_rebel_moveit_config:/home/vasee22/COAR-ROS2-Workspace-mai/COAR-ROS2-Workspace-main/install/igus_rebel_description:/opt/ros/jazzy/opt/gz_sim_vendor:/opt/ros/jazzy/opt/gz_sensors_vendor:/opt/ros/jazzy/opt/gz_physics_vendor:/opt/ros/jazzy/opt/sdformat_vendor:/opt/ros/jazzy/opt/gz_gui_vendor:/opt/ros/jazzy/opt/gz_transport_vendor:/opt/ros/jazzy/opt/gz_rendering_vendor:/opt/ros/jazzy/opt/gz_plugin_vendor:/opt/ros/jazzy/opt/gz_fuel_tools_vendor:/opt/ros/jazzy/opt/gz_msgs_vendor:/opt/ros/jazzy/opt/gz_common_vendor:/opt/ros/jazzy/opt/gz_math_vendor:/opt/ros/jazzy/opt/gz_utils_vendor:/opt/ros/jazzy/opt/gz_tools_vendor:/opt/ros/jazzy/opt/gz_ogre_next_vendor:/opt/ros/jazzy/opt/gz_dartsim_vendor:/opt/ros/jazzy/opt/gz_cmake_vendor:/home/vasee22/ws_moveit/install/moveit_configs_utils:/home/vasee22/COAR-ROS2-Workspace-main/install/modbus_ros:/home/vasee22/COAR-ROS2-Workspace-mai/COAR-ROS2-Workspace-main/install/modbus_ros:/opt/ros/jazzy DEBUGINFOD_URLS=https://debuginfod.ubuntu.com LD_LIBRARY_PATH=/home/vasee22/COAR-ROS2-Workspace-mai/COAR-ROS2-Workspace-main/install/rviz_marker_tools/lib:/home/vasee22/COAR-ROS2-Workspace-mai/COAR-ROS2-Workspace-main/install/moveit_task_constructor_msgs/lib:${LD_LIBRARY_PATH} PYTHONPATH=/home/vasee22/COAR-ROS2-Workspace-mai/COAR-ROS2-Workspace-main/install/moveit_task_constructor_msgs/lib/python3.12/site-packages:${PYTHONPATH} /usr/bin/cmake --build /home/vasee22/COAR-ROS2-Workspace-mai/COAR-ROS2-Workspace-main/build/moveit_task_constructor_core -- -j24 -l24
[73.139s] Invoking command in '/home/vasee22/COAR-ROS2-Workspace-mai/COAR-ROS2-Workspace-main/build/moveit_task_constructor_core': AMENT_PREFIX_PATH=/home/vasee22/COAR-ROS2-Workspace-mai/COAR-ROS2-Workspace-main/install/rviz_marker_tools:/home/vasee22/COAR-ROS2-Workspace-mai/COAR-ROS2-Workspace-main/install/moveit_task_constructor_msgs:${AMENT_PREFIX_PATH} CMAKE_PREFIX_PATH=/home/vasee22/COAR-ROS2-Workspace-mai/COAR-ROS2-Workspace-main/install/rviz_marker_tools:/home/vasee22/COAR-ROS2-Workspace-mai/COAR-ROS2-Workspace-main/install/moveit_task_constructor_msgs:/home/vasee22/ws_moveit/install/robotiq_hardware_tests:/home/vasee22/ws_moveit/install/robotiq_driver:/home/vasee22/ws_moveit/install/serial:/home/vasee22/ws_moveit/install/moveit2_tutorials:/home/vasee22/ws_moveit/install/igus_rebel_moveit_config:/home/vasee22/ws_moveit/install/hello_moveit:/home/vasee22/ws_moveit/install/moveit_visual_tools:/home/vasee22/ws_moveit/install/rviz_visual_tools:/home/vasee22/ws_moveit/install/mtc_tutorial:/home/vasee22/ws_moveit/install/moveit_task_constructor_demo:/home/vasee22/ws_moveit/install/moveit_task_constructor_visualization:/home/vasee22/ws_moveit/install/moveit_task_constructor_capabilities:/home/vasee22/ws_moveit/install/moveit_task_constructor_core:/home/vasee22/ws_moveit/install/rviz_marker_tools:/home/vasee22/ws_moveit/install/kortex_bringup:/home/vasee22/ws_moveit/install/kinova_gen3_lite_moveit_config:/home/vasee22/ws_moveit/install/kinova_gen3_7dof_robotiq_2f_85_moveit_config:/home/vasee22/ws_moveit/install/kinova_gen3_6dof_robotiq_2f_85_moveit_config:/home/vasee22/ws_moveit/install/kortex_description:/home/vasee22/ws_moveit/install/robotiq_description:/home/vasee22/ws_moveit/install/robotiq_controllers:/home/vasee22/ws_moveit/install/pilz_industrial_motion_planner_testutils:/home/vasee22/ws_moveit/install/moveit_runtime:/home/vasee22/ws_moveit/install/moveit:/home/vasee22/ws_moveit/install/moveit_planners:/home/vasee22/ws_moveit/install/pilz_industrial_motion_planner:/home/vasee22/ws_moveit/install/moveit_task_constructor_msgs:/home/vasee22/ws_moveit/install/moveit_ros_control_interface:/home/vasee22/ws_moveit/install/moveit_plugins:/home/vasee22/ws_moveit/install/moveit_simple_controller_manager:/home/vasee22/ws_moveit/install/moveit_setup_assistant:/home/vasee22/ws_moveit/install/moveit_setup_srdf_plugins:/home/vasee22/ws_moveit/install/moveit_setup_core_plugins:/home/vasee22/ws_moveit/install/moveit_setup_controllers:/home/vasee22/ws_moveit/install/moveit_setup_app_plugins:/home/vasee22/ws_moveit/install/moveit_setup_framework:/home/vasee22/ws_moveit/install/moveit_servo:/home/vasee22/ws_moveit/install/moveit_ros_trajectory_cache:/home/vasee22/ws_moveit/install/moveit_ros:/home/vasee22/ws_moveit/install/moveit_ros_visualization:/home/vasee22/ws_moveit/install/moveit_py:/home/vasee22/ws_moveit/install/moveit_hybrid_planning:/home/vasee22/ws_moveit/install/moveit_ros_planning_interface:/home/vasee22/ws_moveit/install/moveit_ros_benchmarks:/home/vasee22/ws_moveit/install/moveit_ros_warehouse:/home/vasee22/ws_moveit/install/moveit_ros_robot_interaction:/home/vasee22/ws_moveit/install/moveit_ros_perception:/home/vasee22/ws_moveit/install/moveit_resources_prbt_pg70_support:/home/vasee22/ws_moveit/install/moveit_resources_prbt_moveit_config:/home/vasee22/ws_moveit/install/moveit_ros_move_group:/home/vasee22/ws_moveit/install/moveit_planners_ompl:/home/vasee22/ws_moveit/install/moveit_kinematics:/home/vasee22/ws_moveit/install/moveit_ros_planning:/home/vasee22/ws_moveit/install/moveit_ros_occupancy_map_monitor:/home/vasee22/ws_moveit/install/moveit_resources_prbt_support:/home/vasee22/ws_moveit/install/moveit_resources_prbt_ikfast_manipulator_plugin:/home/vasee22/ws_moveit/install/moveit_resources:/home/vasee22/ws_moveit/install/moveit_resources_pr2_description:/home/vasee22/ws_moveit/install/moveit_resources_panda_moveit_config:/home/vasee22/ws_moveit/install/dual_arm_panda_moveit_config:/home/vasee22/ws_moveit/install/moveit_resources_panda_description:/home/vasee22/ws_moveit/install/moveit_resources_fanuc_moveit_config:/home/vasee22/ws_moveit/install/moveit_resources_fanuc_description:/home/vasee22/ws_moveit/install/moveit_planners_stomp:/home/vasee22/ws_moveit/install/moveit_planners_chomp:/home/vasee22/ws_moveit/install/chomp_motion_planner:/home/vasee22/ws_moveit/install/moveit_core:/home/vasee22/ws_moveit/install/moveit_msgs:/home/vasee22/ws_moveit/install/moveit_common:/home/vasee22/ws_moveit/install/kortex_driver:/home/vasee22/ws_moveit/install/kortex_api:/home/vasee22/ws_moveit/install/igus_rebel:/home/vasee22/ws_moveit/install/igus_rebel_msgs:/home/vasee22/ws_moveit/install/igus_rebel_description:/home/vasee22/COAR-ROS2-Workspace-main/install/igus_rebel:/home/vasee22/COAR-ROS2-Workspace-main/install/igus_rebel_msgs:/home/vasee22/COAR-ROS2-Workspace-main/install/igus_rebel_moveit_config:/home/vasee22/COAR-ROS2-Workspace-main/install/igus_rebel_description:/home/vasee22/COAR-ROS2-Workspace-mai/COAR-ROS2-Workspace-main/install/igus_rebel:/home/vasee22/COAR-ROS2-Workspace-mai/COAR-ROS2-Workspace-main/install/igus_rebel_msgs:/home/vasee22/COAR-ROS2-Workspace-mai/COAR-ROS2-Workspace-main/install/igus_rebel_moveit_config:/home/vasee22/COAR-ROS2-Workspace-mai/COAR-ROS2-Workspace-main/install/igus_rebel_description:/opt/ros/jazzy/opt/gz_sim_vendor:/opt/ros/jazzy/opt/gz_sensors_vendor:/opt/ros/jazzy/opt/gz_physics_vendor:/opt/ros/jazzy/opt/sdformat_vendor:/opt/ros/jazzy/opt/gz_gui_vendor:/opt/ros/jazzy/opt/gz_transport_vendor:/opt/ros/jazzy/opt/gz_rendering_vendor:/opt/ros/jazzy/opt/gz_plugin_vendor:/opt/ros/jazzy/opt/gz_fuel_tools_vendor:/opt/ros/jazzy/opt/gz_msgs_vendor:/opt/ros/jazzy/opt/gz_common_vendor:/opt/ros/jazzy/opt/gz_math_vendor:/opt/ros/jazzy/opt/gz_utils_vendor:/opt/ros/jazzy/opt/gz_tools_vendor:/opt/ros/jazzy/opt/gz_ogre_next_vendor:/opt/ros/jazzy/opt/gz_dartsim_vendor:/opt/ros/jazzy/opt/gz_cmake_vendor:/home/vasee22/ws_moveit/install/moveit_configs_utils:/home/vasee22/COAR-ROS2-Workspace-main/install/modbus_ros:/home/vasee22/COAR-ROS2-Workspace-mai/COAR-ROS2-Workspace-main/install/modbus_ros:/opt/ros/jazzy DEBUGINFOD_URLS=https://debuginfod.ubuntu.com LD_LIBRARY_PATH=/home/vasee22/COAR-ROS2-Workspace-mai/COAR-ROS2-Workspace-main/install/rviz_marker_tools/lib:/home/vasee22/COAR-ROS2-Workspace-mai/COAR-ROS2-Workspace-main/install/moveit_task_constructor_msgs/lib:${LD_LIBRARY_PATH} PYTHONPATH=/home/vasee22/COAR-ROS2-Workspace-mai/COAR-ROS2-Workspace-main/install/moveit_task_constructor_msgs/lib/python3.12/site-packages:${PYTHONPATH} /usr/bin/cmake --install /home/vasee22/COAR-ROS2-Workspace-mai/COAR-ROS2-Workspace-main/build/moveit_task_constructor_core
[73.155s] -- Install configuration: "Debug"
[73.157s] -- Installing: /home/vasee22/COAR-ROS2-Workspace-mai/COAR-ROS2-Workspace-main/install/moveit_task_constructor_core/lib/libmoveit_task_constructor_core_stages.so
[73.225s] -- Set non-toolchain portion of runtime path of "/home/vasee22/COAR-ROS2-Workspace-mai/COAR-ROS2-Workspace-main/install/moveit_task_constructor_core/lib/libmoveit_task_constructor_core_stages.so" to ""
[73.225s] -- Installing: /home/vasee22/COAR-ROS2-Workspace-mai/COAR-ROS2-Workspace-main/install/moveit_task_constructor_core/lib/libmoveit_task_constructor_core_stage_plugins.so
[73.227s] -- Set non-toolchain portion of runtime path of "/home/vasee22/COAR-ROS2-Workspace-mai/COAR-ROS2-Workspace-main/install/moveit_task_constructor_core/lib/libmoveit_task_constructor_core_stage_plugins.so" to ""
[73.227s] -- Installing: /home/vasee22/COAR-ROS2-Workspace-mai/COAR-ROS2-Workspace-main/install/moveit_task_constructor_core/lib/libmoveit_task_constructor_core.so
[73.285s] -- Set non-toolchain portion of runtime path of "/home/vasee22/COAR-ROS2-Workspace-mai/COAR-ROS2-Workspace-main/install/moveit_task_constructor_core/lib/libmoveit_task_constructor_core.so" to ""
[73.285s] -- Installing: /home/vasee22/COAR-ROS2-Workspace-mai/COAR-ROS2-Workspace-main/install/moveit_task_constructor_core/share/moveit_task_constructor_core/environment/pythonpath.sh
[73.286s] -- Installing: /home/vasee22/COAR-ROS2-Workspace-mai/COAR-ROS2-Workspace-main/install/moveit_task_constructor_core/share/moveit_task_constructor_core/environment/pythonpath.dsv
[73.286s] -- Installing: /home/vasee22/COAR-ROS2-Workspace-mai/COAR-ROS2-Workspace-main/install/moveit_task_constructor_core/lib/python3.12/site-packages/moveit-0.1.4-py3.12.egg-info
[73.286s] -- Installing: /home/vasee22/COAR-ROS2-Workspace-mai/COAR-ROS2-Workspace-main/install/moveit_task_constructor_core/lib/python3.12/site-packages/moveit-0.1.4-py3.12.egg-info/top_level.txt
[73.286s] -- Installing: /home/vasee22/COAR-ROS2-Workspace-mai/COAR-ROS2-Workspace-main/install/moveit_task_constructor_core/lib/python3.12/site-packages/moveit-0.1.4-py3.12.egg-info/dependency_links.txt
[73.287s] -- Installing: /home/vasee22/COAR-ROS2-Workspace-mai/COAR-ROS2-Workspace-main/install/moveit_task_constructor_core/lib/python3.12/site-packages/moveit-0.1.4-py3.12.egg-info/SOURCES.txt
[73.287s] -- Installing: /home/vasee22/COAR-ROS2-Workspace-mai/COAR-ROS2-Workspace-main/install/moveit_task_constructor_core/lib/python3.12/site-packages/moveit-0.1.4-py3.12.egg-info/PKG-INFO
[73.287s] -- Installing: /home/vasee22/COAR-ROS2-Workspace-mai/COAR-ROS2-Workspace-main/install/moveit_task_constructor_core/lib/python3.12/site-packages/moveit
[73.287s] -- Installing: /home/vasee22/COAR-ROS2-Workspace-mai/COAR-ROS2-Workspace-main/install/moveit_task_constructor_core/lib/python3.12/site-packages/moveit/__init__.py
[73.287s] -- Installing: /home/vasee22/COAR-ROS2-Workspace-mai/COAR-ROS2-Workspace-main/install/moveit_task_constructor_core/lib/python3.12/site-packages/moveit/task_constructor
[73.287s] -- Installing: /home/vasee22/COAR-ROS2-Workspace-mai/COAR-ROS2-Workspace-main/install/moveit_task_constructor_core/lib/python3.12/site-packages/moveit/task_constructor/__init__.py
[73.287s] -- Installing: /home/vasee22/COAR-ROS2-Workspace-mai/COAR-ROS2-Workspace-main/install/moveit_task_constructor_core/lib/python3.12/site-packages/moveit/task_constructor/core.py
[73.288s] -- Installing: /home/vasee22/COAR-ROS2-Workspace-mai/COAR-ROS2-Workspace-main/install/moveit_task_constructor_core/lib/python3.12/site-packages/moveit/task_constructor/stages.py
[73.373s] Listing '/home/vasee22/COAR-ROS2-Workspace-mai/COAR-ROS2-Workspace-main/install/moveit_task_constructor_core/lib/python3.12/site-packages/moveit'...
[73.373s] Compiling '/home/vasee22/COAR-ROS2-Workspace-mai/COAR-ROS2-Workspace-main/install/moveit_task_constructor_core/lib/python3.12/site-packages/moveit/__init__.py'...
[73.373s] Listing '/home/vasee22/COAR-ROS2-Workspace-mai/COAR-ROS2-Workspace-main/install/moveit_task_constructor_core/lib/python3.12/site-packages/moveit/task_constructor'...
[73.373s] Compiling '/home/vasee22/COAR-ROS2-Workspace-mai/COAR-ROS2-Workspace-main/install/moveit_task_constructor_core/lib/python3.12/site-packages/moveit/task_constructor/__init__.py'...
[73.373s] Compiling '/home/vasee22/COAR-ROS2-Workspace-mai/COAR-ROS2-Workspace-main/install/moveit_task_constructor_core/lib/python3.12/site-packages/moveit/task_constructor/core.py'...
[73.373s] Compiling '/home/vasee22/COAR-ROS2-Workspace-mai/COAR-ROS2-Workspace-main/install/moveit_task_constructor_core/lib/python3.12/site-packages/moveit/task_constructor/stages.py'...
[73.381s] -- Installing: /home/vasee22/COAR-ROS2-Workspace-mai/COAR-ROS2-Workspace-main/install/moveit_task_constructor_core/include/moveit/python/pybind11
[73.382s] -- Installing: /home/vasee22/COAR-ROS2-Workspace-mai/COAR-ROS2-Workspace-main/install/moveit_task_constructor_core/include/moveit/python/pybind11/cast.h
[73.382s] -- Installing: /home/vasee22/COAR-ROS2-Workspace-mai/COAR-ROS2-Workspace-main/install/moveit_task_constructor_core/include/moveit/python/pybind11/trampoline_self_life_support.h
[73.382s] -- Installing: /home/vasee22/COAR-ROS2-Workspace-mai/COAR-ROS2-Workspace-main/install/moveit_task_constructor_core/include/moveit/python/pybind11/functional.h
[73.383s] -- Installing: /home/vasee22/COAR-ROS2-Workspace-mai/COAR-ROS2-Workspace-main/install/moveit_task_constructor_core/include/moveit/python/pybind11/gil_safe_call_once.h
[73.383s] -- Installing: /home/vasee22/COAR-ROS2-Workspace-mai/COAR-ROS2-Workspace-main/install/moveit_task_constructor_core/include/moveit/python/pybind11/eigen.h
[73.383s] -- Installing: /home/vasee22/COAR-ROS2-Workspace-mai/COAR-ROS2-Workspace-main/install/moveit_task_constructor_core/include/moveit/python/pybind11/stl.h
[73.383s] -- Installing: /home/vasee22/COAR-ROS2-Workspace-mai/COAR-ROS2-Workspace-main/install/moveit_task_constructor_core/include/moveit/python/pybind11/options.h
[73.383s] -- Installing: /home/vasee22/COAR-ROS2-Workspace-mai/COAR-ROS2-Workspace-main/install/moveit_task_constructor_core/include/moveit/python/pybind11/eval.h
[73.383s] -- Installing: /home/vasee22/COAR-ROS2-Workspace-mai/COAR-ROS2-Workspace-main/install/moveit_task_constructor_core/include/moveit/python/pybind11/buffer_info.h
[73.384s] -- Installing: /home/vasee22/COAR-ROS2-Workspace-mai/COAR-ROS2-Workspace-main/install/moveit_task_constructor_core/include/moveit/python/pybind11/pytypes.h
[73.384s] -- Installing: /home/vasee22/COAR-ROS2-Workspace-mai/COAR-ROS2-Workspace-main/install/moveit_task_constructor_core/include/moveit/python/pybind11/smart_holder.h
[73.384s] -- Installing: /home/vasee22/COAR-ROS2-Workspace-mai/COAR-ROS2-Workspace-main/install/moveit_task_constructor_core/include/moveit/python/pybind11/type_caster_pyobject_ptr.h
[73.384s] -- Installing: /home/vasee22/COAR-ROS2-Workspace-mai/COAR-ROS2-Workspace-main/install/moveit_task_constructor_core/include/moveit/python/pybind11/typing.h
[73.384s] -- Installing: /home/vasee22/COAR-ROS2-Workspace-mai/COAR-ROS2-Workspace-main/install/moveit_task_constructor_core/include/moveit/python/pybind11/numpy.h
[73.384s] -- Installing: /home/vasee22/COAR-ROS2-Workspace-mai/COAR-ROS2-Workspace-main/install/moveit_task_constructor_core/include/moveit/python/pybind11/embed.h
[73.384s] -- Installing: /home/vasee22/COAR-ROS2-Workspace-mai/COAR-ROS2-Workspace-main/install/moveit_task_constructor_core/include/moveit/python/pybind11/chrono.h
[73.384s] -- Installing: /home/vasee22/COAR-ROS2-Workspace-mai/COAR-ROS2-Workspace-main/install/moveit_task_constructor_core/include/moveit/python/pybind11/detail
[73.384s] -- Installing: /home/vasee22/COAR-ROS2-Workspace-mai/COAR-ROS2-Workspace-main/install/moveit_task_constructor_core/include/moveit/python/pybind11/detail/init.h
[73.385s] -- Installing: /home/vasee22/COAR-ROS2-Workspace-mai/COAR-ROS2-Workspace-main/install/moveit_task_constructor_core/include/moveit/python/pybind11/detail/descr.h
[73.385s] -- Installing: /home/vasee22/COAR-ROS2-Workspace-mai/COAR-ROS2-Workspace-main/install/moveit_task_constructor_core/include/moveit/python/pybind11/detail/smart_holder_poc.h
[73.385s] -- Installing: /home/vasee22/COAR-ROS2-Workspace-mai/COAR-ROS2-Workspace-main/install/moveit_task_constructor_core/include/moveit/python/pybind11/detail/typeid.h
[73.385s] -- Installing: /home/vasee22/COAR-ROS2-Workspace-mai/COAR-ROS2-Workspace-main/install/moveit_task_constructor_core/include/moveit/python/pybind11/detail/class.h
[73.385s] -- Installing: /home/vasee22/COAR-ROS2-Workspace-mai/COAR-ROS2-Workspace-main/install/moveit_task_constructor_core/include/moveit/python/pybind11/detail/smart_holder_sfinae_hooks_only.h
[73.385s] -- Installing: /home/vasee22/COAR-ROS2-Workspace-mai/COAR-ROS2-Workspace-main/install/moveit_task_constructor_core/include/moveit/python/pybind11/detail/internals.h
[73.385s] -- Installing: /home/vasee22/COAR-ROS2-Workspace-mai/COAR-ROS2-Workspace-main/install/moveit_task_constructor_core/include/moveit/python/pybind11/detail/type_caster_base.h
[73.385s] -- Installing: /home/vasee22/COAR-ROS2-Workspace-mai/COAR-ROS2-Workspace-main/install/moveit_task_constructor_core/include/moveit/python/pybind11/detail/dynamic_raw_ptr_cast_if_possible.h
[73.386s] -- Installing: /home/vasee22/COAR-ROS2-Workspace-mai/COAR-ROS2-Workspace-main/install/moveit_task_constructor_core/include/moveit/python/pybind11/detail/smart_holder_type_casters.h
[73.386s] -- Installing: /home/vasee22/COAR-ROS2-Workspace-mai/COAR-ROS2-Workspace-main/install/moveit_task_constructor_core/include/moveit/python/pybind11/detail/common.h
[73.386s] -- Installing: /home/vasee22/COAR-ROS2-Workspace-mai/COAR-ROS2-Workspace-main/install/moveit_task_constructor_core/include/moveit/python/pybind11/detail/type_caster_odr_guard.h
[73.386s] -- Installing: /home/vasee22/COAR-ROS2-Workspace-mai/COAR-ROS2-Workspace-main/install/moveit_task_constructor_core/include/moveit/python/pybind11/pybind11.h
[73.386s] -- Installing: /home/vasee22/COAR-ROS2-Workspace-mai/COAR-ROS2-Workspace-main/install/moveit_task_constructor_core/include/moveit/python/pybind11/operators.h
[73.386s] -- Installing: /home/vasee22/COAR-ROS2-Workspace-mai/COAR-ROS2-Workspace-main/install/moveit_task_constructor_core/include/moveit/python/pybind11/iostream.h
[73.387s] -- Installing: /home/vasee22/COAR-ROS2-Workspace-mai/COAR-ROS2-Workspace-main/install/moveit_task_constructor_core/include/moveit/python/pybind11/eigen
[73.387s] -- Installing: /home/vasee22/COAR-ROS2-Workspace-mai/COAR-ROS2-Workspace-main/install/moveit_task_constructor_core/include/moveit/python/pybind11/eigen/matrix.h
[73.387s] -- Installing: /home/vasee22/COAR-ROS2-Workspace-mai/COAR-ROS2-Workspace-main/install/moveit_task_constructor_core/include/moveit/python/pybind11/eigen/tensor.h
[73.387s] -- Installing: /home/vasee22/COAR-ROS2-Workspace-mai/COAR-ROS2-Workspace-main/install/moveit_task_constructor_core/include/moveit/python/pybind11/eigen/common.h
[73.387s] -- Installing: /home/vasee22/COAR-ROS2-Workspace-mai/COAR-ROS2-Workspace-main/install/moveit_task_constructor_core/include/moveit/python/pybind11/stl
[73.387s] -- Installing: /home/vasee22/COAR-ROS2-Workspace-mai/COAR-ROS2-Workspace-main/install/moveit_task_constructor_core/include/moveit/python/pybind11/stl/filesystem.h
[73.387s] -- Installing: /home/vasee22/COAR-ROS2-Workspace-mai/COAR-ROS2-Workspace-main/install/moveit_task_constructor_core/include/moveit/python/pybind11/gil.h
[73.387s] -- Installing: /home/vasee22/COAR-ROS2-Workspace-mai/COAR-ROS2-Workspace-main/install/moveit_task_constructor_core/include/moveit/python/pybind11/stl_bind.h
[73.387s] -- Installing: /home/vasee22/COAR-ROS2-Workspace-mai/COAR-ROS2-Workspace-main/install/moveit_task_constructor_core/include/moveit/python/pybind11/complex.h
[73.388s] -- Installing: /home/vasee22/COAR-ROS2-Workspace-mai/COAR-ROS2-Workspace-main/install/moveit_task_constructor_core/include/moveit/python/pybind11/attr.h
[73.388s] -- Installing: /home/vasee22/COAR-ROS2-Workspace-mai/COAR-ROS2-Workspace-main/install/moveit_task_constructor_core/include/moveit/python/pybind11/common.h
[73.388s] -- Installing: /home/vasee22/COAR-ROS2-Workspace-mai/COAR-ROS2-Workspace-main/install/moveit_task_constructor_core/share/moveit_task_constructor_core/cmake/pybind11Config.cmake
[73.388s] -- Installing: /home/vasee22/COAR-ROS2-Workspace-mai/COAR-ROS2-Workspace-main/install/moveit_task_constructor_core/share/moveit_task_constructor_core/cmake/pybind11ConfigVersion.cmake
[73.388s] -- Installing: /home/vasee22/COAR-ROS2-Workspace-mai/COAR-ROS2-Workspace-main/install/moveit_task_constructor_core/share/moveit_task_constructor_core/cmake/FindPythonLibsNew.cmake
[73.388s] -- Installing: /home/vasee22/COAR-ROS2-Workspace-mai/COAR-ROS2-Workspace-main/install/moveit_task_constructor_core/share/moveit_task_constructor_core/cmake/pybind11Common.cmake
[73.388s] -- Installing: /home/vasee22/COAR-ROS2-Workspace-mai/COAR-ROS2-Workspace-main/install/moveit_task_constructor_core/share/moveit_task_constructor_core/cmake/pybind11Tools.cmake
[73.388s] -- Installing: /home/vasee22/COAR-ROS2-Workspace-mai/COAR-ROS2-Workspace-main/install/moveit_task_constructor_core/share/moveit_task_constructor_core/cmake/pybind11NewTools.cmake
[73.389s] -- Installing: /home/vasee22/COAR-ROS2-Workspace-mai/COAR-ROS2-Workspace-main/install/moveit_task_constructor_core/share/moveit_task_constructor_core/cmake/pybind11Targets.cmake
[73.389s] -- Installing: /home/vasee22/COAR-ROS2-Workspace-mai/COAR-ROS2-Workspace-main/install/moveit_task_constructor_core/share/pkgconfig/pybind11.pc
[73.390s] -- Installing: /home/vasee22/COAR-ROS2-Workspace-mai/COAR-ROS2-Workspace-main/install/moveit_task_constructor_core/lib/libmoveit_task_constructor_core_python_tools.so
[73.394s] -- Set non-toolchain portion of runtime path of "/home/vasee22/COAR-ROS2-Workspace-mai/COAR-ROS2-Workspace-main/install/moveit_task_constructor_core/lib/libmoveit_task_constructor_core_python_tools.so" to ""
[73.395s] -- Installing: /home/vasee22/COAR-ROS2-Workspace-mai/COAR-ROS2-Workspace-main/install/moveit_task_constructor_core/lib/python3.12/site-packages/pymoveit_mtc.cpython-312-x86_64-linux-gnu.so
[73.428s] -- Set non-toolchain portion of runtime path of "/home/vasee22/COAR-ROS2-Workspace-mai/COAR-ROS2-Workspace-main/install/moveit_task_constructor_core/lib/python3.12/site-packages/pymoveit_mtc.cpython-312-x86_64-linux-gnu.so" to ""
[73.429s] -- Up-to-date: /home/vasee22/COAR-ROS2-Workspace-mai/COAR-ROS2-Workspace-main/install/moveit_task_constructor_core/include
[73.429s] -- Up-to-date: /home/vasee22/COAR-ROS2-Workspace-mai/COAR-ROS2-Workspace-main/install/moveit_task_constructor_core/include/moveit
[73.430s] -- Up-to-date: /home/vasee22/COAR-ROS2-Workspace-mai/COAR-ROS2-Workspace-main/install/moveit_task_constructor_core/include/moveit/python
[73.430s] -- Installing: /home/vasee22/COAR-ROS2-Workspace-mai/COAR-ROS2-Workspace-main/install/moveit_task_constructor_core/include/moveit/python/task_constructor
[73.430s] -- Installing: /home/vasee22/COAR-ROS2-Workspace-mai/COAR-ROS2-Workspace-main/install/moveit_task_constructor_core/include/moveit/python/task_constructor/properties.h
[73.430s] -- Installing: /home/vasee22/COAR-ROS2-Workspace-mai/COAR-ROS2-Workspace-main/install/moveit_task_constructor_core/include/moveit/task_constructor
[73.430s] -- Installing: /home/vasee22/COAR-ROS2-Workspace-mai/COAR-ROS2-Workspace-main/install/moveit_task_constructor_core/include/moveit/task_constructor/solvers
[73.430s] -- Installing: /home/vasee22/COAR-ROS2-Workspace-mai/COAR-ROS2-Workspace-main/install/moveit_task_constructor_core/include/moveit/task_constructor/solvers/pipeline_planner.h
[73.430s] -- Installing: /home/vasee22/COAR-ROS2-Workspace-mai/COAR-ROS2-Workspace-main/install/moveit_task_constructor_core/include/moveit/task_constructor/solvers/multi_planner.h
[73.430s] -- Installing: /home/vasee22/COAR-ROS2-Workspace-mai/COAR-ROS2-Workspace-main/install/moveit_task_constructor_core/include/moveit/task_constructor/solvers/cartesian_path.h
[73.431s] -- Installing: /home/vasee22/COAR-ROS2-Workspace-mai/COAR-ROS2-Workspace-main/install/moveit_task_constructor_core/include/moveit/task_constructor/solvers/joint_interpolation.h
[73.431s] -- Installing: /home/vasee22/COAR-ROS2-Workspace-mai/COAR-ROS2-Workspace-main/install/moveit_task_constructor_core/include/moveit/task_constructor/solvers/planner_interface.h
[73.431s] -- Installing: /home/vasee22/COAR-ROS2-Workspace-mai/COAR-ROS2-Workspace-main/install/moveit_task_constructor_core/include/moveit/task_constructor/introspection.h
[73.431s] -- Installing: /home/vasee22/COAR-ROS2-Workspace-mai/COAR-ROS2-Workspace-main/install/moveit_task_constructor_core/include/moveit/task_constructor/trajectory_execution_info.h
[73.431s] -- Installing: /home/vasee22/COAR-ROS2-Workspace-mai/COAR-ROS2-Workspace-main/install/moveit_task_constructor_core/include/moveit/task_constructor/utils.h
[73.431s] -- Installing: /home/vasee22/COAR-ROS2-Workspace-mai/COAR-ROS2-Workspace-main/install/moveit_task_constructor_core/include/moveit/task_constructor/container.h
[73.431s] -- Installing: /home/vasee22/COAR-ROS2-Workspace-mai/COAR-ROS2-Workspace-main/install/moveit_task_constructor_core/include/moveit/task_constructor/properties.h
[73.431s] -- Installing: /home/vasee22/COAR-ROS2-Workspace-mai/COAR-ROS2-Workspace-main/install/moveit_task_constructor_core/include/moveit/task_constructor/cost_queue.h
[73.431s] -- Installing: /home/vasee22/COAR-ROS2-Workspace-mai/COAR-ROS2-Workspace-main/install/moveit_task_constructor_core/include/moveit/task_constructor/solvers.h
[73.431s] -- Installing: /home/vasee22/COAR-ROS2-Workspace-mai/COAR-ROS2-Workspace-main/install/moveit_task_constructor_core/include/moveit/task_constructor/cost_terms.h
[73.431s] -- Installing: /home/vasee22/COAR-ROS2-Workspace-mai/COAR-ROS2-Workspace-main/install/moveit_task_constructor_core/include/moveit/task_constructor/merge.h
[73.432s] -- Installing: /home/vasee22/COAR-ROS2-Workspace-mai/COAR-ROS2-Workspace-main/install/moveit_task_constructor_core/include/moveit/task_constructor/moveit_compat.h
[73.432s] -- Installing: /home/vasee22/COAR-ROS2-Workspace-mai/COAR-ROS2-Workspace-main/install/moveit_task_constructor_core/include/moveit/task_constructor/stages
[73.432s] -- Installing: /home/vasee22/COAR-ROS2-Workspace-mai/COAR-ROS2-Workspace-main/install/moveit_task_constructor_core/include/moveit/task_constructor/stages/fixed_state.h
[73.432s] -- Installing: /home/vasee22/COAR-ROS2-Workspace-mai/COAR-ROS2-Workspace-main/install/moveit_task_constructor_core/include/moveit/task_constructor/stages/generate_grasp_pose.h
[73.432s] -- Installing: /home/vasee22/COAR-ROS2-Workspace-mai/COAR-ROS2-Workspace-main/install/moveit_task_constructor_core/include/moveit/task_constructor/stages/move_to.h
[73.432s] -- Installing: /home/vasee22/COAR-ROS2-Workspace-mai/COAR-ROS2-Workspace-main/install/moveit_task_constructor_core/include/moveit/task_constructor/stages/fix_collision_objects.h
[73.432s] -- Installing: /home/vasee22/COAR-ROS2-Workspace-mai/COAR-ROS2-Workspace-main/install/moveit_task_constructor_core/include/moveit/task_constructor/stages/move_relative.h
[73.432s] -- Installing: /home/vasee22/COAR-ROS2-Workspace-mai/COAR-ROS2-Workspace-main/install/moveit_task_constructor_core/include/moveit/task_constructor/stages/current_state.h
[73.432s] -- Installing: /home/vasee22/COAR-ROS2-Workspace-mai/COAR-ROS2-Workspace-main/install/moveit_task_constructor_core/include/moveit/task_constructor/stages/simple_grasp.h
[73.432s] -- Installing: /home/vasee22/COAR-ROS2-Workspace-mai/COAR-ROS2-Workspace-main/install/moveit_task_constructor_core/include/moveit/task_constructor/stages/connect.h
[73.432s] -- Installing: /home/vasee22/COAR-ROS2-Workspace-mai/COAR-ROS2-Workspace-main/install/moveit_task_constructor_core/include/moveit/task_constructor/stages/compute_ik.h
[73.433s] -- Installing: /home/vasee22/COAR-ROS2-Workspace-mai/COAR-ROS2-Workspace-main/install/moveit_task_constructor_core/include/moveit/task_constructor/stages/fixed_cartesian_poses.h
[73.433s] -- Installing: /home/vasee22/COAR-ROS2-Workspace-mai/COAR-ROS2-Workspace-main/install/moveit_task_constructor_core/include/moveit/task_constructor/stages/passthrough.h
[73.433s] -- Installing: /home/vasee22/COAR-ROS2-Workspace-mai/COAR-ROS2-Workspace-main/install/moveit_task_constructor_core/include/moveit/task_constructor/stages/modify_planning_scene.h
[73.433s] -- Installing: /home/vasee22/COAR-ROS2-Workspace-mai/COAR-ROS2-Workspace-main/install/moveit_task_constructor_core/include/moveit/task_constructor/stages/generate_random_pose.h
[73.433s] -- Installing: /home/vasee22/COAR-ROS2-Workspace-mai/COAR-ROS2-Workspace-main/install/moveit_task_constructor_core/include/moveit/task_constructor/stages/noop.h
[73.433s] -- Installing: /home/vasee22/COAR-ROS2-Workspace-mai/COAR-ROS2-Workspace-main/install/moveit_task_constructor_core/include/moveit/task_constructor/stages/predicate_filter.h
[73.433s] -- Installing: /home/vasee22/COAR-ROS2-Workspace-mai/COAR-ROS2-Workspace-main/install/moveit_task_constructor_core/include/moveit/task_constructor/stages/limit_solutions.h
[73.433s] -- Installing: /home/vasee22/COAR-ROS2-Workspace-mai/COAR-ROS2-Workspace-main/install/moveit_task_constructor_core/include/moveit/task_constructor/stages/generate_place_pose.h
[73.433s] -- Installing: /home/vasee22/COAR-ROS2-Workspace-mai/COAR-ROS2-Workspace-main/install/moveit_task_constructor_core/include/moveit/task_constructor/stages/generate_pose.h
[73.433s] -- Installing: /home/vasee22/COAR-ROS2-Workspace-mai/COAR-ROS2-Workspace-main/install/moveit_task_constructor_core/include/moveit/task_constructor/stages/pick.h
[73.434s] -- Installing: /home/vasee22/COAR-ROS2-Workspace-mai/COAR-ROS2-Workspace-main/install/moveit_task_constructor_core/include/moveit/task_constructor/stages.h
[73.434s] -- Installing: /home/vasee22/COAR-ROS2-Workspace-mai/COAR-ROS2-Workspace-main/install/moveit_task_constructor_core/include/moveit/task_constructor/stage.h
[73.434s] -- Installing: /home/vasee22/COAR-ROS2-Workspace-mai/COAR-ROS2-Workspace-main/install/moveit_task_constructor_core/include/moveit/task_constructor/storage.h
[73.434s] -- Installing: /home/vasee22/COAR-ROS2-Workspace-mai/COAR-ROS2-Workspace-main/install/moveit_task_constructor_core/include/moveit/task_constructor/marker_tools.h
[73.434s] -- Installing: /home/vasee22/COAR-ROS2-Workspace-mai/COAR-ROS2-Workspace-main/install/moveit_task_constructor_core/include/moveit/task_constructor/type_traits.h
[73.434s] -- Installing: /home/vasee22/COAR-ROS2-Workspace-mai/COAR-ROS2-Workspace-main/install/moveit_task_constructor_core/include/moveit/task_constructor/task.h
[73.434s] -- Installing: /home/vasee22/COAR-ROS2-Workspace-mai/COAR-ROS2-Workspace-main/install/moveit_task_constructor_core/share/moveit_task_constructor_core/motion_planning_stages_plugin_description.xml
[73.435s] -- Installing: /home/vasee22/COAR-ROS2-Workspace-mai/COAR-ROS2-Workspace-main/install/moveit_task_constructor_core/share/moveit_task_constructor_core/environment/library_path.sh
[73.435s] -- Installing: /home/vasee22/COAR-ROS2-Workspace-mai/COAR-ROS2-Workspace-main/install/moveit_task_constructor_core/share/moveit_task_constructor_core/environment/library_path.dsv
[73.435s] -- Installing: /home/vasee22/COAR-ROS2-Workspace-mai/COAR-ROS2-Workspace-main/install/moveit_task_constructor_core/share/ament_index/resource_index/package_run_dependencies/moveit_task_constructor_core
[73.435s] -- Installing: /home/vasee22/COAR-ROS2-Workspace-mai/COAR-ROS2-Workspace-main/install/moveit_task_constructor_core/share/ament_index/resource_index/parent_prefix_path/moveit_task_constructor_core
[73.435s] -- Installing: /home/vasee22/COAR-ROS2-Workspace-mai/COAR-ROS2-Workspace-main/install/moveit_task_constructor_core/share/moveit_task_constructor_core/environment/ament_prefix_path.sh
[73.436s] -- Installing: /home/vasee22/COAR-ROS2-Workspace-mai/COAR-ROS2-Workspace-main/install/moveit_task_constructor_core/share/moveit_task_constructor_core/environment/ament_prefix_path.dsv
[73.436s] -- Installing: /home/vasee22/COAR-ROS2-Workspace-mai/COAR-ROS2-Workspace-main/install/moveit_task_constructor_core/share/moveit_task_constructor_core/environment/path.sh
[73.436s] -- Installing: /home/vasee22/COAR-ROS2-Workspace-mai/COAR-ROS2-Workspace-main/install/moveit_task_constructor_core/share/moveit_task_constructor_core/environment/path.dsv
[73.436s] -- Installing: /home/vasee22/COAR-ROS2-Workspace-mai/COAR-ROS2-Workspace-main/install/moveit_task_constructor_core/share/moveit_task_constructor_core/local_setup.bash
[73.436s] -- Installing: /home/vasee22/COAR-ROS2-Workspace-mai/COAR-ROS2-Workspace-main/install/moveit_task_constructor_core/share/moveit_task_constructor_core/local_setup.sh
[73.436s] -- Installing: /home/vasee22/COAR-ROS2-Workspace-mai/COAR-ROS2-Workspace-main/install/moveit_task_constructor_core/share/moveit_task_constructor_core/local_setup.zsh
[73.437s] -- Installing: /home/vasee22/COAR-ROS2-Workspace-mai/COAR-ROS2-Workspace-main/install/moveit_task_constructor_core/share/moveit_task_constructor_core/local_setup.dsv
[73.437s] -- Installing: /home/vasee22/COAR-ROS2-Workspace-mai/COAR-ROS2-Workspace-main/install/moveit_task_constructor_core/share/moveit_task_constructor_core/package.dsv
[73.437s] -- Installing: /home/vasee22/COAR-ROS2-Workspace-mai/COAR-ROS2-Workspace-main/install/moveit_task_constructor_core/share/ament_index/resource_index/packages/moveit_task_constructor_core
[73.437s] -- Installing: /home/vasee22/COAR-ROS2-Workspace-mai/COAR-ROS2-Workspace-main/install/moveit_task_constructor_core/share/ament_index/resource_index/moveit_task_constructor_core__pluginlib__plugin/moveit_task_constructor_core
[73.437s] -- Installing: /home/vasee22/COAR-ROS2-Workspace-mai/COAR-ROS2-Workspace-main/install/moveit_task_constructor_core/share/moveit_task_constructor_core/cmake/moveit_task_constructor_coreTargetsExport.cmake
[73.438s] -- Installing: /home/vasee22/COAR-ROS2-Workspace-mai/COAR-ROS2-Workspace-main/install/moveit_task_constructor_core/share/moveit_task_constructor_core/cmake/moveit_task_constructor_coreTargetsExport-debug.cmake
[73.438s] -- Installing: /home/vasee22/COAR-ROS2-Workspace-mai/COAR-ROS2-Workspace-main/install/moveit_task_constructor_core/share/moveit_task_constructor_core/cmake/ament_cmake_export_targets-extras.cmake
[73.438s] -- Installing: /home/vasee22/COAR-ROS2-Workspace-mai/COAR-ROS2-Workspace-main/install/moveit_task_constructor_core/share/moveit_task_constructor_core/cmake/ament_cmake_export_dependencies-extras.cmake
[73.438s] -- Installing: /home/vasee22/COAR-ROS2-Workspace-mai/COAR-ROS2-Workspace-main/install/moveit_task_constructor_core/share/moveit_task_constructor_core/cmake/moveit_task_constructor_coreConfig.cmake
[73.438s] -- Installing: /home/vasee22/COAR-ROS2-Workspace-mai/COAR-ROS2-Workspace-main/install/moveit_task_constructor_core/share/moveit_task_constructor_core/cmake/moveit_task_constructor_coreConfig-version.cmake
[73.439s] -- Installing: /home/vasee22/COAR-ROS2-Workspace-mai/COAR-ROS2-Workspace-main/install/moveit_task_constructor_core/share/moveit_task_constructor_core/package.xml
[73.442s] Invoked command in '/home/vasee22/COAR-ROS2-Workspace-mai/COAR-ROS2-Workspace-main/build/moveit_task_constructor_core' returned '0': AMENT_PREFIX_PATH=/home/vasee22/COAR-ROS2-Workspace-mai/COAR-ROS2-Workspace-main/install/rviz_marker_tools:/home/vasee22/COAR-ROS2-Workspace-mai/COAR-ROS2-Workspace-main/install/moveit_task_constructor_msgs:${AMENT_PREFIX_PATH} CMAKE_PREFIX_PATH=/home/vasee22/COAR-ROS2-Workspace-mai/COAR-ROS2-Workspace-main/install/rviz_marker_tools:/home/vasee22/COAR-ROS2-Workspace-mai/COAR-ROS2-Workspace-main/install/moveit_task_constructor_msgs:/home/vasee22/ws_moveit/install/robotiq_hardware_tests:/home/vasee22/ws_moveit/install/robotiq_driver:/home/vasee22/ws_moveit/install/serial:/home/vasee22/ws_moveit/install/moveit2_tutorials:/home/vasee22/ws_moveit/install/igus_rebel_moveit_config:/home/vasee22/ws_moveit/install/hello_moveit:/home/vasee22/ws_moveit/install/moveit_visual_tools:/home/vasee22/ws_moveit/install/rviz_visual_tools:/home/vasee22/ws_moveit/install/mtc_tutorial:/home/vasee22/ws_moveit/install/moveit_task_constructor_demo:/home/vasee22/ws_moveit/install/moveit_task_constructor_visualization:/home/vasee22/ws_moveit/install/moveit_task_constructor_capabilities:/home/vasee22/ws_moveit/install/moveit_task_constructor_core:/home/vasee22/ws_moveit/install/rviz_marker_tools:/home/vasee22/ws_moveit/install/kortex_bringup:/home/vasee22/ws_moveit/install/kinova_gen3_lite_moveit_config:/home/vasee22/ws_moveit/install/kinova_gen3_7dof_robotiq_2f_85_moveit_config:/home/vasee22/ws_moveit/install/kinova_gen3_6dof_robotiq_2f_85_moveit_config:/home/vasee22/ws_moveit/install/kortex_description:/home/vasee22/ws_moveit/install/robotiq_description:/home/vasee22/ws_moveit/install/robotiq_controllers:/home/vasee22/ws_moveit/install/pilz_industrial_motion_planner_testutils:/home/vasee22/ws_moveit/install/moveit_runtime:/home/vasee22/ws_moveit/install/moveit:/home/vasee22/ws_moveit/install/moveit_planners:/home/vasee22/ws_moveit/install/pilz_industrial_motion_planner:/home/vasee22/ws_moveit/install/moveit_task_constructor_msgs:/home/vasee22/ws_moveit/install/moveit_ros_control_interface:/home/vasee22/ws_moveit/install/moveit_plugins:/home/vasee22/ws_moveit/install/moveit_simple_controller_manager:/home/vasee22/ws_moveit/install/moveit_setup_assistant:/home/vasee22/ws_moveit/install/moveit_setup_srdf_plugins:/home/vasee22/ws_moveit/install/moveit_setup_core_plugins:/home/vasee22/ws_moveit/install/moveit_setup_controllers:/home/vasee22/ws_moveit/install/moveit_setup_app_plugins:/home/vasee22/ws_moveit/install/moveit_setup_framework:/home/vasee22/ws_moveit/install/moveit_servo:/home/vasee22/ws_moveit/install/moveit_ros_trajectory_cache:/home/vasee22/ws_moveit/install/moveit_ros:/home/vasee22/ws_moveit/install/moveit_ros_visualization:/home/vasee22/ws_moveit/install/moveit_py:/home/vasee22/ws_moveit/install/moveit_hybrid_planning:/home/vasee22/ws_moveit/install/moveit_ros_planning_interface:/home/vasee22/ws_moveit/install/moveit_ros_benchmarks:/home/vasee22/ws_moveit/install/moveit_ros_warehouse:/home/vasee22/ws_moveit/install/moveit_ros_robot_interaction:/home/vasee22/ws_moveit/install/moveit_ros_perception:/home/vasee22/ws_moveit/install/moveit_resources_prbt_pg70_support:/home/vasee22/ws_moveit/install/moveit_resources_prbt_moveit_config:/home/vasee22/ws_moveit/install/moveit_ros_move_group:/home/vasee22/ws_moveit/install/moveit_planners_ompl:/home/vasee22/ws_moveit/install/moveit_kinematics:/home/vasee22/ws_moveit/install/moveit_ros_planning:/home/vasee22/ws_moveit/install/moveit_ros_occupancy_map_monitor:/home/vasee22/ws_moveit/install/moveit_resources_prbt_support:/home/vasee22/ws_moveit/install/moveit_resources_prbt_ikfast_manipulator_plugin:/home/vasee22/ws_moveit/install/moveit_resources:/home/vasee22/ws_moveit/install/moveit_resources_pr2_description:/home/vasee22/ws_moveit/install/moveit_resources_panda_moveit_config:/home/vasee22/ws_moveit/install/dual_arm_panda_moveit_config:/home/vasee22/ws_moveit/install/moveit_resources_panda_description:/home/vasee22/ws_moveit/install/moveit_resources_fanuc_moveit_config:/home/vasee22/ws_moveit/install/moveit_resources_fanuc_description:/home/vasee22/ws_moveit/install/moveit_planners_stomp:/home/vasee22/ws_moveit/install/moveit_planners_chomp:/home/vasee22/ws_moveit/install/chomp_motion_planner:/home/vasee22/ws_moveit/install/moveit_core:/home/vasee22/ws_moveit/install/moveit_msgs:/home/vasee22/ws_moveit/install/moveit_common:/home/vasee22/ws_moveit/install/kortex_driver:/home/vasee22/ws_moveit/install/kortex_api:/home/vasee22/ws_moveit/install/igus_rebel:/home/vasee22/ws_moveit/install/igus_rebel_msgs:/home/vasee22/ws_moveit/install/igus_rebel_description:/home/vasee22/COAR-ROS2-Workspace-main/install/igus_rebel:/home/vasee22/COAR-ROS2-Workspace-main/install/igus_rebel_msgs:/home/vasee22/COAR-ROS2-Workspace-main/install/igus_rebel_moveit_config:/home/vasee22/COAR-ROS2-Workspace-main/install/igus_rebel_description:/home/vasee22/COAR-ROS2-Workspace-mai/COAR-ROS2-Workspace-main/install/igus_rebel:/home/vasee22/COAR-ROS2-Workspace-mai/COAR-ROS2-Workspace-main/install/igus_rebel_msgs:/home/vasee22/COAR-ROS2-Workspace-mai/COAR-ROS2-Workspace-main/install/igus_rebel_moveit_config:/home/vasee22/COAR-ROS2-Workspace-mai/COAR-ROS2-Workspace-main/install/igus_rebel_description:/opt/ros/jazzy/opt/gz_sim_vendor:/opt/ros/jazzy/opt/gz_sensors_vendor:/opt/ros/jazzy/opt/gz_physics_vendor:/opt/ros/jazzy/opt/sdformat_vendor:/opt/ros/jazzy/opt/gz_gui_vendor:/opt/ros/jazzy/opt/gz_transport_vendor:/opt/ros/jazzy/opt/gz_rendering_vendor:/opt/ros/jazzy/opt/gz_plugin_vendor:/opt/ros/jazzy/opt/gz_fuel_tools_vendor:/opt/ros/jazzy/opt/gz_msgs_vendor:/opt/ros/jazzy/opt/gz_common_vendor:/opt/ros/jazzy/opt/gz_math_vendor:/opt/ros/jazzy/opt/gz_utils_vendor:/opt/ros/jazzy/opt/gz_tools_vendor:/opt/ros/jazzy/opt/gz_ogre_next_vendor:/opt/ros/jazzy/opt/gz_dartsim_vendor:/opt/ros/jazzy/opt/gz_cmake_vendor:/home/vasee22/ws_moveit/install/moveit_configs_utils:/home/vasee22/COAR-ROS2-Workspace-main/install/modbus_ros:/home/vasee22/COAR-ROS2-Workspace-mai/COAR-ROS2-Workspace-main/install/modbus_ros:/opt/ros/jazzy DEBUGINFOD_URLS=https://debuginfod.ubuntu.com LD_LIBRARY_PATH=/home/vasee22/COAR-ROS2-Workspace-mai/COAR-ROS2-Workspace-main/install/rviz_marker_tools/lib:/home/vasee22/COAR-ROS2-Workspace-mai/COAR-ROS2-Workspace-main/install/moveit_task_constructor_msgs/lib:${LD_LIBRARY_PATH} PYTHONPATH=/home/vasee22/COAR-ROS2-Workspace-mai/COAR-ROS2-Workspace-main/install/moveit_task_constructor_msgs/lib/python3.12/site-packages:${PYTHONPATH} /usr/bin/cmake --install /home/vasee22/COAR-ROS2-Workspace-mai/COAR-ROS2-Workspace-main/build/moveit_task_constructor_core
