[0.011s] Invoking command in '/home/vasee22/COAR-ROS2-Workspace-main/build/igus_rebel_msgs': CMAKE_PREFIX_PATH=${CMAKE_PREFIX_PATH}:/home/vasee22/ws_moveit/install/moveit_configs_utils:/opt/ros/jazzy DEBUGINFOD_URLS=https://debuginfod.ubuntu.com /usr/bin/cmake /home/vasee22/COAR-ROS2-Workspace-main/src/igus_rebel_ros2/igus_rebel_msgs -DCMAKE_BUILD_TYPE=Debug -DCMAKE_INSTALL_PREFIX=/home/vasee22/COAR-ROS2-Workspace-main/install/igus_rebel_msgs
[0.095s] -- The C compiler identification is GNU 13.3.0
[0.151s] -- The CXX compiler identification is GNU 13.3.0
[0.163s] -- Detecting C compiler ABI info
[0.228s] -- Detecting C compiler ABI info - done
[0.233s] -- Check for working C compiler: /usr/bin/cc - skipped
[0.234s] -- Detecting C compile features
[0.234s] -- Detecting C compile features - done
[0.241s] -- Detecting CXX compiler ABI info
[0.307s] -- Detecting CXX compiler ABI info - done
[0.311s] -- Check for working CXX compiler: /usr/bin/c++ - skipped
[0.311s] -- Detecting CXX compile features
[0.311s] -- Detecting CXX compile features - done
[0.318s] -- Found ament_cmake: 2.5.5 (/opt/ros/jazzy/share/ament_cmake/cmake)
[0.428s] -- Found Python3: /usr/bin/python3 (found version "3.12.3") found components: Interpreter 
[0.537s] -- Found rclcpp: 28.1.16 (/opt/ros/jazzy/share/rclcpp/cmake)
[0.591s] -- Found rosidl_generator_c: 4.6.7 (/opt/ros/jazzy/share/rosidl_generator_c/cmake)
[0.605s] -- Found rosidl_generator_cpp: 4.6.7 (/opt/ros/jazzy/share/rosidl_generator_cpp/cmake)
[0.623s] -- Using all available rosidl_typesupport_c: rosidl_typesupport_fastrtps_c;rosidl_typesupport_introspection_c
[0.642s] -- Using all available rosidl_typesupport_cpp: rosidl_typesupport_fastrtps_cpp;rosidl_typesupport_introspection_cpp
[0.710s] -- Found rmw_implementation_cmake: 7.3.3 (/opt/ros/jazzy/share/rmw_implementation_cmake/cmake)
[0.715s] -- Found rmw_fastrtps_cpp: 8.4.3 (/opt/ros/jazzy/share/rmw_fastrtps_cpp/cmake)
[0.797s] -- Found OpenSSL: /usr/lib/x86_64-linux-gnu/libcrypto.so (found version "3.0.13")  
[0.814s] -- Found FastRTPS: /opt/ros/jazzy/include (Required is at least version "2.13") 
[0.833s] -- Using RMW implementation 'rmw_fastrtps_cpp' as default
[0.894s] -- Found rclpy: 7.1.9 (/opt/ros/jazzy/share/rclpy/cmake)
[0.900s] -- Found std_msgs: 5.3.6 (/opt/ros/jazzy/share/std_msgs/cmake)
[0.912s] -- Found sensor_msgs: 5.3.6 (/opt/ros/jazzy/share/sensor_msgs/cmake)
[0.940s] -- Found rosidl_default_generators: 1.6.0 (/opt/ros/jazzy/share/rosidl_default_generators/cmake)
[0.964s] -- Found rosidl_adapter: 4.6.7 (/opt/ros/jazzy/share/rosidl_adapter/cmake)
[1.319s] -- Found ament_cmake_ros: 0.12.0 (/opt/ros/jazzy/share/ament_cmake_ros/cmake)
[1.763s] -- Using all available rosidl_typesupport_c: rosidl_typesupport_fastrtps_c;rosidl_typesupport_introspection_c
[1.934s] -- Using all available rosidl_typesupport_cpp: rosidl_typesupport_fastrtps_cpp;rosidl_typesupport_introspection_cpp
[1.938s] -- Found python_cmake_module: 0.11.1 (/opt/ros/jazzy/share/python_cmake_module/cmake)
[2.018s] -- Found PythonExtra: /usr/bin/python3  
[2.272s] -- Found Python3: /usr/bin/python3 (found version "3.12.3") found components: Interpreter Development NumPy Development.Module Development.Embed 
[2.304s] -- Configuring done (2.3s)
[2.323s] -- Generating done (0.0s)
[2.329s] -- Build files have been written to: /home/vasee22/COAR-ROS2-Workspace-main/build/igus_rebel_msgs
[2.339s] Invoked command in '/home/vasee22/COAR-ROS2-Workspace-main/build/igus_rebel_msgs' returned '0': CMAKE_PREFIX_PATH=${CMAKE_PREFIX_PATH}:/home/vasee22/ws_moveit/install/moveit_configs_utils:/opt/ros/jazzy DEBUGINFOD_URLS=https://debuginfod.ubuntu.com /usr/bin/cmake /home/vasee22/COAR-ROS2-Workspace-main/src/igus_rebel_ros2/igus_rebel_msgs -DCMAKE_BUILD_TYPE=Debug -DCMAKE_INSTALL_PREFIX=/home/vasee22/COAR-ROS2-Workspace-main/install/igus_rebel_msgs
[2.340s] Invoking command in '/home/vasee22/COAR-ROS2-Workspace-main/build/igus_rebel_msgs': CMAKE_PREFIX_PATH=${CMAKE_PREFIX_PATH}:/home/vasee22/ws_moveit/install/moveit_configs_utils:/opt/ros/jazzy DEBUGINFOD_URLS=https://debuginfod.ubuntu.com /usr/bin/cmake --build /home/vasee22/COAR-ROS2-Workspace-main/build/igus_rebel_msgs -- -j24 -l24
[2.379s] [  2%] [34m[1mGenerating type hashes for ROS interfaces[0m
[2.384s] [  2%] Built target ament_cmake_python_copy_igus_rebel_msgs
[2.494s] [  2%] Built target igus_rebel_msgs__rosidl_generator_type_description
[2.503s] [  4%] [34m[1mGenerating C code for ROS interfaces[0m
[2.504s] running egg_info
[2.505s] creating igus_rebel_msgs.egg-info
[2.511s] [  6%] [34m[1mGenerating C++ code for ROS interfaces[0m
[2.515s] writing igus_rebel_msgs.egg-info/PKG-INFO
[2.515s] writing dependency_links to igus_rebel_msgs.egg-info/dependency_links.txt
[2.515s] writing top-level names to igus_rebel_msgs.egg-info/top_level.txt
[2.515s] writing manifest file 'igus_rebel_msgs.egg-info/SOURCES.txt'
[2.545s] reading manifest file 'igus_rebel_msgs.egg-info/SOURCES.txt'
[2.545s] writing manifest file 'igus_rebel_msgs.egg-info/SOURCES.txt'
[2.563s] [  6%] Built target ament_cmake_python_build_igus_rebel_msgs_egg
[2.659s] [  6%] Built target igus_rebel_msgs__cpp
[2.675s] [ 15%] [32mBuilding C object CMakeFiles/igus_rebel_msgs__rosidl_generator_c.dir/rosidl_generator_c/igus_rebel_msgs/msg/detail/digital_output__type_support.c.o[0m
[2.675s] [ 15%] [32mBuilding C object CMakeFiles/igus_rebel_msgs__rosidl_generator_c.dir/rosidl_generator_c/igus_rebel_msgs/msg/detail/digital_output__functions.c.o[0m
[2.675s] [ 15%] [32mBuilding C object CMakeFiles/igus_rebel_msgs__rosidl_generator_c.dir/rosidl_generator_c/igus_rebel_msgs/msg/detail/digital_output__description.c.o[0m
[2.675s] [ 15%] [32mBuilding C object CMakeFiles/igus_rebel_msgs__rosidl_generator_c.dir/rosidl_generator_c/igus_rebel_msgs/srv/detail/set_digital_output__description.c.o[0m
[2.675s] [ 18%] [32mBuilding C object CMakeFiles/igus_rebel_msgs__rosidl_generator_c.dir/rosidl_generator_c/igus_rebel_msgs/srv/detail/set_digital_output__functions.c.o[0m
[2.675s] [ 20%] [32mBuilding C object CMakeFiles/igus_rebel_msgs__rosidl_generator_c.dir/rosidl_generator_c/igus_rebel_msgs/srv/detail/set_digital_output__type_support.c.o[0m
[2.726s] [ 22%] [32m[1mLinking C shared library libigus_rebel_msgs__rosidl_generator_c.so[0m
[2.752s] [ 22%] Built target igus_rebel_msgs__rosidl_generator_c
[2.761s] [ 36%] [34m[1mGenerating C++ introspection for ROS interfaces[0m
[2.761s] [ 36%] [34m[1mGenerating C type support for eProsima Fast-RTPS[0m
[2.761s] [ 36%] [34m[1mGenerating C++ type support for eProsima Fast-RTPS[0m
[2.761s] [ 36%] [34m[1mGenerating C introspection for ROS interfaces[0m
[2.761s] [ 36%] [34m[1mGenerating C type support dispatch for ROS interfaces[0m
[2.761s] [ 36%] [34m[1mGenerating C++ type support dispatch for ROS interfaces[0m
[2.895s] [ 38%] [32mBuilding CXX object CMakeFiles/igus_rebel_msgs__rosidl_typesupport_cpp.dir/rosidl_typesupport_cpp/igus_rebel_msgs/msg/digital_output__type_support.cpp.o[0m
[2.895s] [ 40%] [32mBuilding CXX object CMakeFiles/igus_rebel_msgs__rosidl_typesupport_cpp.dir/rosidl_typesupport_cpp/igus_rebel_msgs/srv/set_digital_output__type_support.cpp.o[0m
[2.895s] [ 43%] [32mBuilding CXX object CMakeFiles/igus_rebel_msgs__rosidl_typesupport_c.dir/rosidl_typesupport_c/igus_rebel_msgs/msg/digital_output__type_support.cpp.o[0m
[2.895s] [ 45%] [32mBuilding CXX object CMakeFiles/igus_rebel_msgs__rosidl_typesupport_c.dir/rosidl_typesupport_c/igus_rebel_msgs/srv/set_digital_output__type_support.cpp.o[0m
[2.901s] [ 47%] [32mBuilding CXX object CMakeFiles/igus_rebel_msgs__rosidl_typesupport_introspection_cpp.dir/rosidl_typesupport_introspection_cpp/igus_rebel_msgs/msg/detail/digital_output__type_support.cpp.o[0m
[2.901s] [ 50%] [32mBuilding CXX object CMakeFiles/igus_rebel_msgs__rosidl_typesupport_introspection_cpp.dir/rosidl_typesupport_introspection_cpp/igus_rebel_msgs/srv/detail/set_digital_output__type_support.cpp.o[0m
[2.905s] [ 52%] [32mBuilding C object CMakeFiles/igus_rebel_msgs__rosidl_typesupport_introspection_c.dir/rosidl_typesupport_introspection_c/igus_rebel_msgs/msg/detail/digital_output__type_support.c.o[0m
[2.905s] [ 54%] [32mBuilding C object CMakeFiles/igus_rebel_msgs__rosidl_typesupport_introspection_c.dir/rosidl_typesupport_introspection_c/igus_rebel_msgs/srv/detail/set_digital_output__type_support.c.o[0m
[2.925s] [ 59%] [32mBuilding CXX object CMakeFiles/igus_rebel_msgs__rosidl_typesupport_fastrtps_cpp.dir/rosidl_typesupport_fastrtps_cpp/igus_rebel_msgs/srv/detail/dds_fastrtps/set_digital_output__type_support.cpp.o[0m
[2.925s] [ 59%] [32mBuilding CXX object CMakeFiles/igus_rebel_msgs__rosidl_typesupport_fastrtps_cpp.dir/rosidl_typesupport_fastrtps_cpp/igus_rebel_msgs/msg/detail/dds_fastrtps/digital_output__type_support.cpp.o[0m
[2.930s] [ 61%] [32m[1mLinking CXX shared library libigus_rebel_msgs__rosidl_typesupport_c.so[0m
[2.932s] [ 63%] [32mBuilding CXX object CMakeFiles/igus_rebel_msgs__rosidl_typesupport_fastrtps_c.dir/rosidl_typesupport_fastrtps_c/igus_rebel_msgs/msg/detail/digital_output__type_support_c.cpp.o[0m
[2.932s] [ 65%] [32mBuilding CXX object CMakeFiles/igus_rebel_msgs__rosidl_typesupport_fastrtps_c.dir/rosidl_typesupport_fastrtps_c/igus_rebel_msgs/srv/detail/set_digital_output__type_support_c.cpp.o[0m
[2.936s] [ 68%] [32m[1mLinking C shared library libigus_rebel_msgs__rosidl_typesupport_introspection_c.so[0m
[2.958s] [ 68%] Built target igus_rebel_msgs__rosidl_typesupport_c
[2.960s] [ 68%] Built target igus_rebel_msgs__rosidl_typesupport_introspection_c
[3.108s] [ 70%] [32m[1mLinking CXX shared library libigus_rebel_msgs__rosidl_typesupport_cpp.so[0m
[3.121s] [ 72%] [32m[1mLinking CXX shared library libigus_rebel_msgs__rosidl_typesupport_introspection_cpp.so[0m
[3.158s] [ 72%] Built target igus_rebel_msgs__rosidl_typesupport_cpp
[3.171s] [ 72%] Built target igus_rebel_msgs__rosidl_typesupport_introspection_cpp
[3.197s] [ 75%] [32m[1mLinking CXX shared library libigus_rebel_msgs__rosidl_typesupport_fastrtps_c.so[0m
[3.245s] [ 75%] Built target igus_rebel_msgs__rosidl_typesupport_fastrtps_c
[3.252s] [ 77%] [32m[1mLinking CXX shared library libigus_rebel_msgs__rosidl_typesupport_fastrtps_cpp.so[0m
[3.301s] [ 77%] Built target igus_rebel_msgs__rosidl_typesupport_fastrtps_cpp
[3.316s] [ 77%] Built target igus_rebel_msgs
[3.330s] [ 79%] [34m[1mGenerating Python code for ROS interfaces[0m
[3.528s] [ 79%] Built target igus_rebel_msgs__py
[3.543s] [ 81%] [32mBuilding C object CMakeFiles/igus_rebel_msgs__rosidl_generator_py.dir/rosidl_generator_py/igus_rebel_msgs/msg/_digital_output_s.c.o[0m
[3.543s] [ 84%] [32mBuilding C object CMakeFiles/igus_rebel_msgs__rosidl_generator_py.dir/rosidl_generator_py/igus_rebel_msgs/srv/_set_digital_output_s.c.o[0m
[3.646s] [ 86%] [32m[1mLinking C shared library libigus_rebel_msgs__rosidl_generator_py.so[0m
[3.674s] [ 86%] Built target igus_rebel_msgs__rosidl_generator_py
[3.690s] [ 90%] [32mBuilding C object CMakeFiles/igus_rebel_msgs_s__rosidl_typesupport_introspection_c.dir/rosidl_generator_py/igus_rebel_msgs/_igus_rebel_msgs_s.ep.rosidl_typesupport_introspection_c.c.o[0m
[3.690s] [ 90%] [32mBuilding C object CMakeFiles/igus_rebel_msgs_s__rosidl_typesupport_c.dir/rosidl_generator_py/igus_rebel_msgs/_igus_rebel_msgs_s.ep.rosidl_typesupport_c.c.o[0m
[3.691s] [ 93%] [32mBuilding C object CMakeFiles/igus_rebel_msgs_s__rosidl_typesupport_fastrtps_c.dir/rosidl_generator_py/igus_rebel_msgs/_igus_rebel_msgs_s.ep.rosidl_typesupport_fastrtps_c.c.o[0m
[3.758s] [100%] [32m[1mLinking C shared module rosidl_generator_py/igus_rebel_msgs/igus_rebel_msgs_s__rosidl_typesupport_introspection_c.so[0m
[3.758s] [100%] [32m[1mLinking C shared module rosidl_generator_py/igus_rebel_msgs/igus_rebel_msgs_s__rosidl_typesupport_c.so[0m
[3.758s] [100%] [32m[1mLinking C shared module rosidl_generator_py/igus_rebel_msgs/igus_rebel_msgs_s__rosidl_typesupport_fastrtps_c.so[0m
[3.780s] [100%] Built target igus_rebel_msgs_s__rosidl_typesupport_c
[3.780s] [100%] Built target igus_rebel_msgs_s__rosidl_typesupport_fastrtps_c
[3.780s] [100%] Built target igus_rebel_msgs_s__rosidl_typesupport_introspection_c
[3.789s] Invoked command in '/home/vasee22/COAR-ROS2-Workspace-main/build/igus_rebel_msgs' returned '0': CMAKE_PREFIX_PATH=${CMAKE_PREFIX_PATH}:/home/vasee22/ws_moveit/install/moveit_configs_utils:/opt/ros/jazzy DEBUGINFOD_URLS=https://debuginfod.ubuntu.com /usr/bin/cmake --build /home/vasee22/COAR-ROS2-Workspace-main/build/igus_rebel_msgs -- -j24 -l24
[3.790s] Invoking command in '/home/vasee22/COAR-ROS2-Workspace-main/build/igus_rebel_msgs': CMAKE_PREFIX_PATH=${CMAKE_PREFIX_PATH}:/home/vasee22/ws_moveit/install/moveit_configs_utils:/opt/ros/jazzy DEBUGINFOD_URLS=https://debuginfod.ubuntu.com /usr/bin/cmake --install /home/vasee22/COAR-ROS2-Workspace-main/build/igus_rebel_msgs
[3.796s] -- Install configuration: "Debug"
[3.796s] -- Installing: /home/vasee22/COAR-ROS2-Workspace-main/install/igus_rebel_msgs/share/ament_index/resource_index/rosidl_interfaces/igus_rebel_msgs
[3.796s] -- Installing: /home/vasee22/COAR-ROS2-Workspace-main/install/igus_rebel_msgs/share/igus_rebel_msgs/msg/DigitalOutput.json
[3.796s] -- Installing: /home/vasee22/COAR-ROS2-Workspace-main/install/igus_rebel_msgs/share/igus_rebel_msgs/srv/SetDigitalOutput.json
[3.796s] -- Installing: /home/vasee22/COAR-ROS2-Workspace-main/install/igus_rebel_msgs/include/igus_rebel_msgs/igus_rebel_msgs
[3.796s] -- Installing: /home/vasee22/COAR-ROS2-Workspace-main/install/igus_rebel_msgs/include/igus_rebel_msgs/igus_rebel_msgs/msg
[3.796s] -- Installing: /home/vasee22/COAR-ROS2-Workspace-main/install/igus_rebel_msgs/include/igus_rebel_msgs/igus_rebel_msgs/msg/digital_output.h
[3.797s] -- Installing: /home/vasee22/COAR-ROS2-Workspace-main/install/igus_rebel_msgs/include/igus_rebel_msgs/igus_rebel_msgs/msg/rosidl_generator_c__visibility_control.h
[3.797s] -- Installing: /home/vasee22/COAR-ROS2-Workspace-main/install/igus_rebel_msgs/include/igus_rebel_msgs/igus_rebel_msgs/msg/detail
[3.797s] -- Installing: /home/vasee22/COAR-ROS2-Workspace-main/install/igus_rebel_msgs/include/igus_rebel_msgs/igus_rebel_msgs/msg/detail/digital_output__type_support.h
[3.797s] -- Installing: /home/vasee22/COAR-ROS2-Workspace-main/install/igus_rebel_msgs/include/igus_rebel_msgs/igus_rebel_msgs/msg/detail/digital_output__description.c
[3.797s] -- Installing: /home/vasee22/COAR-ROS2-Workspace-main/install/igus_rebel_msgs/include/igus_rebel_msgs/igus_rebel_msgs/msg/detail/digital_output__type_support.c
[3.797s] -- Installing: /home/vasee22/COAR-ROS2-Workspace-main/install/igus_rebel_msgs/include/igus_rebel_msgs/igus_rebel_msgs/msg/detail/digital_output__functions.c
[3.797s] -- Installing: /home/vasee22/COAR-ROS2-Workspace-main/install/igus_rebel_msgs/include/igus_rebel_msgs/igus_rebel_msgs/msg/detail/digital_output__functions.h
[3.797s] -- Installing: /home/vasee22/COAR-ROS2-Workspace-main/install/igus_rebel_msgs/include/igus_rebel_msgs/igus_rebel_msgs/msg/detail/digital_output__struct.h
[3.797s] -- Installing: /home/vasee22/COAR-ROS2-Workspace-main/install/igus_rebel_msgs/include/igus_rebel_msgs/igus_rebel_msgs/srv
[3.797s] -- Installing: /home/vasee22/COAR-ROS2-Workspace-main/install/igus_rebel_msgs/include/igus_rebel_msgs/igus_rebel_msgs/srv/set_digital_output.h
[3.797s] -- Installing: /home/vasee22/COAR-ROS2-Workspace-main/install/igus_rebel_msgs/include/igus_rebel_msgs/igus_rebel_msgs/srv/detail
[3.797s] -- Installing: /home/vasee22/COAR-ROS2-Workspace-main/install/igus_rebel_msgs/include/igus_rebel_msgs/igus_rebel_msgs/srv/detail/set_digital_output__type_support.c
[3.797s] -- Installing: /home/vasee22/COAR-ROS2-Workspace-main/install/igus_rebel_msgs/include/igus_rebel_msgs/igus_rebel_msgs/srv/detail/set_digital_output__description.c
[3.797s] -- Installing: /home/vasee22/COAR-ROS2-Workspace-main/install/igus_rebel_msgs/include/igus_rebel_msgs/igus_rebel_msgs/srv/detail/set_digital_output__struct.h
[3.797s] -- Installing: /home/vasee22/COAR-ROS2-Workspace-main/install/igus_rebel_msgs/include/igus_rebel_msgs/igus_rebel_msgs/srv/detail/set_digital_output__functions.h
[3.797s] -- Installing: /home/vasee22/COAR-ROS2-Workspace-main/install/igus_rebel_msgs/include/igus_rebel_msgs/igus_rebel_msgs/srv/detail/set_digital_output__type_support.h
[3.797s] -- Installing: /home/vasee22/COAR-ROS2-Workspace-main/install/igus_rebel_msgs/include/igus_rebel_msgs/igus_rebel_msgs/srv/detail/set_digital_output__functions.c
[3.797s] -- Installing: /home/vasee22/COAR-ROS2-Workspace-main/install/igus_rebel_msgs/share/igus_rebel_msgs/environment/library_path.sh
[3.797s] -- Installing: /home/vasee22/COAR-ROS2-Workspace-main/install/igus_rebel_msgs/share/igus_rebel_msgs/environment/library_path.dsv
[3.797s] -- Installing: /home/vasee22/COAR-ROS2-Workspace-main/install/igus_rebel_msgs/lib/libigus_rebel_msgs__rosidl_generator_c.so
[3.797s] -- Set non-toolchain portion of runtime path of "/home/vasee22/COAR-ROS2-Workspace-main/install/igus_rebel_msgs/lib/libigus_rebel_msgs__rosidl_generator_c.so" to ""
[3.797s] -- Up-to-date: /home/vasee22/COAR-ROS2-Workspace-main/install/igus_rebel_msgs/include/igus_rebel_msgs/igus_rebel_msgs
[3.797s] -- Up-to-date: /home/vasee22/COAR-ROS2-Workspace-main/install/igus_rebel_msgs/include/igus_rebel_msgs/igus_rebel_msgs/msg
[3.797s] -- Installing: /home/vasee22/COAR-ROS2-Workspace-main/install/igus_rebel_msgs/include/igus_rebel_msgs/igus_rebel_msgs/msg/rosidl_typesupport_fastrtps_c__visibility_control.h
[3.798s] -- Up-to-date: /home/vasee22/COAR-ROS2-Workspace-main/install/igus_rebel_msgs/include/igus_rebel_msgs/igus_rebel_msgs/msg/detail
[3.798s] -- Installing: /home/vasee22/COAR-ROS2-Workspace-main/install/igus_rebel_msgs/include/igus_rebel_msgs/igus_rebel_msgs/msg/detail/digital_output__rosidl_typesupport_fastrtps_c.h
[3.798s] -- Up-to-date: /home/vasee22/COAR-ROS2-Workspace-main/install/igus_rebel_msgs/include/igus_rebel_msgs/igus_rebel_msgs/srv
[3.798s] -- Up-to-date: /home/vasee22/COAR-ROS2-Workspace-main/install/igus_rebel_msgs/include/igus_rebel_msgs/igus_rebel_msgs/srv/detail
[3.798s] -- Installing: /home/vasee22/COAR-ROS2-Workspace-main/install/igus_rebel_msgs/include/igus_rebel_msgs/igus_rebel_msgs/srv/detail/set_digital_output__rosidl_typesupport_fastrtps_c.h
[3.798s] -- Installing: /home/vasee22/COAR-ROS2-Workspace-main/install/igus_rebel_msgs/lib/libigus_rebel_msgs__rosidl_typesupport_fastrtps_c.so
[3.798s] -- Set non-toolchain portion of runtime path of "/home/vasee22/COAR-ROS2-Workspace-main/install/igus_rebel_msgs/lib/libigus_rebel_msgs__rosidl_typesupport_fastrtps_c.so" to ""
[3.798s] -- Up-to-date: /home/vasee22/COAR-ROS2-Workspace-main/install/igus_rebel_msgs/include/igus_rebel_msgs/igus_rebel_msgs
[3.798s] -- Up-to-date: /home/vasee22/COAR-ROS2-Workspace-main/install/igus_rebel_msgs/include/igus_rebel_msgs/igus_rebel_msgs/msg
[3.798s] -- Up-to-date: /home/vasee22/COAR-ROS2-Workspace-main/install/igus_rebel_msgs/include/igus_rebel_msgs/igus_rebel_msgs/msg/detail
[3.798s] -- Installing: /home/vasee22/COAR-ROS2-Workspace-main/install/igus_rebel_msgs/include/igus_rebel_msgs/igus_rebel_msgs/msg/detail/digital_output__struct.hpp
[3.798s] -- Installing: /home/vasee22/COAR-ROS2-Workspace-main/install/igus_rebel_msgs/include/igus_rebel_msgs/igus_rebel_msgs/msg/detail/digital_output__type_support.hpp
[3.798s] -- Installing: /home/vasee22/COAR-ROS2-Workspace-main/install/igus_rebel_msgs/include/igus_rebel_msgs/igus_rebel_msgs/msg/detail/digital_output__builder.hpp
[3.798s] -- Installing: /home/vasee22/COAR-ROS2-Workspace-main/install/igus_rebel_msgs/include/igus_rebel_msgs/igus_rebel_msgs/msg/detail/digital_output__traits.hpp
[3.798s] -- Installing: /home/vasee22/COAR-ROS2-Workspace-main/install/igus_rebel_msgs/include/igus_rebel_msgs/igus_rebel_msgs/msg/digital_output.hpp
[3.798s] -- Installing: /home/vasee22/COAR-ROS2-Workspace-main/install/igus_rebel_msgs/include/igus_rebel_msgs/igus_rebel_msgs/msg/rosidl_generator_cpp__visibility_control.hpp
[3.798s] -- Up-to-date: /home/vasee22/COAR-ROS2-Workspace-main/install/igus_rebel_msgs/include/igus_rebel_msgs/igus_rebel_msgs/srv
[3.798s] -- Installing: /home/vasee22/COAR-ROS2-Workspace-main/install/igus_rebel_msgs/include/igus_rebel_msgs/igus_rebel_msgs/srv/set_digital_output.hpp
[3.798s] -- Up-to-date: /home/vasee22/COAR-ROS2-Workspace-main/install/igus_rebel_msgs/include/igus_rebel_msgs/igus_rebel_msgs/srv/detail
[3.798s] -- Installing: /home/vasee22/COAR-ROS2-Workspace-main/install/igus_rebel_msgs/include/igus_rebel_msgs/igus_rebel_msgs/srv/detail/set_digital_output__type_support.hpp
[3.798s] -- Installing: /home/vasee22/COAR-ROS2-Workspace-main/install/igus_rebel_msgs/include/igus_rebel_msgs/igus_rebel_msgs/srv/detail/set_digital_output__builder.hpp
[3.798s] -- Installing: /home/vasee22/COAR-ROS2-Workspace-main/install/igus_rebel_msgs/include/igus_rebel_msgs/igus_rebel_msgs/srv/detail/set_digital_output__struct.hpp
[3.798s] -- Installing: /home/vasee22/COAR-ROS2-Workspace-main/install/igus_rebel_msgs/include/igus_rebel_msgs/igus_rebel_msgs/srv/detail/set_digital_output__traits.hpp
[3.798s] -- Up-to-date: /home/vasee22/COAR-ROS2-Workspace-main/install/igus_rebel_msgs/include/igus_rebel_msgs/igus_rebel_msgs
[3.798s] -- Up-to-date: /home/vasee22/COAR-ROS2-Workspace-main/install/igus_rebel_msgs/include/igus_rebel_msgs/igus_rebel_msgs/msg
[3.798s] -- Installing: /home/vasee22/COAR-ROS2-Workspace-main/install/igus_rebel_msgs/include/igus_rebel_msgs/igus_rebel_msgs/msg/rosidl_typesupport_fastrtps_cpp__visibility_control.h
[3.799s] -- Up-to-date: /home/vasee22/COAR-ROS2-Workspace-main/install/igus_rebel_msgs/include/igus_rebel_msgs/igus_rebel_msgs/msg/detail
[3.799s] -- Installing: /home/vasee22/COAR-ROS2-Workspace-main/install/igus_rebel_msgs/include/igus_rebel_msgs/igus_rebel_msgs/msg/detail/dds_fastrtps
[3.799s] -- Installing: /home/vasee22/COAR-ROS2-Workspace-main/install/igus_rebel_msgs/include/igus_rebel_msgs/igus_rebel_msgs/msg/detail/digital_output__rosidl_typesupport_fastrtps_cpp.hpp
[3.799s] -- Up-to-date: /home/vasee22/COAR-ROS2-Workspace-main/install/igus_rebel_msgs/include/igus_rebel_msgs/igus_rebel_msgs/srv
[3.799s] -- Up-to-date: /home/vasee22/COAR-ROS2-Workspace-main/install/igus_rebel_msgs/include/igus_rebel_msgs/igus_rebel_msgs/srv/detail
[3.799s] -- Installing: /home/vasee22/COAR-ROS2-Workspace-main/install/igus_rebel_msgs/include/igus_rebel_msgs/igus_rebel_msgs/srv/detail/set_digital_output__rosidl_typesupport_fastrtps_cpp.hpp
[3.799s] -- Installing: /home/vasee22/COAR-ROS2-Workspace-main/install/igus_rebel_msgs/include/igus_rebel_msgs/igus_rebel_msgs/srv/detail/dds_fastrtps
[3.799s] -- Installing: /home/vasee22/COAR-ROS2-Workspace-main/install/igus_rebel_msgs/lib/libigus_rebel_msgs__rosidl_typesupport_fastrtps_cpp.so
[3.799s] -- Set non-toolchain portion of runtime path of "/home/vasee22/COAR-ROS2-Workspace-main/install/igus_rebel_msgs/lib/libigus_rebel_msgs__rosidl_typesupport_fastrtps_cpp.so" to ""
[3.799s] -- Up-to-date: /home/vasee22/COAR-ROS2-Workspace-main/install/igus_rebel_msgs/include/igus_rebel_msgs/igus_rebel_msgs
[3.799s] -- Up-to-date: /home/vasee22/COAR-ROS2-Workspace-main/install/igus_rebel_msgs/include/igus_rebel_msgs/igus_rebel_msgs/msg
[3.799s] -- Installing: /home/vasee22/COAR-ROS2-Workspace-main/install/igus_rebel_msgs/include/igus_rebel_msgs/igus_rebel_msgs/msg/rosidl_typesupport_introspection_c__visibility_control.h
[3.799s] -- Up-to-date: /home/vasee22/COAR-ROS2-Workspace-main/install/igus_rebel_msgs/include/igus_rebel_msgs/igus_rebel_msgs/msg/detail
[3.799s] -- Up-to-date: /home/vasee22/COAR-ROS2-Workspace-main/install/igus_rebel_msgs/include/igus_rebel_msgs/igus_rebel_msgs/msg/detail/digital_output__type_support.c
[3.799s] -- Installing: /home/vasee22/COAR-ROS2-Workspace-main/install/igus_rebel_msgs/include/igus_rebel_msgs/igus_rebel_msgs/msg/detail/digital_output__rosidl_typesupport_introspection_c.h
[3.799s] -- Up-to-date: /home/vasee22/COAR-ROS2-Workspace-main/install/igus_rebel_msgs/include/igus_rebel_msgs/igus_rebel_msgs/srv
[3.799s] -- Up-to-date: /home/vasee22/COAR-ROS2-Workspace-main/install/igus_rebel_msgs/include/igus_rebel_msgs/igus_rebel_msgs/srv/detail
[3.799s] -- Up-to-date: /home/vasee22/COAR-ROS2-Workspace-main/install/igus_rebel_msgs/include/igus_rebel_msgs/igus_rebel_msgs/srv/detail/set_digital_output__type_support.c
[3.799s] -- Installing: /home/vasee22/COAR-ROS2-Workspace-main/install/igus_rebel_msgs/include/igus_rebel_msgs/igus_rebel_msgs/srv/detail/set_digital_output__rosidl_typesupport_introspection_c.h
[3.799s] -- Installing: /home/vasee22/COAR-ROS2-Workspace-main/install/igus_rebel_msgs/lib/libigus_rebel_msgs__rosidl_typesupport_introspection_c.so
[3.799s] -- Set non-toolchain portion of runtime path of "/home/vasee22/COAR-ROS2-Workspace-main/install/igus_rebel_msgs/lib/libigus_rebel_msgs__rosidl_typesupport_introspection_c.so" to ""
[3.799s] -- Installing: /home/vasee22/COAR-ROS2-Workspace-main/install/igus_rebel_msgs/lib/libigus_rebel_msgs__rosidl_typesupport_c.so
[3.799s] -- Set non-toolchain portion of runtime path of "/home/vasee22/COAR-ROS2-Workspace-main/install/igus_rebel_msgs/lib/libigus_rebel_msgs__rosidl_typesupport_c.so" to ""
[3.799s] -- Up-to-date: /home/vasee22/COAR-ROS2-Workspace-main/install/igus_rebel_msgs/include/igus_rebel_msgs/igus_rebel_msgs
[3.799s] -- Up-to-date: /home/vasee22/COAR-ROS2-Workspace-main/install/igus_rebel_msgs/include/igus_rebel_msgs/igus_rebel_msgs/msg
[3.799s] -- Up-to-date: /home/vasee22/COAR-ROS2-Workspace-main/install/igus_rebel_msgs/include/igus_rebel_msgs/igus_rebel_msgs/msg/detail
[3.800s] -- Installing: /home/vasee22/COAR-ROS2-Workspace-main/install/igus_rebel_msgs/include/igus_rebel_msgs/igus_rebel_msgs/msg/detail/digital_output__rosidl_typesupport_introspection_cpp.hpp
[3.800s] -- Installing: /home/vasee22/COAR-ROS2-Workspace-main/install/igus_rebel_msgs/include/igus_rebel_msgs/igus_rebel_msgs/msg/detail/digital_output__type_support.cpp
[3.800s] -- Up-to-date: /home/vasee22/COAR-ROS2-Workspace-main/install/igus_rebel_msgs/include/igus_rebel_msgs/igus_rebel_msgs/srv
[3.800s] -- Up-to-date: /home/vasee22/COAR-ROS2-Workspace-main/install/igus_rebel_msgs/include/igus_rebel_msgs/igus_rebel_msgs/srv/detail
[3.800s] -- Installing: /home/vasee22/COAR-ROS2-Workspace-main/install/igus_rebel_msgs/include/igus_rebel_msgs/igus_rebel_msgs/srv/detail/set_digital_output__rosidl_typesupport_introspection_cpp.hpp
[3.800s] -- Installing: /home/vasee22/COAR-ROS2-Workspace-main/install/igus_rebel_msgs/include/igus_rebel_msgs/igus_rebel_msgs/srv/detail/set_digital_output__type_support.cpp
[3.800s] -- Installing: /home/vasee22/COAR-ROS2-Workspace-main/install/igus_rebel_msgs/lib/libigus_rebel_msgs__rosidl_typesupport_introspection_cpp.so
[3.800s] -- Set non-toolchain portion of runtime path of "/home/vasee22/COAR-ROS2-Workspace-main/install/igus_rebel_msgs/lib/libigus_rebel_msgs__rosidl_typesupport_introspection_cpp.so" to ""
[3.800s] -- Installing: /home/vasee22/COAR-ROS2-Workspace-main/install/igus_rebel_msgs/lib/libigus_rebel_msgs__rosidl_typesupport_cpp.so
[3.800s] -- Set non-toolchain portion of runtime path of "/home/vasee22/COAR-ROS2-Workspace-main/install/igus_rebel_msgs/lib/libigus_rebel_msgs__rosidl_typesupport_cpp.so" to ""
[3.800s] -- Installing: /home/vasee22/COAR-ROS2-Workspace-main/install/igus_rebel_msgs/share/igus_rebel_msgs/environment/pythonpath.sh
[3.800s] -- Installing: /home/vasee22/COAR-ROS2-Workspace-main/install/igus_rebel_msgs/share/igus_rebel_msgs/environment/pythonpath.dsv
[3.800s] -- Installing: /home/vasee22/COAR-ROS2-Workspace-main/install/igus_rebel_msgs/lib/python3.12/site-packages/igus_rebel_msgs-0.0.0-py3.12.egg-info
[3.800s] -- Installing: /home/vasee22/COAR-ROS2-Workspace-main/install/igus_rebel_msgs/lib/python3.12/site-packages/igus_rebel_msgs-0.0.0-py3.12.egg-info/top_level.txt
[3.800s] -- Installing: /home/vasee22/COAR-ROS2-Workspace-main/install/igus_rebel_msgs/lib/python3.12/site-packages/igus_rebel_msgs-0.0.0-py3.12.egg-info/dependency_links.txt
[3.800s] -- Installing: /home/vasee22/COAR-ROS2-Workspace-main/install/igus_rebel_msgs/lib/python3.12/site-packages/igus_rebel_msgs-0.0.0-py3.12.egg-info/SOURCES.txt
[3.800s] -- Installing: /home/vasee22/COAR-ROS2-Workspace-main/install/igus_rebel_msgs/lib/python3.12/site-packages/igus_rebel_msgs-0.0.0-py3.12.egg-info/PKG-INFO
[3.800s] -- Installing: /home/vasee22/COAR-ROS2-Workspace-main/install/igus_rebel_msgs/lib/python3.12/site-packages/igus_rebel_msgs
[3.800s] -- Installing: /home/vasee22/COAR-ROS2-Workspace-main/install/igus_rebel_msgs/lib/python3.12/site-packages/igus_rebel_msgs/__init__.py
[3.801s] -- Installing: /home/vasee22/COAR-ROS2-Workspace-main/install/igus_rebel_msgs/lib/python3.12/site-packages/igus_rebel_msgs/_igus_rebel_msgs_s.ep.rosidl_typesupport_introspection_c.c
[3.801s] -- Installing: /home/vasee22/COAR-ROS2-Workspace-main/install/igus_rebel_msgs/lib/python3.12/site-packages/igus_rebel_msgs/msg
[3.801s] -- Installing: /home/vasee22/COAR-ROS2-Workspace-main/install/igus_rebel_msgs/lib/python3.12/site-packages/igus_rebel_msgs/msg/__init__.py
[3.801s] -- Installing: /home/vasee22/COAR-ROS2-Workspace-main/install/igus_rebel_msgs/lib/python3.12/site-packages/igus_rebel_msgs/msg/_digital_output_s.c
[3.801s] -- Installing: /home/vasee22/COAR-ROS2-Workspace-main/install/igus_rebel_msgs/lib/python3.12/site-packages/igus_rebel_msgs/msg/_digital_output.py
[3.801s] -- Installing: /home/vasee22/COAR-ROS2-Workspace-main/install/igus_rebel_msgs/lib/python3.12/site-packages/igus_rebel_msgs/igus_rebel_msgs_s__rosidl_typesupport_introspection_c.so
[3.801s] -- Installing: /home/vasee22/COAR-ROS2-Workspace-main/install/igus_rebel_msgs/lib/python3.12/site-packages/igus_rebel_msgs/srv
[3.801s] -- Installing: /home/vasee22/COAR-ROS2-Workspace-main/install/igus_rebel_msgs/lib/python3.12/site-packages/igus_rebel_msgs/srv/__init__.py
[3.801s] -- Installing: /home/vasee22/COAR-ROS2-Workspace-main/install/igus_rebel_msgs/lib/python3.12/site-packages/igus_rebel_msgs/srv/_set_digital_output_s.c
[3.801s] -- Installing: /home/vasee22/COAR-ROS2-Workspace-main/install/igus_rebel_msgs/lib/python3.12/site-packages/igus_rebel_msgs/srv/_set_digital_output.py
[3.801s] -- Installing: /home/vasee22/COAR-ROS2-Workspace-main/install/igus_rebel_msgs/lib/python3.12/site-packages/igus_rebel_msgs/igus_rebel_msgs_s__rosidl_typesupport_fastrtps_c.so
[3.801s] -- Installing: /home/vasee22/COAR-ROS2-Workspace-main/install/igus_rebel_msgs/lib/python3.12/site-packages/igus_rebel_msgs/_igus_rebel_msgs_s.ep.rosidl_typesupport_c.c
[3.801s] -- Installing: /home/vasee22/COAR-ROS2-Workspace-main/install/igus_rebel_msgs/lib/python3.12/site-packages/igus_rebel_msgs/_igus_rebel_msgs_s.ep.rosidl_typesupport_fastrtps_c.c
[3.801s] -- Installing: /home/vasee22/COAR-ROS2-Workspace-main/install/igus_rebel_msgs/lib/python3.12/site-packages/igus_rebel_msgs/igus_rebel_msgs_s__rosidl_typesupport_c.so
[3.827s] Listing '/home/vasee22/COAR-ROS2-Workspace-main/install/igus_rebel_msgs/lib/python3.12/site-packages/igus_rebel_msgs'...
[3.827s] Compiling '/home/vasee22/COAR-ROS2-Workspace-main/install/igus_rebel_msgs/lib/python3.12/site-packages/igus_rebel_msgs/__init__.py'...
[3.827s] Listing '/home/vasee22/COAR-ROS2-Workspace-main/install/igus_rebel_msgs/lib/python3.12/site-packages/igus_rebel_msgs/msg'...
[3.827s] Compiling '/home/vasee22/COAR-ROS2-Workspace-main/install/igus_rebel_msgs/lib/python3.12/site-packages/igus_rebel_msgs/msg/__init__.py'...
[3.827s] Compiling '/home/vasee22/COAR-ROS2-Workspace-main/install/igus_rebel_msgs/lib/python3.12/site-packages/igus_rebel_msgs/msg/_digital_output.py'...
[3.827s] Listing '/home/vasee22/COAR-ROS2-Workspace-main/install/igus_rebel_msgs/lib/python3.12/site-packages/igus_rebel_msgs/srv'...
[3.827s] Compiling '/home/vasee22/COAR-ROS2-Workspace-main/install/igus_rebel_msgs/lib/python3.12/site-packages/igus_rebel_msgs/srv/__init__.py'...
[3.828s] Compiling '/home/vasee22/COAR-ROS2-Workspace-main/install/igus_rebel_msgs/lib/python3.12/site-packages/igus_rebel_msgs/srv/_set_digital_output.py'...
[3.830s] -- Installing: /home/vasee22/COAR-ROS2-Workspace-main/install/igus_rebel_msgs/lib/python3.12/site-packages/igus_rebel_msgs/igus_rebel_msgs_s__rosidl_typesupport_fastrtps_c.so
[3.830s] -- Set non-toolchain portion of runtime path of "/home/vasee22/COAR-ROS2-Workspace-main/install/igus_rebel_msgs/lib/python3.12/site-packages/igus_rebel_msgs/igus_rebel_msgs_s__rosidl_typesupport_fastrtps_c.so" to ""
[3.830s] -- Installing: /home/vasee22/COAR-ROS2-Workspace-main/install/igus_rebel_msgs/lib/python3.12/site-packages/igus_rebel_msgs/igus_rebel_msgs_s__rosidl_typesupport_introspection_c.so
[3.831s] -- Set non-toolchain portion of runtime path of "/home/vasee22/COAR-ROS2-Workspace-main/install/igus_rebel_msgs/lib/python3.12/site-packages/igus_rebel_msgs/igus_rebel_msgs_s__rosidl_typesupport_introspection_c.so" to ""
[3.831s] -- Installing: /home/vasee22/COAR-ROS2-Workspace-main/install/igus_rebel_msgs/lib/python3.12/site-packages/igus_rebel_msgs/igus_rebel_msgs_s__rosidl_typesupport_c.so
[3.831s] -- Set non-toolchain portion of runtime path of "/home/vasee22/COAR-ROS2-Workspace-main/install/igus_rebel_msgs/lib/python3.12/site-packages/igus_rebel_msgs/igus_rebel_msgs_s__rosidl_typesupport_c.so" to ""
[3.831s] -- Installing: /home/vasee22/COAR-ROS2-Workspace-main/install/igus_rebel_msgs/lib/libigus_rebel_msgs__rosidl_generator_py.so
[3.831s] -- Set non-toolchain portion of runtime path of "/home/vasee22/COAR-ROS2-Workspace-main/install/igus_rebel_msgs/lib/libigus_rebel_msgs__rosidl_generator_py.so" to ""
[3.831s] -- Installing: /home/vasee22/COAR-ROS2-Workspace-main/install/igus_rebel_msgs/share/igus_rebel_msgs/msg/DigitalOutput.idl
[3.831s] -- Installing: /home/vasee22/COAR-ROS2-Workspace-main/install/igus_rebel_msgs/share/igus_rebel_msgs/srv/SetDigitalOutput.idl
[3.831s] -- Installing: /home/vasee22/COAR-ROS2-Workspace-main/install/igus_rebel_msgs/share/igus_rebel_msgs/msg/DigitalOutput.msg
[3.831s] -- Installing: /home/vasee22/COAR-ROS2-Workspace-main/install/igus_rebel_msgs/share/igus_rebel_msgs/srv/SetDigitalOutput.srv
[3.832s] -- Installing: /home/vasee22/COAR-ROS2-Workspace-main/install/igus_rebel_msgs/share/ament_index/resource_index/package_run_dependencies/igus_rebel_msgs
[3.832s] -- Installing: /home/vasee22/COAR-ROS2-Workspace-main/install/igus_rebel_msgs/share/ament_index/resource_index/parent_prefix_path/igus_rebel_msgs
[3.832s] -- Installing: /home/vasee22/COAR-ROS2-Workspace-main/install/igus_rebel_msgs/share/igus_rebel_msgs/environment/ament_prefix_path.sh
[3.832s] -- Installing: /home/vasee22/COAR-ROS2-Workspace-main/install/igus_rebel_msgs/share/igus_rebel_msgs/environment/ament_prefix_path.dsv
[3.832s] -- Installing: /home/vasee22/COAR-ROS2-Workspace-main/install/igus_rebel_msgs/share/igus_rebel_msgs/environment/path.sh
[3.832s] -- Installing: /home/vasee22/COAR-ROS2-Workspace-main/install/igus_rebel_msgs/share/igus_rebel_msgs/environment/path.dsv
[3.832s] -- Installing: /home/vasee22/COAR-ROS2-Workspace-main/install/igus_rebel_msgs/share/igus_rebel_msgs/local_setup.bash
[3.832s] -- Installing: /home/vasee22/COAR-ROS2-Workspace-main/install/igus_rebel_msgs/share/igus_rebel_msgs/local_setup.sh
[3.832s] -- Installing: /home/vasee22/COAR-ROS2-Workspace-main/install/igus_rebel_msgs/share/igus_rebel_msgs/local_setup.zsh
[3.832s] -- Installing: /home/vasee22/COAR-ROS2-Workspace-main/install/igus_rebel_msgs/share/igus_rebel_msgs/local_setup.dsv
[3.832s] -- Installing: /home/vasee22/COAR-ROS2-Workspace-main/install/igus_rebel_msgs/share/igus_rebel_msgs/package.dsv
[3.832s] -- Installing: /home/vasee22/COAR-ROS2-Workspace-main/install/igus_rebel_msgs/share/ament_index/resource_index/packages/igus_rebel_msgs
[3.832s] -- Installing: /home/vasee22/COAR-ROS2-Workspace-main/install/igus_rebel_msgs/share/igus_rebel_msgs/cmake/export_igus_rebel_msgs__rosidl_generator_cExport.cmake
[3.832s] -- Installing: /home/vasee22/COAR-ROS2-Workspace-main/install/igus_rebel_msgs/share/igus_rebel_msgs/cmake/export_igus_rebel_msgs__rosidl_generator_cExport-debug.cmake
[3.832s] -- Installing: /home/vasee22/COAR-ROS2-Workspace-main/install/igus_rebel_msgs/share/igus_rebel_msgs/cmake/export_igus_rebel_msgs__rosidl_typesupport_fastrtps_cExport.cmake
[3.832s] -- Installing: /home/vasee22/COAR-ROS2-Workspace-main/install/igus_rebel_msgs/share/igus_rebel_msgs/cmake/export_igus_rebel_msgs__rosidl_typesupport_fastrtps_cExport-debug.cmake
[3.832s] -- Installing: /home/vasee22/COAR-ROS2-Workspace-main/install/igus_rebel_msgs/share/igus_rebel_msgs/cmake/export_igus_rebel_msgs__rosidl_generator_cppExport.cmake
[3.832s] -- Installing: /home/vasee22/COAR-ROS2-Workspace-main/install/igus_rebel_msgs/share/igus_rebel_msgs/cmake/export_igus_rebel_msgs__rosidl_typesupport_fastrtps_cppExport.cmake
[3.833s] -- Installing: /home/vasee22/COAR-ROS2-Workspace-main/install/igus_rebel_msgs/share/igus_rebel_msgs/cmake/export_igus_rebel_msgs__rosidl_typesupport_fastrtps_cppExport-debug.cmake
[3.833s] -- Installing: /home/vasee22/COAR-ROS2-Workspace-main/install/igus_rebel_msgs/share/igus_rebel_msgs/cmake/igus_rebel_msgs__rosidl_typesupport_introspection_cExport.cmake
[3.833s] -- Installing: /home/vasee22/COAR-ROS2-Workspace-main/install/igus_rebel_msgs/share/igus_rebel_msgs/cmake/igus_rebel_msgs__rosidl_typesupport_introspection_cExport-debug.cmake
[3.833s] -- Installing: /home/vasee22/COAR-ROS2-Workspace-main/install/igus_rebel_msgs/share/igus_rebel_msgs/cmake/igus_rebel_msgs__rosidl_typesupport_cExport.cmake
[3.833s] -- Installing: /home/vasee22/COAR-ROS2-Workspace-main/install/igus_rebel_msgs/share/igus_rebel_msgs/cmake/igus_rebel_msgs__rosidl_typesupport_cExport-debug.cmake
[3.833s] -- Installing: /home/vasee22/COAR-ROS2-Workspace-main/install/igus_rebel_msgs/share/igus_rebel_msgs/cmake/igus_rebel_msgs__rosidl_typesupport_introspection_cppExport.cmake
[3.833s] -- Installing: /home/vasee22/COAR-ROS2-Workspace-main/install/igus_rebel_msgs/share/igus_rebel_msgs/cmake/igus_rebel_msgs__rosidl_typesupport_introspection_cppExport-debug.cmake
[3.833s] -- Installing: /home/vasee22/COAR-ROS2-Workspace-main/install/igus_rebel_msgs/share/igus_rebel_msgs/cmake/igus_rebel_msgs__rosidl_typesupport_cppExport.cmake
[3.833s] -- Installing: /home/vasee22/COAR-ROS2-Workspace-main/install/igus_rebel_msgs/share/igus_rebel_msgs/cmake/igus_rebel_msgs__rosidl_typesupport_cppExport-debug.cmake
[3.833s] -- Installing: /home/vasee22/COAR-ROS2-Workspace-main/install/igus_rebel_msgs/share/igus_rebel_msgs/cmake/export_igus_rebel_msgs__rosidl_generator_pyExport.cmake
[3.833s] -- Installing: /home/vasee22/COAR-ROS2-Workspace-main/install/igus_rebel_msgs/share/igus_rebel_msgs/cmake/export_igus_rebel_msgs__rosidl_generator_pyExport-debug.cmake
[3.833s] -- Installing: /home/vasee22/COAR-ROS2-Workspace-main/install/igus_rebel_msgs/share/igus_rebel_msgs/cmake/rosidl_cmake-extras.cmake
[3.833s] -- Installing: /home/vasee22/COAR-ROS2-Workspace-main/install/igus_rebel_msgs/share/igus_rebel_msgs/cmake/ament_cmake_export_dependencies-extras.cmake
[3.833s] -- Installing: /home/vasee22/COAR-ROS2-Workspace-main/install/igus_rebel_msgs/share/igus_rebel_msgs/cmake/ament_cmake_export_include_directories-extras.cmake
[3.833s] -- Installing: /home/vasee22/COAR-ROS2-Workspace-main/install/igus_rebel_msgs/share/igus_rebel_msgs/cmake/ament_cmake_export_libraries-extras.cmake
[3.833s] -- Installing: /home/vasee22/COAR-ROS2-Workspace-main/install/igus_rebel_msgs/share/igus_rebel_msgs/cmake/ament_cmake_export_targets-extras.cmake
[3.833s] -- Installing: /home/vasee22/COAR-ROS2-Workspace-main/install/igus_rebel_msgs/share/igus_rebel_msgs/cmake/rosidl_cmake_export_typesupport_targets-extras.cmake
[3.833s] -- Installing: /home/vasee22/COAR-ROS2-Workspace-main/install/igus_rebel_msgs/share/igus_rebel_msgs/cmake/rosidl_cmake_export_typesupport_libraries-extras.cmake
[3.833s] -- Installing: /home/vasee22/COAR-ROS2-Workspace-main/install/igus_rebel_msgs/share/igus_rebel_msgs/cmake/igus_rebel_msgsConfig.cmake
[3.833s] -- Installing: /home/vasee22/COAR-ROS2-Workspace-main/install/igus_rebel_msgs/share/igus_rebel_msgs/cmake/igus_rebel_msgsConfig-version.cmake
[3.834s] -- Installing: /home/vasee22/COAR-ROS2-Workspace-main/install/igus_rebel_msgs/share/igus_rebel_msgs/package.xml
[3.835s] Invoked command in '/home/vasee22/COAR-ROS2-Workspace-main/build/igus_rebel_msgs' returned '0': CMAKE_PREFIX_PATH=${CMAKE_PREFIX_PATH}:/home/vasee22/ws_moveit/install/moveit_configs_utils:/opt/ros/jazzy DEBUGINFOD_URLS=https://debuginfod.ubuntu.com /usr/bin/cmake --install /home/vasee22/COAR-ROS2-Workspace-main/build/igus_rebel_msgs
