[0.019s] Invoking command in '/home/vasee22/COAR-ROS2-Workspace-main/build/igus_rebel_msgs': CMAKE_PREFIX_PATH=${CMAKE_PREFIX_PATH}:/home/vasee22/COAR-ROS2-Workspace-main/install/modbus_ros:/home/vasee22/ws_moveit/install/moveit_configs_utils:/opt/ros/jazzy DEBUGINFOD_URLS=https://debuginfod.ubuntu.com /usr/bin/cmake --build /home/vasee22/COAR-ROS2-Workspace-main/build/igus_rebel_msgs -- -j24 -l24
[0.102s] [  2%] Built target igus_rebel_msgs__rosidl_generator_type_description
[0.120s] [  2%] Built target ament_cmake_python_copy_igus_rebel_msgs
[0.140s] [  6%] Built target igus_rebel_msgs__cpp
[0.140s] [ 22%] Built target igus_rebel_msgs__rosidl_generator_c
[0.184s] [ 50%] [32mBuilding CXX object CMakeFiles/igus_rebel_msgs__rosidl_typesupport_cpp.dir/rosidl_typesupport_cpp/igus_rebel_msgs/srv/set_digital_output__type_support.cpp.o[0m
[0.184s] [ 50%] [32mBuilding CXX object CMakeFiles/igus_rebel_msgs__rosidl_typesupport_fastrtps_cpp.dir/rosidl_typesupport_fastrtps_cpp/igus_rebel_msgs/msg/detail/dds_fastrtps/digital_output__type_support.cpp.o[0m
[0.184s] [ 50%] [32mBuilding CXX object CMakeFiles/igus_rebel_msgs__rosidl_typesupport_cpp.dir/rosidl_typesupport_cpp/igus_rebel_msgs/msg/digital_output__type_support.cpp.o[0m
[0.184s] [ 50%] [32mBuilding CXX object CMakeFiles/igus_rebel_msgs__rosidl_typesupport_introspection_cpp.dir/rosidl_typesupport_introspection_cpp/igus_rebel_msgs/srv/detail/set_digital_output__type_support.cpp.o[0m
[0.184s] [ 50%] [32mBuilding CXX object CMakeFiles/igus_rebel_msgs__rosidl_typesupport_fastrtps_c.dir/rosidl_typesupport_fastrtps_c/igus_rebel_msgs/srv/detail/set_digital_output__type_support_c.cpp.o[0m
[0.184s] [ 50%] [32mBuilding CXX object CMakeFiles/igus_rebel_msgs__rosidl_typesupport_fastrtps_c.dir/rosidl_typesupport_fastrtps_c/igus_rebel_msgs/msg/detail/digital_output__type_support_c.cpp.o[0m
[0.184s] [ 50%] [32mBuilding CXX object CMakeFiles/igus_rebel_msgs__rosidl_typesupport_fastrtps_cpp.dir/rosidl_typesupport_fastrtps_cpp/igus_rebel_msgs/srv/detail/dds_fastrtps/set_digital_output__type_support.cpp.o[0m
[0.184s] [ 50%] [32mBuilding CXX object CMakeFiles/igus_rebel_msgs__rosidl_typesupport_introspection_cpp.dir/rosidl_typesupport_introspection_cpp/igus_rebel_msgs/msg/detail/digital_output__type_support.cpp.o[0m
[0.184s] [ 59%] Built target igus_rebel_msgs__rosidl_typesupport_c
[0.184s] [ 59%] Built target igus_rebel_msgs__rosidl_typesupport_introspection_c
[0.393s] running egg_info
[0.415s] writing igus_rebel_msgs.egg-info/PKG-INFO
[0.415s] writing dependency_links to igus_rebel_msgs.egg-info/dependency_links.txt
[0.416s] writing top-level names to igus_rebel_msgs.egg-info/top_level.txt
[0.479s] reading manifest file 'igus_rebel_msgs.egg-info/SOURCES.txt'
[0.481s] writing manifest file 'igus_rebel_msgs.egg-info/SOURCES.txt'
[0.518s] [ 59%] Built target ament_cmake_python_build_igus_rebel_msgs_egg
[0.629s] [ 61%] [32m[1mLinking CXX shared library libigus_rebel_msgs__rosidl_typesupport_cpp.so[0m
[0.660s] [ 63%] [32m[1mLinking CXX shared library libigus_rebel_msgs__rosidl_typesupport_introspection_cpp.so[0m
[0.743s] [ 65%] [32m[1mLinking CXX shared library libigus_rebel_msgs__rosidl_typesupport_fastrtps_c.so[0m
[0.744s] [ 68%] Built target igus_rebel_msgs__rosidl_typesupport_cpp
[0.776s] [ 70%] Built target igus_rebel_msgs__rosidl_typesupport_introspection_cpp
[0.857s] [ 72%] Built target igus_rebel_msgs__rosidl_typesupport_fastrtps_c
[0.906s] [ 75%] [32m[1mLinking CXX shared library libigus_rebel_msgs__rosidl_typesupport_fastrtps_cpp.so[0m
[1.024s] [ 77%] Built target igus_rebel_msgs__rosidl_typesupport_fastrtps_cpp
[1.060s] [ 77%] Built target igus_rebel_msgs
[1.096s] [ 79%] Built target igus_rebel_msgs__py
[1.141s] [ 84%] [32mBuilding C object CMakeFiles/igus_rebel_msgs__rosidl_generator_py.dir/rosidl_generator_py/igus_rebel_msgs/msg/_digital_output_s.c.o[0m
[1.141s] [ 84%] [32mBuilding C object CMakeFiles/igus_rebel_msgs__rosidl_generator_py.dir/rosidl_generator_py/igus_rebel_msgs/srv/_set_digital_output_s.c.o[0m
[1.297s] [ 86%] [32m[1mLinking C shared library libigus_rebel_msgs__rosidl_generator_py.so[0m
[1.367s] [ 86%] Built target igus_rebel_msgs__rosidl_generator_py
[1.408s] [ 93%] [32mBuilding C object CMakeFiles/igus_rebel_msgs_s__rosidl_typesupport_fastrtps_c.dir/rosidl_generator_py/igus_rebel_msgs/_igus_rebel_msgs_s.ep.rosidl_typesupport_fastrtps_c.c.o[0m
[1.408s] [ 93%] [32mBuilding C object CMakeFiles/igus_rebel_msgs_s__rosidl_typesupport_c.dir/rosidl_generator_py/igus_rebel_msgs/_igus_rebel_msgs_s.ep.rosidl_typesupport_c.c.o[0m
[1.408s] [ 93%] [32mBuilding C object CMakeFiles/igus_rebel_msgs_s__rosidl_typesupport_introspection_c.dir/rosidl_generator_py/igus_rebel_msgs/_igus_rebel_msgs_s.ep.rosidl_typesupport_introspection_c.c.o[0m
[1.549s] [ 97%] [32m[1mLinking C shared module rosidl_generator_py/igus_rebel_msgs/igus_rebel_msgs_s__rosidl_typesupport_c.so[0m
[1.549s] [ 97%] [32m[1mLinking C shared module rosidl_generator_py/igus_rebel_msgs/igus_rebel_msgs_s__rosidl_typesupport_introspection_c.so[0m
[1.559s] [100%] [32m[1mLinking C shared module rosidl_generator_py/igus_rebel_msgs/igus_rebel_msgs_s__rosidl_typesupport_fastrtps_c.so[0m
[1.601s] [100%] Built target igus_rebel_msgs_s__rosidl_typesupport_c
[1.601s] [100%] Built target igus_rebel_msgs_s__rosidl_typesupport_introspection_c
[1.608s] [100%] Built target igus_rebel_msgs_s__rosidl_typesupport_fastrtps_c
[1.627s] Invoked command in '/home/vasee22/COAR-ROS2-Workspace-main/build/igus_rebel_msgs' returned '0': CMAKE_PREFIX_PATH=${CMAKE_PREFIX_PATH}:/home/vasee22/COAR-ROS2-Workspace-main/install/modbus_ros:/home/vasee22/ws_moveit/install/moveit_configs_utils:/opt/ros/jazzy DEBUGINFOD_URLS=https://debuginfod.ubuntu.com /usr/bin/cmake --build /home/vasee22/COAR-ROS2-Workspace-main/build/igus_rebel_msgs -- -j24 -l24
[1.629s] Invoking command in '/home/vasee22/COAR-ROS2-Workspace-main/build/igus_rebel_msgs': CMAKE_PREFIX_PATH=${CMAKE_PREFIX_PATH}:/home/vasee22/COAR-ROS2-Workspace-main/install/modbus_ros:/home/vasee22/ws_moveit/install/moveit_configs_utils:/opt/ros/jazzy DEBUGINFOD_URLS=https://debuginfod.ubuntu.com /usr/bin/cmake --install /home/vasee22/COAR-ROS2-Workspace-main/build/igus_rebel_msgs
[1.643s] -- Install configuration: "Debug"
[1.643s] -- Up-to-date: /home/vasee22/COAR-ROS2-Workspace-main/install/igus_rebel_msgs/share/ament_index/resource_index/rosidl_interfaces/igus_rebel_msgs
[1.644s] -- Up-to-date: /home/vasee22/COAR-ROS2-Workspace-main/install/igus_rebel_msgs/share/igus_rebel_msgs/msg/DigitalOutput.json
[1.644s] -- Up-to-date: /home/vasee22/COAR-ROS2-Workspace-main/install/igus_rebel_msgs/share/igus_rebel_msgs/srv/SetDigitalOutput.json
[1.644s] -- Up-to-date: /home/vasee22/COAR-ROS2-Workspace-main/install/igus_rebel_msgs/include/igus_rebel_msgs/igus_rebel_msgs
[1.644s] -- Up-to-date: /home/vasee22/COAR-ROS2-Workspace-main/install/igus_rebel_msgs/include/igus_rebel_msgs/igus_rebel_msgs/msg
[1.644s] -- Up-to-date: /home/vasee22/COAR-ROS2-Workspace-main/install/igus_rebel_msgs/include/igus_rebel_msgs/igus_rebel_msgs/msg/digital_output.h
[1.644s] -- Up-to-date: /home/vasee22/COAR-ROS2-Workspace-main/install/igus_rebel_msgs/include/igus_rebel_msgs/igus_rebel_msgs/msg/rosidl_generator_c__visibility_control.h
[1.644s] -- Up-to-date: /home/vasee22/COAR-ROS2-Workspace-main/install/igus_rebel_msgs/include/igus_rebel_msgs/igus_rebel_msgs/msg/detail
[1.644s] -- Up-to-date: /home/vasee22/COAR-ROS2-Workspace-main/install/igus_rebel_msgs/include/igus_rebel_msgs/igus_rebel_msgs/msg/detail/digital_output__type_support.h
[1.644s] -- Up-to-date: /home/vasee22/COAR-ROS2-Workspace-main/install/igus_rebel_msgs/include/igus_rebel_msgs/igus_rebel_msgs/msg/detail/digital_output__description.c
[1.644s] -- Up-to-date: /home/vasee22/COAR-ROS2-Workspace-main/install/igus_rebel_msgs/include/igus_rebel_msgs/igus_rebel_msgs/msg/detail/digital_output__type_support.c
[1.644s] -- Up-to-date: /home/vasee22/COAR-ROS2-Workspace-main/install/igus_rebel_msgs/include/igus_rebel_msgs/igus_rebel_msgs/msg/detail/digital_output__functions.c
[1.645s] -- Up-to-date: /home/vasee22/COAR-ROS2-Workspace-main/install/igus_rebel_msgs/include/igus_rebel_msgs/igus_rebel_msgs/msg/detail/digital_output__functions.h
[1.645s] -- Up-to-date: /home/vasee22/COAR-ROS2-Workspace-main/install/igus_rebel_msgs/include/igus_rebel_msgs/igus_rebel_msgs/msg/detail/digital_output__struct.h
[1.645s] -- Up-to-date: /home/vasee22/COAR-ROS2-Workspace-main/install/igus_rebel_msgs/include/igus_rebel_msgs/igus_rebel_msgs/srv
[1.645s] -- Up-to-date: /home/vasee22/COAR-ROS2-Workspace-main/install/igus_rebel_msgs/include/igus_rebel_msgs/igus_rebel_msgs/srv/set_digital_output.h
[1.645s] -- Up-to-date: /home/vasee22/COAR-ROS2-Workspace-main/install/igus_rebel_msgs/include/igus_rebel_msgs/igus_rebel_msgs/srv/detail
[1.645s] -- Up-to-date: /home/vasee22/COAR-ROS2-Workspace-main/install/igus_rebel_msgs/include/igus_rebel_msgs/igus_rebel_msgs/srv/detail/set_digital_output__type_support.c
[1.645s] -- Up-to-date: /home/vasee22/COAR-ROS2-Workspace-main/install/igus_rebel_msgs/include/igus_rebel_msgs/igus_rebel_msgs/srv/detail/set_digital_output__description.c
[1.645s] -- Up-to-date: /home/vasee22/COAR-ROS2-Workspace-main/install/igus_rebel_msgs/include/igus_rebel_msgs/igus_rebel_msgs/srv/detail/set_digital_output__struct.h
[1.645s] -- Up-to-date: /home/vasee22/COAR-ROS2-Workspace-main/install/igus_rebel_msgs/include/igus_rebel_msgs/igus_rebel_msgs/srv/detail/set_digital_output__functions.h
[1.645s] -- Up-to-date: /home/vasee22/COAR-ROS2-Workspace-main/install/igus_rebel_msgs/include/igus_rebel_msgs/igus_rebel_msgs/srv/detail/set_digital_output__type_support.h
[1.645s] -- Up-to-date: /home/vasee22/COAR-ROS2-Workspace-main/install/igus_rebel_msgs/include/igus_rebel_msgs/igus_rebel_msgs/srv/detail/set_digital_output__functions.c
[1.645s] -- Up-to-date: /home/vasee22/COAR-ROS2-Workspace-main/install/igus_rebel_msgs/share/igus_rebel_msgs/environment/library_path.sh
[1.646s] -- Up-to-date: /home/vasee22/COAR-ROS2-Workspace-main/install/igus_rebel_msgs/share/igus_rebel_msgs/environment/library_path.dsv
[1.646s] -- Up-to-date: /home/vasee22/COAR-ROS2-Workspace-main/install/igus_rebel_msgs/lib/libigus_rebel_msgs__rosidl_generator_c.so
[1.646s] -- Up-to-date: /home/vasee22/COAR-ROS2-Workspace-main/install/igus_rebel_msgs/include/igus_rebel_msgs/igus_rebel_msgs
[1.646s] -- Up-to-date: /home/vasee22/COAR-ROS2-Workspace-main/install/igus_rebel_msgs/include/igus_rebel_msgs/igus_rebel_msgs/msg
[1.646s] -- Up-to-date: /home/vasee22/COAR-ROS2-Workspace-main/install/igus_rebel_msgs/include/igus_rebel_msgs/igus_rebel_msgs/msg/rosidl_typesupport_fastrtps_c__visibility_control.h
[1.646s] -- Up-to-date: /home/vasee22/COAR-ROS2-Workspace-main/install/igus_rebel_msgs/include/igus_rebel_msgs/igus_rebel_msgs/msg/detail
[1.646s] -- Up-to-date: /home/vasee22/COAR-ROS2-Workspace-main/install/igus_rebel_msgs/include/igus_rebel_msgs/igus_rebel_msgs/msg/detail/digital_output__rosidl_typesupport_fastrtps_c.h
[1.646s] -- Up-to-date: /home/vasee22/COAR-ROS2-Workspace-main/install/igus_rebel_msgs/include/igus_rebel_msgs/igus_rebel_msgs/srv
[1.646s] -- Up-to-date: /home/vasee22/COAR-ROS2-Workspace-main/install/igus_rebel_msgs/include/igus_rebel_msgs/igus_rebel_msgs/srv/detail
[1.646s] -- Up-to-date: /home/vasee22/COAR-ROS2-Workspace-main/install/igus_rebel_msgs/include/igus_rebel_msgs/igus_rebel_msgs/srv/detail/set_digital_output__rosidl_typesupport_fastrtps_c.h
[1.646s] -- Installing: /home/vasee22/COAR-ROS2-Workspace-main/install/igus_rebel_msgs/lib/libigus_rebel_msgs__rosidl_typesupport_fastrtps_c.so
[1.647s] -- Set non-toolchain portion of runtime path of "/home/vasee22/COAR-ROS2-Workspace-main/install/igus_rebel_msgs/lib/libigus_rebel_msgs__rosidl_typesupport_fastrtps_c.so" to ""
[1.647s] -- Up-to-date: /home/vasee22/COAR-ROS2-Workspace-main/install/igus_rebel_msgs/include/igus_rebel_msgs/igus_rebel_msgs
[1.647s] -- Up-to-date: /home/vasee22/COAR-ROS2-Workspace-main/install/igus_rebel_msgs/include/igus_rebel_msgs/igus_rebel_msgs/msg
[1.647s] -- Up-to-date: /home/vasee22/COAR-ROS2-Workspace-main/install/igus_rebel_msgs/include/igus_rebel_msgs/igus_rebel_msgs/msg/detail
[1.647s] -- Up-to-date: /home/vasee22/COAR-ROS2-Workspace-main/install/igus_rebel_msgs/include/igus_rebel_msgs/igus_rebel_msgs/msg/detail/digital_output__struct.hpp
[1.647s] -- Up-to-date: /home/vasee22/COAR-ROS2-Workspace-main/install/igus_rebel_msgs/include/igus_rebel_msgs/igus_rebel_msgs/msg/detail/digital_output__type_support.hpp
[1.647s] -- Up-to-date: /home/vasee22/COAR-ROS2-Workspace-main/install/igus_rebel_msgs/include/igus_rebel_msgs/igus_rebel_msgs/msg/detail/digital_output__builder.hpp
[1.647s] -- Up-to-date: /home/vasee22/COAR-ROS2-Workspace-main/install/igus_rebel_msgs/include/igus_rebel_msgs/igus_rebel_msgs/msg/detail/digital_output__traits.hpp
[1.647s] -- Up-to-date: /home/vasee22/COAR-ROS2-Workspace-main/install/igus_rebel_msgs/include/igus_rebel_msgs/igus_rebel_msgs/msg/digital_output.hpp
[1.647s] -- Up-to-date: /home/vasee22/COAR-ROS2-Workspace-main/install/igus_rebel_msgs/include/igus_rebel_msgs/igus_rebel_msgs/msg/rosidl_generator_cpp__visibility_control.hpp
[1.647s] -- Up-to-date: /home/vasee22/COAR-ROS2-Workspace-main/install/igus_rebel_msgs/include/igus_rebel_msgs/igus_rebel_msgs/srv
[1.647s] -- Up-to-date: /home/vasee22/COAR-ROS2-Workspace-main/install/igus_rebel_msgs/include/igus_rebel_msgs/igus_rebel_msgs/srv/set_digital_output.hpp
[1.648s] -- Up-to-date: /home/vasee22/COAR-ROS2-Workspace-main/install/igus_rebel_msgs/include/igus_rebel_msgs/igus_rebel_msgs/srv/detail
[1.648s] -- Up-to-date: /home/vasee22/COAR-ROS2-Workspace-main/install/igus_rebel_msgs/include/igus_rebel_msgs/igus_rebel_msgs/srv/detail/set_digital_output__type_support.hpp
[1.648s] -- Up-to-date: /home/vasee22/COAR-ROS2-Workspace-main/install/igus_rebel_msgs/include/igus_rebel_msgs/igus_rebel_msgs/srv/detail/set_digital_output__builder.hpp
[1.648s] -- Up-to-date: /home/vasee22/COAR-ROS2-Workspace-main/install/igus_rebel_msgs/include/igus_rebel_msgs/igus_rebel_msgs/srv/detail/set_digital_output__struct.hpp
[1.648s] -- Up-to-date: /home/vasee22/COAR-ROS2-Workspace-main/install/igus_rebel_msgs/include/igus_rebel_msgs/igus_rebel_msgs/srv/detail/set_digital_output__traits.hpp
[1.648s] -- Up-to-date: /home/vasee22/COAR-ROS2-Workspace-main/install/igus_rebel_msgs/include/igus_rebel_msgs/igus_rebel_msgs
[1.648s] -- Up-to-date: /home/vasee22/COAR-ROS2-Workspace-main/install/igus_rebel_msgs/include/igus_rebel_msgs/igus_rebel_msgs/msg
[1.648s] -- Up-to-date: /home/vasee22/COAR-ROS2-Workspace-main/install/igus_rebel_msgs/include/igus_rebel_msgs/igus_rebel_msgs/msg/rosidl_typesupport_fastrtps_cpp__visibility_control.h
[1.648s] -- Up-to-date: /home/vasee22/COAR-ROS2-Workspace-main/install/igus_rebel_msgs/include/igus_rebel_msgs/igus_rebel_msgs/msg/detail
[1.648s] -- Up-to-date: /home/vasee22/COAR-ROS2-Workspace-main/install/igus_rebel_msgs/include/igus_rebel_msgs/igus_rebel_msgs/msg/detail/dds_fastrtps
[1.648s] -- Up-to-date: /home/vasee22/COAR-ROS2-Workspace-main/install/igus_rebel_msgs/include/igus_rebel_msgs/igus_rebel_msgs/msg/detail/digital_output__rosidl_typesupport_fastrtps_cpp.hpp
[1.648s] -- Up-to-date: /home/vasee22/COAR-ROS2-Workspace-main/install/igus_rebel_msgs/include/igus_rebel_msgs/igus_rebel_msgs/srv
[1.649s] -- Up-to-date: /home/vasee22/COAR-ROS2-Workspace-main/install/igus_rebel_msgs/include/igus_rebel_msgs/igus_rebel_msgs/srv/detail
[1.649s] -- Up-to-date: /home/vasee22/COAR-ROS2-Workspace-main/install/igus_rebel_msgs/include/igus_rebel_msgs/igus_rebel_msgs/srv/detail/set_digital_output__rosidl_typesupport_fastrtps_cpp.hpp
[1.649s] -- Up-to-date: /home/vasee22/COAR-ROS2-Workspace-main/install/igus_rebel_msgs/include/igus_rebel_msgs/igus_rebel_msgs/srv/detail/dds_fastrtps
[1.649s] -- Installing: /home/vasee22/COAR-ROS2-Workspace-main/install/igus_rebel_msgs/lib/libigus_rebel_msgs__rosidl_typesupport_fastrtps_cpp.so
[1.649s] -- Set non-toolchain portion of runtime path of "/home/vasee22/COAR-ROS2-Workspace-main/install/igus_rebel_msgs/lib/libigus_rebel_msgs__rosidl_typesupport_fastrtps_cpp.so" to ""
[1.649s] -- Up-to-date: /home/vasee22/COAR-ROS2-Workspace-main/install/igus_rebel_msgs/include/igus_rebel_msgs/igus_rebel_msgs
[1.649s] -- Up-to-date: /home/vasee22/COAR-ROS2-Workspace-main/install/igus_rebel_msgs/include/igus_rebel_msgs/igus_rebel_msgs/msg
[1.649s] -- Up-to-date: /home/vasee22/COAR-ROS2-Workspace-main/install/igus_rebel_msgs/include/igus_rebel_msgs/igus_rebel_msgs/msg/rosidl_typesupport_introspection_c__visibility_control.h
[1.649s] -- Up-to-date: /home/vasee22/COAR-ROS2-Workspace-main/install/igus_rebel_msgs/include/igus_rebel_msgs/igus_rebel_msgs/msg/detail
[1.649s] -- Up-to-date: /home/vasee22/COAR-ROS2-Workspace-main/install/igus_rebel_msgs/include/igus_rebel_msgs/igus_rebel_msgs/msg/detail/digital_output__type_support.c
[1.649s] -- Up-to-date: /home/vasee22/COAR-ROS2-Workspace-main/install/igus_rebel_msgs/include/igus_rebel_msgs/igus_rebel_msgs/msg/detail/digital_output__rosidl_typesupport_introspection_c.h
[1.649s] -- Up-to-date: /home/vasee22/COAR-ROS2-Workspace-main/install/igus_rebel_msgs/include/igus_rebel_msgs/igus_rebel_msgs/srv
[1.649s] -- Up-to-date: /home/vasee22/COAR-ROS2-Workspace-main/install/igus_rebel_msgs/include/igus_rebel_msgs/igus_rebel_msgs/srv/detail
[1.650s] -- Up-to-date: /home/vasee22/COAR-ROS2-Workspace-main/install/igus_rebel_msgs/include/igus_rebel_msgs/igus_rebel_msgs/srv/detail/set_digital_output__type_support.c
[1.650s] -- Up-to-date: /home/vasee22/COAR-ROS2-Workspace-main/install/igus_rebel_msgs/include/igus_rebel_msgs/igus_rebel_msgs/srv/detail/set_digital_output__rosidl_typesupport_introspection_c.h
[1.650s] -- Up-to-date: /home/vasee22/COAR-ROS2-Workspace-main/install/igus_rebel_msgs/lib/libigus_rebel_msgs__rosidl_typesupport_introspection_c.so
[1.650s] -- Up-to-date: /home/vasee22/COAR-ROS2-Workspace-main/install/igus_rebel_msgs/lib/libigus_rebel_msgs__rosidl_typesupport_c.so
[1.650s] -- Up-to-date: /home/vasee22/COAR-ROS2-Workspace-main/install/igus_rebel_msgs/include/igus_rebel_msgs/igus_rebel_msgs
[1.650s] -- Up-to-date: /home/vasee22/COAR-ROS2-Workspace-main/install/igus_rebel_msgs/include/igus_rebel_msgs/igus_rebel_msgs/msg
[1.650s] -- Up-to-date: /home/vasee22/COAR-ROS2-Workspace-main/install/igus_rebel_msgs/include/igus_rebel_msgs/igus_rebel_msgs/msg/detail
[1.650s] -- Up-to-date: /home/vasee22/COAR-ROS2-Workspace-main/install/igus_rebel_msgs/include/igus_rebel_msgs/igus_rebel_msgs/msg/detail/digital_output__rosidl_typesupport_introspection_cpp.hpp
[1.650s] -- Up-to-date: /home/vasee22/COAR-ROS2-Workspace-main/install/igus_rebel_msgs/include/igus_rebel_msgs/igus_rebel_msgs/msg/detail/digital_output__type_support.cpp
[1.650s] -- Up-to-date: /home/vasee22/COAR-ROS2-Workspace-main/install/igus_rebel_msgs/include/igus_rebel_msgs/igus_rebel_msgs/srv
[1.650s] -- Up-to-date: /home/vasee22/COAR-ROS2-Workspace-main/install/igus_rebel_msgs/include/igus_rebel_msgs/igus_rebel_msgs/srv/detail
[1.650s] -- Up-to-date: /home/vasee22/COAR-ROS2-Workspace-main/install/igus_rebel_msgs/include/igus_rebel_msgs/igus_rebel_msgs/srv/detail/set_digital_output__rosidl_typesupport_introspection_cpp.hpp
[1.651s] -- Up-to-date: /home/vasee22/COAR-ROS2-Workspace-main/install/igus_rebel_msgs/include/igus_rebel_msgs/igus_rebel_msgs/srv/detail/set_digital_output__type_support.cpp
[1.651s] -- Installing: /home/vasee22/COAR-ROS2-Workspace-main/install/igus_rebel_msgs/lib/libigus_rebel_msgs__rosidl_typesupport_introspection_cpp.so
[1.651s] -- Set non-toolchain portion of runtime path of "/home/vasee22/COAR-ROS2-Workspace-main/install/igus_rebel_msgs/lib/libigus_rebel_msgs__rosidl_typesupport_introspection_cpp.so" to ""
[1.651s] -- Installing: /home/vasee22/COAR-ROS2-Workspace-main/install/igus_rebel_msgs/lib/libigus_rebel_msgs__rosidl_typesupport_cpp.so
[1.651s] -- Set non-toolchain portion of runtime path of "/home/vasee22/COAR-ROS2-Workspace-main/install/igus_rebel_msgs/lib/libigus_rebel_msgs__rosidl_typesupport_cpp.so" to ""
[1.651s] -- Up-to-date: /home/vasee22/COAR-ROS2-Workspace-main/install/igus_rebel_msgs/share/igus_rebel_msgs/environment/pythonpath.sh
[1.651s] -- Up-to-date: /home/vasee22/COAR-ROS2-Workspace-main/install/igus_rebel_msgs/share/igus_rebel_msgs/environment/pythonpath.dsv
[1.651s] -- Up-to-date: /home/vasee22/COAR-ROS2-Workspace-main/install/igus_rebel_msgs/lib/python3.12/site-packages/igus_rebel_msgs-0.0.0-py3.12.egg-info
[1.651s] -- Installing: /home/vasee22/COAR-ROS2-Workspace-main/install/igus_rebel_msgs/lib/python3.12/site-packages/igus_rebel_msgs-0.0.0-py3.12.egg-info/top_level.txt
[1.651s] -- Installing: /home/vasee22/COAR-ROS2-Workspace-main/install/igus_rebel_msgs/lib/python3.12/site-packages/igus_rebel_msgs-0.0.0-py3.12.egg-info/dependency_links.txt
[1.651s] -- Installing: /home/vasee22/COAR-ROS2-Workspace-main/install/igus_rebel_msgs/lib/python3.12/site-packages/igus_rebel_msgs-0.0.0-py3.12.egg-info/SOURCES.txt
[1.652s] -- Installing: /home/vasee22/COAR-ROS2-Workspace-main/install/igus_rebel_msgs/lib/python3.12/site-packages/igus_rebel_msgs-0.0.0-py3.12.egg-info/PKG-INFO
[1.652s] -- Up-to-date: /home/vasee22/COAR-ROS2-Workspace-main/install/igus_rebel_msgs/lib/python3.12/site-packages/igus_rebel_msgs
[1.652s] -- Up-to-date: /home/vasee22/COAR-ROS2-Workspace-main/install/igus_rebel_msgs/lib/python3.12/site-packages/igus_rebel_msgs/__init__.py
[1.652s] -- Up-to-date: /home/vasee22/COAR-ROS2-Workspace-main/install/igus_rebel_msgs/lib/python3.12/site-packages/igus_rebel_msgs/_igus_rebel_msgs_s.ep.rosidl_typesupport_introspection_c.c
[1.652s] -- Up-to-date: /home/vasee22/COAR-ROS2-Workspace-main/install/igus_rebel_msgs/lib/python3.12/site-packages/igus_rebel_msgs/msg
[1.652s] -- Up-to-date: /home/vasee22/COAR-ROS2-Workspace-main/install/igus_rebel_msgs/lib/python3.12/site-packages/igus_rebel_msgs/msg/__init__.py
[1.652s] -- Up-to-date: /home/vasee22/COAR-ROS2-Workspace-main/install/igus_rebel_msgs/lib/python3.12/site-packages/igus_rebel_msgs/msg/_digital_output_s.c
[1.652s] -- Up-to-date: /home/vasee22/COAR-ROS2-Workspace-main/install/igus_rebel_msgs/lib/python3.12/site-packages/igus_rebel_msgs/msg/_digital_output.py
[1.652s] -- Installing: /home/vasee22/COAR-ROS2-Workspace-main/install/igus_rebel_msgs/lib/python3.12/site-packages/igus_rebel_msgs/igus_rebel_msgs_s__rosidl_typesupport_introspection_c.so
[1.652s] -- Up-to-date: /home/vasee22/COAR-ROS2-Workspace-main/install/igus_rebel_msgs/lib/python3.12/site-packages/igus_rebel_msgs/srv
[1.652s] -- Up-to-date: /home/vasee22/COAR-ROS2-Workspace-main/install/igus_rebel_msgs/lib/python3.12/site-packages/igus_rebel_msgs/srv/__init__.py
[1.652s] -- Up-to-date: /home/vasee22/COAR-ROS2-Workspace-main/install/igus_rebel_msgs/lib/python3.12/site-packages/igus_rebel_msgs/srv/_set_digital_output_s.c
[1.652s] -- Up-to-date: /home/vasee22/COAR-ROS2-Workspace-main/install/igus_rebel_msgs/lib/python3.12/site-packages/igus_rebel_msgs/srv/_set_digital_output.py
[1.653s] -- Installing: /home/vasee22/COAR-ROS2-Workspace-main/install/igus_rebel_msgs/lib/python3.12/site-packages/igus_rebel_msgs/igus_rebel_msgs_s__rosidl_typesupport_fastrtps_c.so
[1.653s] -- Up-to-date: /home/vasee22/COAR-ROS2-Workspace-main/install/igus_rebel_msgs/lib/python3.12/site-packages/igus_rebel_msgs/_igus_rebel_msgs_s.ep.rosidl_typesupport_c.c
[1.653s] -- Up-to-date: /home/vasee22/COAR-ROS2-Workspace-main/install/igus_rebel_msgs/lib/python3.12/site-packages/igus_rebel_msgs/_igus_rebel_msgs_s.ep.rosidl_typesupport_fastrtps_c.c
[1.653s] -- Installing: /home/vasee22/COAR-ROS2-Workspace-main/install/igus_rebel_msgs/lib/python3.12/site-packages/igus_rebel_msgs/igus_rebel_msgs_s__rosidl_typesupport_c.so
[1.705s] Listing '/home/vasee22/COAR-ROS2-Workspace-main/install/igus_rebel_msgs/lib/python3.12/site-packages/igus_rebel_msgs'...
[1.705s] Listing '/home/vasee22/COAR-ROS2-Workspace-main/install/igus_rebel_msgs/lib/python3.12/site-packages/igus_rebel_msgs/msg'...
[1.705s] Listing '/home/vasee22/COAR-ROS2-Workspace-main/install/igus_rebel_msgs/lib/python3.12/site-packages/igus_rebel_msgs/srv'...
[1.713s] -- Installing: /home/vasee22/COAR-ROS2-Workspace-main/install/igus_rebel_msgs/lib/python3.12/site-packages/igus_rebel_msgs/igus_rebel_msgs_s__rosidl_typesupport_fastrtps_c.so
[1.713s] -- Set non-toolchain portion of runtime path of "/home/vasee22/COAR-ROS2-Workspace-main/install/igus_rebel_msgs/lib/python3.12/site-packages/igus_rebel_msgs/igus_rebel_msgs_s__rosidl_typesupport_fastrtps_c.so" to ""
[1.713s] -- Installing: /home/vasee22/COAR-ROS2-Workspace-main/install/igus_rebel_msgs/lib/python3.12/site-packages/igus_rebel_msgs/igus_rebel_msgs_s__rosidl_typesupport_introspection_c.so
[1.714s] -- Set non-toolchain portion of runtime path of "/home/vasee22/COAR-ROS2-Workspace-main/install/igus_rebel_msgs/lib/python3.12/site-packages/igus_rebel_msgs/igus_rebel_msgs_s__rosidl_typesupport_introspection_c.so" to ""
[1.714s] -- Installing: /home/vasee22/COAR-ROS2-Workspace-main/install/igus_rebel_msgs/lib/python3.12/site-packages/igus_rebel_msgs/igus_rebel_msgs_s__rosidl_typesupport_c.so
[1.714s] -- Set non-toolchain portion of runtime path of "/home/vasee22/COAR-ROS2-Workspace-main/install/igus_rebel_msgs/lib/python3.12/site-packages/igus_rebel_msgs/igus_rebel_msgs_s__rosidl_typesupport_c.so" to ""
[1.714s] -- Installing: /home/vasee22/COAR-ROS2-Workspace-main/install/igus_rebel_msgs/lib/libigus_rebel_msgs__rosidl_generator_py.so
[1.715s] -- Set non-toolchain portion of runtime path of "/home/vasee22/COAR-ROS2-Workspace-main/install/igus_rebel_msgs/lib/libigus_rebel_msgs__rosidl_generator_py.so" to ""
[1.715s] -- Up-to-date: /home/vasee22/COAR-ROS2-Workspace-main/install/igus_rebel_msgs/share/igus_rebel_msgs/msg/DigitalOutput.idl
[1.715s] -- Up-to-date: /home/vasee22/COAR-ROS2-Workspace-main/install/igus_rebel_msgs/share/igus_rebel_msgs/srv/SetDigitalOutput.idl
[1.716s] -- Up-to-date: /home/vasee22/COAR-ROS2-Workspace-main/install/igus_rebel_msgs/share/igus_rebel_msgs/msg/DigitalOutput.msg
[1.716s] -- Up-to-date: /home/vasee22/COAR-ROS2-Workspace-main/install/igus_rebel_msgs/share/igus_rebel_msgs/srv/SetDigitalOutput.srv
[1.716s] -- Up-to-date: /home/vasee22/COAR-ROS2-Workspace-main/install/igus_rebel_msgs/share/ament_index/resource_index/package_run_dependencies/igus_rebel_msgs
[1.716s] -- Up-to-date: /home/vasee22/COAR-ROS2-Workspace-main/install/igus_rebel_msgs/share/ament_index/resource_index/parent_prefix_path/igus_rebel_msgs
[1.716s] -- Up-to-date: /home/vasee22/COAR-ROS2-Workspace-main/install/igus_rebel_msgs/share/igus_rebel_msgs/environment/ament_prefix_path.sh
[1.716s] -- Up-to-date: /home/vasee22/COAR-ROS2-Workspace-main/install/igus_rebel_msgs/share/igus_rebel_msgs/environment/ament_prefix_path.dsv
[1.716s] -- Up-to-date: /home/vasee22/COAR-ROS2-Workspace-main/install/igus_rebel_msgs/share/igus_rebel_msgs/environment/path.sh
[1.716s] -- Up-to-date: /home/vasee22/COAR-ROS2-Workspace-main/install/igus_rebel_msgs/share/igus_rebel_msgs/environment/path.dsv
[1.717s] -- Up-to-date: /home/vasee22/COAR-ROS2-Workspace-main/install/igus_rebel_msgs/share/igus_rebel_msgs/local_setup.bash
[1.717s] -- Up-to-date: /home/vasee22/COAR-ROS2-Workspace-main/install/igus_rebel_msgs/share/igus_rebel_msgs/local_setup.sh
[1.717s] -- Up-to-date: /home/vasee22/COAR-ROS2-Workspace-main/install/igus_rebel_msgs/share/igus_rebel_msgs/local_setup.zsh
[1.717s] -- Up-to-date: /home/vasee22/COAR-ROS2-Workspace-main/install/igus_rebel_msgs/share/igus_rebel_msgs/local_setup.dsv
[1.717s] -- Installing: /home/vasee22/COAR-ROS2-Workspace-main/install/igus_rebel_msgs/share/igus_rebel_msgs/package.dsv
[1.717s] -- Up-to-date: /home/vasee22/COAR-ROS2-Workspace-main/install/igus_rebel_msgs/share/ament_index/resource_index/packages/igus_rebel_msgs
[1.717s] -- Up-to-date: /home/vasee22/COAR-ROS2-Workspace-main/install/igus_rebel_msgs/share/igus_rebel_msgs/cmake/export_igus_rebel_msgs__rosidl_generator_cExport.cmake
[1.717s] -- Up-to-date: /home/vasee22/COAR-ROS2-Workspace-main/install/igus_rebel_msgs/share/igus_rebel_msgs/cmake/export_igus_rebel_msgs__rosidl_generator_cExport-debug.cmake
[1.717s] -- Up-to-date: /home/vasee22/COAR-ROS2-Workspace-main/install/igus_rebel_msgs/share/igus_rebel_msgs/cmake/export_igus_rebel_msgs__rosidl_typesupport_fastrtps_cExport.cmake
[1.717s] -- Up-to-date: /home/vasee22/COAR-ROS2-Workspace-main/install/igus_rebel_msgs/share/igus_rebel_msgs/cmake/export_igus_rebel_msgs__rosidl_typesupport_fastrtps_cExport-debug.cmake
[1.717s] -- Up-to-date: /home/vasee22/COAR-ROS2-Workspace-main/install/igus_rebel_msgs/share/igus_rebel_msgs/cmake/export_igus_rebel_msgs__rosidl_generator_cppExport.cmake
[1.718s] -- Up-to-date: /home/vasee22/COAR-ROS2-Workspace-main/install/igus_rebel_msgs/share/igus_rebel_msgs/cmake/export_igus_rebel_msgs__rosidl_typesupport_fastrtps_cppExport.cmake
[1.718s] -- Up-to-date: /home/vasee22/COAR-ROS2-Workspace-main/install/igus_rebel_msgs/share/igus_rebel_msgs/cmake/export_igus_rebel_msgs__rosidl_typesupport_fastrtps_cppExport-debug.cmake
[1.718s] -- Up-to-date: /home/vasee22/COAR-ROS2-Workspace-main/install/igus_rebel_msgs/share/igus_rebel_msgs/cmake/igus_rebel_msgs__rosidl_typesupport_introspection_cExport.cmake
[1.718s] -- Up-to-date: /home/vasee22/COAR-ROS2-Workspace-main/install/igus_rebel_msgs/share/igus_rebel_msgs/cmake/igus_rebel_msgs__rosidl_typesupport_introspection_cExport-debug.cmake
[1.718s] -- Up-to-date: /home/vasee22/COAR-ROS2-Workspace-main/install/igus_rebel_msgs/share/igus_rebel_msgs/cmake/igus_rebel_msgs__rosidl_typesupport_cExport.cmake
[1.718s] -- Up-to-date: /home/vasee22/COAR-ROS2-Workspace-main/install/igus_rebel_msgs/share/igus_rebel_msgs/cmake/igus_rebel_msgs__rosidl_typesupport_cExport-debug.cmake
[1.718s] -- Up-to-date: /home/vasee22/COAR-ROS2-Workspace-main/install/igus_rebel_msgs/share/igus_rebel_msgs/cmake/igus_rebel_msgs__rosidl_typesupport_introspection_cppExport.cmake
[1.718s] -- Up-to-date: /home/vasee22/COAR-ROS2-Workspace-main/install/igus_rebel_msgs/share/igus_rebel_msgs/cmake/igus_rebel_msgs__rosidl_typesupport_introspection_cppExport-debug.cmake
[1.718s] -- Up-to-date: /home/vasee22/COAR-ROS2-Workspace-main/install/igus_rebel_msgs/share/igus_rebel_msgs/cmake/igus_rebel_msgs__rosidl_typesupport_cppExport.cmake
[1.718s] -- Up-to-date: /home/vasee22/COAR-ROS2-Workspace-main/install/igus_rebel_msgs/share/igus_rebel_msgs/cmake/igus_rebel_msgs__rosidl_typesupport_cppExport-debug.cmake
[1.718s] -- Up-to-date: /home/vasee22/COAR-ROS2-Workspace-main/install/igus_rebel_msgs/share/igus_rebel_msgs/cmake/export_igus_rebel_msgs__rosidl_generator_pyExport.cmake
[1.718s] -- Up-to-date: /home/vasee22/COAR-ROS2-Workspace-main/install/igus_rebel_msgs/share/igus_rebel_msgs/cmake/export_igus_rebel_msgs__rosidl_generator_pyExport-debug.cmake
[1.718s] -- Up-to-date: /home/vasee22/COAR-ROS2-Workspace-main/install/igus_rebel_msgs/share/igus_rebel_msgs/cmake/rosidl_cmake-extras.cmake
[1.719s] -- Up-to-date: /home/vasee22/COAR-ROS2-Workspace-main/install/igus_rebel_msgs/share/igus_rebel_msgs/cmake/ament_cmake_export_dependencies-extras.cmake
[1.719s] -- Up-to-date: /home/vasee22/COAR-ROS2-Workspace-main/install/igus_rebel_msgs/share/igus_rebel_msgs/cmake/ament_cmake_export_include_directories-extras.cmake
[1.719s] -- Up-to-date: /home/vasee22/COAR-ROS2-Workspace-main/install/igus_rebel_msgs/share/igus_rebel_msgs/cmake/ament_cmake_export_libraries-extras.cmake
[1.719s] -- Up-to-date: /home/vasee22/COAR-ROS2-Workspace-main/install/igus_rebel_msgs/share/igus_rebel_msgs/cmake/ament_cmake_export_targets-extras.cmake
[1.719s] -- Up-to-date: /home/vasee22/COAR-ROS2-Workspace-main/install/igus_rebel_msgs/share/igus_rebel_msgs/cmake/rosidl_cmake_export_typesupport_targets-extras.cmake
[1.719s] -- Up-to-date: /home/vasee22/COAR-ROS2-Workspace-main/install/igus_rebel_msgs/share/igus_rebel_msgs/cmake/rosidl_cmake_export_typesupport_libraries-extras.cmake
[1.719s] -- Up-to-date: /home/vasee22/COAR-ROS2-Workspace-main/install/igus_rebel_msgs/share/igus_rebel_msgs/cmake/igus_rebel_msgsConfig.cmake
[1.719s] -- Up-to-date: /home/vasee22/COAR-ROS2-Workspace-main/install/igus_rebel_msgs/share/igus_rebel_msgs/cmake/igus_rebel_msgsConfig-version.cmake
[1.719s] -- Up-to-date: /home/vasee22/COAR-ROS2-Workspace-main/install/igus_rebel_msgs/share/igus_rebel_msgs/package.xml
[1.721s] Invoked command in '/home/vasee22/COAR-ROS2-Workspace-main/build/igus_rebel_msgs' returned '0': CMAKE_PREFIX_PATH=${CMAKE_PREFIX_PATH}:/home/vasee22/COAR-ROS2-Workspace-main/install/modbus_ros:/home/vasee22/ws_moveit/install/moveit_configs_utils:/opt/ros/jazzy DEBUGINFOD_URLS=https://debuginfod.ubuntu.com /usr/bin/cmake --install /home/vasee22/COAR-ROS2-Workspace-main/build/igus_rebel_msgs
