[0.014s] Invoking command in '/home/vasee22/COAR-ROS2-Workspace-main/build/igus_rebel_msgs': CMAKE_PREFIX_PATH=${CMAKE_PREFIX_PATH}:/home/vasee22/ws_moveit/install/moveit_configs_utils:/opt/ros/jazzy DEBUGINFOD_URLS=https://debuginfod.ubuntu.com /usr/bin/cmake --build /home/vasee22/COAR-ROS2-Workspace-main/build/igus_rebel_msgs -- -j24 -l24
[0.070s] [  2%] Built target igus_rebel_msgs__rosidl_generator_type_description
[0.078s] [  2%] Built target ament_cmake_python_copy_igus_rebel_msgs
[0.088s] [  4%] Built target igus_rebel_msgs__cpp
[0.096s] [ 22%] Built target igus_rebel_msgs__rosidl_generator_c
[0.122s] [ 31%] Built target igus_rebel_msgs__rosidl_typesupport_introspection_c
[0.124s] [ 47%] Built target igus_rebel_msgs__rosidl_typesupport_fastrtps_c
[0.124s] [ 50%] Built target igus_rebel_msgs__rosidl_typesupport_fastrtps_cpp
[0.124s] [ 59%] Built target igus_rebel_msgs__rosidl_typesupport_cpp
[0.125s] [ 68%] Built target igus_rebel_msgs__rosidl_typesupport_introspection_cpp
[0.128s] [ 77%] Built target igus_rebel_msgs__rosidl_typesupport_c
[0.144s] [ 77%] Built target igus_rebel_msgs
[0.163s] [ 79%] Built target igus_rebel_msgs__py
[0.182s] [ 86%] Built target igus_rebel_msgs__rosidl_generator_py
[0.206s] [ 90%] Built target igus_rebel_msgs_s__rosidl_typesupport_fastrtps_c
[0.207s] [ 95%] Built target igus_rebel_msgs_s__rosidl_typesupport_introspection_c
[0.208s] [100%] Built target igus_rebel_msgs_s__rosidl_typesupport_c
[0.237s] running egg_info
[0.250s] writing igus_rebel_msgs.egg-info/PKG-INFO
[0.250s] writing dependency_links to igus_rebel_msgs.egg-info/dependency_links.txt
[0.250s] writing top-level names to igus_rebel_msgs.egg-info/top_level.txt
[0.287s] reading manifest file 'igus_rebel_msgs.egg-info/SOURCES.txt'
[0.287s] writing manifest file 'igus_rebel_msgs.egg-info/SOURCES.txt'
[0.310s] [100%] Built target ament_cmake_python_build_igus_rebel_msgs_egg
[0.318s] Invoked command in '/home/vasee22/COAR-ROS2-Workspace-main/build/igus_rebel_msgs' returned '0': CMAKE_PREFIX_PATH=${CMAKE_PREFIX_PATH}:/home/vasee22/ws_moveit/install/moveit_configs_utils:/opt/ros/jazzy DEBUGINFOD_URLS=https://debuginfod.ubuntu.com /usr/bin/cmake --build /home/vasee22/COAR-ROS2-Workspace-main/build/igus_rebel_msgs -- -j24 -l24
[0.319s] Invoking command in '/home/vasee22/COAR-ROS2-Workspace-main/build/igus_rebel_msgs': CMAKE_PREFIX_PATH=${CMAKE_PREFIX_PATH}:/home/vasee22/ws_moveit/install/moveit_configs_utils:/opt/ros/jazzy DEBUGINFOD_URLS=https://debuginfod.ubuntu.com /usr/bin/cmake --install /home/vasee22/COAR-ROS2-Workspace-main/build/igus_rebel_msgs
[0.326s] -- Install configuration: "Debug"
[0.327s] -- Up-to-date: /home/vasee22/COAR-ROS2-Workspace-main/install/igus_rebel_msgs/share/ament_index/resource_index/rosidl_interfaces/igus_rebel_msgs
[0.327s] -- Up-to-date: /home/vasee22/COAR-ROS2-Workspace-main/install/igus_rebel_msgs/share/igus_rebel_msgs/msg/DigitalOutput.json
[0.327s] -- Up-to-date: /home/vasee22/COAR-ROS2-Workspace-main/install/igus_rebel_msgs/share/igus_rebel_msgs/srv/SetDigitalOutput.json
[0.327s] -- Up-to-date: /home/vasee22/COAR-ROS2-Workspace-main/install/igus_rebel_msgs/include/igus_rebel_msgs/igus_rebel_msgs
[0.327s] -- Up-to-date: /home/vasee22/COAR-ROS2-Workspace-main/install/igus_rebel_msgs/include/igus_rebel_msgs/igus_rebel_msgs/msg
[0.327s] -- Up-to-date: /home/vasee22/COAR-ROS2-Workspace-main/install/igus_rebel_msgs/include/igus_rebel_msgs/igus_rebel_msgs/msg/digital_output.h
[0.327s] -- Up-to-date: /home/vasee22/COAR-ROS2-Workspace-main/install/igus_rebel_msgs/include/igus_rebel_msgs/igus_rebel_msgs/msg/rosidl_generator_c__visibility_control.h
[0.327s] -- Up-to-date: /home/vasee22/COAR-ROS2-Workspace-main/install/igus_rebel_msgs/include/igus_rebel_msgs/igus_rebel_msgs/msg/detail
[0.327s] -- Up-to-date: /home/vasee22/COAR-ROS2-Workspace-main/install/igus_rebel_msgs/include/igus_rebel_msgs/igus_rebel_msgs/msg/detail/digital_output__type_support.h
[0.327s] -- Up-to-date: /home/vasee22/COAR-ROS2-Workspace-main/install/igus_rebel_msgs/include/igus_rebel_msgs/igus_rebel_msgs/msg/detail/digital_output__description.c
[0.327s] -- Up-to-date: /home/vasee22/COAR-ROS2-Workspace-main/install/igus_rebel_msgs/include/igus_rebel_msgs/igus_rebel_msgs/msg/detail/digital_output__type_support.c
[0.327s] -- Up-to-date: /home/vasee22/COAR-ROS2-Workspace-main/install/igus_rebel_msgs/include/igus_rebel_msgs/igus_rebel_msgs/msg/detail/digital_output__functions.c
[0.327s] -- Up-to-date: /home/vasee22/COAR-ROS2-Workspace-main/install/igus_rebel_msgs/include/igus_rebel_msgs/igus_rebel_msgs/msg/detail/digital_output__functions.h
[0.327s] -- Up-to-date: /home/vasee22/COAR-ROS2-Workspace-main/install/igus_rebel_msgs/include/igus_rebel_msgs/igus_rebel_msgs/msg/detail/digital_output__struct.h
[0.327s] -- Up-to-date: /home/vasee22/COAR-ROS2-Workspace-main/install/igus_rebel_msgs/include/igus_rebel_msgs/igus_rebel_msgs/srv
[0.327s] -- Up-to-date: /home/vasee22/COAR-ROS2-Workspace-main/install/igus_rebel_msgs/include/igus_rebel_msgs/igus_rebel_msgs/srv/set_digital_output.h
[0.327s] -- Up-to-date: /home/vasee22/COAR-ROS2-Workspace-main/install/igus_rebel_msgs/include/igus_rebel_msgs/igus_rebel_msgs/srv/detail
[0.327s] -- Up-to-date: /home/vasee22/COAR-ROS2-Workspace-main/install/igus_rebel_msgs/include/igus_rebel_msgs/igus_rebel_msgs/srv/detail/set_digital_output__type_support.c
[0.327s] -- Up-to-date: /home/vasee22/COAR-ROS2-Workspace-main/install/igus_rebel_msgs/include/igus_rebel_msgs/igus_rebel_msgs/srv/detail/set_digital_output__description.c
[0.328s] -- Up-to-date: /home/vasee22/COAR-ROS2-Workspace-main/install/igus_rebel_msgs/include/igus_rebel_msgs/igus_rebel_msgs/srv/detail/set_digital_output__struct.h
[0.328s] -- Up-to-date: /home/vasee22/COAR-ROS2-Workspace-main/install/igus_rebel_msgs/include/igus_rebel_msgs/igus_rebel_msgs/srv/detail/set_digital_output__functions.h
[0.328s] -- Up-to-date: /home/vasee22/COAR-ROS2-Workspace-main/install/igus_rebel_msgs/include/igus_rebel_msgs/igus_rebel_msgs/srv/detail/set_digital_output__type_support.h
[0.328s] -- Up-to-date: /home/vasee22/COAR-ROS2-Workspace-main/install/igus_rebel_msgs/include/igus_rebel_msgs/igus_rebel_msgs/srv/detail/set_digital_output__functions.c
[0.328s] -- Up-to-date: /home/vasee22/COAR-ROS2-Workspace-main/install/igus_rebel_msgs/share/igus_rebel_msgs/environment/library_path.sh
[0.328s] -- Up-to-date: /home/vasee22/COAR-ROS2-Workspace-main/install/igus_rebel_msgs/share/igus_rebel_msgs/environment/library_path.dsv
[0.330s] -- Up-to-date: /home/vasee22/COAR-ROS2-Workspace-main/install/igus_rebel_msgs/lib/libigus_rebel_msgs__rosidl_generator_c.so
[0.330s] -- Up-to-date: /home/vasee22/COAR-ROS2-Workspace-main/install/igus_rebel_msgs/include/igus_rebel_msgs/igus_rebel_msgs
[0.330s] -- Up-to-date: /home/vasee22/COAR-ROS2-Workspace-main/install/igus_rebel_msgs/include/igus_rebel_msgs/igus_rebel_msgs/msg
[0.330s] -- Up-to-date: /home/vasee22/COAR-ROS2-Workspace-main/install/igus_rebel_msgs/include/igus_rebel_msgs/igus_rebel_msgs/msg/rosidl_typesupport_fastrtps_c__visibility_control.h
[0.330s] -- Up-to-date: /home/vasee22/COAR-ROS2-Workspace-main/install/igus_rebel_msgs/include/igus_rebel_msgs/igus_rebel_msgs/msg/detail
[0.330s] -- Up-to-date: /home/vasee22/COAR-ROS2-Workspace-main/install/igus_rebel_msgs/include/igus_rebel_msgs/igus_rebel_msgs/msg/detail/digital_output__rosidl_typesupport_fastrtps_c.h
[0.330s] -- Up-to-date: /home/vasee22/COAR-ROS2-Workspace-main/install/igus_rebel_msgs/include/igus_rebel_msgs/igus_rebel_msgs/srv
[0.330s] -- Up-to-date: /home/vasee22/COAR-ROS2-Workspace-main/install/igus_rebel_msgs/include/igus_rebel_msgs/igus_rebel_msgs/srv/detail
[0.330s] -- Up-to-date: /home/vasee22/COAR-ROS2-Workspace-main/install/igus_rebel_msgs/include/igus_rebel_msgs/igus_rebel_msgs/srv/detail/set_digital_output__rosidl_typesupport_fastrtps_c.h
[0.332s] -- Up-to-date: /home/vasee22/COAR-ROS2-Workspace-main/install/igus_rebel_msgs/lib/libigus_rebel_msgs__rosidl_typesupport_fastrtps_c.so
[0.332s] -- Up-to-date: /home/vasee22/COAR-ROS2-Workspace-main/install/igus_rebel_msgs/include/igus_rebel_msgs/igus_rebel_msgs
[0.332s] -- Up-to-date: /home/vasee22/COAR-ROS2-Workspace-main/install/igus_rebel_msgs/include/igus_rebel_msgs/igus_rebel_msgs/msg
[0.332s] -- Up-to-date: /home/vasee22/COAR-ROS2-Workspace-main/install/igus_rebel_msgs/include/igus_rebel_msgs/igus_rebel_msgs/msg/detail
[0.332s] -- Up-to-date: /home/vasee22/COAR-ROS2-Workspace-main/install/igus_rebel_msgs/include/igus_rebel_msgs/igus_rebel_msgs/msg/detail/digital_output__struct.hpp
[0.332s] -- Up-to-date: /home/vasee22/COAR-ROS2-Workspace-main/install/igus_rebel_msgs/include/igus_rebel_msgs/igus_rebel_msgs/msg/detail/digital_output__type_support.hpp
[0.332s] -- Up-to-date: /home/vasee22/COAR-ROS2-Workspace-main/install/igus_rebel_msgs/include/igus_rebel_msgs/igus_rebel_msgs/msg/detail/digital_output__builder.hpp
[0.332s] -- Up-to-date: /home/vasee22/COAR-ROS2-Workspace-main/install/igus_rebel_msgs/include/igus_rebel_msgs/igus_rebel_msgs/msg/detail/digital_output__traits.hpp
[0.332s] -- Up-to-date: /home/vasee22/COAR-ROS2-Workspace-main/install/igus_rebel_msgs/include/igus_rebel_msgs/igus_rebel_msgs/msg/digital_output.hpp
[0.332s] -- Up-to-date: /home/vasee22/COAR-ROS2-Workspace-main/install/igus_rebel_msgs/include/igus_rebel_msgs/igus_rebel_msgs/msg/rosidl_generator_cpp__visibility_control.hpp
[0.332s] -- Up-to-date: /home/vasee22/COAR-ROS2-Workspace-main/install/igus_rebel_msgs/include/igus_rebel_msgs/igus_rebel_msgs/srv
[0.332s] -- Up-to-date: /home/vasee22/COAR-ROS2-Workspace-main/install/igus_rebel_msgs/include/igus_rebel_msgs/igus_rebel_msgs/srv/set_digital_output.hpp
[0.332s] -- Up-to-date: /home/vasee22/COAR-ROS2-Workspace-main/install/igus_rebel_msgs/include/igus_rebel_msgs/igus_rebel_msgs/srv/detail
[0.332s] -- Up-to-date: /home/vasee22/COAR-ROS2-Workspace-main/install/igus_rebel_msgs/include/igus_rebel_msgs/igus_rebel_msgs/srv/detail/set_digital_output__type_support.hpp
[0.332s] -- Up-to-date: /home/vasee22/COAR-ROS2-Workspace-main/install/igus_rebel_msgs/include/igus_rebel_msgs/igus_rebel_msgs/srv/detail/set_digital_output__builder.hpp
[0.332s] -- Up-to-date: /home/vasee22/COAR-ROS2-Workspace-main/install/igus_rebel_msgs/include/igus_rebel_msgs/igus_rebel_msgs/srv/detail/set_digital_output__struct.hpp
[0.333s] -- Up-to-date: /home/vasee22/COAR-ROS2-Workspace-main/install/igus_rebel_msgs/include/igus_rebel_msgs/igus_rebel_msgs/srv/detail/set_digital_output__traits.hpp
[0.333s] -- Up-to-date: /home/vasee22/COAR-ROS2-Workspace-main/install/igus_rebel_msgs/include/igus_rebel_msgs/igus_rebel_msgs
[0.333s] -- Up-to-date: /home/vasee22/COAR-ROS2-Workspace-main/install/igus_rebel_msgs/include/igus_rebel_msgs/igus_rebel_msgs/msg
[0.333s] -- Up-to-date: /home/vasee22/COAR-ROS2-Workspace-main/install/igus_rebel_msgs/include/igus_rebel_msgs/igus_rebel_msgs/msg/rosidl_typesupport_fastrtps_cpp__visibility_control.h
[0.333s] -- Up-to-date: /home/vasee22/COAR-ROS2-Workspace-main/install/igus_rebel_msgs/include/igus_rebel_msgs/igus_rebel_msgs/msg/detail
[0.333s] -- Up-to-date: /home/vasee22/COAR-ROS2-Workspace-main/install/igus_rebel_msgs/include/igus_rebel_msgs/igus_rebel_msgs/msg/detail/dds_fastrtps
[0.333s] -- Up-to-date: /home/vasee22/COAR-ROS2-Workspace-main/install/igus_rebel_msgs/include/igus_rebel_msgs/igus_rebel_msgs/msg/detail/digital_output__rosidl_typesupport_fastrtps_cpp.hpp
[0.333s] -- Up-to-date: /home/vasee22/COAR-ROS2-Workspace-main/install/igus_rebel_msgs/include/igus_rebel_msgs/igus_rebel_msgs/srv
[0.333s] -- Up-to-date: /home/vasee22/COAR-ROS2-Workspace-main/install/igus_rebel_msgs/include/igus_rebel_msgs/igus_rebel_msgs/srv/detail
[0.333s] -- Up-to-date: /home/vasee22/COAR-ROS2-Workspace-main/install/igus_rebel_msgs/include/igus_rebel_msgs/igus_rebel_msgs/srv/detail/set_digital_output__rosidl_typesupport_fastrtps_cpp.hpp
[0.333s] -- Up-to-date: /home/vasee22/COAR-ROS2-Workspace-main/install/igus_rebel_msgs/include/igus_rebel_msgs/igus_rebel_msgs/srv/detail/dds_fastrtps
[0.333s] -- Up-to-date: /home/vasee22/COAR-ROS2-Workspace-main/install/igus_rebel_msgs/lib/libigus_rebel_msgs__rosidl_typesupport_fastrtps_cpp.so
[0.333s] -- Up-to-date: /home/vasee22/COAR-ROS2-Workspace-main/install/igus_rebel_msgs/include/igus_rebel_msgs/igus_rebel_msgs
[0.333s] -- Up-to-date: /home/vasee22/COAR-ROS2-Workspace-main/install/igus_rebel_msgs/include/igus_rebel_msgs/igus_rebel_msgs/msg
[0.333s] -- Up-to-date: /home/vasee22/COAR-ROS2-Workspace-main/install/igus_rebel_msgs/include/igus_rebel_msgs/igus_rebel_msgs/msg/rosidl_typesupport_introspection_c__visibility_control.h
[0.333s] -- Up-to-date: /home/vasee22/COAR-ROS2-Workspace-main/install/igus_rebel_msgs/include/igus_rebel_msgs/igus_rebel_msgs/msg/detail
[0.333s] -- Up-to-date: /home/vasee22/COAR-ROS2-Workspace-main/install/igus_rebel_msgs/include/igus_rebel_msgs/igus_rebel_msgs/msg/detail/digital_output__type_support.c
[0.333s] -- Up-to-date: /home/vasee22/COAR-ROS2-Workspace-main/install/igus_rebel_msgs/include/igus_rebel_msgs/igus_rebel_msgs/msg/detail/digital_output__rosidl_typesupport_introspection_c.h
[0.333s] -- Up-to-date: /home/vasee22/COAR-ROS2-Workspace-main/install/igus_rebel_msgs/include/igus_rebel_msgs/igus_rebel_msgs/srv
[0.333s] -- Up-to-date: /home/vasee22/COAR-ROS2-Workspace-main/install/igus_rebel_msgs/include/igus_rebel_msgs/igus_rebel_msgs/srv/detail
[0.334s] -- Up-to-date: /home/vasee22/COAR-ROS2-Workspace-main/install/igus_rebel_msgs/include/igus_rebel_msgs/igus_rebel_msgs/srv/detail/set_digital_output__type_support.c
[0.334s] -- Up-to-date: /home/vasee22/COAR-ROS2-Workspace-main/install/igus_rebel_msgs/include/igus_rebel_msgs/igus_rebel_msgs/srv/detail/set_digital_output__rosidl_typesupport_introspection_c.h
[0.334s] -- Up-to-date: /home/vasee22/COAR-ROS2-Workspace-main/install/igus_rebel_msgs/lib/libigus_rebel_msgs__rosidl_typesupport_introspection_c.so
[0.335s] -- Up-to-date: /home/vasee22/COAR-ROS2-Workspace-main/install/igus_rebel_msgs/lib/libigus_rebel_msgs__rosidl_typesupport_c.so
[0.335s] -- Up-to-date: /home/vasee22/COAR-ROS2-Workspace-main/install/igus_rebel_msgs/include/igus_rebel_msgs/igus_rebel_msgs
[0.335s] -- Up-to-date: /home/vasee22/COAR-ROS2-Workspace-main/install/igus_rebel_msgs/include/igus_rebel_msgs/igus_rebel_msgs/msg
[0.335s] -- Up-to-date: /home/vasee22/COAR-ROS2-Workspace-main/install/igus_rebel_msgs/include/igus_rebel_msgs/igus_rebel_msgs/msg/detail
[0.335s] -- Up-to-date: /home/vasee22/COAR-ROS2-Workspace-main/install/igus_rebel_msgs/include/igus_rebel_msgs/igus_rebel_msgs/msg/detail/digital_output__rosidl_typesupport_introspection_cpp.hpp
[0.335s] -- Up-to-date: /home/vasee22/COAR-ROS2-Workspace-main/install/igus_rebel_msgs/include/igus_rebel_msgs/igus_rebel_msgs/msg/detail/digital_output__type_support.cpp
[0.335s] -- Up-to-date: /home/vasee22/COAR-ROS2-Workspace-main/install/igus_rebel_msgs/include/igus_rebel_msgs/igus_rebel_msgs/srv
[0.335s] -- Up-to-date: /home/vasee22/COAR-ROS2-Workspace-main/install/igus_rebel_msgs/include/igus_rebel_msgs/igus_rebel_msgs/srv/detail
[0.335s] -- Up-to-date: /home/vasee22/COAR-ROS2-Workspace-main/install/igus_rebel_msgs/include/igus_rebel_msgs/igus_rebel_msgs/srv/detail/set_digital_output__rosidl_typesupport_introspection_cpp.hpp
[0.335s] -- Up-to-date: /home/vasee22/COAR-ROS2-Workspace-main/install/igus_rebel_msgs/include/igus_rebel_msgs/igus_rebel_msgs/srv/detail/set_digital_output__type_support.cpp
[0.335s] -- Up-to-date: /home/vasee22/COAR-ROS2-Workspace-main/install/igus_rebel_msgs/lib/libigus_rebel_msgs__rosidl_typesupport_introspection_cpp.so
[0.336s] -- Up-to-date: /home/vasee22/COAR-ROS2-Workspace-main/install/igus_rebel_msgs/lib/libigus_rebel_msgs__rosidl_typesupport_cpp.so
[0.336s] -- Up-to-date: /home/vasee22/COAR-ROS2-Workspace-main/install/igus_rebel_msgs/share/igus_rebel_msgs/environment/pythonpath.sh
[0.336s] -- Up-to-date: /home/vasee22/COAR-ROS2-Workspace-main/install/igus_rebel_msgs/share/igus_rebel_msgs/environment/pythonpath.dsv
[0.336s] -- Up-to-date: /home/vasee22/COAR-ROS2-Workspace-main/install/igus_rebel_msgs/lib/python3.12/site-packages/igus_rebel_msgs-0.0.0-py3.12.egg-info
[0.336s] -- Installing: /home/vasee22/COAR-ROS2-Workspace-main/install/igus_rebel_msgs/lib/python3.12/site-packages/igus_rebel_msgs-0.0.0-py3.12.egg-info/top_level.txt
[0.336s] -- Installing: /home/vasee22/COAR-ROS2-Workspace-main/install/igus_rebel_msgs/lib/python3.12/site-packages/igus_rebel_msgs-0.0.0-py3.12.egg-info/dependency_links.txt
[0.336s] -- Installing: /home/vasee22/COAR-ROS2-Workspace-main/install/igus_rebel_msgs/lib/python3.12/site-packages/igus_rebel_msgs-0.0.0-py3.12.egg-info/SOURCES.txt
[0.336s] -- Installing: /home/vasee22/COAR-ROS2-Workspace-main/install/igus_rebel_msgs/lib/python3.12/site-packages/igus_rebel_msgs-0.0.0-py3.12.egg-info/PKG-INFO
[0.336s] -- Up-to-date: /home/vasee22/COAR-ROS2-Workspace-main/install/igus_rebel_msgs/lib/python3.12/site-packages/igus_rebel_msgs
[0.336s] -- Up-to-date: /home/vasee22/COAR-ROS2-Workspace-main/install/igus_rebel_msgs/lib/python3.12/site-packages/igus_rebel_msgs/__init__.py
[0.336s] -- Up-to-date: /home/vasee22/COAR-ROS2-Workspace-main/install/igus_rebel_msgs/lib/python3.12/site-packages/igus_rebel_msgs/_igus_rebel_msgs_s.ep.rosidl_typesupport_introspection_c.c
[0.336s] -- Up-to-date: /home/vasee22/COAR-ROS2-Workspace-main/install/igus_rebel_msgs/lib/python3.12/site-packages/igus_rebel_msgs/msg
[0.336s] -- Up-to-date: /home/vasee22/COAR-ROS2-Workspace-main/install/igus_rebel_msgs/lib/python3.12/site-packages/igus_rebel_msgs/msg/__init__.py
[0.336s] -- Up-to-date: /home/vasee22/COAR-ROS2-Workspace-main/install/igus_rebel_msgs/lib/python3.12/site-packages/igus_rebel_msgs/msg/_digital_output_s.c
[0.336s] -- Up-to-date: /home/vasee22/COAR-ROS2-Workspace-main/install/igus_rebel_msgs/lib/python3.12/site-packages/igus_rebel_msgs/msg/_digital_output.py
[0.336s] -- Up-to-date: /home/vasee22/COAR-ROS2-Workspace-main/install/igus_rebel_msgs/lib/python3.12/site-packages/igus_rebel_msgs/igus_rebel_msgs_s__rosidl_typesupport_introspection_c.so
[0.336s] -- Up-to-date: /home/vasee22/COAR-ROS2-Workspace-main/install/igus_rebel_msgs/lib/python3.12/site-packages/igus_rebel_msgs/srv
[0.336s] -- Up-to-date: /home/vasee22/COAR-ROS2-Workspace-main/install/igus_rebel_msgs/lib/python3.12/site-packages/igus_rebel_msgs/srv/__init__.py
[0.336s] -- Up-to-date: /home/vasee22/COAR-ROS2-Workspace-main/install/igus_rebel_msgs/lib/python3.12/site-packages/igus_rebel_msgs/srv/_set_digital_output_s.c
[0.336s] -- Up-to-date: /home/vasee22/COAR-ROS2-Workspace-main/install/igus_rebel_msgs/lib/python3.12/site-packages/igus_rebel_msgs/srv/_set_digital_output.py
[0.337s] -- Up-to-date: /home/vasee22/COAR-ROS2-Workspace-main/install/igus_rebel_msgs/lib/python3.12/site-packages/igus_rebel_msgs/igus_rebel_msgs_s__rosidl_typesupport_fastrtps_c.so
[0.337s] -- Up-to-date: /home/vasee22/COAR-ROS2-Workspace-main/install/igus_rebel_msgs/lib/python3.12/site-packages/igus_rebel_msgs/_igus_rebel_msgs_s.ep.rosidl_typesupport_c.c
[0.337s] -- Up-to-date: /home/vasee22/COAR-ROS2-Workspace-main/install/igus_rebel_msgs/lib/python3.12/site-packages/igus_rebel_msgs/_igus_rebel_msgs_s.ep.rosidl_typesupport_fastrtps_c.c
[0.337s] -- Up-to-date: /home/vasee22/COAR-ROS2-Workspace-main/install/igus_rebel_msgs/lib/python3.12/site-packages/igus_rebel_msgs/igus_rebel_msgs_s__rosidl_typesupport_c.so
[0.361s] Listing '/home/vasee22/COAR-ROS2-Workspace-main/install/igus_rebel_msgs/lib/python3.12/site-packages/igus_rebel_msgs'...
[0.361s] Listing '/home/vasee22/COAR-ROS2-Workspace-main/install/igus_rebel_msgs/lib/python3.12/site-packages/igus_rebel_msgs/msg'...
[0.361s] Listing '/home/vasee22/COAR-ROS2-Workspace-main/install/igus_rebel_msgs/lib/python3.12/site-packages/igus_rebel_msgs/srv'...
[0.366s] -- Up-to-date: /home/vasee22/COAR-ROS2-Workspace-main/install/igus_rebel_msgs/lib/python3.12/site-packages/igus_rebel_msgs/igus_rebel_msgs_s__rosidl_typesupport_fastrtps_c.so
[0.369s] -- Up-to-date: /home/vasee22/COAR-ROS2-Workspace-main/install/igus_rebel_msgs/lib/python3.12/site-packages/igus_rebel_msgs/igus_rebel_msgs_s__rosidl_typesupport_introspection_c.so
[0.369s] -- Up-to-date: /home/vasee22/COAR-ROS2-Workspace-main/install/igus_rebel_msgs/lib/python3.12/site-packages/igus_rebel_msgs/igus_rebel_msgs_s__rosidl_typesupport_c.so
[0.370s] -- Up-to-date: /home/vasee22/COAR-ROS2-Workspace-main/install/igus_rebel_msgs/lib/libigus_rebel_msgs__rosidl_generator_py.so
[0.370s] -- Up-to-date: /home/vasee22/COAR-ROS2-Workspace-main/install/igus_rebel_msgs/share/igus_rebel_msgs/msg/DigitalOutput.idl
[0.370s] -- Up-to-date: /home/vasee22/COAR-ROS2-Workspace-main/install/igus_rebel_msgs/share/igus_rebel_msgs/srv/SetDigitalOutput.idl
[0.370s] -- Up-to-date: /home/vasee22/COAR-ROS2-Workspace-main/install/igus_rebel_msgs/share/igus_rebel_msgs/msg/DigitalOutput.msg
[0.370s] -- Up-to-date: /home/vasee22/COAR-ROS2-Workspace-main/install/igus_rebel_msgs/share/igus_rebel_msgs/srv/SetDigitalOutput.srv
[0.370s] -- Up-to-date: /home/vasee22/COAR-ROS2-Workspace-main/install/igus_rebel_msgs/share/ament_index/resource_index/package_run_dependencies/igus_rebel_msgs
[0.370s] -- Up-to-date: /home/vasee22/COAR-ROS2-Workspace-main/install/igus_rebel_msgs/share/ament_index/resource_index/parent_prefix_path/igus_rebel_msgs
[0.370s] -- Up-to-date: /home/vasee22/COAR-ROS2-Workspace-main/install/igus_rebel_msgs/share/igus_rebel_msgs/environment/ament_prefix_path.sh
[0.371s] -- Up-to-date: /home/vasee22/COAR-ROS2-Workspace-main/install/igus_rebel_msgs/share/igus_rebel_msgs/environment/ament_prefix_path.dsv
[0.371s] -- Up-to-date: /home/vasee22/COAR-ROS2-Workspace-main/install/igus_rebel_msgs/share/igus_rebel_msgs/environment/path.sh
[0.371s] -- Up-to-date: /home/vasee22/COAR-ROS2-Workspace-main/install/igus_rebel_msgs/share/igus_rebel_msgs/environment/path.dsv
[0.371s] -- Up-to-date: /home/vasee22/COAR-ROS2-Workspace-main/install/igus_rebel_msgs/share/igus_rebel_msgs/local_setup.bash
[0.371s] -- Up-to-date: /home/vasee22/COAR-ROS2-Workspace-main/install/igus_rebel_msgs/share/igus_rebel_msgs/local_setup.sh
[0.371s] -- Up-to-date: /home/vasee22/COAR-ROS2-Workspace-main/install/igus_rebel_msgs/share/igus_rebel_msgs/local_setup.zsh
[0.371s] -- Up-to-date: /home/vasee22/COAR-ROS2-Workspace-main/install/igus_rebel_msgs/share/igus_rebel_msgs/local_setup.dsv
[0.371s] -- Installing: /home/vasee22/COAR-ROS2-Workspace-main/install/igus_rebel_msgs/share/igus_rebel_msgs/package.dsv
[0.371s] -- Up-to-date: /home/vasee22/COAR-ROS2-Workspace-main/install/igus_rebel_msgs/share/ament_index/resource_index/packages/igus_rebel_msgs
[0.371s] -- Up-to-date: /home/vasee22/COAR-ROS2-Workspace-main/install/igus_rebel_msgs/share/igus_rebel_msgs/cmake/export_igus_rebel_msgs__rosidl_generator_cExport.cmake
[0.372s] -- Up-to-date: /home/vasee22/COAR-ROS2-Workspace-main/install/igus_rebel_msgs/share/igus_rebel_msgs/cmake/export_igus_rebel_msgs__rosidl_generator_cExport-debug.cmake
[0.372s] -- Up-to-date: /home/vasee22/COAR-ROS2-Workspace-main/install/igus_rebel_msgs/share/igus_rebel_msgs/cmake/export_igus_rebel_msgs__rosidl_typesupport_fastrtps_cExport.cmake
[0.372s] -- Up-to-date: /home/vasee22/COAR-ROS2-Workspace-main/install/igus_rebel_msgs/share/igus_rebel_msgs/cmake/export_igus_rebel_msgs__rosidl_typesupport_fastrtps_cExport-debug.cmake
[0.372s] -- Up-to-date: /home/vasee22/COAR-ROS2-Workspace-main/install/igus_rebel_msgs/share/igus_rebel_msgs/cmake/export_igus_rebel_msgs__rosidl_generator_cppExport.cmake
[0.372s] -- Up-to-date: /home/vasee22/COAR-ROS2-Workspace-main/install/igus_rebel_msgs/share/igus_rebel_msgs/cmake/export_igus_rebel_msgs__rosidl_typesupport_fastrtps_cppExport.cmake
[0.372s] -- Up-to-date: /home/vasee22/COAR-ROS2-Workspace-main/install/igus_rebel_msgs/share/igus_rebel_msgs/cmake/export_igus_rebel_msgs__rosidl_typesupport_fastrtps_cppExport-debug.cmake
[0.372s] -- Up-to-date: /home/vasee22/COAR-ROS2-Workspace-main/install/igus_rebel_msgs/share/igus_rebel_msgs/cmake/igus_rebel_msgs__rosidl_typesupport_introspection_cExport.cmake
[0.372s] -- Up-to-date: /home/vasee22/COAR-ROS2-Workspace-main/install/igus_rebel_msgs/share/igus_rebel_msgs/cmake/igus_rebel_msgs__rosidl_typesupport_introspection_cExport-debug.cmake
[0.372s] -- Up-to-date: /home/vasee22/COAR-ROS2-Workspace-main/install/igus_rebel_msgs/share/igus_rebel_msgs/cmake/igus_rebel_msgs__rosidl_typesupport_cExport.cmake
[0.372s] -- Up-to-date: /home/vasee22/COAR-ROS2-Workspace-main/install/igus_rebel_msgs/share/igus_rebel_msgs/cmake/igus_rebel_msgs__rosidl_typesupport_cExport-debug.cmake
[0.372s] -- Up-to-date: /home/vasee22/COAR-ROS2-Workspace-main/install/igus_rebel_msgs/share/igus_rebel_msgs/cmake/igus_rebel_msgs__rosidl_typesupport_introspection_cppExport.cmake
[0.372s] -- Up-to-date: /home/vasee22/COAR-ROS2-Workspace-main/install/igus_rebel_msgs/share/igus_rebel_msgs/cmake/igus_rebel_msgs__rosidl_typesupport_introspection_cppExport-debug.cmake
[0.372s] -- Up-to-date: /home/vasee22/COAR-ROS2-Workspace-main/install/igus_rebel_msgs/share/igus_rebel_msgs/cmake/igus_rebel_msgs__rosidl_typesupport_cppExport.cmake
[0.372s] -- Up-to-date: /home/vasee22/COAR-ROS2-Workspace-main/install/igus_rebel_msgs/share/igus_rebel_msgs/cmake/igus_rebel_msgs__rosidl_typesupport_cppExport-debug.cmake
[0.372s] -- Up-to-date: /home/vasee22/COAR-ROS2-Workspace-main/install/igus_rebel_msgs/share/igus_rebel_msgs/cmake/export_igus_rebel_msgs__rosidl_generator_pyExport.cmake
[0.372s] -- Up-to-date: /home/vasee22/COAR-ROS2-Workspace-main/install/igus_rebel_msgs/share/igus_rebel_msgs/cmake/export_igus_rebel_msgs__rosidl_generator_pyExport-debug.cmake
[0.372s] -- Up-to-date: /home/vasee22/COAR-ROS2-Workspace-main/install/igus_rebel_msgs/share/igus_rebel_msgs/cmake/rosidl_cmake-extras.cmake
[0.372s] -- Up-to-date: /home/vasee22/COAR-ROS2-Workspace-main/install/igus_rebel_msgs/share/igus_rebel_msgs/cmake/ament_cmake_export_dependencies-extras.cmake
[0.372s] -- Up-to-date: /home/vasee22/COAR-ROS2-Workspace-main/install/igus_rebel_msgs/share/igus_rebel_msgs/cmake/ament_cmake_export_include_directories-extras.cmake
[0.372s] -- Up-to-date: /home/vasee22/COAR-ROS2-Workspace-main/install/igus_rebel_msgs/share/igus_rebel_msgs/cmake/ament_cmake_export_libraries-extras.cmake
[0.372s] -- Up-to-date: /home/vasee22/COAR-ROS2-Workspace-main/install/igus_rebel_msgs/share/igus_rebel_msgs/cmake/ament_cmake_export_targets-extras.cmake
[0.372s] -- Up-to-date: /home/vasee22/COAR-ROS2-Workspace-main/install/igus_rebel_msgs/share/igus_rebel_msgs/cmake/rosidl_cmake_export_typesupport_targets-extras.cmake
[0.372s] -- Up-to-date: /home/vasee22/COAR-ROS2-Workspace-main/install/igus_rebel_msgs/share/igus_rebel_msgs/cmake/rosidl_cmake_export_typesupport_libraries-extras.cmake
[0.373s] -- Up-to-date: /home/vasee22/COAR-ROS2-Workspace-main/install/igus_rebel_msgs/share/igus_rebel_msgs/cmake/igus_rebel_msgsConfig.cmake
[0.373s] -- Up-to-date: /home/vasee22/COAR-ROS2-Workspace-main/install/igus_rebel_msgs/share/igus_rebel_msgs/cmake/igus_rebel_msgsConfig-version.cmake
[0.373s] -- Up-to-date: /home/vasee22/COAR-ROS2-Workspace-main/install/igus_rebel_msgs/share/igus_rebel_msgs/package.xml
[0.374s] Invoked command in '/home/vasee22/COAR-ROS2-Workspace-main/build/igus_rebel_msgs' returned '0': CMAKE_PREFIX_PATH=${CMAKE_PREFIX_PATH}:/home/vasee22/ws_moveit/install/moveit_configs_utils:/opt/ros/jazzy DEBUGINFOD_URLS=https://debuginfod.ubuntu.com /usr/bin/cmake --install /home/vasee22/COAR-ROS2-Workspace-main/build/igus_rebel_msgs
