[0.028s] Invoking command in '/home/vasee22/COAR-ROS2-Workspace-mai/COAR-ROS2-Workspace-main/build/rviz_marker_tools': CMAKE_PREFIX_PATH=${CMAKE_PREFIX_PATH}:/home/vasee22/ws_moveit/install/moveit_configs_utils:/home/vasee22/COAR-ROS2-Workspace-main/install/modbus_ros:/home/vasee22/COAR-ROS2-Workspace-mai/COAR-ROS2-Workspace-main/install/modbus_ros:/opt/ros/jazzy DEBUGINFOD_URLS=https://debuginfod.ubuntu.com /usr/bin/cmake /home/vasee22/COAR-ROS2-Workspace-mai/COAR-ROS2-Workspace-main/src/moveit_task_constructor/rviz_marker_tools -DCMAKE_BUILD_TYPE=Debug -DCMAKE_INSTALL_PREFIX=/home/vasee22/COAR-ROS2-Workspace-mai/COAR-ROS2-Workspace-main/install/rviz_marker_tools
[0.111s] -- The C compiler identification is GNU 13.3.0
[0.191s] -- The CXX compiler identification is GNU 13.3.0
[0.216s] -- Detecting C compiler ABI info
[0.359s] -- Detecting C compiler ABI info - done
[0.365s] -- Check for working C compiler: /usr/bin/cc - skipped
[0.366s] -- Detecting C compile features
[0.366s] -- Detecting C compile features - done
[0.378s] -- Detecting CXX compiler ABI info
[0.536s] -- Detecting CXX compiler ABI info - done
[0.543s] -- Check for working CXX compiler: /usr/bin/c++ - skipped
[0.543s] -- Detecting CXX compile features
[0.543s] -- Detecting CXX compile features - done
[0.580s] -- Found ament_cmake: 2.5.5 (/opt/ros/jazzy/share/ament_cmake/cmake)
[0.886s] -- Found Python3: /usr/bin/python3 (found version "3.12.3") found components: Interpreter 
[1.144s] -- Found moveit_common: 2.14.1 (/home/vasee22/ws_moveit/install/moveit_common/share/moveit_common/cmake)
[1.289s] -- Found rclcpp: 28.1.16 (/opt/ros/jazzy/share/rclcpp/cmake)
[1.419s] -- Found rosidl_generator_c: 4.6.7 (/opt/ros/jazzy/share/rosidl_generator_c/cmake)
[1.437s] -- Found rosidl_generator_cpp: 4.6.7 (/opt/ros/jazzy/share/rosidl_generator_cpp/cmake)
[1.460s] -- Using all available rosidl_typesupport_c: rosidl_typesupport_fastrtps_c;rosidl_typesupport_introspection_c
[1.487s] -- Using all available rosidl_typesupport_cpp: rosidl_typesupport_fastrtps_cpp;rosidl_typesupport_introspection_cpp
[1.584s] -- Found rmw_implementation_cmake: 7.3.3 (/opt/ros/jazzy/share/rmw_implementation_cmake/cmake)
[1.595s] -- Found rmw_fastrtps_cpp: 8.4.3 (/opt/ros/jazzy/share/rmw_fastrtps_cpp/cmake)
[1.741s] -- Found OpenSSL: /usr/lib/x86_64-linux-gnu/libcrypto.so (found version "3.0.13")  
[1.787s] -- Found FastRTPS: /opt/ros/jazzy/include (Required is at least version "2.13") 
[1.846s] -- Using RMW implementation 'rmw_fastrtps_cpp' as default
[1.996s] -- Found tf2_eigen: 0.36.19 (/opt/ros/jazzy/share/tf2_eigen/cmake)
[2.247s] -- Found visualization_msgs: 5.3.6 (/opt/ros/jazzy/share/visualization_msgs/cmake)
[2.296s] -- Configuring done (2.3s)
[2.306s] -- Generating done (0.0s)
[2.309s] -- Build files have been written to: /home/vasee22/COAR-ROS2-Workspace-mai/COAR-ROS2-Workspace-main/build/rviz_marker_tools
