[  2%] [34m[1mGenerating type hashes for ROS interfaces[0m
[  2%] Built target ament_cmake_python_copy_igus_rebel_msgs
running egg_info
creating igus_rebel_msgs.egg-info
[  2%] Built target igus_rebel_msgs__rosidl_generator_type_description
writing igus_rebel_msgs.egg-info/PKG-INFO
writing dependency_links to igus_rebel_msgs.egg-info/dependency_links.txt
writing top-level names to igus_rebel_msgs.egg-info/top_level.txt
writing manifest file 'igus_rebel_msgs.egg-info/SOURCES.txt'
[  4%] [34m[1mGenerating C code for ROS interfaces[0m
[  6%] [34m[1mGenerating C++ code for ROS interfaces[0m
reading manifest file 'igus_rebel_msgs.egg-info/SOURCES.txt'
writing manifest file 'igus_rebel_msgs.egg-info/SOURCES.txt'
[  6%] Built target ament_cmake_python_build_igus_rebel_msgs_egg
[  6%] Built target igus_rebel_msgs__cpp
[  9%] [32mBuilding C object CMakeFiles/igus_rebel_msgs__rosidl_generator_c.dir/rosidl_generator_c/igus_rebel_msgs/msg/detail/digital_output__description.c.o[0m
[ 11%] [32mBuilding C object CMakeFiles/igus_rebel_msgs__rosidl_generator_c.dir/rosidl_generator_c/igus_rebel_msgs/msg/detail/digital_output__functions.c.o[0m
[ 13%] [32mBuilding C object CMakeFiles/igus_rebel_msgs__rosidl_generator_c.dir/rosidl_generator_c/igus_rebel_msgs/msg/detail/digital_output__type_support.c.o[0m
[ 15%] [32mBuilding C object CMakeFiles/igus_rebel_msgs__rosidl_generator_c.dir/rosidl_generator_c/igus_rebel_msgs/srv/detail/set_digital_output__description.c.o[0m
[ 18%] [32mBuilding C object CMakeFiles/igus_rebel_msgs__rosidl_generator_c.dir/rosidl_generator_c/igus_rebel_msgs/srv/detail/set_digital_output__functions.c.o[0m
[ 20%] [32mBuilding C object CMakeFiles/igus_rebel_msgs__rosidl_generator_c.dir/rosidl_generator_c/igus_rebel_msgs/srv/detail/set_digital_output__type_support.c.o[0m
[ 22%] [32m[1mLinking C shared library libigus_rebel_msgs__rosidl_generator_c.so[0m
[ 22%] Built target igus_rebel_msgs__rosidl_generator_c
[ 31%] [34m[1mGenerating C introspection for ROS interfaces[0m
[ 31%] [34m[1mGenerating C type support for eProsima Fast-RTPS[0m
[ 31%] [34m[1mGenerating C++ type support dispatch for ROS interfaces[0m
[ 31%] [34m[1mGenerating C++ type support for eProsima Fast-RTPS[0m
[ 34%] [34m[1mGenerating C type support dispatch for ROS interfaces[0m
[ 36%] [34m[1mGenerating C++ introspection for ROS interfaces[0m
[ 38%] [32mBuilding CXX object CMakeFiles/igus_rebel_msgs__rosidl_typesupport_cpp.dir/rosidl_typesupport_cpp/igus_rebel_msgs/msg/digital_output__type_support.cpp.o[0m
[ 40%] [32mBuilding CXX object CMakeFiles/igus_rebel_msgs__rosidl_typesupport_c.dir/rosidl_typesupport_c/igus_rebel_msgs/msg/digital_output__type_support.cpp.o[0m
[ 43%] [32mBuilding CXX object CMakeFiles/igus_rebel_msgs__rosidl_typesupport_cpp.dir/rosidl_typesupport_cpp/igus_rebel_msgs/srv/set_digital_output__type_support.cpp.o[0m
[ 45%] [32mBuilding CXX object CMakeFiles/igus_rebel_msgs__rosidl_typesupport_c.dir/rosidl_typesupport_c/igus_rebel_msgs/srv/set_digital_output__type_support.cpp.o[0m
[ 52%] [32mBuilding C object CMakeFiles/igus_rebel_msgs__rosidl_typesupport_introspection_c.dir/rosidl_typesupport_introspection_c/igus_rebel_msgs/srv/detail/set_digital_output__type_support.c.o[0m
[ 52%] [32mBuilding CXX object CMakeFiles/igus_rebel_msgs__rosidl_typesupport_introspection_cpp.dir/rosidl_typesupport_introspection_cpp/igus_rebel_msgs/srv/detail/set_digital_output__type_support.cpp.o[0m
[ 54%] [32mBuilding CXX object CMakeFiles/igus_rebel_msgs__rosidl_typesupport_introspection_cpp.dir/rosidl_typesupport_introspection_cpp/igus_rebel_msgs/msg/detail/digital_output__type_support.cpp.o[0m
[ 54%] [32mBuilding C object CMakeFiles/igus_rebel_msgs__rosidl_typesupport_introspection_c.dir/rosidl_typesupport_introspection_c/igus_rebel_msgs/msg/detail/digital_output__type_support.c.o[0m
[ 59%] [32mBuilding CXX object CMakeFiles/igus_rebel_msgs__rosidl_typesupport_fastrtps_c.dir/rosidl_typesupport_fastrtps_c/igus_rebel_msgs/srv/detail/set_digital_output__type_support_c.cpp.o[0m
[ 59%] [32mBuilding CXX object CMakeFiles/igus_rebel_msgs__rosidl_typesupport_fastrtps_c.dir/rosidl_typesupport_fastrtps_c/igus_rebel_msgs/msg/detail/digital_output__type_support_c.cpp.o[0m
[ 63%] [32mBuilding CXX object CMakeFiles/igus_rebel_msgs__rosidl_typesupport_fastrtps_cpp.dir/rosidl_typesupport_fastrtps_cpp/igus_rebel_msgs/srv/detail/dds_fastrtps/set_digital_output__type_support.cpp.o[0m
[ 63%] [32mBuilding CXX object CMakeFiles/igus_rebel_msgs__rosidl_typesupport_fastrtps_cpp.dir/rosidl_typesupport_fastrtps_cpp/igus_rebel_msgs/msg/detail/dds_fastrtps/digital_output__type_support.cpp.o[0m
[ 65%] [32m[1mLinking CXX shared library libigus_rebel_msgs__rosidl_typesupport_c.so[0m
[ 68%] [32m[1mLinking C shared library libigus_rebel_msgs__rosidl_typesupport_introspection_c.so[0m
[ 68%] Built target igus_rebel_msgs__rosidl_typesupport_c
[ 68%] Built target igus_rebel_msgs__rosidl_typesupport_introspection_c
[ 70%] [32m[1mLinking CXX shared library libigus_rebel_msgs__rosidl_typesupport_cpp.so[0m
[ 72%] [32m[1mLinking CXX shared library libigus_rebel_msgs__rosidl_typesupport_introspection_cpp.so[0m
[ 72%] Built target igus_rebel_msgs__rosidl_typesupport_cpp
[ 75%] [32m[1mLinking CXX shared library libigus_rebel_msgs__rosidl_typesupport_fastrtps_c.so[0m
[ 75%] Built target igus_rebel_msgs__rosidl_typesupport_introspection_cpp
[ 75%] Built target igus_rebel_msgs__rosidl_typesupport_fastrtps_c
[ 77%] [32m[1mLinking CXX shared library libigus_rebel_msgs__rosidl_typesupport_fastrtps_cpp.so[0m
[ 77%] Built target igus_rebel_msgs__rosidl_typesupport_fastrtps_cpp
[ 77%] Built target igus_rebel_msgs
[ 79%] [34m[1mGenerating Python code for ROS interfaces[0m
[ 79%] Built target igus_rebel_msgs__py
[ 81%] [32mBuilding C object CMakeFiles/igus_rebel_msgs__rosidl_generator_py.dir/rosidl_generator_py/igus_rebel_msgs/msg/_digital_output_s.c.o[0m
[ 84%] [32mBuilding C object CMakeFiles/igus_rebel_msgs__rosidl_generator_py.dir/rosidl_generator_py/igus_rebel_msgs/srv/_set_digital_output_s.c.o[0m
[ 86%] [32m[1mLinking C shared library libigus_rebel_msgs__rosidl_generator_py.so[0m
[ 86%] Built target igus_rebel_msgs__rosidl_generator_py
[ 90%] [32mBuilding C object CMakeFiles/igus_rebel_msgs_s__rosidl_typesupport_introspection_c.dir/rosidl_generator_py/igus_rebel_msgs/_igus_rebel_msgs_s.ep.rosidl_typesupport_introspection_c.c.o[0m
[ 90%] [32mBuilding C object CMakeFiles/igus_rebel_msgs_s__rosidl_typesupport_fastrtps_c.dir/rosidl_generator_py/igus_rebel_msgs/_igus_rebel_msgs_s.ep.rosidl_typesupport_fastrtps_c.c.o[0m
[ 93%] [32mBuilding C object CMakeFiles/igus_rebel_msgs_s__rosidl_typesupport_c.dir/rosidl_generator_py/igus_rebel_msgs/_igus_rebel_msgs_s.ep.rosidl_typesupport_c.c.o[0m
[ 95%] [32m[1mLinking C shared module rosidl_generator_py/igus_rebel_msgs/igus_rebel_msgs_s__rosidl_typesupport_introspection_c.so[0m
[100%] [32m[1mLinking C shared module rosidl_generator_py/igus_rebel_msgs/igus_rebel_msgs_s__rosidl_typesupport_fastrtps_c.so[0m
[100%] [32m[1mLinking C shared module rosidl_generator_py/igus_rebel_msgs/igus_rebel_msgs_s__rosidl_typesupport_c.so[0m
[100%] Built target igus_rebel_msgs_s__rosidl_typesupport_c
[100%] Built target igus_rebel_msgs_s__rosidl_typesupport_fastrtps_c
[100%] Built target igus_rebel_msgs_s__rosidl_typesupport_introspection_c
