[0.012s] Invoking command in '/home/vasee22/COAR-ROS2-Workspace-mai/COAR-ROS2-Workspace-main/build/igus_rebel_msgs': CMAKE_PREFIX_PATH=${CMAKE_PREFIX_PATH}:/home/vasee22/COAR-ROS2-Workspace-mai/COAR-ROS2-Workspace-main/install/modbus_ros:/opt/ros/jazzy DEBUGINFOD_URLS=https://debuginfod.ubuntu.com /usr/bin/cmake --build /home/vasee22/COAR-ROS2-Workspace-mai/COAR-ROS2-Workspace-main/build/igus_rebel_msgs -- -j24 -l24
[0.079s] [  2%] [34m[1mGenerating type hashes for ROS interfaces[0m
[0.090s] [  2%] Built target ament_cmake_python_copy_igus_rebel_msgs
[0.337s] running egg_info
[0.337s] creating igus_rebel_msgs.egg-info
[0.343s] [  2%] Built target igus_rebel_msgs__rosidl_generator_type_description
[0.357s] writing igus_rebel_msgs.egg-info/PKG-INFO
[0.357s] writing dependency_links to igus_rebel_msgs.egg-info/dependency_links.txt
[0.357s] writing top-level names to igus_rebel_msgs.egg-info/top_level.txt
[0.357s] writing manifest file 'igus_rebel_msgs.egg-info/SOURCES.txt'
[0.357s] [  4%] [34m[1mGenerating C code for ROS interfaces[0m
[0.370s] [  6%] [34m[1mGenerating C++ code for ROS interfaces[0m
[0.414s] reading manifest file 'igus_rebel_msgs.egg-info/SOURCES.txt'
[0.415s] writing manifest file 'igus_rebel_msgs.egg-info/SOURCES.txt'
[0.445s] [  6%] Built target ament_cmake_python_build_igus_rebel_msgs_egg
[0.672s] [  6%] Built target igus_rebel_msgs__cpp
[0.696s] [  9%] [32mBuilding C object CMakeFiles/igus_rebel_msgs__rosidl_generator_c.dir/rosidl_generator_c/igus_rebel_msgs/msg/detail/digital_output__description.c.o[0m
[0.696s] [ 11%] [32mBuilding C object CMakeFiles/igus_rebel_msgs__rosidl_generator_c.dir/rosidl_generator_c/igus_rebel_msgs/msg/detail/digital_output__functions.c.o[0m
[0.696s] [ 13%] [32mBuilding C object CMakeFiles/igus_rebel_msgs__rosidl_generator_c.dir/rosidl_generator_c/igus_rebel_msgs/msg/detail/digital_output__type_support.c.o[0m
[0.697s] [ 15%] [32mBuilding C object CMakeFiles/igus_rebel_msgs__rosidl_generator_c.dir/rosidl_generator_c/igus_rebel_msgs/srv/detail/set_digital_output__description.c.o[0m
[0.697s] [ 18%] [32mBuilding C object CMakeFiles/igus_rebel_msgs__rosidl_generator_c.dir/rosidl_generator_c/igus_rebel_msgs/srv/detail/set_digital_output__functions.c.o[0m
[0.698s] [ 20%] [32mBuilding C object CMakeFiles/igus_rebel_msgs__rosidl_generator_c.dir/rosidl_generator_c/igus_rebel_msgs/srv/detail/set_digital_output__type_support.c.o[0m
[0.795s] [ 22%] [32m[1mLinking C shared library libigus_rebel_msgs__rosidl_generator_c.so[0m
[0.847s] [ 22%] Built target igus_rebel_msgs__rosidl_generator_c
[0.861s] [ 31%] [34m[1mGenerating C introspection for ROS interfaces[0m
[0.861s] [ 31%] [34m[1mGenerating C type support for eProsima Fast-RTPS[0m
[0.861s] [ 31%] [34m[1mGenerating C++ type support dispatch for ROS interfaces[0m
[0.861s] [ 31%] [34m[1mGenerating C++ type support for eProsima Fast-RTPS[0m
[0.861s] [ 34%] [34m[1mGenerating C type support dispatch for ROS interfaces[0m
[0.862s] [ 36%] [34m[1mGenerating C++ introspection for ROS interfaces[0m
[1.148s] [ 38%] [32mBuilding CXX object CMakeFiles/igus_rebel_msgs__rosidl_typesupport_cpp.dir/rosidl_typesupport_cpp/igus_rebel_msgs/msg/digital_output__type_support.cpp.o[0m
[1.148s] [ 40%] [32mBuilding CXX object CMakeFiles/igus_rebel_msgs__rosidl_typesupport_c.dir/rosidl_typesupport_c/igus_rebel_msgs/msg/digital_output__type_support.cpp.o[0m
[1.148s] [ 43%] [32mBuilding CXX object CMakeFiles/igus_rebel_msgs__rosidl_typesupport_cpp.dir/rosidl_typesupport_cpp/igus_rebel_msgs/srv/set_digital_output__type_support.cpp.o[0m
[1.149s] [ 45%] [32mBuilding CXX object CMakeFiles/igus_rebel_msgs__rosidl_typesupport_c.dir/rosidl_typesupport_c/igus_rebel_msgs/srv/set_digital_output__type_support.cpp.o[0m
[1.170s] [ 52%] [32mBuilding C object CMakeFiles/igus_rebel_msgs__rosidl_typesupport_introspection_c.dir/rosidl_typesupport_introspection_c/igus_rebel_msgs/srv/detail/set_digital_output__type_support.c.o[0m
[1.170s] [ 52%] [32mBuilding CXX object CMakeFiles/igus_rebel_msgs__rosidl_typesupport_introspection_cpp.dir/rosidl_typesupport_introspection_cpp/igus_rebel_msgs/srv/detail/set_digital_output__type_support.cpp.o[0m
[1.170s] [ 54%] [32mBuilding CXX object CMakeFiles/igus_rebel_msgs__rosidl_typesupport_introspection_cpp.dir/rosidl_typesupport_introspection_cpp/igus_rebel_msgs/msg/detail/digital_output__type_support.cpp.o[0m
[1.170s] [ 54%] [32mBuilding C object CMakeFiles/igus_rebel_msgs__rosidl_typesupport_introspection_c.dir/rosidl_typesupport_introspection_c/igus_rebel_msgs/msg/detail/digital_output__type_support.c.o[0m
[1.196s] [ 59%] [32mBuilding CXX object CMakeFiles/igus_rebel_msgs__rosidl_typesupport_fastrtps_c.dir/rosidl_typesupport_fastrtps_c/igus_rebel_msgs/srv/detail/set_digital_output__type_support_c.cpp.o[0m
[1.196s] [ 59%] [32mBuilding CXX object CMakeFiles/igus_rebel_msgs__rosidl_typesupport_fastrtps_c.dir/rosidl_typesupport_fastrtps_c/igus_rebel_msgs/msg/detail/digital_output__type_support_c.cpp.o[0m
[1.209s] [ 63%] [32mBuilding CXX object CMakeFiles/igus_rebel_msgs__rosidl_typesupport_fastrtps_cpp.dir/rosidl_typesupport_fastrtps_cpp/igus_rebel_msgs/srv/detail/dds_fastrtps/set_digital_output__type_support.cpp.o[0m
[1.209s] [ 63%] [32mBuilding CXX object CMakeFiles/igus_rebel_msgs__rosidl_typesupport_fastrtps_cpp.dir/rosidl_typesupport_fastrtps_cpp/igus_rebel_msgs/msg/detail/dds_fastrtps/digital_output__type_support.cpp.o[0m
[1.211s] [ 65%] [32m[1mLinking CXX shared library libigus_rebel_msgs__rosidl_typesupport_c.so[0m
[1.235s] [ 68%] [32m[1mLinking C shared library libigus_rebel_msgs__rosidl_typesupport_introspection_c.so[0m
[1.265s] [ 68%] Built target igus_rebel_msgs__rosidl_typesupport_c
[1.277s] [ 68%] Built target igus_rebel_msgs__rosidl_typesupport_introspection_c
[1.537s] [ 70%] [32m[1mLinking CXX shared library libigus_rebel_msgs__rosidl_typesupport_cpp.so[0m
[1.617s] [ 72%] [32m[1mLinking CXX shared library libigus_rebel_msgs__rosidl_typesupport_introspection_cpp.so[0m
[1.640s] [ 72%] Built target igus_rebel_msgs__rosidl_typesupport_cpp
[1.715s] [ 75%] [32m[1mLinking CXX shared library libigus_rebel_msgs__rosidl_typesupport_fastrtps_c.so[0m
[1.719s] [ 75%] Built target igus_rebel_msgs__rosidl_typesupport_introspection_cpp
[1.815s] [ 75%] Built target igus_rebel_msgs__rosidl_typesupport_fastrtps_c
[1.828s] [ 77%] [32m[1mLinking CXX shared library libigus_rebel_msgs__rosidl_typesupport_fastrtps_cpp.so[0m
[1.932s] [ 77%] Built target igus_rebel_msgs__rosidl_typesupport_fastrtps_cpp
[1.961s] [ 77%] Built target igus_rebel_msgs
[1.989s] [ 79%] [34m[1mGenerating Python code for ROS interfaces[0m
[2.363s] [ 79%] Built target igus_rebel_msgs__py
[2.388s] [ 81%] [32mBuilding C object CMakeFiles/igus_rebel_msgs__rosidl_generator_py.dir/rosidl_generator_py/igus_rebel_msgs/msg/_digital_output_s.c.o[0m
[2.389s] [ 84%] [32mBuilding C object CMakeFiles/igus_rebel_msgs__rosidl_generator_py.dir/rosidl_generator_py/igus_rebel_msgs/srv/_set_digital_output_s.c.o[0m
[2.584s] [ 86%] [32m[1mLinking C shared library libigus_rebel_msgs__rosidl_generator_py.so[0m
[2.642s] [ 86%] Built target igus_rebel_msgs__rosidl_generator_py
[2.670s] [ 90%] [32mBuilding C object CMakeFiles/igus_rebel_msgs_s__rosidl_typesupport_introspection_c.dir/rosidl_generator_py/igus_rebel_msgs/_igus_rebel_msgs_s.ep.rosidl_typesupport_introspection_c.c.o[0m
[2.670s] [ 90%] [32mBuilding C object CMakeFiles/igus_rebel_msgs_s__rosidl_typesupport_fastrtps_c.dir/rosidl_generator_py/igus_rebel_msgs/_igus_rebel_msgs_s.ep.rosidl_typesupport_fastrtps_c.c.o[0m
[2.670s] [ 93%] [32mBuilding C object CMakeFiles/igus_rebel_msgs_s__rosidl_typesupport_c.dir/rosidl_generator_py/igus_rebel_msgs/_igus_rebel_msgs_s.ep.rosidl_typesupport_c.c.o[0m
[2.816s] [ 95%] [32m[1mLinking C shared module rosidl_generator_py/igus_rebel_msgs/igus_rebel_msgs_s__rosidl_typesupport_introspection_c.so[0m
[2.816s] [100%] [32m[1mLinking C shared module rosidl_generator_py/igus_rebel_msgs/igus_rebel_msgs_s__rosidl_typesupport_fastrtps_c.so[0m
[2.816s] [100%] [32m[1mLinking C shared module rosidl_generator_py/igus_rebel_msgs/igus_rebel_msgs_s__rosidl_typesupport_c.so[0m
[2.858s] [100%] Built target igus_rebel_msgs_s__rosidl_typesupport_c
[2.858s] [100%] Built target igus_rebel_msgs_s__rosidl_typesupport_fastrtps_c
[2.858s] [100%] Built target igus_rebel_msgs_s__rosidl_typesupport_introspection_c
