[0.034s] Invoking command in '/home/vasee22/COAR-ROS2-Workspace-mai/COAR-ROS2-Workspace-main/build/rviz_marker_tools': CMAKE_PREFIX_PATH=${CMAKE_PREFIX_PATH}:/home/vasee22/ws_moveit/install/moveit_configs_utils:/home/vasee22/COAR-ROS2-Workspace-main/install/modbus_ros:/home/vasee22/COAR-ROS2-Workspace-mai/COAR-ROS2-Workspace-main/install/modbus_ros:/opt/ros/jazzy DEBUGINFOD_URLS=https://debuginfod.ubuntu.com /usr/bin/cmake --build /home/vasee22/COAR-ROS2-Workspace-mai/COAR-ROS2-Workspace-main/build/rviz_marker_tools -- -j24 -l24
[0.127s] [ 50%] [32mBuilding CXX object CMakeFiles/rviz_marker_tools.dir/src/marker_creation.cpp.o[0m
[5.971s] [100%] [32m[1mLinking CXX shared library librviz_marker_tools.so[0m
[6.210s] [100%] Built target rviz_marker_tools
[6.232s] Invoked command in '/home/vasee22/COAR-ROS2-Workspace-mai/COAR-ROS2-Workspace-main/build/rviz_marker_tools' returned '0': CMAKE_PREFIX_PATH=${CMAKE_PREFIX_PATH}:/home/vasee22/ws_moveit/install/moveit_configs_utils:/home/vasee22/COAR-ROS2-Workspace-main/install/modbus_ros:/home/vasee22/COAR-ROS2-Workspace-mai/COAR-ROS2-Workspace-main/install/modbus_ros:/opt/ros/jazzy DEBUGINFOD_URLS=https://debuginfod.ubuntu.com /usr/bin/cmake --build /home/vasee22/COAR-ROS2-Workspace-mai/COAR-ROS2-Workspace-main/build/rviz_marker_tools -- -j24 -l24
[6.234s] Invoking command in '/home/vasee22/COAR-ROS2-Workspace-mai/COAR-ROS2-Workspace-main/build/rviz_marker_tools': CMAKE_PREFIX_PATH=${CMAKE_PREFIX_PATH}:/home/vasee22/ws_moveit/install/moveit_configs_utils:/home/vasee22/COAR-ROS2-Workspace-main/install/modbus_ros:/home/vasee22/COAR-ROS2-Workspace-mai/COAR-ROS2-Workspace-main/install/modbus_ros:/opt/ros/jazzy DEBUGINFOD_URLS=https://debuginfod.ubuntu.com /usr/bin/cmake --install /home/vasee22/COAR-ROS2-Workspace-mai/COAR-ROS2-Workspace-main/build/rviz_marker_tools
[6.250s] -- Install configuration: "Debug"
[6.250s] -- Installing: /home/vasee22/COAR-ROS2-Workspace-mai/COAR-ROS2-Workspace-main/install/rviz_marker_tools/include
[6.250s] -- Installing: /home/vasee22/COAR-ROS2-Workspace-mai/COAR-ROS2-Workspace-main/install/rviz_marker_tools/include/rviz_marker_tools
[6.250s] -- Installing: /home/vasee22/COAR-ROS2-Workspace-mai/COAR-ROS2-Workspace-main/install/rviz_marker_tools/include/rviz_marker_tools/marker_creation.h
[6.251s] -- Installing: /home/vasee22/COAR-ROS2-Workspace-mai/COAR-ROS2-Workspace-main/install/rviz_marker_tools/lib/librviz_marker_tools.so
[6.256s] -- Set non-toolchain portion of runtime path of "/home/vasee22/COAR-ROS2-Workspace-mai/COAR-ROS2-Workspace-main/install/rviz_marker_tools/lib/librviz_marker_tools.so" to ""
[6.256s] -- Installing: /home/vasee22/COAR-ROS2-Workspace-mai/COAR-ROS2-Workspace-main/install/rviz_marker_tools/share/rviz_marker_tools/environment/library_path.sh
[6.256s] -- Installing: /home/vasee22/COAR-ROS2-Workspace-mai/COAR-ROS2-Workspace-main/install/rviz_marker_tools/share/rviz_marker_tools/environment/library_path.dsv
[6.257s] -- Installing: /home/vasee22/COAR-ROS2-Workspace-mai/COAR-ROS2-Workspace-main/install/rviz_marker_tools/share/ament_index/resource_index/package_run_dependencies/rviz_marker_tools
[6.257s] -- Installing: /home/vasee22/COAR-ROS2-Workspace-mai/COAR-ROS2-Workspace-main/install/rviz_marker_tools/share/ament_index/resource_index/parent_prefix_path/rviz_marker_tools
[6.257s] -- Installing: /home/vasee22/COAR-ROS2-Workspace-mai/COAR-ROS2-Workspace-main/install/rviz_marker_tools/share/rviz_marker_tools/environment/ament_prefix_path.sh
[6.257s] -- Installing: /home/vasee22/COAR-ROS2-Workspace-mai/COAR-ROS2-Workspace-main/install/rviz_marker_tools/share/rviz_marker_tools/environment/ament_prefix_path.dsv
[6.257s] -- Installing: /home/vasee22/COAR-ROS2-Workspace-mai/COAR-ROS2-Workspace-main/install/rviz_marker_tools/share/rviz_marker_tools/environment/path.sh
[6.257s] -- Installing: /home/vasee22/COAR-ROS2-Workspace-mai/COAR-ROS2-Workspace-main/install/rviz_marker_tools/share/rviz_marker_tools/environment/path.dsv
[6.257s] -- Installing: /home/vasee22/COAR-ROS2-Workspace-mai/COAR-ROS2-Workspace-main/install/rviz_marker_tools/share/rviz_marker_tools/local_setup.bash
[6.258s] -- Installing: /home/vasee22/COAR-ROS2-Workspace-mai/COAR-ROS2-Workspace-main/install/rviz_marker_tools/share/rviz_marker_tools/local_setup.sh
[6.258s] -- Installing: /home/vasee22/COAR-ROS2-Workspace-mai/COAR-ROS2-Workspace-main/install/rviz_marker_tools/share/rviz_marker_tools/local_setup.zsh
[6.258s] -- Installing: /home/vasee22/COAR-ROS2-Workspace-mai/COAR-ROS2-Workspace-main/install/rviz_marker_tools/share/rviz_marker_tools/local_setup.dsv
[6.258s] -- Installing: /home/vasee22/COAR-ROS2-Workspace-mai/COAR-ROS2-Workspace-main/install/rviz_marker_tools/share/rviz_marker_tools/package.dsv
[6.258s] -- Installing: /home/vasee22/COAR-ROS2-Workspace-mai/COAR-ROS2-Workspace-main/install/rviz_marker_tools/share/ament_index/resource_index/packages/rviz_marker_tools
[6.258s] -- Installing: /home/vasee22/COAR-ROS2-Workspace-mai/COAR-ROS2-Workspace-main/install/rviz_marker_tools/share/rviz_marker_tools/cmake/rviz_marker_toolsTargetsExport.cmake
[6.259s] -- Installing: /home/vasee22/COAR-ROS2-Workspace-mai/COAR-ROS2-Workspace-main/install/rviz_marker_tools/share/rviz_marker_tools/cmake/rviz_marker_toolsTargetsExport-debug.cmake
[6.259s] -- Installing: /home/vasee22/COAR-ROS2-Workspace-mai/COAR-ROS2-Workspace-main/install/rviz_marker_tools/share/rviz_marker_tools/cmake/ament_cmake_export_targets-extras.cmake
[6.259s] -- Installing: /home/vasee22/COAR-ROS2-Workspace-mai/COAR-ROS2-Workspace-main/install/rviz_marker_tools/share/rviz_marker_tools/cmake/ament_cmake_export_dependencies-extras.cmake
[6.259s] -- Installing: /home/vasee22/COAR-ROS2-Workspace-mai/COAR-ROS2-Workspace-main/install/rviz_marker_tools/share/rviz_marker_tools/cmake/rviz_marker_toolsConfig.cmake
[6.259s] -- Installing: /home/vasee22/COAR-ROS2-Workspace-mai/COAR-ROS2-Workspace-main/install/rviz_marker_tools/share/rviz_marker_tools/cmake/rviz_marker_toolsConfig-version.cmake
[6.259s] -- Installing: /home/vasee22/COAR-ROS2-Workspace-mai/COAR-ROS2-Workspace-main/install/rviz_marker_tools/share/rviz_marker_tools/package.xml
[6.263s] Invoked command in '/home/vasee22/COAR-ROS2-Workspace-mai/COAR-ROS2-Workspace-main/build/rviz_marker_tools' returned '0': CMAKE_PREFIX_PATH=${CMAKE_PREFIX_PATH}:/home/vasee22/ws_moveit/install/moveit_configs_utils:/home/vasee22/COAR-ROS2-Workspace-main/install/modbus_ros:/home/vasee22/COAR-ROS2-Workspace-mai/COAR-ROS2-Workspace-main/install/modbus_ros:/opt/ros/jazzy DEBUGINFOD_URLS=https://debuginfod.ubuntu.com /usr/bin/cmake --install /home/vasee22/COAR-ROS2-Workspace-mai/COAR-ROS2-Workspace-main/build/rviz_marker_tools
