-- The C compiler identification is GNU 13.3.0
-- The CXX compiler identification is GNU 13.3.0
-- Detecting C compiler ABI info
-- Detecting C compiler ABI info - done
-- Check for working C compiler: /usr/bin/cc - skipped
-- Detecting C compile features
-- Detecting C compile features - done
-- Detecting CXX compiler ABI info
-- Detecting CXX compiler ABI info - done
-- Check for working CXX compiler: /usr/bin/c++ - skipped
-- Detecting CXX compile features
-- Detecting CXX compile features - done
-- Found ament_cmake: 2.5.5 (/opt/ros/jazzy/share/ament_cmake/cmake)
-- Found Python3: /usr/bin/python3 (found version "3.12.3") found components: Interpreter 
-- Found ament_lint_auto: 0.17.4 (/opt/ros/jazzy/share/ament_lint_auto/cmake)
-- Added test 'lint_cmake' to check CMake code style
-- Added test 'xmllint' to check XML markup files
-- Configuring done (1.1s)
-- Generating done (0.0s)
-- Build files have been written to: /home/vasee22/igus-coffee-moveit/build/igus_rebel_description
-- Install configuration: ""
-- Installing: /home/vasee22/igus-coffee-moveit/install/igus_rebel_description/share/igus_rebel_description/launch
-- Installing: /home/vasee22/igus-coffee-moveit/install/igus_rebel_description/share/igus_rebel_description/launch/display.launch.archive
-- Installing: /home/vasee22/igus-coffee-moveit/install/igus_rebel_description/share/igus_rebel_description/launch/igus_rebel_robot.launch.archive
-- Installing: /home/vasee22/igus-coffee-moveit/install/igus_rebel_description/share/igus_rebel_description/meshes
-- Installing: /home/vasee22/igus-coffee-moveit/install/igus_rebel_description/share/igus_rebel_description/meshes/robolink_rebel
-- Installing: /home/vasee22/igus-coffee-moveit/install/igus_rebel_description/share/igus_rebel_description/meshes/robolink_rebel/Diffuse Map.001.png
-- Installing: /home/vasee22/igus-coffee-moveit/install/igus_rebel_description/share/igus_rebel_description/meshes/robolink_rebel/Robolink_RebeL_002_2.dae
-- Installing: /home/vasee22/igus-coffee-moveit/install/igus_rebel_description/share/igus_rebel_description/meshes/robolink_rebel/Robolink_RebeL_001.dae
-- Installing: /home/vasee22/igus-coffee-moveit/install/igus_rebel_description/share/igus_rebel_description/meshes/robolink_rebel/Robolink_RebeL_004.dae
-- Installing: /home/vasee22/igus-coffee-moveit/install/igus_rebel_description/share/igus_rebel_description/meshes/robolink_rebel/Robolink_RebeL_005.stl
-- Installing: /home/vasee22/igus-coffee-moveit/install/igus_rebel_description/share/igus_rebel_description/meshes/robolink_rebel/Robolink_RebeL_002.stl
-- Installing: /home/vasee22/igus-coffee-moveit/install/igus_rebel_description/share/igus_rebel_description/meshes/robolink_rebel/Robolink_RebeL_002_1.stl
-- Installing: /home/vasee22/igus-coffee-moveit/install/igus_rebel_description/share/igus_rebel_description/meshes/robolink_rebel/Diffuse Map.004.png
-- Installing: /home/vasee22/igus-coffee-moveit/install/igus_rebel_description/share/igus_rebel_description/meshes/robolink_rebel/Robolink_RebeL_003.stl
-- Installing: /home/vasee22/igus-coffee-moveit/install/igus_rebel_description/share/igus_rebel_description/meshes/robolink_rebel/Diffuse Map.005.png
-- Installing: /home/vasee22/igus-coffee-moveit/install/igus_rebel_description/share/igus_rebel_description/meshes/robolink_rebel/Robolink_RebeL_000.stl
-- Installing: /home/vasee22/igus-coffee-moveit/install/igus_rebel_description/share/igus_rebel_description/meshes/robolink_rebel/Diffuse Map.003.png
-- Installing: /home/vasee22/igus-coffee-moveit/install/igus_rebel_description/share/igus_rebel_description/meshes/robolink_rebel/Robolink_RebeL_002_0.dae
-- Installing: /home/vasee22/igus-coffee-moveit/install/igus_rebel_description/share/igus_rebel_description/meshes/robolink_rebel/Robolink_RebeL_005.dae
-- Installing: /home/vasee22/igus-coffee-moveit/install/igus_rebel_description/share/igus_rebel_description/meshes/robolink_rebel/Diffuse Map.png
-- Installing: /home/vasee22/igus-coffee-moveit/install/igus_rebel_description/share/igus_rebel_description/meshes/robolink_rebel/Diffuse Map.006.png
-- Installing: /home/vasee22/igus-coffee-moveit/install/igus_rebel_description/share/igus_rebel_description/meshes/robolink_rebel/Robolink_RebeL_004.stl
-- Installing: /home/vasee22/igus-coffee-moveit/install/igus_rebel_description/share/igus_rebel_description/meshes/robolink_rebel/Robolink_RebeL_000.dae
-- Installing: /home/vasee22/igus-coffee-moveit/install/igus_rebel_description/share/igus_rebel_description/meshes/robolink_rebel/Robolink_RebeL_006.stl
-- Installing: /home/vasee22/igus-coffee-moveit/install/igus_rebel_description/share/igus_rebel_description/meshes/robolink_rebel/Robolink_RebeL_001.stl
-- Installing: /home/vasee22/igus-coffee-moveit/install/igus_rebel_description/share/igus_rebel_description/meshes/robolink_rebel/Robolink_RebeL_006.dae
-- Installing: /home/vasee22/igus-coffee-moveit/install/igus_rebel_description/share/igus_rebel_description/meshes/robolink_rebel/Robolink_RebeL_002_2.stl
-- Installing: /home/vasee22/igus-coffee-moveit/install/igus_rebel_description/share/igus_rebel_description/meshes/robolink_rebel/Robolink_RebeL_003.dae
-- Installing: /home/vasee22/igus-coffee-moveit/install/igus_rebel_description/share/igus_rebel_description/meshes/robolink_rebel/Robolink_RebeL_002_0.stl
-- Installing: /home/vasee22/igus-coffee-moveit/install/igus_rebel_description/share/igus_rebel_description/meshes/robolink_rebel/Robolink_RebeL_002_1.dae
-- Installing: /home/vasee22/igus-coffee-moveit/install/igus_rebel_description/share/igus_rebel_description/meshes/robolink_rebel/Diffuse Map.002.png
-- Installing: /home/vasee22/igus-coffee-moveit/install/igus_rebel_description/share/igus_rebel_description/meshes/robolink_rebel2
-- Installing: /home/vasee22/igus-coffee-moveit/install/igus_rebel_description/share/igus_rebel_description/meshes/robolink_rebel2/base_link.stl
-- Installing: /home/vasee22/igus-coffee-moveit/install/igus_rebel_description/share/igus_rebel_description/meshes/robolink_rebel2/simplified_link6.stl
-- Installing: /home/vasee22/igus-coffee-moveit/install/igus_rebel_description/share/igus_rebel_description/meshes/robolink_rebel2/simplified_base_link.stl
-- Installing: /home/vasee22/igus-coffee-moveit/install/igus_rebel_description/share/igus_rebel_description/meshes/robolink_rebel2/motor3.stl
-- Installing: /home/vasee22/igus-coffee-moveit/install/igus_rebel_description/share/igus_rebel_description/meshes/robolink_rebel2/simplified_motor1.stl
-- Installing: /home/vasee22/igus-coffee-moveit/install/igus_rebel_description/share/igus_rebel_description/meshes/robolink_rebel2/link4.stl
-- Installing: /home/vasee22/igus-coffee-moveit/install/igus_rebel_description/share/igus_rebel_description/meshes/robolink_rebel2/motor5.stl
-- Installing: /home/vasee22/igus-coffee-moveit/install/igus_rebel_description/share/igus_rebel_description/meshes/robolink_rebel2/link3.stl
-- Installing: /home/vasee22/igus-coffee-moveit/install/igus_rebel_description/share/igus_rebel_description/meshes/robolink_rebel2/simplified_motor2.stl
-- Installing: /home/vasee22/igus-coffee-moveit/install/igus_rebel_description/share/igus_rebel_description/meshes/robolink_rebel2/link6.stl
-- Installing: /home/vasee22/igus-coffee-moveit/install/igus_rebel_description/share/igus_rebel_description/meshes/robolink_rebel2/simplified_link1.stl
-- Installing: /home/vasee22/igus-coffee-moveit/install/igus_rebel_description/share/igus_rebel_description/meshes/robolink_rebel2/vacuum_gripper.stl
-- Installing: /home/vasee22/igus-coffee-moveit/install/igus_rebel_description/share/igus_rebel_description/meshes/robolink_rebel2/IGUS7AXIS_1000.dae
-- Installing: /home/vasee22/igus-coffee-moveit/install/igus_rebel_description/share/igus_rebel_description/meshes/robolink_rebel2/simplified_link3.stl
-- Installing: /home/vasee22/igus-coffee-moveit/install/igus_rebel_description/share/igus_rebel_description/meshes/robolink_rebel2/link1.stl
-- Installing: /home/vasee22/igus-coffee-moveit/install/igus_rebel_description/share/igus_rebel_description/meshes/robolink_rebel2/simplified_link5.stl
-- Installing: /home/vasee22/igus-coffee-moveit/install/igus_rebel_description/share/igus_rebel_description/meshes/robolink_rebel2/simplified_motor3.stl
-- Installing: /home/vasee22/igus-coffee-moveit/install/igus_rebel_description/share/igus_rebel_description/meshes/robolink_rebel2/link2.stl
-- Installing: /home/vasee22/igus-coffee-moveit/install/igus_rebel_description/share/igus_rebel_description/meshes/robolink_rebel2/simplified_link2.stl
-- Installing: /home/vasee22/igus-coffee-moveit/install/igus_rebel_description/share/igus_rebel_description/meshes/robolink_rebel2/motor4.stl
-- Installing: /home/vasee22/igus-coffee-moveit/install/igus_rebel_description/share/igus_rebel_description/meshes/robolink_rebel2/simplified_motor5.stl
-- Installing: /home/vasee22/igus-coffee-moveit/install/igus_rebel_description/share/igus_rebel_description/meshes/robolink_rebel2/simplified_link4.stl
-- Installing: /home/vasee22/igus-coffee-moveit/install/igus_rebel_description/share/igus_rebel_description/meshes/robolink_rebel2/link5.stl
-- Installing: /home/vasee22/igus-coffee-moveit/install/igus_rebel_description/share/igus_rebel_description/meshes/robolink_rebel2/motor2.stl
-- Installing: /home/vasee22/igus-coffee-moveit/install/igus_rebel_description/share/igus_rebel_description/meshes/robolink_rebel2/IGUS7AXIS_1000.stl
-- Installing: /home/vasee22/igus-coffee-moveit/install/igus_rebel_description/share/igus_rebel_description/meshes/robolink_rebel2/motor1.stl
-- Installing: /home/vasee22/igus-coffee-moveit/install/igus_rebel_description/share/igus_rebel_description/meshes/robolink_rebel2/Igus_7thaxis.dae
-- Installing: /home/vasee22/igus-coffee-moveit/install/igus_rebel_description/share/igus_rebel_description/meshes/robolink_rebel2/simplified_motor4.stl
-- Installing: /home/vasee22/igus-coffee-moveit/install/igus_rebel_description/share/igus_rebel_description/meshes1
-- Installing: /home/vasee22/igus-coffee-moveit/install/igus_rebel_description/share/igus_rebel_description/meshes1/robolink_rebel
-- Installing: /home/vasee22/igus-coffee-moveit/install/igus_rebel_description/share/igus_rebel_description/meshes1/robolink_rebel/Robolink_RebeL_002_2.dae
-- Installing: /home/vasee22/igus-coffee-moveit/install/igus_rebel_description/share/igus_rebel_description/meshes1/robolink_rebel/Robolink_RebeL_001.dae
-- Installing: /home/vasee22/igus-coffee-moveit/install/igus_rebel_description/share/igus_rebel_description/meshes1/robolink_rebel/Diffuse_Map.png
-- Installing: /home/vasee22/igus-coffee-moveit/install/igus_rebel_description/share/igus_rebel_description/meshes1/robolink_rebel/Robolink_RebeL_004.dae
-- Installing: /home/vasee22/igus-coffee-moveit/install/igus_rebel_description/share/igus_rebel_description/meshes1/robolink_rebel/Diffuse_Map.003.png
-- Installing: /home/vasee22/igus-coffee-moveit/install/igus_rebel_description/share/igus_rebel_description/meshes1/robolink_rebel/Robolink_RebeL_005.stl
-- Installing: /home/vasee22/igus-coffee-moveit/install/igus_rebel_description/share/igus_rebel_description/meshes1/robolink_rebel/Robolink_RebeL_002.stl
-- Installing: /home/vasee22/igus-coffee-moveit/install/igus_rebel_description/share/igus_rebel_description/meshes1/robolink_rebel/Robolink_RebeL_002_1.stl
-- Installing: /home/vasee22/igus-coffee-moveit/install/igus_rebel_description/share/igus_rebel_description/meshes1/robolink_rebel/Robolink_RebeL_003.stl
-- Installing: /home/vasee22/igus-coffee-moveit/install/igus_rebel_description/share/igus_rebel_description/meshes1/robolink_rebel/Robolink_RebeL_000.stl
-- Installing: /home/vasee22/igus-coffee-moveit/install/igus_rebel_description/share/igus_rebel_description/meshes1/robolink_rebel/Diffuse_Map.006.png
-- Installing: /home/vasee22/igus-coffee-moveit/install/igus_rebel_description/share/igus_rebel_description/meshes1/robolink_rebel/Robolink_RebeL_002_0.dae
-- Installing: /home/vasee22/igus-coffee-moveit/install/igus_rebel_description/share/igus_rebel_description/meshes1/robolink_rebel/Robolink_RebeL_005.dae
-- Installing: /home/vasee22/igus-coffee-moveit/install/igus_rebel_description/share/igus_rebel_description/meshes1/robolink_rebel/Diffuse_Map.002.png
-- Installing: /home/vasee22/igus-coffee-moveit/install/igus_rebel_description/share/igus_rebel_description/meshes1/robolink_rebel/Diffuse_Map.005.png
-- Installing: /home/vasee22/igus-coffee-moveit/install/igus_rebel_description/share/igus_rebel_description/meshes1/robolink_rebel/Robolink_RebeL_004.stl
-- Installing: /home/vasee22/igus-coffee-moveit/install/igus_rebel_description/share/igus_rebel_description/meshes1/robolink_rebel/Diffuse_Map.001.png
-- Installing: /home/vasee22/igus-coffee-moveit/install/igus_rebel_description/share/igus_rebel_description/meshes1/robolink_rebel/Robolink_RebeL_000.dae
-- Installing: /home/vasee22/igus-coffee-moveit/install/igus_rebel_description/share/igus_rebel_description/meshes1/robolink_rebel/Robolink_RebeL_006.stl
-- Installing: /home/vasee22/igus-coffee-moveit/install/igus_rebel_description/share/igus_rebel_description/meshes1/robolink_rebel/Robolink_RebeL_001.stl
-- Installing: /home/vasee22/igus-coffee-moveit/install/igus_rebel_description/share/igus_rebel_description/meshes1/robolink_rebel/Robolink_RebeL_006.dae
-- Installing: /home/vasee22/igus-coffee-moveit/install/igus_rebel_description/share/igus_rebel_description/meshes1/robolink_rebel/Diffuse_Map.004.png
-- Installing: /home/vasee22/igus-coffee-moveit/install/igus_rebel_description/share/igus_rebel_description/meshes1/robolink_rebel/Robolink_RebeL_002_2.stl
-- Installing: /home/vasee22/igus-coffee-moveit/install/igus_rebel_description/share/igus_rebel_description/meshes1/robolink_rebel/Robolink_RebeL_003.dae
-- Installing: /home/vasee22/igus-coffee-moveit/install/igus_rebel_description/share/igus_rebel_description/meshes1/robolink_rebel/Igus_7thaxis.dae
-- Installing: /home/vasee22/igus-coffee-moveit/install/igus_rebel_description/share/igus_rebel_description/meshes1/robolink_rebel/Robolink_RebeL_002_0.stl
-- Installing: /home/vasee22/igus-coffee-moveit/install/igus_rebel_description/share/igus_rebel_description/meshes1/robolink_rebel/Robolink_RebeL_002_1.dae
-- Installing: /home/vasee22/igus-coffee-moveit/install/igus_rebel_description/share/igus_rebel_description/urdf
-- Installing: /home/vasee22/igus-coffee-moveit/install/igus_rebel_description/share/igus_rebel_description/urdf/igus_rebel2.urdf
-- Installing: /home/vasee22/igus-coffee-moveit/install/igus_rebel_description/share/igus_rebel_description/urdf/igus_rebel2.control.xacro
-- Installing: /home/vasee22/igus-coffee-moveit/install/igus_rebel_description/share/igus_rebel_description/urdf/igus_rebel_robot.urdf.xacro
-- Installing: /home/vasee22/igus-coffee-moveit/install/igus_rebel_description/share/igus_rebel_description/urdf/igus_robt.urdf
-- Installing: /home/vasee22/igus-coffee-moveit/install/igus_rebel_description/share/igus_rebel_description/urdf/igus_rebel.control.xacro
-- Installing: /home/vasee22/igus-coffee-moveit/install/igus_rebel_description/share/igus_rebel_description/urdf/igus_rebel_robot2.urdf.xacro
-- Installing: /home/vasee22/igus-coffee-moveit/install/igus_rebel_description/share/igus_rebel_description/urdf/igus_rebel.urdf
-- Installing: /home/vasee22/igus-coffee-moveit/install/igus_rebel_description/share/igus_rebel_description/urdf/igus_rebel_ros1.urdf
-- Installing: /home/vasee22/igus-coffee-moveit/install/igus_rebel_description/share/igus_rebel_description/urdf1
-- Installing: /home/vasee22/igus-coffee-moveit/install/igus_rebel_description/share/igus_rebel_description/urdf1/igus_rebel_robot.urdf.xacro
-- Installing: /home/vasee22/igus-coffee-moveit/install/igus_rebel_description/share/igus_rebel_description/urdf1/igus_rebel.control.xacro
-- Installing: /home/vasee22/igus-coffee-moveit/install/igus_rebel_description/share/igus_rebel_description/urdf1/igus_rebel.urdf
-- Installing: /home/vasee22/igus-coffee-moveit/install/igus_rebel_description/share/ament_index/resource_index/package_run_dependencies/igus_rebel_description
-- Installing: /home/vasee22/igus-coffee-moveit/install/igus_rebel_description/share/ament_index/resource_index/parent_prefix_path/igus_rebel_description
-- Installing: /home/vasee22/igus-coffee-moveit/install/igus_rebel_description/share/igus_rebel_description/environment/ament_prefix_path.sh
-- Installing: /home/vasee22/igus-coffee-moveit/install/igus_rebel_description/share/igus_rebel_description/environment/ament_prefix_path.dsv
-- Installing: /home/vasee22/igus-coffee-moveit/install/igus_rebel_description/share/igus_rebel_description/environment/path.sh
-- Installing: /home/vasee22/igus-coffee-moveit/install/igus_rebel_description/share/igus_rebel_description/environment/path.dsv
-- Installing: /home/vasee22/igus-coffee-moveit/install/igus_rebel_description/share/igus_rebel_description/local_setup.bash
-- Installing: /home/vasee22/igus-coffee-moveit/install/igus_rebel_description/share/igus_rebel_description/local_setup.sh
-- Installing: /home/vasee22/igus-coffee-moveit/install/igus_rebel_description/share/igus_rebel_description/local_setup.zsh
-- Installing: /home/vasee22/igus-coffee-moveit/install/igus_rebel_description/share/igus_rebel_description/local_setup.dsv
-- Installing: /home/vasee22/igus-coffee-moveit/install/igus_rebel_description/share/igus_rebel_description/package.dsv
-- Installing: /home/vasee22/igus-coffee-moveit/install/igus_rebel_description/share/ament_index/resource_index/packages/igus_rebel_description
-- Installing: /home/vasee22/igus-coffee-moveit/install/igus_rebel_description/share/igus_rebel_description/cmake/igus_rebel_descriptionConfig.cmake
-- Installing: /home/vasee22/igus-coffee-moveit/install/igus_rebel_description/share/igus_rebel_description/cmake/igus_rebel_descriptionConfig-version.cmake
-- Installing: /home/vasee22/igus-coffee-moveit/install/igus_rebel_description/share/igus_rebel_description/package.xml
