[0.016s] Invoking command in '/home/vasee22/igus-coffee-moveit/build/igus_rebel_description': CMAKE_PREFIX_PATH=${CMAKE_PREFIX_PATH}:/home/vasee22/COAR-ROS2-Workspace-mai/install/modbus_ros:/opt/ros/jazzy DEBUGINFOD_URLS=https://debuginfod.ubuntu.com /usr/bin/cmake /home/vasee22/igus-coffee-moveit/src/igus_rebel_ros2/igus_rebel_description -DCMAKE_INSTALL_PREFIX=/home/vasee22/igus-coffee-moveit/install/igus_rebel_description
[0.135s] -- The C compiler identification is GNU 13.3.0
[0.256s] -- The CXX compiler identification is GNU 13.3.0
[0.279s] -- Detecting C compiler ABI info
[0.403s] -- Detecting C compiler ABI info - done
[0.417s] -- Check for working C compiler: /usr/bin/cc - skipped
[0.417s] -- Detecting C compile features
[0.418s] -- Detecting C compile features - done
[0.431s] -- Detecting CXX compiler ABI info
[0.564s] -- Detecting CXX compiler ABI info - done
[0.578s] -- Check for working CXX compiler: /usr/bin/c++ - skipped
[0.578s] -- Detecting CXX compile features
[0.579s] -- Detecting CXX compile features - done
[0.585s] -- Found ament_cmake: 2.5.5 (/opt/ros/jazzy/share/ament_cmake/cmake)
[0.808s] -- Found Python3: /usr/bin/python3 (found version "3.12.3") found components: Interpreter 
[0.985s] -- Found ament_lint_auto: 0.17.4 (/opt/ros/jazzy/share/ament_lint_auto/cmake)
[1.139s] -- Added test 'lint_cmake' to check CMake code style
[1.145s] -- Added test 'xmllint' to check XML markup files
[1.147s] -- Configuring done (1.1s)
[1.151s] -- Generating done (0.0s)
[1.153s] -- Build files have been written to: /home/vasee22/igus-coffee-moveit/build/igus_rebel_description
[1.161s] Invoked command in '/home/vasee22/igus-coffee-moveit/build/igus_rebel_description' returned '0': CMAKE_PREFIX_PATH=${CMAKE_PREFIX_PATH}:/home/vasee22/COAR-ROS2-Workspace-mai/install/modbus_ros:/opt/ros/jazzy DEBUGINFOD_URLS=https://debuginfod.ubuntu.com /usr/bin/cmake /home/vasee22/igus-coffee-moveit/src/igus_rebel_ros2/igus_rebel_description -DCMAKE_INSTALL_PREFIX=/home/vasee22/igus-coffee-moveit/install/igus_rebel_description
[1.162s] Invoking command in '/home/vasee22/igus-coffee-moveit/build/igus_rebel_description': CMAKE_PREFIX_PATH=${CMAKE_PREFIX_PATH}:/home/vasee22/COAR-ROS2-Workspace-mai/install/modbus_ros:/opt/ros/jazzy DEBUGINFOD_URLS=https://debuginfod.ubuntu.com /usr/bin/cmake --build /home/vasee22/igus-coffee-moveit/build/igus_rebel_description -- -j24 -l24
[1.219s] Invoked command in '/home/vasee22/igus-coffee-moveit/build/igus_rebel_description' returned '0': CMAKE_PREFIX_PATH=${CMAKE_PREFIX_PATH}:/home/vasee22/COAR-ROS2-Workspace-mai/install/modbus_ros:/opt/ros/jazzy DEBUGINFOD_URLS=https://debuginfod.ubuntu.com /usr/bin/cmake --build /home/vasee22/igus-coffee-moveit/build/igus_rebel_description -- -j24 -l24
[1.234s] Invoking command in '/home/vasee22/igus-coffee-moveit/build/igus_rebel_description': CMAKE_PREFIX_PATH=${CMAKE_PREFIX_PATH}:/home/vasee22/COAR-ROS2-Workspace-mai/install/modbus_ros:/opt/ros/jazzy DEBUGINFOD_URLS=https://debuginfod.ubuntu.com /usr/bin/cmake --install /home/vasee22/igus-coffee-moveit/build/igus_rebel_description
[1.246s] -- Install configuration: ""
[1.246s] -- Installing: /home/vasee22/igus-coffee-moveit/install/igus_rebel_description/share/igus_rebel_description/launch
[1.246s] -- Installing: /home/vasee22/igus-coffee-moveit/install/igus_rebel_description/share/igus_rebel_description/launch/display.launch.archive
[1.246s] -- Installing: /home/vasee22/igus-coffee-moveit/install/igus_rebel_description/share/igus_rebel_description/launch/igus_rebel_robot.launch.archive
[1.246s] -- Installing: /home/vasee22/igus-coffee-moveit/install/igus_rebel_description/share/igus_rebel_description/meshes
[1.247s] -- Installing: /home/vasee22/igus-coffee-moveit/install/igus_rebel_description/share/igus_rebel_description/meshes/robolink_rebel
[1.247s] -- Installing: /home/vasee22/igus-coffee-moveit/install/igus_rebel_description/share/igus_rebel_description/meshes/robolink_rebel/Diffuse Map.001.png
[1.247s] -- Installing: /home/vasee22/igus-coffee-moveit/install/igus_rebel_description/share/igus_rebel_description/meshes/robolink_rebel/Robolink_RebeL_002_2.dae
[1.250s] -- Installing: /home/vasee22/igus-coffee-moveit/install/igus_rebel_description/share/igus_rebel_description/meshes/robolink_rebel/Robolink_RebeL_001.dae
[1.251s] -- Installing: /home/vasee22/igus-coffee-moveit/install/igus_rebel_description/share/igus_rebel_description/meshes/robolink_rebel/Robolink_RebeL_004.dae
[1.257s] -- Installing: /home/vasee22/igus-coffee-moveit/install/igus_rebel_description/share/igus_rebel_description/meshes/robolink_rebel/Robolink_RebeL_005.stl
[1.259s] -- Installing: /home/vasee22/igus-coffee-moveit/install/igus_rebel_description/share/igus_rebel_description/meshes/robolink_rebel/Robolink_RebeL_002.stl
[1.260s] -- Installing: /home/vasee22/igus-coffee-moveit/install/igus_rebel_description/share/igus_rebel_description/meshes/robolink_rebel/Robolink_RebeL_002_1.stl
[1.260s] -- Installing: /home/vasee22/igus-coffee-moveit/install/igus_rebel_description/share/igus_rebel_description/meshes/robolink_rebel/Diffuse Map.004.png
[1.261s] -- Installing: /home/vasee22/igus-coffee-moveit/install/igus_rebel_description/share/igus_rebel_description/meshes/robolink_rebel/Robolink_RebeL_003.stl
[1.262s] -- Installing: /home/vasee22/igus-coffee-moveit/install/igus_rebel_description/share/igus_rebel_description/meshes/robolink_rebel/Diffuse Map.005.png
[1.262s] -- Installing: /home/vasee22/igus-coffee-moveit/install/igus_rebel_description/share/igus_rebel_description/meshes/robolink_rebel/Robolink_RebeL_000.stl
[1.263s] -- Installing: /home/vasee22/igus-coffee-moveit/install/igus_rebel_description/share/igus_rebel_description/meshes/robolink_rebel/Diffuse Map.003.png
[1.263s] -- Installing: /home/vasee22/igus-coffee-moveit/install/igus_rebel_description/share/igus_rebel_description/meshes/robolink_rebel/Robolink_RebeL_002_0.dae
[1.265s] -- Installing: /home/vasee22/igus-coffee-moveit/install/igus_rebel_description/share/igus_rebel_description/meshes/robolink_rebel/Robolink_RebeL_005.dae
[1.269s] -- Installing: /home/vasee22/igus-coffee-moveit/install/igus_rebel_description/share/igus_rebel_description/meshes/robolink_rebel/Diffuse Map.png
[1.269s] -- Installing: /home/vasee22/igus-coffee-moveit/install/igus_rebel_description/share/igus_rebel_description/meshes/robolink_rebel/Diffuse Map.006.png
[1.270s] -- Installing: /home/vasee22/igus-coffee-moveit/install/igus_rebel_description/share/igus_rebel_description/meshes/robolink_rebel/Robolink_RebeL_004.stl
[1.271s] -- Installing: /home/vasee22/igus-coffee-moveit/install/igus_rebel_description/share/igus_rebel_description/meshes/robolink_rebel/Robolink_RebeL_000.dae
[1.271s] -- Installing: /home/vasee22/igus-coffee-moveit/install/igus_rebel_description/share/igus_rebel_description/meshes/robolink_rebel/Robolink_RebeL_006.stl
[1.271s] -- Installing: /home/vasee22/igus-coffee-moveit/install/igus_rebel_description/share/igus_rebel_description/meshes/robolink_rebel/Robolink_RebeL_001.stl
[1.272s] -- Installing: /home/vasee22/igus-coffee-moveit/install/igus_rebel_description/share/igus_rebel_description/meshes/robolink_rebel/Robolink_RebeL_006.dae
[1.274s] -- Installing: /home/vasee22/igus-coffee-moveit/install/igus_rebel_description/share/igus_rebel_description/meshes/robolink_rebel/Robolink_RebeL_002_2.stl
[1.274s] -- Installing: /home/vasee22/igus-coffee-moveit/install/igus_rebel_description/share/igus_rebel_description/meshes/robolink_rebel/Robolink_RebeL_003.dae
[1.282s] -- Installing: /home/vasee22/igus-coffee-moveit/install/igus_rebel_description/share/igus_rebel_description/meshes/robolink_rebel/Robolink_RebeL_002_0.stl
[1.282s] -- Installing: /home/vasee22/igus-coffee-moveit/install/igus_rebel_description/share/igus_rebel_description/meshes/robolink_rebel/Robolink_RebeL_002_1.dae
[1.283s] -- Installing: /home/vasee22/igus-coffee-moveit/install/igus_rebel_description/share/igus_rebel_description/meshes/robolink_rebel/Diffuse Map.002.png
[1.283s] -- Installing: /home/vasee22/igus-coffee-moveit/install/igus_rebel_description/share/igus_rebel_description/meshes/robolink_rebel2
[1.283s] -- Installing: /home/vasee22/igus-coffee-moveit/install/igus_rebel_description/share/igus_rebel_description/meshes/robolink_rebel2/base_link.stl
[1.290s] -- Installing: /home/vasee22/igus-coffee-moveit/install/igus_rebel_description/share/igus_rebel_description/meshes/robolink_rebel2/simplified_link6.stl
[1.291s] -- Installing: /home/vasee22/igus-coffee-moveit/install/igus_rebel_description/share/igus_rebel_description/meshes/robolink_rebel2/simplified_base_link.stl
[1.291s] -- Installing: /home/vasee22/igus-coffee-moveit/install/igus_rebel_description/share/igus_rebel_description/meshes/robolink_rebel2/motor3.stl
[1.299s] -- Installing: /home/vasee22/igus-coffee-moveit/install/igus_rebel_description/share/igus_rebel_description/meshes/robolink_rebel2/simplified_motor1.stl
[1.300s] -- Installing: /home/vasee22/igus-coffee-moveit/install/igus_rebel_description/share/igus_rebel_description/meshes/robolink_rebel2/link4.stl
[1.306s] -- Installing: /home/vasee22/igus-coffee-moveit/install/igus_rebel_description/share/igus_rebel_description/meshes/robolink_rebel2/motor5.stl
[1.308s] -- Installing: /home/vasee22/igus-coffee-moveit/install/igus_rebel_description/share/igus_rebel_description/meshes/robolink_rebel2/link3.stl
[1.315s] -- Installing: /home/vasee22/igus-coffee-moveit/install/igus_rebel_description/share/igus_rebel_description/meshes/robolink_rebel2/simplified_motor2.stl
[1.316s] -- Installing: /home/vasee22/igus-coffee-moveit/install/igus_rebel_description/share/igus_rebel_description/meshes/robolink_rebel2/link6.stl
[1.318s] -- Installing: /home/vasee22/igus-coffee-moveit/install/igus_rebel_description/share/igus_rebel_description/meshes/robolink_rebel2/simplified_link1.stl
[1.318s] -- Installing: /home/vasee22/igus-coffee-moveit/install/igus_rebel_description/share/igus_rebel_description/meshes/robolink_rebel2/vacuum_gripper.stl
[1.332s] -- Installing: /home/vasee22/igus-coffee-moveit/install/igus_rebel_description/share/igus_rebel_description/meshes/robolink_rebel2/IGUS7AXIS_1000.dae
[1.386s] -- Installing: /home/vasee22/igus-coffee-moveit/install/igus_rebel_description/share/igus_rebel_description/meshes/robolink_rebel2/simplified_link3.stl
[1.387s] -- Installing: /home/vasee22/igus-coffee-moveit/install/igus_rebel_description/share/igus_rebel_description/meshes/robolink_rebel2/link1.stl
[1.391s] -- Installing: /home/vasee22/igus-coffee-moveit/install/igus_rebel_description/share/igus_rebel_description/meshes/robolink_rebel2/simplified_link5.stl
[1.392s] -- Installing: /home/vasee22/igus-coffee-moveit/install/igus_rebel_description/share/igus_rebel_description/meshes/robolink_rebel2/simplified_motor3.stl
[1.393s] -- Installing: /home/vasee22/igus-coffee-moveit/install/igus_rebel_description/share/igus_rebel_description/meshes/robolink_rebel2/link2.stl
[1.410s] -- Installing: /home/vasee22/igus-coffee-moveit/install/igus_rebel_description/share/igus_rebel_description/meshes/robolink_rebel2/simplified_link2.stl
[1.412s] -- Installing: /home/vasee22/igus-coffee-moveit/install/igus_rebel_description/share/igus_rebel_description/meshes/robolink_rebel2/motor4.stl
[1.418s] -- Installing: /home/vasee22/igus-coffee-moveit/install/igus_rebel_description/share/igus_rebel_description/meshes/robolink_rebel2/simplified_motor5.stl
[1.418s] -- Installing: /home/vasee22/igus-coffee-moveit/install/igus_rebel_description/share/igus_rebel_description/meshes/robolink_rebel2/simplified_link4.stl
[1.419s] -- Installing: /home/vasee22/igus-coffee-moveit/install/igus_rebel_description/share/igus_rebel_description/meshes/robolink_rebel2/link5.stl
[1.425s] -- Installing: /home/vasee22/igus-coffee-moveit/install/igus_rebel_description/share/igus_rebel_description/meshes/robolink_rebel2/motor2.stl
[1.431s] -- Installing: /home/vasee22/igus-coffee-moveit/install/igus_rebel_description/share/igus_rebel_description/meshes/robolink_rebel2/IGUS7AXIS_1000.stl
[1.467s] -- Installing: /home/vasee22/igus-coffee-moveit/install/igus_rebel_description/share/igus_rebel_description/meshes/robolink_rebel2/motor1.stl
[1.472s] -- Installing: /home/vasee22/igus-coffee-moveit/install/igus_rebel_description/share/igus_rebel_description/meshes/robolink_rebel2/Igus_7thaxis.dae
[1.486s] -- Installing: /home/vasee22/igus-coffee-moveit/install/igus_rebel_description/share/igus_rebel_description/meshes/robolink_rebel2/simplified_motor4.stl
[1.486s] -- Installing: /home/vasee22/igus-coffee-moveit/install/igus_rebel_description/share/igus_rebel_description/meshes1
[1.486s] -- Installing: /home/vasee22/igus-coffee-moveit/install/igus_rebel_description/share/igus_rebel_description/meshes1/robolink_rebel
[1.486s] -- Installing: /home/vasee22/igus-coffee-moveit/install/igus_rebel_description/share/igus_rebel_description/meshes1/robolink_rebel/Robolink_RebeL_002_2.dae
[1.488s] -- Installing: /home/vasee22/igus-coffee-moveit/install/igus_rebel_description/share/igus_rebel_description/meshes1/robolink_rebel/Robolink_RebeL_001.dae
[1.489s] -- Installing: /home/vasee22/igus-coffee-moveit/install/igus_rebel_description/share/igus_rebel_description/meshes1/robolink_rebel/Diffuse_Map.png
[1.489s] -- Installing: /home/vasee22/igus-coffee-moveit/install/igus_rebel_description/share/igus_rebel_description/meshes1/robolink_rebel/Robolink_RebeL_004.dae
[1.493s] -- Installing: /home/vasee22/igus-coffee-moveit/install/igus_rebel_description/share/igus_rebel_description/meshes1/robolink_rebel/Diffuse_Map.003.png
[1.494s] -- Installing: /home/vasee22/igus-coffee-moveit/install/igus_rebel_description/share/igus_rebel_description/meshes1/robolink_rebel/Robolink_RebeL_005.stl
[1.494s] -- Installing: /home/vasee22/igus-coffee-moveit/install/igus_rebel_description/share/igus_rebel_description/meshes1/robolink_rebel/Robolink_RebeL_002.stl
[1.495s] -- Installing: /home/vasee22/igus-coffee-moveit/install/igus_rebel_description/share/igus_rebel_description/meshes1/robolink_rebel/Robolink_RebeL_002_1.stl
[1.495s] -- Installing: /home/vasee22/igus-coffee-moveit/install/igus_rebel_description/share/igus_rebel_description/meshes1/robolink_rebel/Robolink_RebeL_003.stl
[1.496s] -- Installing: /home/vasee22/igus-coffee-moveit/install/igus_rebel_description/share/igus_rebel_description/meshes1/robolink_rebel/Robolink_RebeL_000.stl
[1.497s] -- Installing: /home/vasee22/igus-coffee-moveit/install/igus_rebel_description/share/igus_rebel_description/meshes1/robolink_rebel/Diffuse_Map.006.png
[1.497s] -- Installing: /home/vasee22/igus-coffee-moveit/install/igus_rebel_description/share/igus_rebel_description/meshes1/robolink_rebel/Robolink_RebeL_002_0.dae
[1.498s] -- Installing: /home/vasee22/igus-coffee-moveit/install/igus_rebel_description/share/igus_rebel_description/meshes1/robolink_rebel/Robolink_RebeL_005.dae
[1.501s] -- Installing: /home/vasee22/igus-coffee-moveit/install/igus_rebel_description/share/igus_rebel_description/meshes1/robolink_rebel/Diffuse_Map.002.png
[1.502s] -- Installing: /home/vasee22/igus-coffee-moveit/install/igus_rebel_description/share/igus_rebel_description/meshes1/robolink_rebel/Diffuse_Map.005.png
[1.502s] -- Installing: /home/vasee22/igus-coffee-moveit/install/igus_rebel_description/share/igus_rebel_description/meshes1/robolink_rebel/Robolink_RebeL_004.stl
[1.502s] -- Installing: /home/vasee22/igus-coffee-moveit/install/igus_rebel_description/share/igus_rebel_description/meshes1/robolink_rebel/Diffuse_Map.001.png
[1.503s] -- Installing: /home/vasee22/igus-coffee-moveit/install/igus_rebel_description/share/igus_rebel_description/meshes1/robolink_rebel/Robolink_RebeL_000.dae
[1.503s] -- Installing: /home/vasee22/igus-coffee-moveit/install/igus_rebel_description/share/igus_rebel_description/meshes1/robolink_rebel/Robolink_RebeL_006.stl
[1.503s] -- Installing: /home/vasee22/igus-coffee-moveit/install/igus_rebel_description/share/igus_rebel_description/meshes1/robolink_rebel/Robolink_RebeL_001.stl
[1.503s] -- Installing: /home/vasee22/igus-coffee-moveit/install/igus_rebel_description/share/igus_rebel_description/meshes1/robolink_rebel/Robolink_RebeL_006.dae
[1.504s] -- Installing: /home/vasee22/igus-coffee-moveit/install/igus_rebel_description/share/igus_rebel_description/meshes1/robolink_rebel/Diffuse_Map.004.png
[1.505s] -- Installing: /home/vasee22/igus-coffee-moveit/install/igus_rebel_description/share/igus_rebel_description/meshes1/robolink_rebel/Robolink_RebeL_002_2.stl
[1.505s] -- Installing: /home/vasee22/igus-coffee-moveit/install/igus_rebel_description/share/igus_rebel_description/meshes1/robolink_rebel/Robolink_RebeL_003.dae
[1.511s] -- Installing: /home/vasee22/igus-coffee-moveit/install/igus_rebel_description/share/igus_rebel_description/meshes1/robolink_rebel/Igus_7thaxis.dae
[1.524s] -- Installing: /home/vasee22/igus-coffee-moveit/install/igus_rebel_description/share/igus_rebel_description/meshes1/robolink_rebel/Robolink_RebeL_002_0.stl
[1.524s] -- Installing: /home/vasee22/igus-coffee-moveit/install/igus_rebel_description/share/igus_rebel_description/meshes1/robolink_rebel/Robolink_RebeL_002_1.dae
[1.525s] -- Installing: /home/vasee22/igus-coffee-moveit/install/igus_rebel_description/share/igus_rebel_description/urdf
[1.525s] -- Installing: /home/vasee22/igus-coffee-moveit/install/igus_rebel_description/share/igus_rebel_description/urdf/igus_rebel2.urdf
[1.525s] -- Installing: /home/vasee22/igus-coffee-moveit/install/igus_rebel_description/share/igus_rebel_description/urdf/igus_rebel2.control.xacro
[1.525s] -- Installing: /home/vasee22/igus-coffee-moveit/install/igus_rebel_description/share/igus_rebel_description/urdf/igus_rebel_robot.urdf.xacro
[1.526s] -- Installing: /home/vasee22/igus-coffee-moveit/install/igus_rebel_description/share/igus_rebel_description/urdf/igus_robt.urdf
[1.526s] -- Installing: /home/vasee22/igus-coffee-moveit/install/igus_rebel_description/share/igus_rebel_description/urdf/igus_rebel.control.xacro
[1.526s] -- Installing: /home/vasee22/igus-coffee-moveit/install/igus_rebel_description/share/igus_rebel_description/urdf/igus_rebel_robot2.urdf.xacro
[1.526s] -- Installing: /home/vasee22/igus-coffee-moveit/install/igus_rebel_description/share/igus_rebel_description/urdf/igus_rebel.urdf
[1.526s] -- Installing: /home/vasee22/igus-coffee-moveit/install/igus_rebel_description/share/igus_rebel_description/urdf/igus_rebel_ros1.urdf
[1.526s] -- Installing: /home/vasee22/igus-coffee-moveit/install/igus_rebel_description/share/igus_rebel_description/urdf1
[1.526s] -- Installing: /home/vasee22/igus-coffee-moveit/install/igus_rebel_description/share/igus_rebel_description/urdf1/igus_rebel_robot.urdf.xacro
[1.526s] -- Installing: /home/vasee22/igus-coffee-moveit/install/igus_rebel_description/share/igus_rebel_description/urdf1/igus_rebel.control.xacro
[1.526s] -- Installing: /home/vasee22/igus-coffee-moveit/install/igus_rebel_description/share/igus_rebel_description/urdf1/igus_rebel.urdf
[1.526s] -- Installing: /home/vasee22/igus-coffee-moveit/install/igus_rebel_description/share/ament_index/resource_index/package_run_dependencies/igus_rebel_description
[1.526s] -- Installing: /home/vasee22/igus-coffee-moveit/install/igus_rebel_description/share/ament_index/resource_index/parent_prefix_path/igus_rebel_description
[1.527s] -- Installing: /home/vasee22/igus-coffee-moveit/install/igus_rebel_description/share/igus_rebel_description/environment/ament_prefix_path.sh
[1.527s] -- Installing: /home/vasee22/igus-coffee-moveit/install/igus_rebel_description/share/igus_rebel_description/environment/ament_prefix_path.dsv
[1.527s] -- Installing: /home/vasee22/igus-coffee-moveit/install/igus_rebel_description/share/igus_rebel_description/environment/path.sh
[1.527s] -- Installing: /home/vasee22/igus-coffee-moveit/install/igus_rebel_description/share/igus_rebel_description/environment/path.dsv
[1.527s] -- Installing: /home/vasee22/igus-coffee-moveit/install/igus_rebel_description/share/igus_rebel_description/local_setup.bash
[1.527s] -- Installing: /home/vasee22/igus-coffee-moveit/install/igus_rebel_description/share/igus_rebel_description/local_setup.sh
[1.527s] -- Installing: /home/vasee22/igus-coffee-moveit/install/igus_rebel_description/share/igus_rebel_description/local_setup.zsh
[1.527s] -- Installing: /home/vasee22/igus-coffee-moveit/install/igus_rebel_description/share/igus_rebel_description/local_setup.dsv
[1.527s] -- Installing: /home/vasee22/igus-coffee-moveit/install/igus_rebel_description/share/igus_rebel_description/package.dsv
[1.527s] -- Installing: /home/vasee22/igus-coffee-moveit/install/igus_rebel_description/share/ament_index/resource_index/packages/igus_rebel_description
[1.527s] -- Installing: /home/vasee22/igus-coffee-moveit/install/igus_rebel_description/share/igus_rebel_description/cmake/igus_rebel_descriptionConfig.cmake
[1.527s] -- Installing: /home/vasee22/igus-coffee-moveit/install/igus_rebel_description/share/igus_rebel_description/cmake/igus_rebel_descriptionConfig-version.cmake
[1.527s] -- Installing: /home/vasee22/igus-coffee-moveit/install/igus_rebel_description/share/igus_rebel_description/package.xml
[1.530s] Invoked command in '/home/vasee22/igus-coffee-moveit/build/igus_rebel_description' returned '0': CMAKE_PREFIX_PATH=${CMAKE_PREFIX_PATH}:/home/vasee22/COAR-ROS2-Workspace-mai/install/modbus_ros:/opt/ros/jazzy DEBUGINFOD_URLS=https://debuginfod.ubuntu.com /usr/bin/cmake --install /home/vasee22/igus-coffee-moveit/build/igus_rebel_description
