[0.019s] Invoking command in '/home/vasee22/COAR-ROS2-Workspace-mai/COAR-ROS2-Workspace-main/build/rviz_marker_tools': CMAKE_PREFIX_PATH=${CMAKE_PREFIX_PATH}:/home/vasee22/COAR-ROS2-Workspace-mai/COAR-ROS2-Workspace-main/install/modbus_ros:/home/vasee22/ws_moveit/install/moveit_configs_utils:/home/vasee22/COAR-ROS2-Workspace-main/install/modbus_ros:/opt/ros/jazzy DEBUGINFOD_URLS=https://debuginfod.ubuntu.com /usr/bin/cmake --build /home/vasee22/COAR-ROS2-Workspace-mai/COAR-ROS2-Workspace-main/build/rviz_marker_tools -- -j24 -l24
[0.065s] [100%] Built target rviz_marker_tools
[0.163s] Invoked command in '/home/vasee22/COAR-ROS2-Workspace-mai/COAR-ROS2-Workspace-main/build/rviz_marker_tools' returned '0': CMAKE_PREFIX_PATH=${CMAKE_PREFIX_PATH}:/home/vasee22/COAR-ROS2-Workspace-mai/COAR-ROS2-Workspace-main/install/modbus_ros:/home/vasee22/ws_moveit/install/moveit_configs_utils:/home/vasee22/COAR-ROS2-Workspace-main/install/modbus_ros:/opt/ros/jazzy DEBUGINFOD_URLS=https://debuginfod.ubuntu.com /usr/bin/cmake --build /home/vasee22/COAR-ROS2-Workspace-mai/COAR-ROS2-Workspace-main/build/rviz_marker_tools -- -j24 -l24
[0.164s] Invoking command in '/home/vasee22/COAR-ROS2-Workspace-mai/COAR-ROS2-Workspace-main/build/rviz_marker_tools': CMAKE_PREFIX_PATH=${CMAKE_PREFIX_PATH}:/home/vasee22/COAR-ROS2-Workspace-mai/COAR-ROS2-Workspace-main/install/modbus_ros:/home/vasee22/ws_moveit/install/moveit_configs_utils:/home/vasee22/COAR-ROS2-Workspace-main/install/modbus_ros:/opt/ros/jazzy DEBUGINFOD_URLS=https://debuginfod.ubuntu.com /usr/bin/cmake --install /home/vasee22/COAR-ROS2-Workspace-mai/COAR-ROS2-Workspace-main/build/rviz_marker_tools
[0.176s] -- Install configuration: "Debug"
[0.176s] -- Up-to-date: /home/vasee22/COAR-ROS2-Workspace-mai/COAR-ROS2-Workspace-main/install/rviz_marker_tools/include
[0.176s] -- Up-to-date: /home/vasee22/COAR-ROS2-Workspace-mai/COAR-ROS2-Workspace-main/install/rviz_marker_tools/include/rviz_marker_tools
[0.176s] -- Up-to-date: /home/vasee22/COAR-ROS2-Workspace-mai/COAR-ROS2-Workspace-main/install/rviz_marker_tools/include/rviz_marker_tools/marker_creation.h
[0.176s] -- Up-to-date: /home/vasee22/COAR-ROS2-Workspace-mai/COAR-ROS2-Workspace-main/install/rviz_marker_tools/lib/librviz_marker_tools.so
[0.176s] -- Up-to-date: /home/vasee22/COAR-ROS2-Workspace-mai/COAR-ROS2-Workspace-main/install/rviz_marker_tools/share/rviz_marker_tools/environment/library_path.sh
[0.176s] -- Up-to-date: /home/vasee22/COAR-ROS2-Workspace-mai/COAR-ROS2-Workspace-main/install/rviz_marker_tools/share/rviz_marker_tools/environment/library_path.dsv
[0.176s] -- Up-to-date: /home/vasee22/COAR-ROS2-Workspace-mai/COAR-ROS2-Workspace-main/install/rviz_marker_tools/share/ament_index/resource_index/package_run_dependencies/rviz_marker_tools
[0.176s] -- Up-to-date: /home/vasee22/COAR-ROS2-Workspace-mai/COAR-ROS2-Workspace-main/install/rviz_marker_tools/share/ament_index/resource_index/parent_prefix_path/rviz_marker_tools
[0.176s] -- Up-to-date: /home/vasee22/COAR-ROS2-Workspace-mai/COAR-ROS2-Workspace-main/install/rviz_marker_tools/share/rviz_marker_tools/environment/ament_prefix_path.sh
[0.176s] -- Up-to-date: /home/vasee22/COAR-ROS2-Workspace-mai/COAR-ROS2-Workspace-main/install/rviz_marker_tools/share/rviz_marker_tools/environment/ament_prefix_path.dsv
[0.176s] -- Up-to-date: /home/vasee22/COAR-ROS2-Workspace-mai/COAR-ROS2-Workspace-main/install/rviz_marker_tools/share/rviz_marker_tools/environment/path.sh
[0.176s] -- Up-to-date: /home/vasee22/COAR-ROS2-Workspace-mai/COAR-ROS2-Workspace-main/install/rviz_marker_tools/share/rviz_marker_tools/environment/path.dsv
[0.176s] -- Up-to-date: /home/vasee22/COAR-ROS2-Workspace-mai/COAR-ROS2-Workspace-main/install/rviz_marker_tools/share/rviz_marker_tools/local_setup.bash
[0.176s] -- Up-to-date: /home/vasee22/COAR-ROS2-Workspace-mai/COAR-ROS2-Workspace-main/install/rviz_marker_tools/share/rviz_marker_tools/local_setup.sh
[0.176s] -- Up-to-date: /home/vasee22/COAR-ROS2-Workspace-mai/COAR-ROS2-Workspace-main/install/rviz_marker_tools/share/rviz_marker_tools/local_setup.zsh
[0.176s] -- Up-to-date: /home/vasee22/COAR-ROS2-Workspace-mai/COAR-ROS2-Workspace-main/install/rviz_marker_tools/share/rviz_marker_tools/local_setup.dsv
[0.176s] -- Installing: /home/vasee22/COAR-ROS2-Workspace-mai/COAR-ROS2-Workspace-main/install/rviz_marker_tools/share/rviz_marker_tools/package.dsv
[0.176s] -- Up-to-date: /home/vasee22/COAR-ROS2-Workspace-mai/COAR-ROS2-Workspace-main/install/rviz_marker_tools/share/ament_index/resource_index/packages/rviz_marker_tools
[0.176s] -- Up-to-date: /home/vasee22/COAR-ROS2-Workspace-mai/COAR-ROS2-Workspace-main/install/rviz_marker_tools/share/rviz_marker_tools/cmake/rviz_marker_toolsTargetsExport.cmake
[0.176s] -- Up-to-date: /home/vasee22/COAR-ROS2-Workspace-mai/COAR-ROS2-Workspace-main/install/rviz_marker_tools/share/rviz_marker_tools/cmake/rviz_marker_toolsTargetsExport-debug.cmake
[0.176s] -- Up-to-date: /home/vasee22/COAR-ROS2-Workspace-mai/COAR-ROS2-Workspace-main/install/rviz_marker_tools/share/rviz_marker_tools/cmake/ament_cmake_export_targets-extras.cmake
[0.176s] -- Up-to-date: /home/vasee22/COAR-ROS2-Workspace-mai/COAR-ROS2-Workspace-main/install/rviz_marker_tools/share/rviz_marker_tools/cmake/ament_cmake_export_dependencies-extras.cmake
[0.176s] -- Up-to-date: /home/vasee22/COAR-ROS2-Workspace-mai/COAR-ROS2-Workspace-main/install/rviz_marker_tools/share/rviz_marker_tools/cmake/rviz_marker_toolsConfig.cmake
[0.176s] -- Up-to-date: /home/vasee22/COAR-ROS2-Workspace-mai/COAR-ROS2-Workspace-main/install/rviz_marker_tools/share/rviz_marker_tools/cmake/rviz_marker_toolsConfig-version.cmake
[0.176s] -- Up-to-date: /home/vasee22/COAR-ROS2-Workspace-mai/COAR-ROS2-Workspace-main/install/rviz_marker_tools/share/rviz_marker_tools/package.xml
[0.191s] Invoked command in '/home/vasee22/COAR-ROS2-Workspace-mai/COAR-ROS2-Workspace-main/build/rviz_marker_tools' returned '0': CMAKE_PREFIX_PATH=${CMAKE_PREFIX_PATH}:/home/vasee22/COAR-ROS2-Workspace-mai/COAR-ROS2-Workspace-main/install/modbus_ros:/home/vasee22/ws_moveit/install/moveit_configs_utils:/home/vasee22/COAR-ROS2-Workspace-main/install/modbus_ros:/opt/ros/jazzy DEBUGINFOD_URLS=https://debuginfod.ubuntu.com /usr/bin/cmake --install /home/vasee22/COAR-ROS2-Workspace-mai/COAR-ROS2-Workspace-main/build/rviz_marker_tools
