[ 25%] [32mBuilding CXX object CMakeFiles/igus_moveit.dir/src/igus_moveit.cpp.o[0m
[ 25%] [32mBuilding CXX object CMakeFiles/igus_rail_moveit.dir/src/igus_rail_moveit.cpp.o[0m
[ 75%] Built target igus_rebel
[ 87%] [32m[1mLinking CXX executable igus_moveit[0m
[ 87%] Built target igus_moveit
[100%] [32m[1mLinking CXX executable igus_rail_moveit[0m
[100%] Built target igus_rail_moveit
-- Install configuration: "Debug"
-- Installing: /home/vasee22/COAR-ROS2-Workspace-mai/COAR-ROS2-Workspace-main/install/igus_rebel/share/igus_rebel/rebel.xml
-- Installing: /home/vasee22/COAR-ROS2-Workspace-mai/COAR-ROS2-Workspace-main/install/igus_rebel/lib/libigus_rebel.so
-- Set non-toolchain portion of runtime path of "/home/vasee22/COAR-ROS2-Workspace-mai/COAR-ROS2-Workspace-main/install/igus_rebel/lib/libigus_rebel.so" to ""
-- Installing: /home/vasee22/COAR-ROS2-Workspace-mai/COAR-ROS2-Workspace-main/install/igus_rebel/lib/igus_rebel/igus_moveit
-- Set non-toolchain portion of runtime path of "/home/vasee22/COAR-ROS2-Workspace-mai/COAR-ROS2-Workspace-main/install/igus_rebel/lib/igus_rebel/igus_moveit" to ""
-- Installing: /home/vasee22/COAR-ROS2-Workspace-mai/COAR-ROS2-Workspace-main/install/igus_rebel/lib/igus_rebel/igus_rail_moveit
-- Set non-toolchain portion of runtime path of "/home/vasee22/COAR-ROS2-Workspace-mai/COAR-ROS2-Workspace-main/install/igus_rebel/lib/igus_rebel/igus_rail_moveit" to ""
-- Up-to-date: /home/vasee22/COAR-ROS2-Workspace-mai/COAR-ROS2-Workspace-main/install/igus_rebel/share/igus_rebel/rebel.xml
-- Installing: /home/vasee22/COAR-ROS2-Workspace-mai/COAR-ROS2-Workspace-main/install/igus_rebel/share/igus_rebel//config
-- Installing: /home/vasee22/COAR-ROS2-Workspace-mai/COAR-ROS2-Workspace-main/install/igus_rebel/share/igus_rebel//config/controller.yaml
-- Installing: /home/vasee22/COAR-ROS2-Workspace-mai/COAR-ROS2-Workspace-main/install/igus_rebel/share/igus_rebel//launch
-- Installing: /home/vasee22/COAR-ROS2-Workspace-mai/COAR-ROS2-Workspace-main/install/igus_rebel/share/igus_rebel//launch/rebel.launch.py
-- Installing: /home/vasee22/COAR-ROS2-Workspace-mai/COAR-ROS2-Workspace-main/install/igus_rebel/share/ament_index/resource_index/package_run_dependencies/igus_rebel
-- Installing: /home/vasee22/COAR-ROS2-Workspace-mai/COAR-ROS2-Workspace-main/install/igus_rebel/share/ament_index/resource_index/parent_prefix_path/igus_rebel
-- Installing: /home/vasee22/COAR-ROS2-Workspace-mai/COAR-ROS2-Workspace-main/install/igus_rebel/share/igus_rebel/environment/ament_prefix_path.sh
-- Installing: /home/vasee22/COAR-ROS2-Workspace-mai/COAR-ROS2-Workspace-main/install/igus_rebel/share/igus_rebel/environment/ament_prefix_path.dsv
-- Installing: /home/vasee22/COAR-ROS2-Workspace-mai/COAR-ROS2-Workspace-main/install/igus_rebel/share/igus_rebel/environment/path.sh
-- Installing: /home/vasee22/COAR-ROS2-Workspace-mai/COAR-ROS2-Workspace-main/install/igus_rebel/share/igus_rebel/environment/path.dsv
-- Installing: /home/vasee22/COAR-ROS2-Workspace-mai/COAR-ROS2-Workspace-main/install/igus_rebel/share/igus_rebel/local_setup.bash
-- Installing: /home/vasee22/COAR-ROS2-Workspace-mai/COAR-ROS2-Workspace-main/install/igus_rebel/share/igus_rebel/local_setup.sh
-- Installing: /home/vasee22/COAR-ROS2-Workspace-mai/COAR-ROS2-Workspace-main/install/igus_rebel/share/igus_rebel/local_setup.zsh
-- Installing: /home/vasee22/COAR-ROS2-Workspace-mai/COAR-ROS2-Workspace-main/install/igus_rebel/share/igus_rebel/local_setup.dsv
-- Installing: /home/vasee22/COAR-ROS2-Workspace-mai/COAR-ROS2-Workspace-main/install/igus_rebel/share/igus_rebel/package.dsv
-- Installing: /home/vasee22/COAR-ROS2-Workspace-mai/COAR-ROS2-Workspace-main/install/igus_rebel/share/ament_index/resource_index/packages/igus_rebel
-- Installing: /home/vasee22/COAR-ROS2-Workspace-mai/COAR-ROS2-Workspace-main/install/igus_rebel/share/ament_index/resource_index/hardware_interface__pluginlib__plugin/igus_rebel
-- Installing: /home/vasee22/COAR-ROS2-Workspace-mai/COAR-ROS2-Workspace-main/install/igus_rebel/share/igus_rebel/cmake/igus_rebelConfig.cmake
-- Installing: /home/vasee22/COAR-ROS2-Workspace-mai/COAR-ROS2-Workspace-main/install/igus_rebel/share/igus_rebel/cmake/igus_rebelConfig-version.cmake
-- Installing: /home/vasee22/COAR-ROS2-Workspace-mai/COAR-ROS2-Workspace-main/install/igus_rebel/share/igus_rebel/package.xml
