[0.013s] Invoking command in '/home/vasee22/COAR-ROS2-Workspace-mai/COAR-ROS2-Workspace-main/build/igus_rebel_msgs': CMAKE_PREFIX_PATH=${CMAKE_PREFIX_PATH}:/opt/ros/jazzy DEBUGINFOD_URLS=https://debuginfod.ubuntu.com /usr/bin/cmake /home/vasee22/COAR-ROS2-Workspace-mai/COAR-ROS2-Workspace-main/src/igus_rebel_ros2/igus_rebel_msgs -DCMAKE_BUILD_TYPE=Debug -DCMAKE_INSTALL_PREFIX=/home/vasee22/COAR-ROS2-Workspace-mai/COAR-ROS2-Workspace-main/install/igus_rebel_msgs
[0.079s] -- The C compiler identification is GNU 13.3.0
[0.147s] -- The CXX compiler identification is GNU 13.3.0
[0.166s] -- Detecting C compiler ABI info
[0.278s] -- Detecting C compiler ABI info - done
[0.292s] -- Check for working C compiler: /usr/bin/cc - skipped
[0.292s] -- Detecting C compile features
[0.294s] -- Detecting C compile features - done
[0.305s] -- Detecting CXX compiler ABI info
[0.431s] -- Detecting CXX compiler ABI info - done
[0.445s] -- Check for working CXX compiler: /usr/bin/c++ - skipped
[0.445s] -- Detecting CXX compile features
[0.446s] -- Detecting CXX compile features - done
[0.451s] -- Found ament_cmake: 2.5.5 (/opt/ros/jazzy/share/ament_cmake/cmake)
[0.648s] -- Found Python3: /usr/bin/python3 (found version "3.12.3") found components: Interpreter 
[0.797s] -- Found rclcpp: 28.1.16 (/opt/ros/jazzy/share/rclcpp/cmake)
[0.872s] -- Found rosidl_generator_c: 4.6.7 (/opt/ros/jazzy/share/rosidl_generator_c/cmake)
[0.896s] -- Found rosidl_generator_cpp: 4.6.7 (/opt/ros/jazzy/share/rosidl_generator_cpp/cmake)
[0.925s] -- Using all available rosidl_typesupport_c: rosidl_typesupport_fastrtps_c;rosidl_typesupport_introspection_c
[0.957s] -- Using all available rosidl_typesupport_cpp: rosidl_typesupport_fastrtps_cpp;rosidl_typesupport_introspection_cpp
[1.099s] -- Found rmw_implementation_cmake: 7.3.3 (/opt/ros/jazzy/share/rmw_implementation_cmake/cmake)
[1.106s] -- Found rmw_fastrtps_cpp: 8.4.3 (/opt/ros/jazzy/share/rmw_fastrtps_cpp/cmake)
[1.232s] -- Found OpenSSL: /usr/lib/x86_64-linux-gnu/libcrypto.so (found version "3.0.13")  
[1.264s] -- Found FastRTPS: /opt/ros/jazzy/include (Required is at least version "2.13") 
[1.297s] -- Using RMW implementation 'rmw_fastrtps_cpp' as default
[1.443s] -- Found rclpy: 7.1.9 (/opt/ros/jazzy/share/rclpy/cmake)
[1.447s] -- Found std_msgs: 5.3.6 (/opt/ros/jazzy/share/std_msgs/cmake)
[1.476s] -- Found sensor_msgs: 5.3.6 (/opt/ros/jazzy/share/sensor_msgs/cmake)
[1.557s] -- Found rosidl_default_generators: 1.6.0 (/opt/ros/jazzy/share/rosidl_default_generators/cmake)
[1.584s] -- Found rosidl_adapter: 4.6.7 (/opt/ros/jazzy/share/rosidl_adapter/cmake)
[2.340s] -- Found ament_cmake_ros: 0.12.0 (/opt/ros/jazzy/share/ament_cmake_ros/cmake)
[3.264s] -- Using all available rosidl_typesupport_c: rosidl_typesupport_fastrtps_c;rosidl_typesupport_introspection_c
[3.631s] -- Using all available rosidl_typesupport_cpp: rosidl_typesupport_fastrtps_cpp;rosidl_typesupport_introspection_cpp
[3.639s] -- Found python_cmake_module: 0.11.1 (/opt/ros/jazzy/share/python_cmake_module/cmake)
[3.824s] -- Found PythonExtra: /usr/bin/python3  
[4.367s] -- Found Python3: /usr/bin/python3 (found version "3.12.3") found components: Interpreter Development NumPy Development.Module Development.Embed 
[4.419s] -- Configuring done (4.4s)
[4.465s] -- Generating done (0.0s)
[4.479s] -- Build files have been written to: /home/vasee22/COAR-ROS2-Workspace-mai/COAR-ROS2-Workspace-main/build/igus_rebel_msgs
