[ 33%] [32mBuilding CXX object CMakeFiles/igus_rebel.dir/src/RebelSocket.cpp.o[0m
[ 33%] [32m[1mLinking CXX executable end_effector_movement[0m
[ 33%] [32mBuilding CXX object CMakeFiles/igus_rail_moveit.dir/src/igus_rail_moveit.cpp.o[0m
[ 41%] [32mBuilding CXX object CMakeFiles/igus_moveit.dir/src/igus_moveit.cpp.o[0m
[ 33%] [32mBuilding CXX object CMakeFiles/igus_rebel.dir/src/Rebel.cpp.o[0m
[ 50%] [32mBuilding CXX object CMakeFiles/igus_rebel.dir/src/CriMessages.cpp.o[0m
[ 58%] [32m[1mLinking CXX executable igus_rebel_pick_and_place[0m
[ 66%] Built target end_effector_movement
[ 75%] Built target igus_rebel_pick_and_place
[ 83%] [32m[1mLinking CXX shared library libigus_rebel.so[0m
[ 83%] Built target igus_rebel
[ 91%] [32m[1mLinking CXX executable igus_moveit[0m
[ 91%] Built target igus_moveit
[100%] [32m[1mLinking CXX executable igus_rail_moveit[0m
[100%] Built target igus_rail_moveit
-- Install configuration: "Debug"
-- Up-to-date: /home/vasee22/COAR-ROS2-Workspace-main/install/igus_rebel/share/igus_rebel/rebel.xml
-- Installing: /home/vasee22/COAR-ROS2-Workspace-main/install/igus_rebel/lib/libigus_rebel.so
-- Set non-toolchain portion of runtime path of "/home/vasee22/COAR-ROS2-Workspace-main/install/igus_rebel/lib/libigus_rebel.so" to ""
-- Installing: /home/vasee22/COAR-ROS2-Workspace-main/install/igus_rebel/lib/igus_rebel/igus_moveit
-- Set non-toolchain portion of runtime path of "/home/vasee22/COAR-ROS2-Workspace-main/install/igus_rebel/lib/igus_rebel/igus_moveit" to ""
-- Installing: /home/vasee22/COAR-ROS2-Workspace-main/install/igus_rebel/lib/igus_rebel/igus_rail_moveit
-- Set non-toolchain portion of runtime path of "/home/vasee22/COAR-ROS2-Workspace-main/install/igus_rebel/lib/igus_rebel/igus_rail_moveit" to ""
-- Installing: /home/vasee22/COAR-ROS2-Workspace-main/install/igus_rebel/lib/igus_rebel/end_effector_movement
-- Set non-toolchain portion of runtime path of "/home/vasee22/COAR-ROS2-Workspace-main/install/igus_rebel/lib/igus_rebel/end_effector_movement" to ""
-- Installing: /home/vasee22/COAR-ROS2-Workspace-main/install/igus_rebel/lib/igus_rebel/igus_rebel_pick_and_place
-- Set non-toolchain portion of runtime path of "/home/vasee22/COAR-ROS2-Workspace-main/install/igus_rebel/lib/igus_rebel/igus_rebel_pick_and_place" to ""
-- Up-to-date: /home/vasee22/COAR-ROS2-Workspace-main/install/igus_rebel/share/igus_rebel/rebel.xml
-- Up-to-date: /home/vasee22/COAR-ROS2-Workspace-main/install/igus_rebel/share/igus_rebel//config
-- Up-to-date: /home/vasee22/COAR-ROS2-Workspace-main/install/igus_rebel/share/igus_rebel//config/controller.yaml
-- Up-to-date: /home/vasee22/COAR-ROS2-Workspace-main/install/igus_rebel/share/igus_rebel//launch
-- Up-to-date: /home/vasee22/COAR-ROS2-Workspace-main/install/igus_rebel/share/igus_rebel//launch/pick_and_place.launch.py
-- Up-to-date: /home/vasee22/COAR-ROS2-Workspace-main/install/igus_rebel/share/igus_rebel//launch/rebel.launch.py
-- Up-to-date: /home/vasee22/COAR-ROS2-Workspace-main/install/igus_rebel/share/ament_index/resource_index/package_run_dependencies/igus_rebel
-- Up-to-date: /home/vasee22/COAR-ROS2-Workspace-main/install/igus_rebel/share/ament_index/resource_index/parent_prefix_path/igus_rebel
-- Up-to-date: /home/vasee22/COAR-ROS2-Workspace-main/install/igus_rebel/share/igus_rebel/environment/ament_prefix_path.sh
-- Up-to-date: /home/vasee22/COAR-ROS2-Workspace-main/install/igus_rebel/share/igus_rebel/environment/ament_prefix_path.dsv
-- Up-to-date: /home/vasee22/COAR-ROS2-Workspace-main/install/igus_rebel/share/igus_rebel/environment/path.sh
-- Up-to-date: /home/vasee22/COAR-ROS2-Workspace-main/install/igus_rebel/share/igus_rebel/environment/path.dsv
-- Up-to-date: /home/vasee22/COAR-ROS2-Workspace-main/install/igus_rebel/share/igus_rebel/local_setup.bash
-- Up-to-date: /home/vasee22/COAR-ROS2-Workspace-main/install/igus_rebel/share/igus_rebel/local_setup.sh
-- Up-to-date: /home/vasee22/COAR-ROS2-Workspace-main/install/igus_rebel/share/igus_rebel/local_setup.zsh
-- Up-to-date: /home/vasee22/COAR-ROS2-Workspace-main/install/igus_rebel/share/igus_rebel/local_setup.dsv
-- Installing: /home/vasee22/COAR-ROS2-Workspace-main/install/igus_rebel/share/igus_rebel/package.dsv
-- Up-to-date: /home/vasee22/COAR-ROS2-Workspace-main/install/igus_rebel/share/ament_index/resource_index/packages/igus_rebel
-- Up-to-date: /home/vasee22/COAR-ROS2-Workspace-main/install/igus_rebel/share/ament_index/resource_index/hardware_interface__pluginlib__plugin/igus_rebel
-- Up-to-date: /home/vasee22/COAR-ROS2-Workspace-main/install/igus_rebel/share/igus_rebel/cmake/igus_rebelConfig.cmake
-- Up-to-date: /home/vasee22/COAR-ROS2-Workspace-main/install/igus_rebel/share/igus_rebel/cmake/igus_rebelConfig-version.cmake
-- Up-to-date: /home/vasee22/COAR-ROS2-Workspace-main/install/igus_rebel/share/igus_rebel/package.xml
