-- Found ament_cmake: 2.5.5 (/opt/ros/jazzy/share/ament_cmake/cmake)
-- Found rclcpp: 28.1.16 (/opt/ros/jazzy/share/rclcpp/cmake)
-- Found rosidl_generator_c: 4.6.7 (/opt/ros/jazzy/share/rosidl_generator_c/cmake)
-- Found rosidl_generator_cpp: 4.6.7 (/opt/ros/jazzy/share/rosidl_generator_cpp/cmake)
-- Using all available rosidl_typesupport_c: rosidl_typesupport_fastrtps_c;rosidl_typesupport_introspection_c
-- Using all available rosidl_typesupport_cpp: rosidl_typesupport_fastrtps_cpp;rosidl_typesupport_introspection_cpp
-- Found rmw_implementation_cmake: 7.3.3 (/opt/ros/jazzy/share/rmw_implementation_cmake/cmake)
-- Found rmw_fastrtps_cpp: 8.4.3 (/opt/ros/jazzy/share/rmw_fastrtps_cpp/cmake)
-- Using RMW implementation 'rmw_fastrtps_cpp' as default
-- Found rclpy: 7.1.9 (/opt/ros/jazzy/share/rclpy/cmake)
-- Found std_msgs: 5.3.6 (/opt/ros/jazzy/share/std_msgs/cmake)
-- Found sensor_msgs: 5.3.6 (/opt/ros/jazzy/share/sensor_msgs/cmake)
-- Found igus_rebel_msgs: 0.0.0 (/home/vasee22/COAR-ROS2-Workspace-main/install/igus_rebel_msgs/share/igus_rebel_msgs/cmake)
-- Found moveit_ros_planning_interface: 2.14.1 (/home/vasee22/ws_moveit/install/moveit_ros_planning_interface/share/moveit_ros_planning_interface/cmake)
-- Found Boost: /usr/lib/x86_64-linux-gnu/cmake/Boost-1.83.0/BoostConfig.cmake (found version "1.83.0") found components: date_time filesystem program_options system thread 
-- Found Boost: /usr/lib/x86_64-linux-gnu/cmake/Boost-1.83.0/BoostConfig.cmake (found version "1.83.0") found components: chrono date_time filesystem iostreams program_options regex serialization system thread 
-- Found parameter_traits: 0.6.0 (/opt/ros/jazzy/share/parameter_traits/cmake)
-- Found rclcpp_lifecycle: 28.1.16 (/opt/ros/jazzy/share/rclcpp_lifecycle/cmake)
-- Found Boost: /usr/lib/x86_64-linux-gnu/cmake/Boost-1.83.0/BoostConfig.cmake (found version "1.83.0") found components: filesystem 
-- Ensuring Eigen3 include directory is part of orocos-kdl CMake target
-- Found Boost: /usr/lib/x86_64-linux-gnu/cmake/Boost-1.83.0/BoostConfig.cmake (found version "1.83.0") found components: system filesystem date_time program_options thread chrono 
-- Found Boost: /usr/lib/x86_64-linux-gnu/cmake/Boost-1.83.0/BoostConfig.cmake (found version "1.83.0") found components: thread system filesystem regex date_time program_options 
-- Found Boost: /usr/lib/x86_64-linux-gnu/cmake/Boost-1.83.0/BoostConfig.cmake (found version "1.83.0") found components: system filesystem date_time program_options thread 
-- Found moveit_task_constructor_core: 0.1.4 (/home/vasee22/ws_moveit/install/moveit_task_constructor_core/share/moveit_task_constructor_core/cmake)
-- Found hardware_interface: 4.42.2 (/opt/ros/jazzy/share/hardware_interface/cmake)
-- Found ament_lint_auto: 0.17.4 (/opt/ros/jazzy/share/ament_lint_auto/cmake)
-- Added test 'cppcheck' to perform static code analysis on C / C++ code
-- Configured cppcheck include dirs: /home/vasee22/COAR-ROS2-Workspace-main/src/igus_rebel_ros2/igus_rebel/include
-- Configured cppcheck exclude dirs and/or files: 
-- Added test 'flake8' to check Python code syntax and style conventions
-- Configured 'flake8' exclude dirs and/or files: 
-- Added test 'lint_cmake' to check CMake code style
-- Added test 'pep257' to check Python code against some of the docstring style conventions in PEP 257
-- Added test 'uncrustify' to check C / C++ code style
-- Configured uncrustify additional arguments: 
-- Added test 'xmllint' to check XML markup files
-- Configuring done (0.8s)
-- Generating done (0.0s)
-- Build files have been written to: /home/vasee22/COAR-ROS2-Workspace-main/build/igus_rebel
[  8%] [32mBuilding CXX object CMakeFiles/igus_rebel_pick_and_place.dir/src/igus_rebel_pick_and_place.cpp.o[0m
[ 75%] Built target igus_rail_moveit
[ 75%] Built target igus_moveit
[ 75%] Built target end_effector_movement
[ 91%] Built target igus_rebel
[100%] [32m[1mLinking CXX executable igus_rebel_pick_and_place[0m
[100%] Built target igus_rebel_pick_and_place
-- Install configuration: "Debug"
-- Up-to-date: /home/vasee22/COAR-ROS2-Workspace-main/install/igus_rebel/share/igus_rebel/rebel.xml
-- Up-to-date: /home/vasee22/COAR-ROS2-Workspace-main/install/igus_rebel/lib/libigus_rebel.so
-- Up-to-date: /home/vasee22/COAR-ROS2-Workspace-main/install/igus_rebel/lib/igus_rebel/igus_moveit
-- Up-to-date: /home/vasee22/COAR-ROS2-Workspace-main/install/igus_rebel/lib/igus_rebel/igus_rail_moveit
-- Up-to-date: /home/vasee22/COAR-ROS2-Workspace-main/install/igus_rebel/lib/igus_rebel/end_effector_movement
-- Installing: /home/vasee22/COAR-ROS2-Workspace-main/install/igus_rebel/lib/igus_rebel/igus_rebel_pick_and_place
-- Set non-toolchain portion of runtime path of "/home/vasee22/COAR-ROS2-Workspace-main/install/igus_rebel/lib/igus_rebel/igus_rebel_pick_and_place" to ""
-- Up-to-date: /home/vasee22/COAR-ROS2-Workspace-main/install/igus_rebel/share/igus_rebel/rebel.xml
-- Up-to-date: /home/vasee22/COAR-ROS2-Workspace-main/install/igus_rebel/share/igus_rebel//config
-- Up-to-date: /home/vasee22/COAR-ROS2-Workspace-main/install/igus_rebel/share/igus_rebel//config/controller.yaml
-- Up-to-date: /home/vasee22/COAR-ROS2-Workspace-main/install/igus_rebel/share/igus_rebel//launch
-- Up-to-date: /home/vasee22/COAR-ROS2-Workspace-main/install/igus_rebel/share/igus_rebel//launch/rebel.launch.py
-- Up-to-date: /home/vasee22/COAR-ROS2-Workspace-main/install/igus_rebel/share/ament_index/resource_index/package_run_dependencies/igus_rebel
-- Installing: /home/vasee22/COAR-ROS2-Workspace-main/install/igus_rebel/share/ament_index/resource_index/parent_prefix_path/igus_rebel
-- Up-to-date: /home/vasee22/COAR-ROS2-Workspace-main/install/igus_rebel/share/igus_rebel/environment/ament_prefix_path.sh
-- Up-to-date: /home/vasee22/COAR-ROS2-Workspace-main/install/igus_rebel/share/igus_rebel/environment/ament_prefix_path.dsv
-- Up-to-date: /home/vasee22/COAR-ROS2-Workspace-main/install/igus_rebel/share/igus_rebel/environment/path.sh
-- Up-to-date: /home/vasee22/COAR-ROS2-Workspace-main/install/igus_rebel/share/igus_rebel/environment/path.dsv
-- Up-to-date: /home/vasee22/COAR-ROS2-Workspace-main/install/igus_rebel/share/igus_rebel/local_setup.bash
-- Up-to-date: /home/vasee22/COAR-ROS2-Workspace-main/install/igus_rebel/share/igus_rebel/local_setup.sh
-- Up-to-date: /home/vasee22/COAR-ROS2-Workspace-main/install/igus_rebel/share/igus_rebel/local_setup.zsh
-- Up-to-date: /home/vasee22/COAR-ROS2-Workspace-main/install/igus_rebel/share/igus_rebel/local_setup.dsv
-- Installing: /home/vasee22/COAR-ROS2-Workspace-main/install/igus_rebel/share/igus_rebel/package.dsv
-- Up-to-date: /home/vasee22/COAR-ROS2-Workspace-main/install/igus_rebel/share/ament_index/resource_index/packages/igus_rebel
-- Up-to-date: /home/vasee22/COAR-ROS2-Workspace-main/install/igus_rebel/share/ament_index/resource_index/hardware_interface__pluginlib__plugin/igus_rebel
-- Up-to-date: /home/vasee22/COAR-ROS2-Workspace-main/install/igus_rebel/share/igus_rebel/cmake/igus_rebelConfig.cmake
-- Up-to-date: /home/vasee22/COAR-ROS2-Workspace-main/install/igus_rebel/share/igus_rebel/cmake/igus_rebelConfig-version.cmake
-- Up-to-date: /home/vasee22/COAR-ROS2-Workspace-main/install/igus_rebel/share/igus_rebel/package.xml
