[ 33%] Built target igus_rebel
[ 58%] Built target igus_moveit
[ 66%] Built target igus_rail_moveit
[ 83%] Built target end_effector_movement
[ 91%] [32mBuilding CXX object CMakeFiles/igus_rebel_pick_and_place.dir/src/igus_rebel_pick_and_place.cpp.o[0m
[100%] [32m[1mLinking CXX executable igus_rebel_pick_and_place[0m
[100%] Built target igus_rebel_pick_and_place
-- Install configuration: "Debug"
-- Up-to-date: /home/vasee22/COAR-ROS2-Workspace-main/install/igus_rebel/share/igus_rebel/rebel.xml
-- Up-to-date: /home/vasee22/COAR-ROS2-Workspace-main/install/igus_rebel/lib/libigus_rebel.so
-- Up-to-date: /home/vasee22/COAR-ROS2-Workspace-main/install/igus_rebel/lib/igus_rebel/igus_moveit
-- Up-to-date: /home/vasee22/COAR-ROS2-Workspace-main/install/igus_rebel/lib/igus_rebel/igus_rail_moveit
-- Up-to-date: /home/vasee22/COAR-ROS2-Workspace-main/install/igus_rebel/lib/igus_rebel/end_effector_movement
-- Installing: /home/vasee22/COAR-ROS2-Workspace-main/install/igus_rebel/lib/igus_rebel/igus_rebel_pick_and_place
-- Set non-toolchain portion of runtime path of "/home/vasee22/COAR-ROS2-Workspace-main/install/igus_rebel/lib/igus_rebel/igus_rebel_pick_and_place" to ""
-- Up-to-date: /home/vasee22/COAR-ROS2-Workspace-main/install/igus_rebel/share/igus_rebel/rebel.xml
-- Up-to-date: /home/vasee22/COAR-ROS2-Workspace-main/install/igus_rebel/share/igus_rebel//config
-- Up-to-date: /home/vasee22/COAR-ROS2-Workspace-main/install/igus_rebel/share/igus_rebel//config/controller.yaml
-- Up-to-date: /home/vasee22/COAR-ROS2-Workspace-main/install/igus_rebel/share/igus_rebel//launch
-- Up-to-date: /home/vasee22/COAR-ROS2-Workspace-main/install/igus_rebel/share/igus_rebel//launch/pick_and_place.launch.py
-- Up-to-date: /home/vasee22/COAR-ROS2-Workspace-main/install/igus_rebel/share/igus_rebel//launch/rebel.launch.py
-- Up-to-date: /home/vasee22/COAR-ROS2-Workspace-main/install/igus_rebel/share/ament_index/resource_index/package_run_dependencies/igus_rebel
-- Up-to-date: /home/vasee22/COAR-ROS2-Workspace-main/install/igus_rebel/share/ament_index/resource_index/parent_prefix_path/igus_rebel
-- Up-to-date: /home/vasee22/COAR-ROS2-Workspace-main/install/igus_rebel/share/igus_rebel/environment/ament_prefix_path.sh
-- Up-to-date: /home/vasee22/COAR-ROS2-Workspace-main/install/igus_rebel/share/igus_rebel/environment/ament_prefix_path.dsv
-- Up-to-date: /home/vasee22/COAR-ROS2-Workspace-main/install/igus_rebel/share/igus_rebel/environment/path.sh
-- Up-to-date: /home/vasee22/COAR-ROS2-Workspace-main/install/igus_rebel/share/igus_rebel/environment/path.dsv
-- Up-to-date: /home/vasee22/COAR-ROS2-Workspace-main/install/igus_rebel/share/igus_rebel/local_setup.bash
-- Up-to-date: /home/vasee22/COAR-ROS2-Workspace-main/install/igus_rebel/share/igus_rebel/local_setup.sh
-- Up-to-date: /home/vasee22/COAR-ROS2-Workspace-main/install/igus_rebel/share/igus_rebel/local_setup.zsh
-- Up-to-date: /home/vasee22/COAR-ROS2-Workspace-main/install/igus_rebel/share/igus_rebel/local_setup.dsv
-- Installing: /home/vasee22/COAR-ROS2-Workspace-main/install/igus_rebel/share/igus_rebel/package.dsv
-- Up-to-date: /home/vasee22/COAR-ROS2-Workspace-main/install/igus_rebel/share/ament_index/resource_index/packages/igus_rebel
-- Up-to-date: /home/vasee22/COAR-ROS2-Workspace-main/install/igus_rebel/share/ament_index/resource_index/hardware_interface__pluginlib__plugin/igus_rebel
-- Up-to-date: /home/vasee22/COAR-ROS2-Workspace-main/install/igus_rebel/share/igus_rebel/cmake/igus_rebelConfig.cmake
-- Up-to-date: /home/vasee22/COAR-ROS2-Workspace-main/install/igus_rebel/share/igus_rebel/cmake/igus_rebelConfig-version.cmake
-- Up-to-date: /home/vasee22/COAR-ROS2-Workspace-main/install/igus_rebel/share/igus_rebel/package.xml
