[0.034s] Invoking command in '/home/vasee22/COAR-ROS2-Workspace-mai/COAR-ROS2-Workspace-main/build/moveit_task_constructor_visualization': AMENT_PREFIX_PATH=/home/vasee22/COAR-ROS2-Workspace-mai/COAR-ROS2-Workspace-main/install/moveit_task_constructor_core:/home/vasee22/COAR-ROS2-Workspace-mai/COAR-ROS2-Workspace-main/install/rviz_marker_tools:/home/vasee22/COAR-ROS2-Workspace-mai/COAR-ROS2-Workspace-main/install/moveit_task_constructor_msgs:${AMENT_PREFIX_PATH} CMAKE_MODULE_PATH=/home/vasee22/COAR-ROS2-Workspace-mai/COAR-ROS2-Workspace-main/install/moveit_task_constructor_core/share/moveit_task_constructor_core/cmake:${CMAKE_MODULE_PATH} CMAKE_PREFIX_PATH=/home/vasee22/COAR-ROS2-Workspace-mai/COAR-ROS2-Workspace-main/install/moveit_task_constructor_core:/home/vasee22/COAR-ROS2-Workspace-mai/COAR-ROS2-Workspace-main/install/rviz_marker_tools:/home/vasee22/COAR-ROS2-Workspace-mai/COAR-ROS2-Workspace-main/install/moveit_task_constructor_msgs:/home/vasee22/ws_moveit/install/robotiq_hardware_tests:/home/vasee22/ws_moveit/install/robotiq_driver:/home/vasee22/ws_moveit/install/serial:/home/vasee22/ws_moveit/install/moveit2_tutorials:/home/vasee22/ws_moveit/install/igus_rebel_moveit_config:/home/vasee22/ws_moveit/install/hello_moveit:/home/vasee22/ws_moveit/install/moveit_visual_tools:/home/vasee22/ws_moveit/install/rviz_visual_tools:/home/vasee22/ws_moveit/install/mtc_tutorial:/home/vasee22/ws_moveit/install/moveit_task_constructor_demo:/home/vasee22/ws_moveit/install/moveit_task_constructor_visualization:/home/vasee22/ws_moveit/install/moveit_task_constructor_capabilities:/home/vasee22/ws_moveit/install/moveit_task_constructor_core:/home/vasee22/ws_moveit/install/rviz_marker_tools:/home/vasee22/ws_moveit/install/kortex_bringup:/home/vasee22/ws_moveit/install/kinova_gen3_lite_moveit_config:/home/vasee22/ws_moveit/install/kinova_gen3_7dof_robotiq_2f_85_moveit_config:/home/vasee22/ws_moveit/install/kinova_gen3_6dof_robotiq_2f_85_moveit_config:/home/vasee22/ws_moveit/install/kortex_description:/home/vasee22/ws_moveit/install/robotiq_description:/home/vasee22/ws_moveit/install/robotiq_controllers:/home/vasee22/ws_moveit/install/pilz_industrial_motion_planner_testutils:/home/vasee22/ws_moveit/install/moveit_runtime:/home/vasee22/ws_moveit/install/moveit:/home/vasee22/ws_moveit/install/moveit_planners:/home/vasee22/ws_moveit/install/pilz_industrial_motion_planner:/home/vasee22/ws_moveit/install/moveit_task_constructor_msgs:/home/vasee22/ws_moveit/install/moveit_ros_control_interface:/home/vasee22/ws_moveit/install/moveit_plugins:/home/vasee22/ws_moveit/install/moveit_simple_controller_manager:/home/vasee22/ws_moveit/install/moveit_setup_assistant:/home/vasee22/ws_moveit/install/moveit_setup_srdf_plugins:/home/vasee22/ws_moveit/install/moveit_setup_core_plugins:/home/vasee22/ws_moveit/install/moveit_setup_controllers:/home/vasee22/ws_moveit/install/moveit_setup_app_plugins:/home/vasee22/ws_moveit/install/moveit_setup_framework:/home/vasee22/ws_moveit/install/moveit_servo:/home/vasee22/ws_moveit/install/moveit_ros_trajectory_cache:/home/vasee22/ws_moveit/install/moveit_ros:/home/vasee22/ws_moveit/install/moveit_ros_visualization:/home/vasee22/ws_moveit/install/moveit_py:/home/vasee22/ws_moveit/install/moveit_hybrid_planning:/home/vasee22/ws_moveit/install/moveit_ros_planning_interface:/home/vasee22/ws_moveit/install/moveit_ros_benchmarks:/home/vasee22/ws_moveit/install/moveit_ros_warehouse:/home/vasee22/ws_moveit/install/moveit_ros_robot_interaction:/home/vasee22/ws_moveit/install/moveit_ros_perception:/home/vasee22/ws_moveit/install/moveit_resources_prbt_pg70_support:/home/vasee22/ws_moveit/install/moveit_resources_prbt_moveit_config:/home/vasee22/ws_moveit/install/moveit_ros_move_group:/home/vasee22/ws_moveit/install/moveit_planners_ompl:/home/vasee22/ws_moveit/install/moveit_kinematics:/home/vasee22/ws_moveit/install/moveit_ros_planning:/home/vasee22/ws_moveit/install/moveit_ros_occupancy_map_monitor:/home/vasee22/ws_moveit/install/moveit_resources_prbt_support:/home/vasee22/ws_moveit/install/moveit_resources_prbt_ikfast_manipulator_plugin:/home/vasee22/ws_moveit/install/moveit_resources:/home/vasee22/ws_moveit/install/moveit_resources_pr2_description:/home/vasee22/ws_moveit/install/moveit_resources_panda_moveit_config:/home/vasee22/ws_moveit/install/dual_arm_panda_moveit_config:/home/vasee22/ws_moveit/install/moveit_resources_panda_description:/home/vasee22/ws_moveit/install/moveit_resources_fanuc_moveit_config:/home/vasee22/ws_moveit/install/moveit_resources_fanuc_description:/home/vasee22/ws_moveit/install/moveit_planners_stomp:/home/vasee22/ws_moveit/install/moveit_planners_chomp:/home/vasee22/ws_moveit/install/chomp_motion_planner:/home/vasee22/ws_moveit/install/moveit_core:/home/vasee22/ws_moveit/install/moveit_msgs:/home/vasee22/ws_moveit/install/moveit_common:/home/vasee22/ws_moveit/install/kortex_driver:/home/vasee22/ws_moveit/install/kortex_api:/home/vasee22/ws_moveit/install/igus_rebel:/home/vasee22/ws_moveit/install/igus_rebel_msgs:/home/vasee22/ws_moveit/install/igus_rebel_description:/home/vasee22/COAR-ROS2-Workspace-main/install/igus_rebel:/home/vasee22/COAR-ROS2-Workspace-main/install/igus_rebel_msgs:/home/vasee22/COAR-ROS2-Workspace-main/install/igus_rebel_moveit_config:/home/vasee22/COAR-ROS2-Workspace-main/install/igus_rebel_description:/home/vasee22/COAR-ROS2-Workspace-mai/COAR-ROS2-Workspace-main/install/igus_rebel:/home/vasee22/COAR-ROS2-Workspace-mai/COAR-ROS2-Workspace-main/install/igus_rebel_msgs:/home/vasee22/COAR-ROS2-Workspace-mai/COAR-ROS2-Workspace-main/install/igus_rebel_moveit_config:/home/vasee22/COAR-ROS2-Workspace-mai/COAR-ROS2-Workspace-main/install/igus_rebel_description:/opt/ros/jazzy/opt/gz_sim_vendor:/opt/ros/jazzy/opt/gz_sensors_vendor:/opt/ros/jazzy/opt/gz_physics_vendor:/opt/ros/jazzy/opt/sdformat_vendor:/opt/ros/jazzy/opt/gz_gui_vendor:/opt/ros/jazzy/opt/gz_transport_vendor:/opt/ros/jazzy/opt/gz_rendering_vendor:/opt/ros/jazzy/opt/gz_plugin_vendor:/opt/ros/jazzy/opt/gz_fuel_tools_vendor:/opt/ros/jazzy/opt/gz_msgs_vendor:/opt/ros/jazzy/opt/gz_common_vendor:/opt/ros/jazzy/opt/gz_math_vendor:/opt/ros/jazzy/opt/gz_utils_vendor:/opt/ros/jazzy/opt/gz_tools_vendor:/opt/ros/jazzy/opt/gz_ogre_next_vendor:/opt/ros/jazzy/opt/gz_dartsim_vendor:/opt/ros/jazzy/opt/gz_cmake_vendor:/home/vasee22/ws_moveit/install/moveit_configs_utils:/home/vasee22/COAR-ROS2-Workspace-main/install/modbus_ros:/home/vasee22/COAR-ROS2-Workspace-mai/COAR-ROS2-Workspace-main/install/modbus_ros:/opt/ros/jazzy DEBUGINFOD_URLS=https://debuginfod.ubuntu.com LD_LIBRARY_PATH=/home/vasee22/COAR-ROS2-Workspace-mai/COAR-ROS2-Workspace-main/install/moveit_task_constructor_core/lib:/home/vasee22/COAR-ROS2-Workspace-mai/COAR-ROS2-Workspace-main/install/rviz_marker_tools/lib:/home/vasee22/COAR-ROS2-Workspace-mai/COAR-ROS2-Workspace-main/install/moveit_task_constructor_msgs/lib:${LD_LIBRARY_PATH} PYTHONPATH=/home/vasee22/COAR-ROS2-Workspace-mai/COAR-ROS2-Workspace-main/install/moveit_task_constructor_core/lib/python3.12/site-packages:/home/vasee22/COAR-ROS2-Workspace-mai/COAR-ROS2-Workspace-main/install/moveit_task_constructor_msgs/lib/python3.12/site-packages:${PYTHONPATH} /usr/bin/cmake /home/vasee22/COAR-ROS2-Workspace-mai/COAR-ROS2-Workspace-main/src/moveit_task_constructor/visualization -DCMAKE_BUILD_TYPE=Debug -DCMAKE_INSTALL_PREFIX=/home/vasee22/COAR-ROS2-Workspace-mai/COAR-ROS2-Workspace-main/install/moveit_task_constructor_visualization
[0.123s] -- The C compiler identification is GNU 13.3.0
[0.203s] -- The CXX compiler identification is GNU 13.3.0
[0.232s] -- Detecting C compiler ABI info
[0.391s] -- Detecting C compiler ABI info - done
[0.405s] -- Check for working C compiler: /usr/bin/cc - skipped
[0.405s] -- Detecting C compile features
[0.407s] -- Detecting C compile features - done
[0.421s] -- Detecting CXX compiler ABI info
[0.582s] -- Detecting CXX compiler ABI info - done
[0.596s] -- Check for working CXX compiler: /usr/bin/c++ - skipped
[0.597s] -- Detecting CXX compile features
[0.597s] -- Detecting CXX compile features - done
[0.617s] -- Found ament_cmake: 2.5.5 (/opt/ros/jazzy/share/ament_cmake/cmake)
[0.926s] -- Found Python3: /usr/bin/python3 (found version "3.12.3") found components: Interpreter 
[1.262s] -- Found Boost: /usr/lib/x86_64-linux-gnu/cmake/Boost-1.83.0/BoostConfig.cmake (found version "1.83.0")  
[1.269s] -- Found moveit_common: 2.14.1 (/home/vasee22/ws_moveit/install/moveit_common/share/moveit_common/cmake)
[1.426s] -- Found moveit_core: 2.14.1 (/home/vasee22/ws_moveit/install/moveit_core/share/moveit_core/cmake)
[1.753s] -- Found Boost: /usr/lib/x86_64-linux-gnu/cmake/Boost-1.83.0/BoostConfig.cmake (found version "1.83.0") found components: chrono date_time filesystem iostreams program_options regex serialization system thread 
[2.002s] -- Found parameter_traits: 0.6.0 (/opt/ros/jazzy/share/parameter_traits/cmake)
[2.158s] -- Found rosidl_generator_c: 4.6.7 (/opt/ros/jazzy/share/rosidl_generator_c/cmake)
[2.205s] -- Found rosidl_generator_cpp: 4.6.7 (/opt/ros/jazzy/share/rosidl_generator_cpp/cmake)
[2.275s] -- Using all available rosidl_typesupport_c: rosidl_typesupport_fastrtps_c;rosidl_typesupport_introspection_c
[2.338s] -- Using all available rosidl_typesupport_cpp: rosidl_typesupport_fastrtps_cpp;rosidl_typesupport_introspection_cpp
[2.561s] -- Found rmw_implementation_cmake: 7.3.3 (/opt/ros/jazzy/share/rmw_implementation_cmake/cmake)
[2.578s] -- Found rmw_fastrtps_cpp: 8.4.3 (/opt/ros/jazzy/share/rmw_fastrtps_cpp/cmake)
[2.747s] -- Found OpenSSL: /usr/lib/x86_64-linux-gnu/libcrypto.so (found version "3.0.13")  
[2.783s] -- Found FastRTPS: /opt/ros/jazzy/include (Required is at least version "2.13") 
[2.824s] -- Using RMW implementation 'rmw_fastrtps_cpp' as default
[3.070s] -- Found rclcpp_lifecycle: 28.1.16 (/opt/ros/jazzy/share/rclcpp_lifecycle/cmake)
[3.163s] -- Found Boost: /usr/lib/x86_64-linux-gnu/cmake/Boost-1.83.0/BoostConfig.cmake (found version "1.83.0") found components: filesystem 
[3.497s] -- Found Eigen3: TRUE (found version "3.4.0") 
[3.497s] -- Ensuring Eigen3 include directory is part of orocos-kdl CMake target
[4.025s] -- Found moveit_ros_visualization: 2.14.1 (/home/vasee22/ws_moveit/install/moveit_ros_visualization/share/moveit_ros_visualization/cmake)
[4.029s] -- Found Boost: /usr/lib/x86_64-linux-gnu/cmake/Boost-1.83.0/BoostConfig.cmake (found version "1.83.0") found components: thread date_time system filesystem 
[4.056s] -- Found Boost: /usr/lib/x86_64-linux-gnu/cmake/Boost-1.83.0/BoostConfig.cmake (found version "1.83.0") found components: system filesystem date_time program_options thread chrono 
[4.114s] -- Found Boost: /usr/lib/x86_64-linux-gnu/cmake/Boost-1.83.0/BoostConfig.cmake (found version "1.83.0") found components: date_time filesystem program_options system thread 
[4.134s] -- Found Boost: /usr/lib/x86_64-linux-gnu/cmake/Boost-1.83.0/BoostConfig.cmake (found version "1.83.0") found components: thread system filesystem regex date_time program_options 
[4.170s] -- Found Boost: /usr/lib/x86_64-linux-gnu/cmake/Boost-1.83.0/BoostConfig.cmake (found version "1.83.0") found components: system filesystem date_time program_options thread 
[4.275s] -- Setting OGRE_DIR to: '/opt/ros/jazzy/share/rviz_ogre_vendor/cmake/../../../opt/rviz_ogre_vendor/lib/OGRE/cmake'
[4.277s] -- Found OGRE
[4.277s] --   static     : OFF
[4.277s] --   components : MeshLodGenerator;Overlay;Paging;Property;RTShaderSystem;Terrain;Volume
[4.277s] --   plugins    : Plugin_BSPSceneManager;Plugin_OctreeSceneManager;Plugin_PCZSceneManager;Plugin_ParticleFX;RenderSystem_GL;RenderSystem_GL3Plus;Codec_STBI
[4.277s] --   media      : /opt/ros/jazzy/opt/rviz_ogre_vendor/share/OGRE/Media
[4.277s] -- OGRE_LIBRARIES: OgreMeshLodGenerator;OgreOverlay;OgrePaging;OgreProperty;OgreRTShaderSystem;OgreTerrain;OgreVolume;OgreMain
[4.277s] -- OGRE_LIBRARY_DIRS: /opt/ros/jazzy/opt/rviz_ogre_vendor/lib
[4.278s] -- OGRE_PLUGINS: Plugin_BSPSceneManager;Plugin_OctreeSceneManager;Plugin_PCZSceneManager;Plugin_ParticleFX;RenderSystem_GL;RenderSystem_GL3Plus;Codec_STBI
[4.278s] -- OGRE_PLUGIN_DIR: /opt/ros/jazzy/opt/rviz_ogre_vendor/lib/OGRE
[4.278s] -- rviz_ogre_vendor::OgreOverlay for IMPORTED_LOCATION_RELEASE: /opt/ros/jazzy/opt/rviz_ogre_vendor/lib/libOgreOverlay.so
[4.278s] -- rviz_ogre_vendor::OgreOverlay for IMPORTED_LOCATION_DEBUG: /opt/ros/jazzy/opt/rviz_ogre_vendor/lib/libOgreOverlay.so
[4.278s] -- rviz_ogre_vendor::OgreMain for IMPORTED_LOCATION_RELEASE: /opt/ros/jazzy/opt/rviz_ogre_vendor/lib/libOgreMain.so
[4.278s] -- rviz_ogre_vendor::OgreMain for IMPORTED_LOCATION_DEBUG: /opt/ros/jazzy/opt/rviz_ogre_vendor/lib/libOgreMain.so
[4.325s] -- Found ZLIB: /usr/lib/x86_64-linux-gnu/libz.so (found version "1.3")  
[4.344s] -- Found OpenGL: /usr/lib/x86_64-linux-gnu/libOpenGL.so   
[4.550s] -- Found X11: /usr/include   
[4.551s] -- Looking for XOpenDisplay in /usr/lib/x86_64-linux-gnu/libX11.so;/usr/lib/x86_64-linux-gnu/libXext.so
[4.719s] -- Looking for XOpenDisplay in /usr/lib/x86_64-linux-gnu/libX11.so;/usr/lib/x86_64-linux-gnu/libXext.so - found
[4.719s] -- Looking for gethostbyname
[4.889s] -- Looking for gethostbyname - found
[4.889s] -- Looking for connect
[5.064s] -- Looking for connect - found
[5.064s] -- Looking for remove
[5.244s] -- Looking for remove - found
[5.244s] -- Looking for shmat
[5.426s] -- Looking for shmat - found
[5.426s] -- Looking for IceConnectionNumber in ICE
[5.614s] -- Looking for IceConnectionNumber in ICE - found
[5.730s] -- Setting yaml-cpp_DIR to: '/opt/ros/jazzy/share/yaml_cpp_vendor/cmake/../../../opt/yaml_cpp_vendor/share/cmake/yaml-cpp'
[6.018s] -- Found moveit_task_constructor_core: 0.1.4 (/home/vasee22/COAR-ROS2-Workspace-mai/COAR-ROS2-Workspace-main/install/moveit_task_constructor_core/share/moveit_task_constructor_core/cmake)
[6.149s] -- Found libyaml_vendor: 1.6.3 (/opt/ros/jazzy/share/libyaml_vendor/cmake)
[6.175s] -- Checking for module 'yaml-0.1'
[6.208s] --   Found yaml-0.1, version 0.2.5
[6.298s] -- Found yaml: 1  
[6.321s] -- Found ament_cmake_gtest: 2.5.5 (/opt/ros/jazzy/share/ament_cmake_gtest/cmake)
[6.333s] -- Found ament_cmake_gmock: 2.5.5 (/opt/ros/jazzy/share/ament_cmake_gmock/cmake)
[6.346s] -- Found launch_testing_ament_cmake: 3.4.10 (/opt/ros/jazzy/share/launch_testing_ament_cmake/cmake)
[6.357s] -- Found python_cmake_module: 0.11.1 (/opt/ros/jazzy/share/python_cmake_module/cmake)
[6.582s] -- Found PythonExtra: /usr/bin/python3  
[6.596s] -- Found gtest sources under '/opt/ros/jazzy/src/gtest_vendor': C++ tests using 'Google Test' will be built
[6.605s] -- Found Threads: TRUE  
[6.620s] -- Found gmock sources under '/opt/ros/jazzy/src/gmock_vendor': C++ tests using 'Google Mock' will be built
[6.638s] -- Configuring done (6.6s)
[6.952s] -- Generating done (0.2s)
[6.978s] -- Build files have been written to: /home/vasee22/COAR-ROS2-Workspace-mai/COAR-ROS2-Workspace-main/build/moveit_task_constructor_visualization
[7.013s] Invoked command in '/home/vasee22/COAR-ROS2-Workspace-mai/COAR-ROS2-Workspace-main/build/moveit_task_constructor_visualization' returned '0': AMENT_PREFIX_PATH=/home/vasee22/COAR-ROS2-Workspace-mai/COAR-ROS2-Workspace-main/install/moveit_task_constructor_core:/home/vasee22/COAR-ROS2-Workspace-mai/COAR-ROS2-Workspace-main/install/rviz_marker_tools:/home/vasee22/COAR-ROS2-Workspace-mai/COAR-ROS2-Workspace-main/install/moveit_task_constructor_msgs:${AMENT_PREFIX_PATH} CMAKE_MODULE_PATH=/home/vasee22/COAR-ROS2-Workspace-mai/COAR-ROS2-Workspace-main/install/moveit_task_constructor_core/share/moveit_task_constructor_core/cmake:${CMAKE_MODULE_PATH} CMAKE_PREFIX_PATH=/home/vasee22/COAR-ROS2-Workspace-mai/COAR-ROS2-Workspace-main/install/moveit_task_constructor_core:/home/vasee22/COAR-ROS2-Workspace-mai/COAR-ROS2-Workspace-main/install/rviz_marker_tools:/home/vasee22/COAR-ROS2-Workspace-mai/COAR-ROS2-Workspace-main/install/moveit_task_constructor_msgs:/home/vasee22/ws_moveit/install/robotiq_hardware_tests:/home/vasee22/ws_moveit/install/robotiq_driver:/home/vasee22/ws_moveit/install/serial:/home/vasee22/ws_moveit/install/moveit2_tutorials:/home/vasee22/ws_moveit/install/igus_rebel_moveit_config:/home/vasee22/ws_moveit/install/hello_moveit:/home/vasee22/ws_moveit/install/moveit_visual_tools:/home/vasee22/ws_moveit/install/rviz_visual_tools:/home/vasee22/ws_moveit/install/mtc_tutorial:/home/vasee22/ws_moveit/install/moveit_task_constructor_demo:/home/vasee22/ws_moveit/install/moveit_task_constructor_visualization:/home/vasee22/ws_moveit/install/moveit_task_constructor_capabilities:/home/vasee22/ws_moveit/install/moveit_task_constructor_core:/home/vasee22/ws_moveit/install/rviz_marker_tools:/home/vasee22/ws_moveit/install/kortex_bringup:/home/vasee22/ws_moveit/install/kinova_gen3_lite_moveit_config:/home/vasee22/ws_moveit/install/kinova_gen3_7dof_robotiq_2f_85_moveit_config:/home/vasee22/ws_moveit/install/kinova_gen3_6dof_robotiq_2f_85_moveit_config:/home/vasee22/ws_moveit/install/kortex_description:/home/vasee22/ws_moveit/install/robotiq_description:/home/vasee22/ws_moveit/install/robotiq_controllers:/home/vasee22/ws_moveit/install/pilz_industrial_motion_planner_testutils:/home/vasee22/ws_moveit/install/moveit_runtime:/home/vasee22/ws_moveit/install/moveit:/home/vasee22/ws_moveit/install/moveit_planners:/home/vasee22/ws_moveit/install/pilz_industrial_motion_planner:/home/vasee22/ws_moveit/install/moveit_task_constructor_msgs:/home/vasee22/ws_moveit/install/moveit_ros_control_interface:/home/vasee22/ws_moveit/install/moveit_plugins:/home/vasee22/ws_moveit/install/moveit_simple_controller_manager:/home/vasee22/ws_moveit/install/moveit_setup_assistant:/home/vasee22/ws_moveit/install/moveit_setup_srdf_plugins:/home/vasee22/ws_moveit/install/moveit_setup_core_plugins:/home/vasee22/ws_moveit/install/moveit_setup_controllers:/home/vasee22/ws_moveit/install/moveit_setup_app_plugins:/home/vasee22/ws_moveit/install/moveit_setup_framework:/home/vasee22/ws_moveit/install/moveit_servo:/home/vasee22/ws_moveit/install/moveit_ros_trajectory_cache:/home/vasee22/ws_moveit/install/moveit_ros:/home/vasee22/ws_moveit/install/moveit_ros_visualization:/home/vasee22/ws_moveit/install/moveit_py:/home/vasee22/ws_moveit/install/moveit_hybrid_planning:/home/vasee22/ws_moveit/install/moveit_ros_planning_interface:/home/vasee22/ws_moveit/install/moveit_ros_benchmarks:/home/vasee22/ws_moveit/install/moveit_ros_warehouse:/home/vasee22/ws_moveit/install/moveit_ros_robot_interaction:/home/vasee22/ws_moveit/install/moveit_ros_perception:/home/vasee22/ws_moveit/install/moveit_resources_prbt_pg70_support:/home/vasee22/ws_moveit/install/moveit_resources_prbt_moveit_config:/home/vasee22/ws_moveit/install/moveit_ros_move_group:/home/vasee22/ws_moveit/install/moveit_planners_ompl:/home/vasee22/ws_moveit/install/moveit_kinematics:/home/vasee22/ws_moveit/install/moveit_ros_planning:/home/vasee22/ws_moveit/install/moveit_ros_occupancy_map_monitor:/home/vasee22/ws_moveit/install/moveit_resources_prbt_support:/home/vasee22/ws_moveit/install/moveit_resources_prbt_ikfast_manipulator_plugin:/home/vasee22/ws_moveit/install/moveit_resources:/home/vasee22/ws_moveit/install/moveit_resources_pr2_description:/home/vasee22/ws_moveit/install/moveit_resources_panda_moveit_config:/home/vasee22/ws_moveit/install/dual_arm_panda_moveit_config:/home/vasee22/ws_moveit/install/moveit_resources_panda_description:/home/vasee22/ws_moveit/install/moveit_resources_fanuc_moveit_config:/home/vasee22/ws_moveit/install/moveit_resources_fanuc_description:/home/vasee22/ws_moveit/install/moveit_planners_stomp:/home/vasee22/ws_moveit/install/moveit_planners_chomp:/home/vasee22/ws_moveit/install/chomp_motion_planner:/home/vasee22/ws_moveit/install/moveit_core:/home/vasee22/ws_moveit/install/moveit_msgs:/home/vasee22/ws_moveit/install/moveit_common:/home/vasee22/ws_moveit/install/kortex_driver:/home/vasee22/ws_moveit/install/kortex_api:/home/vasee22/ws_moveit/install/igus_rebel:/home/vasee22/ws_moveit/install/igus_rebel_msgs:/home/vasee22/ws_moveit/install/igus_rebel_description:/home/vasee22/COAR-ROS2-Workspace-main/install/igus_rebel:/home/vasee22/COAR-ROS2-Workspace-main/install/igus_rebel_msgs:/home/vasee22/COAR-ROS2-Workspace-main/install/igus_rebel_moveit_config:/home/vasee22/COAR-ROS2-Workspace-main/install/igus_rebel_description:/home/vasee22/COAR-ROS2-Workspace-mai/COAR-ROS2-Workspace-main/install/igus_rebel:/home/vasee22/COAR-ROS2-Workspace-mai/COAR-ROS2-Workspace-main/install/igus_rebel_msgs:/home/vasee22/COAR-ROS2-Workspace-mai/COAR-ROS2-Workspace-main/install/igus_rebel_moveit_config:/home/vasee22/COAR-ROS2-Workspace-mai/COAR-ROS2-Workspace-main/install/igus_rebel_description:/opt/ros/jazzy/opt/gz_sim_vendor:/opt/ros/jazzy/opt/gz_sensors_vendor:/opt/ros/jazzy/opt/gz_physics_vendor:/opt/ros/jazzy/opt/sdformat_vendor:/opt/ros/jazzy/opt/gz_gui_vendor:/opt/ros/jazzy/opt/gz_transport_vendor:/opt/ros/jazzy/opt/gz_rendering_vendor:/opt/ros/jazzy/opt/gz_plugin_vendor:/opt/ros/jazzy/opt/gz_fuel_tools_vendor:/opt/ros/jazzy/opt/gz_msgs_vendor:/opt/ros/jazzy/opt/gz_common_vendor:/opt/ros/jazzy/opt/gz_math_vendor:/opt/ros/jazzy/opt/gz_utils_vendor:/opt/ros/jazzy/opt/gz_tools_vendor:/opt/ros/jazzy/opt/gz_ogre_next_vendor:/opt/ros/jazzy/opt/gz_dartsim_vendor:/opt/ros/jazzy/opt/gz_cmake_vendor:/home/vasee22/ws_moveit/install/moveit_configs_utils:/home/vasee22/COAR-ROS2-Workspace-main/install/modbus_ros:/home/vasee22/COAR-ROS2-Workspace-mai/COAR-ROS2-Workspace-main/install/modbus_ros:/opt/ros/jazzy DEBUGINFOD_URLS=https://debuginfod.ubuntu.com LD_LIBRARY_PATH=/home/vasee22/COAR-ROS2-Workspace-mai/COAR-ROS2-Workspace-main/install/moveit_task_constructor_core/lib:/home/vasee22/COAR-ROS2-Workspace-mai/COAR-ROS2-Workspace-main/install/rviz_marker_tools/lib:/home/vasee22/COAR-ROS2-Workspace-mai/COAR-ROS2-Workspace-main/install/moveit_task_constructor_msgs/lib:${LD_LIBRARY_PATH} PYTHONPATH=/home/vasee22/COAR-ROS2-Workspace-mai/COAR-ROS2-Workspace-main/install/moveit_task_constructor_core/lib/python3.12/site-packages:/home/vasee22/COAR-ROS2-Workspace-mai/COAR-ROS2-Workspace-main/install/moveit_task_constructor_msgs/lib/python3.12/site-packages:${PYTHONPATH} /usr/bin/cmake /home/vasee22/COAR-ROS2-Workspace-mai/COAR-ROS2-Workspace-main/src/moveit_task_constructor/visualization -DCMAKE_BUILD_TYPE=Debug -DCMAKE_INSTALL_PREFIX=/home/vasee22/COAR-ROS2-Workspace-mai/COAR-ROS2-Workspace-main/install/moveit_task_constructor_visualization
[7.014s] Invoking command in '/home/vasee22/COAR-ROS2-Workspace-mai/COAR-ROS2-Workspace-main/build/moveit_task_constructor_visualization': AMENT_PREFIX_PATH=/home/vasee22/COAR-ROS2-Workspace-mai/COAR-ROS2-Workspace-main/install/moveit_task_constructor_core:/home/vasee22/COAR-ROS2-Workspace-mai/COAR-ROS2-Workspace-main/install/rviz_marker_tools:/home/vasee22/COAR-ROS2-Workspace-mai/COAR-ROS2-Workspace-main/install/moveit_task_constructor_msgs:${AMENT_PREFIX_PATH} CMAKE_MODULE_PATH=/home/vasee22/COAR-ROS2-Workspace-mai/COAR-ROS2-Workspace-main/install/moveit_task_constructor_core/share/moveit_task_constructor_core/cmake:${CMAKE_MODULE_PATH} CMAKE_PREFIX_PATH=/home/vasee22/COAR-ROS2-Workspace-mai/COAR-ROS2-Workspace-main/install/moveit_task_constructor_core:/home/vasee22/COAR-ROS2-Workspace-mai/COAR-ROS2-Workspace-main/install/rviz_marker_tools:/home/vasee22/COAR-ROS2-Workspace-mai/COAR-ROS2-Workspace-main/install/moveit_task_constructor_msgs:/home/vasee22/ws_moveit/install/robotiq_hardware_tests:/home/vasee22/ws_moveit/install/robotiq_driver:/home/vasee22/ws_moveit/install/serial:/home/vasee22/ws_moveit/install/moveit2_tutorials:/home/vasee22/ws_moveit/install/igus_rebel_moveit_config:/home/vasee22/ws_moveit/install/hello_moveit:/home/vasee22/ws_moveit/install/moveit_visual_tools:/home/vasee22/ws_moveit/install/rviz_visual_tools:/home/vasee22/ws_moveit/install/mtc_tutorial:/home/vasee22/ws_moveit/install/moveit_task_constructor_demo:/home/vasee22/ws_moveit/install/moveit_task_constructor_visualization:/home/vasee22/ws_moveit/install/moveit_task_constructor_capabilities:/home/vasee22/ws_moveit/install/moveit_task_constructor_core:/home/vasee22/ws_moveit/install/rviz_marker_tools:/home/vasee22/ws_moveit/install/kortex_bringup:/home/vasee22/ws_moveit/install/kinova_gen3_lite_moveit_config:/home/vasee22/ws_moveit/install/kinova_gen3_7dof_robotiq_2f_85_moveit_config:/home/vasee22/ws_moveit/install/kinova_gen3_6dof_robotiq_2f_85_moveit_config:/home/vasee22/ws_moveit/install/kortex_description:/home/vasee22/ws_moveit/install/robotiq_description:/home/vasee22/ws_moveit/install/robotiq_controllers:/home/vasee22/ws_moveit/install/pilz_industrial_motion_planner_testutils:/home/vasee22/ws_moveit/install/moveit_runtime:/home/vasee22/ws_moveit/install/moveit:/home/vasee22/ws_moveit/install/moveit_planners:/home/vasee22/ws_moveit/install/pilz_industrial_motion_planner:/home/vasee22/ws_moveit/install/moveit_task_constructor_msgs:/home/vasee22/ws_moveit/install/moveit_ros_control_interface:/home/vasee22/ws_moveit/install/moveit_plugins:/home/vasee22/ws_moveit/install/moveit_simple_controller_manager:/home/vasee22/ws_moveit/install/moveit_setup_assistant:/home/vasee22/ws_moveit/install/moveit_setup_srdf_plugins:/home/vasee22/ws_moveit/install/moveit_setup_core_plugins:/home/vasee22/ws_moveit/install/moveit_setup_controllers:/home/vasee22/ws_moveit/install/moveit_setup_app_plugins:/home/vasee22/ws_moveit/install/moveit_setup_framework:/home/vasee22/ws_moveit/install/moveit_servo:/home/vasee22/ws_moveit/install/moveit_ros_trajectory_cache:/home/vasee22/ws_moveit/install/moveit_ros:/home/vasee22/ws_moveit/install/moveit_ros_visualization:/home/vasee22/ws_moveit/install/moveit_py:/home/vasee22/ws_moveit/install/moveit_hybrid_planning:/home/vasee22/ws_moveit/install/moveit_ros_planning_interface:/home/vasee22/ws_moveit/install/moveit_ros_benchmarks:/home/vasee22/ws_moveit/install/moveit_ros_warehouse:/home/vasee22/ws_moveit/install/moveit_ros_robot_interaction:/home/vasee22/ws_moveit/install/moveit_ros_perception:/home/vasee22/ws_moveit/install/moveit_resources_prbt_pg70_support:/home/vasee22/ws_moveit/install/moveit_resources_prbt_moveit_config:/home/vasee22/ws_moveit/install/moveit_ros_move_group:/home/vasee22/ws_moveit/install/moveit_planners_ompl:/home/vasee22/ws_moveit/install/moveit_kinematics:/home/vasee22/ws_moveit/install/moveit_ros_planning:/home/vasee22/ws_moveit/install/moveit_ros_occupancy_map_monitor:/home/vasee22/ws_moveit/install/moveit_resources_prbt_support:/home/vasee22/ws_moveit/install/moveit_resources_prbt_ikfast_manipulator_plugin:/home/vasee22/ws_moveit/install/moveit_resources:/home/vasee22/ws_moveit/install/moveit_resources_pr2_description:/home/vasee22/ws_moveit/install/moveit_resources_panda_moveit_config:/home/vasee22/ws_moveit/install/dual_arm_panda_moveit_config:/home/vasee22/ws_moveit/install/moveit_resources_panda_description:/home/vasee22/ws_moveit/install/moveit_resources_fanuc_moveit_config:/home/vasee22/ws_moveit/install/moveit_resources_fanuc_description:/home/vasee22/ws_moveit/install/moveit_planners_stomp:/home/vasee22/ws_moveit/install/moveit_planners_chomp:/home/vasee22/ws_moveit/install/chomp_motion_planner:/home/vasee22/ws_moveit/install/moveit_core:/home/vasee22/ws_moveit/install/moveit_msgs:/home/vasee22/ws_moveit/install/moveit_common:/home/vasee22/ws_moveit/install/kortex_driver:/home/vasee22/ws_moveit/install/kortex_api:/home/vasee22/ws_moveit/install/igus_rebel:/home/vasee22/ws_moveit/install/igus_rebel_msgs:/home/vasee22/ws_moveit/install/igus_rebel_description:/home/vasee22/COAR-ROS2-Workspace-main/install/igus_rebel:/home/vasee22/COAR-ROS2-Workspace-main/install/igus_rebel_msgs:/home/vasee22/COAR-ROS2-Workspace-main/install/igus_rebel_moveit_config:/home/vasee22/COAR-ROS2-Workspace-main/install/igus_rebel_description:/home/vasee22/COAR-ROS2-Workspace-mai/COAR-ROS2-Workspace-main/install/igus_rebel:/home/vasee22/COAR-ROS2-Workspace-mai/COAR-ROS2-Workspace-main/install/igus_rebel_msgs:/home/vasee22/COAR-ROS2-Workspace-mai/COAR-ROS2-Workspace-main/install/igus_rebel_moveit_config:/home/vasee22/COAR-ROS2-Workspace-mai/COAR-ROS2-Workspace-main/install/igus_rebel_description:/opt/ros/jazzy/opt/gz_sim_vendor:/opt/ros/jazzy/opt/gz_sensors_vendor:/opt/ros/jazzy/opt/gz_physics_vendor:/opt/ros/jazzy/opt/sdformat_vendor:/opt/ros/jazzy/opt/gz_gui_vendor:/opt/ros/jazzy/opt/gz_transport_vendor:/opt/ros/jazzy/opt/gz_rendering_vendor:/opt/ros/jazzy/opt/gz_plugin_vendor:/opt/ros/jazzy/opt/gz_fuel_tools_vendor:/opt/ros/jazzy/opt/gz_msgs_vendor:/opt/ros/jazzy/opt/gz_common_vendor:/opt/ros/jazzy/opt/gz_math_vendor:/opt/ros/jazzy/opt/gz_utils_vendor:/opt/ros/jazzy/opt/gz_tools_vendor:/opt/ros/jazzy/opt/gz_ogre_next_vendor:/opt/ros/jazzy/opt/gz_dartsim_vendor:/opt/ros/jazzy/opt/gz_cmake_vendor:/home/vasee22/ws_moveit/install/moveit_configs_utils:/home/vasee22/COAR-ROS2-Workspace-main/install/modbus_ros:/home/vasee22/COAR-ROS2-Workspace-mai/COAR-ROS2-Workspace-main/install/modbus_ros:/opt/ros/jazzy DEBUGINFOD_URLS=https://debuginfod.ubuntu.com LD_LIBRARY_PATH=/home/vasee22/COAR-ROS2-Workspace-mai/COAR-ROS2-Workspace-main/install/moveit_task_constructor_core/lib:/home/vasee22/COAR-ROS2-Workspace-mai/COAR-ROS2-Workspace-main/install/rviz_marker_tools/lib:/home/vasee22/COAR-ROS2-Workspace-mai/COAR-ROS2-Workspace-main/install/moveit_task_constructor_msgs/lib:${LD_LIBRARY_PATH} PYTHONPATH=/home/vasee22/COAR-ROS2-Workspace-mai/COAR-ROS2-Workspace-main/install/moveit_task_constructor_core/lib/python3.12/site-packages:/home/vasee22/COAR-ROS2-Workspace-mai/COAR-ROS2-Workspace-main/install/moveit_task_constructor_msgs/lib/python3.12/site-packages:${PYTHONPATH} /usr/bin/cmake --build /home/vasee22/COAR-ROS2-Workspace-mai/COAR-ROS2-Workspace-main/build/moveit_task_constructor_visualization -- -j24 -l24
[7.130s] [  0%] Built target gmock_autogen_timestamp_deps
[7.130s] [  0%] Built target moveit_task_visualization_tools_autogen_timestamp_deps
[7.130s] [  0%] Built target motion_planning_tasks_properties_autogen_timestamp_deps
[7.130s] [  0%] Built target gtest_main_autogen_timestamp_deps
[7.130s] [  0%] Built target gmock_main_autogen_timestamp_deps
[7.130s] [  0%] Built target gtest_autogen_timestamp_deps
[7.130s] [  0%] Built target motion_planning_tasks_utils_autogen_timestamp_deps
[7.177s] [  5%] [34m[1mAutomatic MOC for target gmock_main[0m
[7.177s] [  5%] [34m[1mAutomatic MOC for target motion_planning_tasks_utils[0m
[7.177s] [  5%] [34m[1mAutomatic MOC for target gtest[0m
[7.177s] [  5%] [34m[1mAutomatic MOC for target gmock[0m
[7.258s] [  5%] Built target gmock_main_autogen
[7.258s] [  5%] Built target gtest_autogen
[7.261s] [  5%] Built target gmock_autogen
[7.304s] [ 10%] [32mBuilding CXX object gmock/CMakeFiles/gmock_main.dir/src/gmock_main.cc.o[0m
[7.305s] [ 10%] [34m[1mAutomatic MOC for target moveit_task_visualization_tools[0m
[7.305s] [ 10%] [34m[1mAutomatic MOC for target gtest_main[0m
[7.305s] [ 10%] [32mBuilding CXX object gtest/CMakeFiles/gtest.dir/gtest_autogen/mocs_compilation.cpp.o[0m
[7.305s] [ 11%] [32mBuilding CXX object gmock/CMakeFiles/gmock.dir/src/gmock-all.cc.o[0m
[7.305s] [ 13%] [32mBuilding CXX object gmock/CMakeFiles/gmock.dir/gmock_autogen/mocs_compilation.cpp.o[0m
[7.306s] [ 14%] [34m[1mAutomatic MOC for target motion_planning_tasks_properties[0m
[7.306s] [ 17%] [32mBuilding CXX object gmock/CMakeFiles/gmock_main.dir/gmock_main_autogen/mocs_compilation.cpp.o[0m
[7.306s] [ 17%] [32mBuilding CXX object gtest/CMakeFiles/gtest.dir/src/gtest-all.cc.o[0m
[7.307s] [ 18%] [32mBuilding CXX object gmock/CMakeFiles/gmock.dir/opt/ros/jazzy/src/gtest_vendor/src/gtest-all.cc.o[0m
[7.386s] [ 18%] Built target gtest_main_autogen
[7.386s] [ 18%] Built target motion_planning_tasks_properties_autogen
[7.424s] [ 19%] [32mBuilding CXX object gtest/CMakeFiles/gtest_main.dir/src/gtest_main.cc.o[0m
[7.429s] [ 22%] [32mBuilding CXX object gtest/CMakeFiles/gtest_main.dir/gtest_main_autogen/mocs_compilation.cpp.o[0m
[7.429s] [ 22%] [32mBuilding CXX object motion_planning_tasks/properties/CMakeFiles/motion_planning_tasks_properties.dir/motion_planning_tasks_properties_autogen/mocs_compilation.cpp.o[0m
[7.429s] [ 23%] [32mBuilding CXX object motion_planning_tasks/properties/CMakeFiles/motion_planning_tasks_properties.dir/property_factory.cpp.o[0m
[7.430s] [ 25%] [32mBuilding CXX object motion_planning_tasks/properties/CMakeFiles/motion_planning_tasks_properties.dir/property_from_yaml.cpp.o[0m
[7.472s] [ 25%] Built target motion_planning_tasks_utils_autogen
[7.522s] [ 30%] [32mBuilding CXX object motion_planning_tasks/utils/CMakeFiles/motion_planning_tasks_utils.dir/icon.cpp.o[0m
[7.522s] [ 30%] [32mBuilding CXX object motion_planning_tasks/utils/CMakeFiles/motion_planning_tasks_utils.dir/flat_merge_proxy_model.cpp.o[0m
[7.523s] [ 30%] [32mBuilding CXX object motion_planning_tasks/utils/CMakeFiles/motion_planning_tasks_utils.dir/motion_planning_tasks_utils_autogen/mocs_compilation.cpp.o[0m
[7.523s] [ 30%] [32mBuilding CXX object motion_planning_tasks/utils/CMakeFiles/motion_planning_tasks_utils.dir/tree_merge_proxy_model.cpp.o[0m
[7.684s] [ 30%] Built target moveit_task_visualization_tools_autogen
[7.733s] [ 34%] [32mBuilding CXX object visualization_tools/CMakeFiles/moveit_task_visualization_tools.dir/moveit_task_visualization_tools_autogen/mocs_compilation.cpp.o[0m
[7.733s] [ 34%] [32mBuilding CXX object visualization_tools/CMakeFiles/moveit_task_visualization_tools.dir/src/display_solution.cpp.o[0m
[7.733s] [ 34%] [32mBuilding CXX object visualization_tools/CMakeFiles/moveit_task_visualization_tools.dir/src/marker_visualization.cpp.o[0m
[7.733s] [ 35%] [32mBuilding CXX object visualization_tools/CMakeFiles/moveit_task_visualization_tools.dir/src/task_solution_visualization.cpp.o[0m
[7.733s] [ 36%] [32mBuilding CXX object visualization_tools/CMakeFiles/moveit_task_visualization_tools.dir/src/task_solution_panel.cpp.o[0m
[8.168s] [ 38%] [32m[1mLinking CXX static library libgtest_main.a[0m
[8.208s] [ 39%] [32m[1mLinking CXX static library libgmock_main.a[0m
[8.252s] [ 40%] Built target gtest_main
[8.286s] [ 42%] Built target gmock_main
[8.896s] [ 43%] [32m[1mLinking CXX shared library libmotion_planning_tasks_utils.so[0m
[9.233s] [ 44%] Built target motion_planning_tasks_utils
[10.647s] [ 47%] [32m[1mLinking CXX static library libgmock.a[0m
[10.647s] [ 47%] [32m[1mLinking CXX static library libgtest.a[0m
[10.797s] [ 48%] Built target gtest
[10.815s] [ 50%] Built target gmock
[10.837s] [ 50%] Built target moveit_task_constructor_visualization-test-merge-models_autogen_timestamp_deps
[10.888s] [ 51%] [34m[1mAutomatic MOC for target moveit_task_constructor_visualization-test-merge-models[0m
[10.980s] [ 51%] Built target moveit_task_constructor_visualization-test-merge-models_autogen
[11.031s] [ 53%] [32mBuilding CXX object motion_planning_tasks/test/CMakeFiles/moveit_task_constructor_visualization-test-merge-models.dir/moveit_task_constructor_visualization-test-merge-models_autogen/mocs_compilation.cpp.o[0m
[11.031s] [ 53%] [32mBuilding CXX object motion_planning_tasks/test/CMakeFiles/moveit_task_constructor_visualization-test-merge-models.dir/test_merge_models.cpp.o[0m
[13.004s] [ 55%] [32m[1mLinking CXX executable moveit_task_constructor_visualization-test-merge-models[0m
[13.450s] [ 56%] Built target moveit_task_constructor_visualization-test-merge-models
[16.636s] [ 57%] [32m[1mLinking CXX shared library libmotion_planning_tasks_properties.so[0m
[17.291s] [ 59%] Built target motion_planning_tasks_properties
[20.970s] [ 60%] [32m[1mLinking CXX shared library libmoveit_task_visualization_tools.so[0m
[25.059s] [ 61%] Built target moveit_task_visualization_tools
[25.098s] [ 61%] Built target motion_planning_tasks_rviz_plugin_autogen_timestamp_deps
[25.140s] [ 63%] [34m[1mAutomatic MOC for target motion_planning_tasks_rviz_plugin[0m
[26.068s] [ 63%] Built target motion_planning_tasks_rviz_plugin_autogen
[26.093s] [ 64%] [34m[1mGenerating ui_task_view.h[0m
[26.094s] [ 67%] [34m[1mGenerating ui_task_panel.h[0m
[26.094s] [ 67%] [34m[1mAutomatic RCC for resources.qrc[0m
[26.094s] [ 68%] [34m[1mGenerating ui_global_settings.h[0m
[26.182s] [ 69%] [32mBuilding CXX object motion_planning_tasks/src/CMakeFiles/motion_planning_tasks_rviz_plugin.dir/task_panel.cpp.o[0m
[26.183s] [ 71%] [32mBuilding CXX object motion_planning_tasks/src/CMakeFiles/motion_planning_tasks_rviz_plugin.dir/motion_planning_tasks_rviz_plugin_autogen/mocs_compilation.cpp.o[0m
[26.183s] [ 72%] [32mBuilding CXX object motion_planning_tasks/src/CMakeFiles/motion_planning_tasks_rviz_plugin.dir/factory_model.cpp.o[0m
[26.184s] [ 73%] [32mBuilding CXX object motion_planning_tasks/src/CMakeFiles/motion_planning_tasks_rviz_plugin.dir/icons.cpp.o[0m
[26.184s] [ 75%] [32mBuilding CXX object motion_planning_tasks/src/CMakeFiles/motion_planning_tasks_rviz_plugin.dir/job_queue.cpp.o[0m
[26.184s] [ 76%] [32mBuilding CXX object motion_planning_tasks/src/CMakeFiles/motion_planning_tasks_rviz_plugin.dir/local_task_model.cpp.o[0m
[26.185s] [ 78%] [32mBuilding CXX object motion_planning_tasks/src/CMakeFiles/motion_planning_tasks_rviz_plugin.dir/meta_task_list_model.cpp.o[0m
[26.185s] [ 78%] [32mBuilding CXX object motion_planning_tasks/src/CMakeFiles/motion_planning_tasks_rviz_plugin.dir/plugin_init.cpp.o[0m
[26.186s] [ 80%] [32mBuilding CXX object motion_planning_tasks/src/CMakeFiles/motion_planning_tasks_rviz_plugin.dir/remote_task_model.cpp.o[0m
[26.186s] [ 81%] [32mBuilding CXX object motion_planning_tasks/src/CMakeFiles/motion_planning_tasks_rviz_plugin.dir/task_display.cpp.o[0m
[26.186s] [ 82%] [32mBuilding CXX object motion_planning_tasks/src/CMakeFiles/motion_planning_tasks_rviz_plugin.dir/task_list_model.cpp.o[0m
[26.188s] [ 84%] [32mBuilding CXX object motion_planning_tasks/src/CMakeFiles/motion_planning_tasks_rviz_plugin.dir/motion_planning_tasks_rviz_plugin_autogen/EWIEGA46WW/qrc_resources.cpp.o[0m
[47.836s] [ 85%] [32m[1mLinking CXX shared library libmotion_planning_tasks_rviz_plugin.so[0m
[52.403s] [ 86%] Built target motion_planning_tasks_rviz_plugin
[52.445s] [ 86%] Built target moveit_task_constructor_visualization-test-solution-models_autogen_timestamp_deps
[52.446s] [ 86%] Built target moveit_task_constructor_visualization-test-task_model_autogen_timestamp_deps
[52.485s] [ 88%] [34m[1mAutomatic MOC for target moveit_task_constructor_visualization-test-solution-models[0m
[52.486s] [ 89%] [34m[1mAutomatic MOC for target moveit_task_constructor_visualization-test-task_model[0m
[52.558s] [ 89%] Built target moveit_task_constructor_visualization-test-solution-models_autogen
[52.558s] [ 89%] Built target moveit_task_constructor_visualization-test-task_model_autogen
[52.601s] [ 90%] [32mBuilding CXX object motion_planning_tasks/test/CMakeFiles/moveit_task_constructor_visualization-test-solution-models.dir/moveit_task_constructor_visualization-test-solution-models_autogen/mocs_compilation.cpp.o[0m
[52.601s] [ 93%] [32mBuilding CXX object motion_planning_tasks/test/CMakeFiles/moveit_task_constructor_visualization-test-solution-models.dir/test_solution_models.cpp.o[0m
[52.601s] [ 93%] [32mBuilding CXX object motion_planning_tasks/test/CMakeFiles/moveit_task_constructor_visualization-test-task_model.dir/moveit_task_constructor_visualization-test-task_model_autogen/mocs_compilation.cpp.o[0m
[52.602s] [ 94%] [32mBuilding CXX object motion_planning_tasks/test/CMakeFiles/moveit_task_constructor_visualization-test-task_model.dir/test_task_model.cpp.o[0m
[63.047s] [ 96%] [32m[1mLinking CXX executable moveit_task_constructor_visualization-test-solution-models[0m
[63.432s] [ 97%] [32m[1mLinking CXX executable moveit_task_constructor_visualization-test-task_model[0m
[64.701s] [ 98%] Built target moveit_task_constructor_visualization-test-solution-models
[65.140s] [100%] Built target moveit_task_constructor_visualization-test-task_model
[65.165s] Invoked command in '/home/vasee22/COAR-ROS2-Workspace-mai/COAR-ROS2-Workspace-main/build/moveit_task_constructor_visualization' returned '0': AMENT_PREFIX_PATH=/home/vasee22/COAR-ROS2-Workspace-mai/COAR-ROS2-Workspace-main/install/moveit_task_constructor_core:/home/vasee22/COAR-ROS2-Workspace-mai/COAR-ROS2-Workspace-main/install/rviz_marker_tools:/home/vasee22/COAR-ROS2-Workspace-mai/COAR-ROS2-Workspace-main/install/moveit_task_constructor_msgs:${AMENT_PREFIX_PATH} CMAKE_MODULE_PATH=/home/vasee22/COAR-ROS2-Workspace-mai/COAR-ROS2-Workspace-main/install/moveit_task_constructor_core/share/moveit_task_constructor_core/cmake:${CMAKE_MODULE_PATH} CMAKE_PREFIX_PATH=/home/vasee22/COAR-ROS2-Workspace-mai/COAR-ROS2-Workspace-main/install/moveit_task_constructor_core:/home/vasee22/COAR-ROS2-Workspace-mai/COAR-ROS2-Workspace-main/install/rviz_marker_tools:/home/vasee22/COAR-ROS2-Workspace-mai/COAR-ROS2-Workspace-main/install/moveit_task_constructor_msgs:/home/vasee22/ws_moveit/install/robotiq_hardware_tests:/home/vasee22/ws_moveit/install/robotiq_driver:/home/vasee22/ws_moveit/install/serial:/home/vasee22/ws_moveit/install/moveit2_tutorials:/home/vasee22/ws_moveit/install/igus_rebel_moveit_config:/home/vasee22/ws_moveit/install/hello_moveit:/home/vasee22/ws_moveit/install/moveit_visual_tools:/home/vasee22/ws_moveit/install/rviz_visual_tools:/home/vasee22/ws_moveit/install/mtc_tutorial:/home/vasee22/ws_moveit/install/moveit_task_constructor_demo:/home/vasee22/ws_moveit/install/moveit_task_constructor_visualization:/home/vasee22/ws_moveit/install/moveit_task_constructor_capabilities:/home/vasee22/ws_moveit/install/moveit_task_constructor_core:/home/vasee22/ws_moveit/install/rviz_marker_tools:/home/vasee22/ws_moveit/install/kortex_bringup:/home/vasee22/ws_moveit/install/kinova_gen3_lite_moveit_config:/home/vasee22/ws_moveit/install/kinova_gen3_7dof_robotiq_2f_85_moveit_config:/home/vasee22/ws_moveit/install/kinova_gen3_6dof_robotiq_2f_85_moveit_config:/home/vasee22/ws_moveit/install/kortex_description:/home/vasee22/ws_moveit/install/robotiq_description:/home/vasee22/ws_moveit/install/robotiq_controllers:/home/vasee22/ws_moveit/install/pilz_industrial_motion_planner_testutils:/home/vasee22/ws_moveit/install/moveit_runtime:/home/vasee22/ws_moveit/install/moveit:/home/vasee22/ws_moveit/install/moveit_planners:/home/vasee22/ws_moveit/install/pilz_industrial_motion_planner:/home/vasee22/ws_moveit/install/moveit_task_constructor_msgs:/home/vasee22/ws_moveit/install/moveit_ros_control_interface:/home/vasee22/ws_moveit/install/moveit_plugins:/home/vasee22/ws_moveit/install/moveit_simple_controller_manager:/home/vasee22/ws_moveit/install/moveit_setup_assistant:/home/vasee22/ws_moveit/install/moveit_setup_srdf_plugins:/home/vasee22/ws_moveit/install/moveit_setup_core_plugins:/home/vasee22/ws_moveit/install/moveit_setup_controllers:/home/vasee22/ws_moveit/install/moveit_setup_app_plugins:/home/vasee22/ws_moveit/install/moveit_setup_framework:/home/vasee22/ws_moveit/install/moveit_servo:/home/vasee22/ws_moveit/install/moveit_ros_trajectory_cache:/home/vasee22/ws_moveit/install/moveit_ros:/home/vasee22/ws_moveit/install/moveit_ros_visualization:/home/vasee22/ws_moveit/install/moveit_py:/home/vasee22/ws_moveit/install/moveit_hybrid_planning:/home/vasee22/ws_moveit/install/moveit_ros_planning_interface:/home/vasee22/ws_moveit/install/moveit_ros_benchmarks:/home/vasee22/ws_moveit/install/moveit_ros_warehouse:/home/vasee22/ws_moveit/install/moveit_ros_robot_interaction:/home/vasee22/ws_moveit/install/moveit_ros_perception:/home/vasee22/ws_moveit/install/moveit_resources_prbt_pg70_support:/home/vasee22/ws_moveit/install/moveit_resources_prbt_moveit_config:/home/vasee22/ws_moveit/install/moveit_ros_move_group:/home/vasee22/ws_moveit/install/moveit_planners_ompl:/home/vasee22/ws_moveit/install/moveit_kinematics:/home/vasee22/ws_moveit/install/moveit_ros_planning:/home/vasee22/ws_moveit/install/moveit_ros_occupancy_map_monitor:/home/vasee22/ws_moveit/install/moveit_resources_prbt_support:/home/vasee22/ws_moveit/install/moveit_resources_prbt_ikfast_manipulator_plugin:/home/vasee22/ws_moveit/install/moveit_resources:/home/vasee22/ws_moveit/install/moveit_resources_pr2_description:/home/vasee22/ws_moveit/install/moveit_resources_panda_moveit_config:/home/vasee22/ws_moveit/install/dual_arm_panda_moveit_config:/home/vasee22/ws_moveit/install/moveit_resources_panda_description:/home/vasee22/ws_moveit/install/moveit_resources_fanuc_moveit_config:/home/vasee22/ws_moveit/install/moveit_resources_fanuc_description:/home/vasee22/ws_moveit/install/moveit_planners_stomp:/home/vasee22/ws_moveit/install/moveit_planners_chomp:/home/vasee22/ws_moveit/install/chomp_motion_planner:/home/vasee22/ws_moveit/install/moveit_core:/home/vasee22/ws_moveit/install/moveit_msgs:/home/vasee22/ws_moveit/install/moveit_common:/home/vasee22/ws_moveit/install/kortex_driver:/home/vasee22/ws_moveit/install/kortex_api:/home/vasee22/ws_moveit/install/igus_rebel:/home/vasee22/ws_moveit/install/igus_rebel_msgs:/home/vasee22/ws_moveit/install/igus_rebel_description:/home/vasee22/COAR-ROS2-Workspace-main/install/igus_rebel:/home/vasee22/COAR-ROS2-Workspace-main/install/igus_rebel_msgs:/home/vasee22/COAR-ROS2-Workspace-main/install/igus_rebel_moveit_config:/home/vasee22/COAR-ROS2-Workspace-main/install/igus_rebel_description:/home/vasee22/COAR-ROS2-Workspace-mai/COAR-ROS2-Workspace-main/install/igus_rebel:/home/vasee22/COAR-ROS2-Workspace-mai/COAR-ROS2-Workspace-main/install/igus_rebel_msgs:/home/vasee22/COAR-ROS2-Workspace-mai/COAR-ROS2-Workspace-main/install/igus_rebel_moveit_config:/home/vasee22/COAR-ROS2-Workspace-mai/COAR-ROS2-Workspace-main/install/igus_rebel_description:/opt/ros/jazzy/opt/gz_sim_vendor:/opt/ros/jazzy/opt/gz_sensors_vendor:/opt/ros/jazzy/opt/gz_physics_vendor:/opt/ros/jazzy/opt/sdformat_vendor:/opt/ros/jazzy/opt/gz_gui_vendor:/opt/ros/jazzy/opt/gz_transport_vendor:/opt/ros/jazzy/opt/gz_rendering_vendor:/opt/ros/jazzy/opt/gz_plugin_vendor:/opt/ros/jazzy/opt/gz_fuel_tools_vendor:/opt/ros/jazzy/opt/gz_msgs_vendor:/opt/ros/jazzy/opt/gz_common_vendor:/opt/ros/jazzy/opt/gz_math_vendor:/opt/ros/jazzy/opt/gz_utils_vendor:/opt/ros/jazzy/opt/gz_tools_vendor:/opt/ros/jazzy/opt/gz_ogre_next_vendor:/opt/ros/jazzy/opt/gz_dartsim_vendor:/opt/ros/jazzy/opt/gz_cmake_vendor:/home/vasee22/ws_moveit/install/moveit_configs_utils:/home/vasee22/COAR-ROS2-Workspace-main/install/modbus_ros:/home/vasee22/COAR-ROS2-Workspace-mai/COAR-ROS2-Workspace-main/install/modbus_ros:/opt/ros/jazzy DEBUGINFOD_URLS=https://debuginfod.ubuntu.com LD_LIBRARY_PATH=/home/vasee22/COAR-ROS2-Workspace-mai/COAR-ROS2-Workspace-main/install/moveit_task_constructor_core/lib:/home/vasee22/COAR-ROS2-Workspace-mai/COAR-ROS2-Workspace-main/install/rviz_marker_tools/lib:/home/vasee22/COAR-ROS2-Workspace-mai/COAR-ROS2-Workspace-main/install/moveit_task_constructor_msgs/lib:${LD_LIBRARY_PATH} PYTHONPATH=/home/vasee22/COAR-ROS2-Workspace-mai/COAR-ROS2-Workspace-main/install/moveit_task_constructor_core/lib/python3.12/site-packages:/home/vasee22/COAR-ROS2-Workspace-mai/COAR-ROS2-Workspace-main/install/moveit_task_constructor_msgs/lib/python3.12/site-packages:${PYTHONPATH} /usr/bin/cmake --build /home/vasee22/COAR-ROS2-Workspace-mai/COAR-ROS2-Workspace-main/build/moveit_task_constructor_visualization -- -j24 -l24
[65.168s] Invoking command in '/home/vasee22/COAR-ROS2-Workspace-mai/COAR-ROS2-Workspace-main/build/moveit_task_constructor_visualization': AMENT_PREFIX_PATH=/home/vasee22/COAR-ROS2-Workspace-mai/COAR-ROS2-Workspace-main/install/moveit_task_constructor_core:/home/vasee22/COAR-ROS2-Workspace-mai/COAR-ROS2-Workspace-main/install/rviz_marker_tools:/home/vasee22/COAR-ROS2-Workspace-mai/COAR-ROS2-Workspace-main/install/moveit_task_constructor_msgs:${AMENT_PREFIX_PATH} CMAKE_MODULE_PATH=/home/vasee22/COAR-ROS2-Workspace-mai/COAR-ROS2-Workspace-main/install/moveit_task_constructor_core/share/moveit_task_constructor_core/cmake:${CMAKE_MODULE_PATH} CMAKE_PREFIX_PATH=/home/vasee22/COAR-ROS2-Workspace-mai/COAR-ROS2-Workspace-main/install/moveit_task_constructor_core:/home/vasee22/COAR-ROS2-Workspace-mai/COAR-ROS2-Workspace-main/install/rviz_marker_tools:/home/vasee22/COAR-ROS2-Workspace-mai/COAR-ROS2-Workspace-main/install/moveit_task_constructor_msgs:/home/vasee22/ws_moveit/install/robotiq_hardware_tests:/home/vasee22/ws_moveit/install/robotiq_driver:/home/vasee22/ws_moveit/install/serial:/home/vasee22/ws_moveit/install/moveit2_tutorials:/home/vasee22/ws_moveit/install/igus_rebel_moveit_config:/home/vasee22/ws_moveit/install/hello_moveit:/home/vasee22/ws_moveit/install/moveit_visual_tools:/home/vasee22/ws_moveit/install/rviz_visual_tools:/home/vasee22/ws_moveit/install/mtc_tutorial:/home/vasee22/ws_moveit/install/moveit_task_constructor_demo:/home/vasee22/ws_moveit/install/moveit_task_constructor_visualization:/home/vasee22/ws_moveit/install/moveit_task_constructor_capabilities:/home/vasee22/ws_moveit/install/moveit_task_constructor_core:/home/vasee22/ws_moveit/install/rviz_marker_tools:/home/vasee22/ws_moveit/install/kortex_bringup:/home/vasee22/ws_moveit/install/kinova_gen3_lite_moveit_config:/home/vasee22/ws_moveit/install/kinova_gen3_7dof_robotiq_2f_85_moveit_config:/home/vasee22/ws_moveit/install/kinova_gen3_6dof_robotiq_2f_85_moveit_config:/home/vasee22/ws_moveit/install/kortex_description:/home/vasee22/ws_moveit/install/robotiq_description:/home/vasee22/ws_moveit/install/robotiq_controllers:/home/vasee22/ws_moveit/install/pilz_industrial_motion_planner_testutils:/home/vasee22/ws_moveit/install/moveit_runtime:/home/vasee22/ws_moveit/install/moveit:/home/vasee22/ws_moveit/install/moveit_planners:/home/vasee22/ws_moveit/install/pilz_industrial_motion_planner:/home/vasee22/ws_moveit/install/moveit_task_constructor_msgs:/home/vasee22/ws_moveit/install/moveit_ros_control_interface:/home/vasee22/ws_moveit/install/moveit_plugins:/home/vasee22/ws_moveit/install/moveit_simple_controller_manager:/home/vasee22/ws_moveit/install/moveit_setup_assistant:/home/vasee22/ws_moveit/install/moveit_setup_srdf_plugins:/home/vasee22/ws_moveit/install/moveit_setup_core_plugins:/home/vasee22/ws_moveit/install/moveit_setup_controllers:/home/vasee22/ws_moveit/install/moveit_setup_app_plugins:/home/vasee22/ws_moveit/install/moveit_setup_framework:/home/vasee22/ws_moveit/install/moveit_servo:/home/vasee22/ws_moveit/install/moveit_ros_trajectory_cache:/home/vasee22/ws_moveit/install/moveit_ros:/home/vasee22/ws_moveit/install/moveit_ros_visualization:/home/vasee22/ws_moveit/install/moveit_py:/home/vasee22/ws_moveit/install/moveit_hybrid_planning:/home/vasee22/ws_moveit/install/moveit_ros_planning_interface:/home/vasee22/ws_moveit/install/moveit_ros_benchmarks:/home/vasee22/ws_moveit/install/moveit_ros_warehouse:/home/vasee22/ws_moveit/install/moveit_ros_robot_interaction:/home/vasee22/ws_moveit/install/moveit_ros_perception:/home/vasee22/ws_moveit/install/moveit_resources_prbt_pg70_support:/home/vasee22/ws_moveit/install/moveit_resources_prbt_moveit_config:/home/vasee22/ws_moveit/install/moveit_ros_move_group:/home/vasee22/ws_moveit/install/moveit_planners_ompl:/home/vasee22/ws_moveit/install/moveit_kinematics:/home/vasee22/ws_moveit/install/moveit_ros_planning:/home/vasee22/ws_moveit/install/moveit_ros_occupancy_map_monitor:/home/vasee22/ws_moveit/install/moveit_resources_prbt_support:/home/vasee22/ws_moveit/install/moveit_resources_prbt_ikfast_manipulator_plugin:/home/vasee22/ws_moveit/install/moveit_resources:/home/vasee22/ws_moveit/install/moveit_resources_pr2_description:/home/vasee22/ws_moveit/install/moveit_resources_panda_moveit_config:/home/vasee22/ws_moveit/install/dual_arm_panda_moveit_config:/home/vasee22/ws_moveit/install/moveit_resources_panda_description:/home/vasee22/ws_moveit/install/moveit_resources_fanuc_moveit_config:/home/vasee22/ws_moveit/install/moveit_resources_fanuc_description:/home/vasee22/ws_moveit/install/moveit_planners_stomp:/home/vasee22/ws_moveit/install/moveit_planners_chomp:/home/vasee22/ws_moveit/install/chomp_motion_planner:/home/vasee22/ws_moveit/install/moveit_core:/home/vasee22/ws_moveit/install/moveit_msgs:/home/vasee22/ws_moveit/install/moveit_common:/home/vasee22/ws_moveit/install/kortex_driver:/home/vasee22/ws_moveit/install/kortex_api:/home/vasee22/ws_moveit/install/igus_rebel:/home/vasee22/ws_moveit/install/igus_rebel_msgs:/home/vasee22/ws_moveit/install/igus_rebel_description:/home/vasee22/COAR-ROS2-Workspace-main/install/igus_rebel:/home/vasee22/COAR-ROS2-Workspace-main/install/igus_rebel_msgs:/home/vasee22/COAR-ROS2-Workspace-main/install/igus_rebel_moveit_config:/home/vasee22/COAR-ROS2-Workspace-main/install/igus_rebel_description:/home/vasee22/COAR-ROS2-Workspace-mai/COAR-ROS2-Workspace-main/install/igus_rebel:/home/vasee22/COAR-ROS2-Workspace-mai/COAR-ROS2-Workspace-main/install/igus_rebel_msgs:/home/vasee22/COAR-ROS2-Workspace-mai/COAR-ROS2-Workspace-main/install/igus_rebel_moveit_config:/home/vasee22/COAR-ROS2-Workspace-mai/COAR-ROS2-Workspace-main/install/igus_rebel_description:/opt/ros/jazzy/opt/gz_sim_vendor:/opt/ros/jazzy/opt/gz_sensors_vendor:/opt/ros/jazzy/opt/gz_physics_vendor:/opt/ros/jazzy/opt/sdformat_vendor:/opt/ros/jazzy/opt/gz_gui_vendor:/opt/ros/jazzy/opt/gz_transport_vendor:/opt/ros/jazzy/opt/gz_rendering_vendor:/opt/ros/jazzy/opt/gz_plugin_vendor:/opt/ros/jazzy/opt/gz_fuel_tools_vendor:/opt/ros/jazzy/opt/gz_msgs_vendor:/opt/ros/jazzy/opt/gz_common_vendor:/opt/ros/jazzy/opt/gz_math_vendor:/opt/ros/jazzy/opt/gz_utils_vendor:/opt/ros/jazzy/opt/gz_tools_vendor:/opt/ros/jazzy/opt/gz_ogre_next_vendor:/opt/ros/jazzy/opt/gz_dartsim_vendor:/opt/ros/jazzy/opt/gz_cmake_vendor:/home/vasee22/ws_moveit/install/moveit_configs_utils:/home/vasee22/COAR-ROS2-Workspace-main/install/modbus_ros:/home/vasee22/COAR-ROS2-Workspace-mai/COAR-ROS2-Workspace-main/install/modbus_ros:/opt/ros/jazzy DEBUGINFOD_URLS=https://debuginfod.ubuntu.com LD_LIBRARY_PATH=/home/vasee22/COAR-ROS2-Workspace-mai/COAR-ROS2-Workspace-main/install/moveit_task_constructor_core/lib:/home/vasee22/COAR-ROS2-Workspace-mai/COAR-ROS2-Workspace-main/install/rviz_marker_tools/lib:/home/vasee22/COAR-ROS2-Workspace-mai/COAR-ROS2-Workspace-main/install/moveit_task_constructor_msgs/lib:${LD_LIBRARY_PATH} PYTHONPATH=/home/vasee22/COAR-ROS2-Workspace-mai/COAR-ROS2-Workspace-main/install/moveit_task_constructor_core/lib/python3.12/site-packages:/home/vasee22/COAR-ROS2-Workspace-mai/COAR-ROS2-Workspace-main/install/moveit_task_constructor_msgs/lib/python3.12/site-packages:${PYTHONPATH} /usr/bin/cmake --install /home/vasee22/COAR-ROS2-Workspace-mai/COAR-ROS2-Workspace-main/build/moveit_task_constructor_visualization
[65.185s] -- Install configuration: "Debug"
[65.186s] -- Installing: /home/vasee22/COAR-ROS2-Workspace-mai/COAR-ROS2-Workspace-main/install/moveit_task_constructor_visualization/include
[65.186s] -- Installing: /home/vasee22/COAR-ROS2-Workspace-mai/COAR-ROS2-Workspace-main/install/moveit_task_constructor_visualization/include/moveit
[65.187s] -- Installing: /home/vasee22/COAR-ROS2-Workspace-mai/COAR-ROS2-Workspace-main/install/moveit_task_constructor_visualization/include/moveit/visualization_tools
[65.187s] -- Installing: /home/vasee22/COAR-ROS2-Workspace-mai/COAR-ROS2-Workspace-main/install/moveit_task_constructor_visualization/include/moveit/visualization_tools/marker_visualization.h
[65.187s] -- Installing: /home/vasee22/COAR-ROS2-Workspace-mai/COAR-ROS2-Workspace-main/install/moveit_task_constructor_visualization/include/moveit/visualization_tools/task_solution_panel.h
[65.187s] -- Installing: /home/vasee22/COAR-ROS2-Workspace-mai/COAR-ROS2-Workspace-main/install/moveit_task_constructor_visualization/include/moveit/visualization_tools/task_solution_visualization.h
[65.187s] -- Installing: /home/vasee22/COAR-ROS2-Workspace-mai/COAR-ROS2-Workspace-main/install/moveit_task_constructor_visualization/include/moveit/visualization_tools/display_solution.h
[65.187s] -- Installing: /home/vasee22/COAR-ROS2-Workspace-mai/COAR-ROS2-Workspace-main/install/moveit_task_constructor_visualization/lib/libmoveit_task_visualization_tools.so.0.1.4
[65.204s] -- Set non-toolchain portion of runtime path of "/home/vasee22/COAR-ROS2-Workspace-mai/COAR-ROS2-Workspace-main/install/moveit_task_constructor_visualization/lib/libmoveit_task_visualization_tools.so.0.1.4" to ""
[65.204s] -- Installing: /home/vasee22/COAR-ROS2-Workspace-mai/COAR-ROS2-Workspace-main/install/moveit_task_constructor_visualization/lib/libmoveit_task_visualization_tools.so
[65.204s] -- Installing: /home/vasee22/COAR-ROS2-Workspace-mai/COAR-ROS2-Workspace-main/install/moveit_task_constructor_visualization/lib/libmotion_planning_tasks_utils.so
[65.207s] -- Installing: /home/vasee22/COAR-ROS2-Workspace-mai/COAR-ROS2-Workspace-main/install/moveit_task_constructor_visualization/lib/libmotion_planning_tasks_properties.so
[65.212s] -- Set non-toolchain portion of runtime path of "/home/vasee22/COAR-ROS2-Workspace-mai/COAR-ROS2-Workspace-main/install/moveit_task_constructor_visualization/lib/libmotion_planning_tasks_properties.so" to ""
[65.212s] -- Installing: /home/vasee22/COAR-ROS2-Workspace-mai/COAR-ROS2-Workspace-main/install/moveit_task_constructor_visualization/lib/libmotion_planning_tasks_rviz_plugin.so.0.1.4
[65.274s] -- Set non-toolchain portion of runtime path of "/home/vasee22/COAR-ROS2-Workspace-mai/COAR-ROS2-Workspace-main/install/moveit_task_constructor_visualization/lib/libmotion_planning_tasks_rviz_plugin.so.0.1.4" to ""
[65.275s] -- Installing: /home/vasee22/COAR-ROS2-Workspace-mai/COAR-ROS2-Workspace-main/install/moveit_task_constructor_visualization/lib/libmotion_planning_tasks_rviz_plugin.so
[65.275s] -- Installing: /home/vasee22/COAR-ROS2-Workspace-mai/COAR-ROS2-Workspace-main/install/moveit_task_constructor_visualization/share/icons
[65.275s] -- Installing: /home/vasee22/COAR-ROS2-Workspace-mai/COAR-ROS2-Workspace-main/install/moveit_task_constructor_visualization/share/icons/classes
[65.276s] -- Installing: /home/vasee22/COAR-ROS2-Workspace-mai/COAR-ROS2-Workspace-main/install/moveit_task_constructor_visualization/share/icons/classes/Motion Planning Tasks.svg
[65.278s] -- Installing: /home/vasee22/COAR-ROS2-Workspace-mai/COAR-ROS2-Workspace-main/install/moveit_task_constructor_visualization/share/moveit_task_constructor_visualization/motion_planning_tasks_rviz_plugin_description.xml
[65.278s] -- Installing: /home/vasee22/COAR-ROS2-Workspace-mai/COAR-ROS2-Workspace-main/install/moveit_task_constructor_visualization/share/moveit_task_constructor_visualization/environment/library_path.sh
[65.278s] -- Installing: /home/vasee22/COAR-ROS2-Workspace-mai/COAR-ROS2-Workspace-main/install/moveit_task_constructor_visualization/share/moveit_task_constructor_visualization/environment/library_path.dsv
[65.278s] -- Installing: /home/vasee22/COAR-ROS2-Workspace-mai/COAR-ROS2-Workspace-main/install/moveit_task_constructor_visualization/share/ament_index/resource_index/package_run_dependencies/moveit_task_constructor_visualization
[65.279s] -- Installing: /home/vasee22/COAR-ROS2-Workspace-mai/COAR-ROS2-Workspace-main/install/moveit_task_constructor_visualization/share/ament_index/resource_index/parent_prefix_path/moveit_task_constructor_visualization
[65.279s] -- Installing: /home/vasee22/COAR-ROS2-Workspace-mai/COAR-ROS2-Workspace-main/install/moveit_task_constructor_visualization/share/moveit_task_constructor_visualization/environment/ament_prefix_path.sh
[65.279s] -- Installing: /home/vasee22/COAR-ROS2-Workspace-mai/COAR-ROS2-Workspace-main/install/moveit_task_constructor_visualization/share/moveit_task_constructor_visualization/environment/ament_prefix_path.dsv
[65.279s] -- Installing: /home/vasee22/COAR-ROS2-Workspace-mai/COAR-ROS2-Workspace-main/install/moveit_task_constructor_visualization/share/moveit_task_constructor_visualization/environment/path.sh
[65.279s] -- Installing: /home/vasee22/COAR-ROS2-Workspace-mai/COAR-ROS2-Workspace-main/install/moveit_task_constructor_visualization/share/moveit_task_constructor_visualization/environment/path.dsv
[65.280s] -- Installing: /home/vasee22/COAR-ROS2-Workspace-mai/COAR-ROS2-Workspace-main/install/moveit_task_constructor_visualization/share/moveit_task_constructor_visualization/local_setup.bash
[65.280s] -- Installing: /home/vasee22/COAR-ROS2-Workspace-mai/COAR-ROS2-Workspace-main/install/moveit_task_constructor_visualization/share/moveit_task_constructor_visualization/local_setup.sh
[65.280s] -- Installing: /home/vasee22/COAR-ROS2-Workspace-mai/COAR-ROS2-Workspace-main/install/moveit_task_constructor_visualization/share/moveit_task_constructor_visualization/local_setup.zsh
[65.280s] -- Installing: /home/vasee22/COAR-ROS2-Workspace-mai/COAR-ROS2-Workspace-main/install/moveit_task_constructor_visualization/share/moveit_task_constructor_visualization/local_setup.dsv
[65.280s] -- Installing: /home/vasee22/COAR-ROS2-Workspace-mai/COAR-ROS2-Workspace-main/install/moveit_task_constructor_visualization/share/moveit_task_constructor_visualization/package.dsv
[65.280s] -- Installing: /home/vasee22/COAR-ROS2-Workspace-mai/COAR-ROS2-Workspace-main/install/moveit_task_constructor_visualization/share/ament_index/resource_index/packages/moveit_task_constructor_visualization
[65.280s] -- Installing: /home/vasee22/COAR-ROS2-Workspace-mai/COAR-ROS2-Workspace-main/install/moveit_task_constructor_visualization/share/ament_index/resource_index/rviz_common__pluginlib__plugin/moveit_task_constructor_visualization
[65.280s] -- Installing: /home/vasee22/COAR-ROS2-Workspace-mai/COAR-ROS2-Workspace-main/install/moveit_task_constructor_visualization/share/moveit_task_constructor_visualization/cmake/ament_cmake_export_include_directories-extras.cmake
[65.280s] -- Installing: /home/vasee22/COAR-ROS2-Workspace-mai/COAR-ROS2-Workspace-main/install/moveit_task_constructor_visualization/share/moveit_task_constructor_visualization/cmake/ament_cmake_export_libraries-extras.cmake
[65.280s] -- Installing: /home/vasee22/COAR-ROS2-Workspace-mai/COAR-ROS2-Workspace-main/install/moveit_task_constructor_visualization/share/moveit_task_constructor_visualization/cmake/ament_cmake_export_dependencies-extras.cmake
[65.280s] -- Installing: /home/vasee22/COAR-ROS2-Workspace-mai/COAR-ROS2-Workspace-main/install/moveit_task_constructor_visualization/share/moveit_task_constructor_visualization/cmake/moveit_task_constructor_visualizationConfig.cmake
[65.281s] -- Installing: /home/vasee22/COAR-ROS2-Workspace-mai/COAR-ROS2-Workspace-main/install/moveit_task_constructor_visualization/share/moveit_task_constructor_visualization/cmake/moveit_task_constructor_visualizationConfig-version.cmake
[65.281s] -- Installing: /home/vasee22/COAR-ROS2-Workspace-mai/COAR-ROS2-Workspace-main/install/moveit_task_constructor_visualization/share/moveit_task_constructor_visualization/package.xml
[65.284s] Invoked command in '/home/vasee22/COAR-ROS2-Workspace-mai/COAR-ROS2-Workspace-main/build/moveit_task_constructor_visualization' returned '0': AMENT_PREFIX_PATH=/home/vasee22/COAR-ROS2-Workspace-mai/COAR-ROS2-Workspace-main/install/moveit_task_constructor_core:/home/vasee22/COAR-ROS2-Workspace-mai/COAR-ROS2-Workspace-main/install/rviz_marker_tools:/home/vasee22/COAR-ROS2-Workspace-mai/COAR-ROS2-Workspace-main/install/moveit_task_constructor_msgs:${AMENT_PREFIX_PATH} CMAKE_MODULE_PATH=/home/vasee22/COAR-ROS2-Workspace-mai/COAR-ROS2-Workspace-main/install/moveit_task_constructor_core/share/moveit_task_constructor_core/cmake:${CMAKE_MODULE_PATH} CMAKE_PREFIX_PATH=/home/vasee22/COAR-ROS2-Workspace-mai/COAR-ROS2-Workspace-main/install/moveit_task_constructor_core:/home/vasee22/COAR-ROS2-Workspace-mai/COAR-ROS2-Workspace-main/install/rviz_marker_tools:/home/vasee22/COAR-ROS2-Workspace-mai/COAR-ROS2-Workspace-main/install/moveit_task_constructor_msgs:/home/vasee22/ws_moveit/install/robotiq_hardware_tests:/home/vasee22/ws_moveit/install/robotiq_driver:/home/vasee22/ws_moveit/install/serial:/home/vasee22/ws_moveit/install/moveit2_tutorials:/home/vasee22/ws_moveit/install/igus_rebel_moveit_config:/home/vasee22/ws_moveit/install/hello_moveit:/home/vasee22/ws_moveit/install/moveit_visual_tools:/home/vasee22/ws_moveit/install/rviz_visual_tools:/home/vasee22/ws_moveit/install/mtc_tutorial:/home/vasee22/ws_moveit/install/moveit_task_constructor_demo:/home/vasee22/ws_moveit/install/moveit_task_constructor_visualization:/home/vasee22/ws_moveit/install/moveit_task_constructor_capabilities:/home/vasee22/ws_moveit/install/moveit_task_constructor_core:/home/vasee22/ws_moveit/install/rviz_marker_tools:/home/vasee22/ws_moveit/install/kortex_bringup:/home/vasee22/ws_moveit/install/kinova_gen3_lite_moveit_config:/home/vasee22/ws_moveit/install/kinova_gen3_7dof_robotiq_2f_85_moveit_config:/home/vasee22/ws_moveit/install/kinova_gen3_6dof_robotiq_2f_85_moveit_config:/home/vasee22/ws_moveit/install/kortex_description:/home/vasee22/ws_moveit/install/robotiq_description:/home/vasee22/ws_moveit/install/robotiq_controllers:/home/vasee22/ws_moveit/install/pilz_industrial_motion_planner_testutils:/home/vasee22/ws_moveit/install/moveit_runtime:/home/vasee22/ws_moveit/install/moveit:/home/vasee22/ws_moveit/install/moveit_planners:/home/vasee22/ws_moveit/install/pilz_industrial_motion_planner:/home/vasee22/ws_moveit/install/moveit_task_constructor_msgs:/home/vasee22/ws_moveit/install/moveit_ros_control_interface:/home/vasee22/ws_moveit/install/moveit_plugins:/home/vasee22/ws_moveit/install/moveit_simple_controller_manager:/home/vasee22/ws_moveit/install/moveit_setup_assistant:/home/vasee22/ws_moveit/install/moveit_setup_srdf_plugins:/home/vasee22/ws_moveit/install/moveit_setup_core_plugins:/home/vasee22/ws_moveit/install/moveit_setup_controllers:/home/vasee22/ws_moveit/install/moveit_setup_app_plugins:/home/vasee22/ws_moveit/install/moveit_setup_framework:/home/vasee22/ws_moveit/install/moveit_servo:/home/vasee22/ws_moveit/install/moveit_ros_trajectory_cache:/home/vasee22/ws_moveit/install/moveit_ros:/home/vasee22/ws_moveit/install/moveit_ros_visualization:/home/vasee22/ws_moveit/install/moveit_py:/home/vasee22/ws_moveit/install/moveit_hybrid_planning:/home/vasee22/ws_moveit/install/moveit_ros_planning_interface:/home/vasee22/ws_moveit/install/moveit_ros_benchmarks:/home/vasee22/ws_moveit/install/moveit_ros_warehouse:/home/vasee22/ws_moveit/install/moveit_ros_robot_interaction:/home/vasee22/ws_moveit/install/moveit_ros_perception:/home/vasee22/ws_moveit/install/moveit_resources_prbt_pg70_support:/home/vasee22/ws_moveit/install/moveit_resources_prbt_moveit_config:/home/vasee22/ws_moveit/install/moveit_ros_move_group:/home/vasee22/ws_moveit/install/moveit_planners_ompl:/home/vasee22/ws_moveit/install/moveit_kinematics:/home/vasee22/ws_moveit/install/moveit_ros_planning:/home/vasee22/ws_moveit/install/moveit_ros_occupancy_map_monitor:/home/vasee22/ws_moveit/install/moveit_resources_prbt_support:/home/vasee22/ws_moveit/install/moveit_resources_prbt_ikfast_manipulator_plugin:/home/vasee22/ws_moveit/install/moveit_resources:/home/vasee22/ws_moveit/install/moveit_resources_pr2_description:/home/vasee22/ws_moveit/install/moveit_resources_panda_moveit_config:/home/vasee22/ws_moveit/install/dual_arm_panda_moveit_config:/home/vasee22/ws_moveit/install/moveit_resources_panda_description:/home/vasee22/ws_moveit/install/moveit_resources_fanuc_moveit_config:/home/vasee22/ws_moveit/install/moveit_resources_fanuc_description:/home/vasee22/ws_moveit/install/moveit_planners_stomp:/home/vasee22/ws_moveit/install/moveit_planners_chomp:/home/vasee22/ws_moveit/install/chomp_motion_planner:/home/vasee22/ws_moveit/install/moveit_core:/home/vasee22/ws_moveit/install/moveit_msgs:/home/vasee22/ws_moveit/install/moveit_common:/home/vasee22/ws_moveit/install/kortex_driver:/home/vasee22/ws_moveit/install/kortex_api:/home/vasee22/ws_moveit/install/igus_rebel:/home/vasee22/ws_moveit/install/igus_rebel_msgs:/home/vasee22/ws_moveit/install/igus_rebel_description:/home/vasee22/COAR-ROS2-Workspace-main/install/igus_rebel:/home/vasee22/COAR-ROS2-Workspace-main/install/igus_rebel_msgs:/home/vasee22/COAR-ROS2-Workspace-main/install/igus_rebel_moveit_config:/home/vasee22/COAR-ROS2-Workspace-main/install/igus_rebel_description:/home/vasee22/COAR-ROS2-Workspace-mai/COAR-ROS2-Workspace-main/install/igus_rebel:/home/vasee22/COAR-ROS2-Workspace-mai/COAR-ROS2-Workspace-main/install/igus_rebel_msgs:/home/vasee22/COAR-ROS2-Workspace-mai/COAR-ROS2-Workspace-main/install/igus_rebel_moveit_config:/home/vasee22/COAR-ROS2-Workspace-mai/COAR-ROS2-Workspace-main/install/igus_rebel_description:/opt/ros/jazzy/opt/gz_sim_vendor:/opt/ros/jazzy/opt/gz_sensors_vendor:/opt/ros/jazzy/opt/gz_physics_vendor:/opt/ros/jazzy/opt/sdformat_vendor:/opt/ros/jazzy/opt/gz_gui_vendor:/opt/ros/jazzy/opt/gz_transport_vendor:/opt/ros/jazzy/opt/gz_rendering_vendor:/opt/ros/jazzy/opt/gz_plugin_vendor:/opt/ros/jazzy/opt/gz_fuel_tools_vendor:/opt/ros/jazzy/opt/gz_msgs_vendor:/opt/ros/jazzy/opt/gz_common_vendor:/opt/ros/jazzy/opt/gz_math_vendor:/opt/ros/jazzy/opt/gz_utils_vendor:/opt/ros/jazzy/opt/gz_tools_vendor:/opt/ros/jazzy/opt/gz_ogre_next_vendor:/opt/ros/jazzy/opt/gz_dartsim_vendor:/opt/ros/jazzy/opt/gz_cmake_vendor:/home/vasee22/ws_moveit/install/moveit_configs_utils:/home/vasee22/COAR-ROS2-Workspace-main/install/modbus_ros:/home/vasee22/COAR-ROS2-Workspace-mai/COAR-ROS2-Workspace-main/install/modbus_ros:/opt/ros/jazzy DEBUGINFOD_URLS=https://debuginfod.ubuntu.com LD_LIBRARY_PATH=/home/vasee22/COAR-ROS2-Workspace-mai/COAR-ROS2-Workspace-main/install/moveit_task_constructor_core/lib:/home/vasee22/COAR-ROS2-Workspace-mai/COAR-ROS2-Workspace-main/install/rviz_marker_tools/lib:/home/vasee22/COAR-ROS2-Workspace-mai/COAR-ROS2-Workspace-main/install/moveit_task_constructor_msgs/lib:${LD_LIBRARY_PATH} PYTHONPATH=/home/vasee22/COAR-ROS2-Workspace-mai/COAR-ROS2-Workspace-main/install/moveit_task_constructor_core/lib/python3.12/site-packages:/home/vasee22/COAR-ROS2-Workspace-mai/COAR-ROS2-Workspace-main/install/moveit_task_constructor_msgs/lib/python3.12/site-packages:${PYTHONPATH} /usr/bin/cmake --install /home/vasee22/COAR-ROS2-Workspace-mai/COAR-ROS2-Workspace-main/build/moveit_task_constructor_visualization
