[0.666s] Invoking command in '/home/vasee22/COAR-ROS2-Workspace-mai/COAR-ROS2-Workspace-main/src/modbus_ros': DEBUGINFOD_URLS=https://debuginfod.ubuntu.com PYTHONPATH=/home/vasee22/COAR-ROS2-Workspace-mai/COAR-ROS2-Workspace-main/build/modbus_ros/prefix_override:/usr/lib/python3/dist-packages/colcon_core/task/python/colcon_distutils_commands:/home/vasee22/COAR-ROS2-Workspace-mai/COAR-ROS2-Workspace-main/install/modbus_ros/lib/python3.12/site-packages:${PYTHONPATH} /usr/bin/python3 -W ignore:setup.py install is deprecated -W ignore:easy_install command is deprecated setup.py egg_info --egg-base ../../build/modbus_ros build --build-base /home/vasee22/COAR-ROS2-Workspace-mai/COAR-ROS2-Workspace-main/build/modbus_ros/build install --record /home/vasee22/COAR-ROS2-Workspace-mai/COAR-ROS2-Workspace-main/build/modbus_ros/install.log --single-version-externally-managed install_data
[0.885s] running egg_info
[0.901s] writing ../../build/modbus_ros/modbus_ros.egg-info/PKG-INFO
[0.901s] writing dependency_links to ../../build/modbus_ros/modbus_ros.egg-info/dependency_links.txt
[0.901s] writing entry points to ../../build/modbus_ros/modbus_ros.egg-info/entry_points.txt
[0.901s] writing requirements to ../../build/modbus_ros/modbus_ros.egg-info/requires.txt
[0.901s] writing top-level names to ../../build/modbus_ros/modbus_ros.egg-info/top_level.txt
[0.936s] reading manifest file '../../build/modbus_ros/modbus_ros.egg-info/SOURCES.txt'
[0.937s] writing manifest file '../../build/modbus_ros/modbus_ros.egg-info/SOURCES.txt'
[0.937s] running build
[0.937s] running build_py
[0.937s] running install
[0.941s] running install_lib
[0.962s] running install_data
[0.962s] running install_egg_info
[0.979s] removing '/home/vasee22/COAR-ROS2-Workspace-mai/COAR-ROS2-Workspace-main/install/modbus_ros/lib/python3.12/site-packages/modbus_ros-0.0.0-py3.12.egg-info' (and everything under it)
[0.979s] Copying ../../build/modbus_ros/modbus_ros.egg-info to /home/vasee22/COAR-ROS2-Workspace-mai/COAR-ROS2-Workspace-main/install/modbus_ros/lib/python3.12/site-packages/modbus_ros-0.0.0-py3.12.egg-info
[0.979s] running install_scripts
[1.095s] Installing modbus_publisher script to /home/vasee22/COAR-ROS2-Workspace-mai/COAR-ROS2-Workspace-main/install/modbus_ros/lib/modbus_ros
[1.095s] writing list of installed files to '/home/vasee22/COAR-ROS2-Workspace-mai/COAR-ROS2-Workspace-main/build/modbus_ros/install.log'
[1.119s] Invoked command in '/home/vasee22/COAR-ROS2-Workspace-mai/COAR-ROS2-Workspace-main/src/modbus_ros' returned '0': DEBUGINFOD_URLS=https://debuginfod.ubuntu.com PYTHONPATH=/home/vasee22/COAR-ROS2-Workspace-mai/COAR-ROS2-Workspace-main/build/modbus_ros/prefix_override:/usr/lib/python3/dist-packages/colcon_core/task/python/colcon_distutils_commands:/home/vasee22/COAR-ROS2-Workspace-mai/COAR-ROS2-Workspace-main/install/modbus_ros/lib/python3.12/site-packages:${PYTHONPATH} /usr/bin/python3 -W ignore:setup.py install is deprecated -W ignore:easy_install command is deprecated setup.py egg_info --egg-base ../../build/modbus_ros build --build-base /home/vasee22/COAR-ROS2-Workspace-mai/COAR-ROS2-Workspace-main/build/modbus_ros/build install --record /home/vasee22/COAR-ROS2-Workspace-mai/COAR-ROS2-Workspace-main/build/modbus_ros/install.log --single-version-externally-managed install_data
