[0.603s] Invoking command in '/home/vasee22/igus-coffee-moveit/src/modbus_ros': DEBUGINFOD_URLS=https://debuginfod.ubuntu.com PYTHONPATH=/home/vasee22/igus-coffee-moveit/build/modbus_ros/prefix_override:/usr/lib/python3/dist-packages/colcon_core/task/python/colcon_distutils_commands:/home/vasee22/igus-coffee-moveit/install/modbus_ros/lib/python3.12/site-packages:${PYTHONPATH} /usr/bin/python3 -W ignore:setup.py install is deprecated -W ignore:easy_install command is deprecated setup.py egg_info --egg-base ../../build/modbus_ros build --build-base /home/vasee22/igus-coffee-moveit/build/modbus_ros/build install --record /home/vasee22/igus-coffee-moveit/build/modbus_ros/install.log --single-version-externally-managed install_data
[0.791s] running egg_info
[0.801s] writing ../../build/modbus_ros/modbus_ros.egg-info/PKG-INFO
[0.802s] writing dependency_links to ../../build/modbus_ros/modbus_ros.egg-info/dependency_links.txt
[0.802s] writing entry points to ../../build/modbus_ros/modbus_ros.egg-info/entry_points.txt
[0.802s] writing requirements to ../../build/modbus_ros/modbus_ros.egg-info/requires.txt
[0.802s] writing top-level names to ../../build/modbus_ros/modbus_ros.egg-info/top_level.txt
[0.823s] reading manifest file '../../build/modbus_ros/modbus_ros.egg-info/SOURCES.txt'
[0.824s] writing manifest file '../../build/modbus_ros/modbus_ros.egg-info/SOURCES.txt'
[0.824s] running build
[0.824s] running build_py
[0.824s] running install
[0.827s] running install_lib
[0.838s] running install_data
[0.839s] running install_egg_info
[0.850s] removing '/home/vasee22/igus-coffee-moveit/install/modbus_ros/lib/python3.12/site-packages/modbus_ros-0.0.0-py3.12.egg-info' (and everything under it)
[0.850s] Copying ../../build/modbus_ros/modbus_ros.egg-info to /home/vasee22/igus-coffee-moveit/install/modbus_ros/lib/python3.12/site-packages/modbus_ros-0.0.0-py3.12.egg-info
[0.850s] running install_scripts
[0.923s] Installing modbus_publisher script to /home/vasee22/igus-coffee-moveit/install/modbus_ros/lib/modbus_ros
[0.924s] writing list of installed files to '/home/vasee22/igus-coffee-moveit/build/modbus_ros/install.log'
[0.942s] Invoked command in '/home/vasee22/igus-coffee-moveit/src/modbus_ros' returned '0': DEBUGINFOD_URLS=https://debuginfod.ubuntu.com PYTHONPATH=/home/vasee22/igus-coffee-moveit/build/modbus_ros/prefix_override:/usr/lib/python3/dist-packages/colcon_core/task/python/colcon_distutils_commands:/home/vasee22/igus-coffee-moveit/install/modbus_ros/lib/python3.12/site-packages:${PYTHONPATH} /usr/bin/python3 -W ignore:setup.py install is deprecated -W ignore:easy_install command is deprecated setup.py egg_info --egg-base ../../build/modbus_ros build --build-base /home/vasee22/igus-coffee-moveit/build/modbus_ros/build install --record /home/vasee22/igus-coffee-moveit/build/modbus_ros/install.log --single-version-externally-managed install_data
