[01m[K/home/vasee22/COAR-ROS2-Workspace-mai/COAR-ROS2-Workspace-main/src/igus_rebel_ros2/igus_rebel/src/pick_and_place.cpp:[m[K In member function ‘[01m[Kmoveit::task_constructor::Task MTCTaskNode::[01;32m[KcreateTask[m[K()[m[K’:
[01m[K/home/vasee22/COAR-ROS2-Workspace-mai/COAR-ROS2-Workspace-main/src/igus_rebel_ros2/igus_rebel/src/pick_and_place.cpp:216:27:[m[K [01;31m[Kerror: [m[Kno matching function for call to ‘[01m[Kmoveit::task_constructor::stages::GenerateGraspPose::setPreGraspPose(sensor_msgs::msg::JointState)[m[K’
  216 |     [01;31m[Kstage->setPreGraspPose(sensor_msgs::msg::JointState{})[m[K;
      |     [01;31m[K~~~~~~~~~~~~~~~~~~~~~~^~~~~~~~~~~~~~~~~~~~~~~~~~~~~~~~[m[K
In file included from [01m[K/home/vasee22/ws_moveit/install/moveit_task_constructor_core/include/moveit/task_constructor/stages.h:47[m[K,
                 from [01m[K/home/vasee22/COAR-ROS2-Workspace-mai/COAR-ROS2-Workspace-main/src/igus_rebel_ros2/igus_rebel/src/pick_and_place.cpp:6[m[K:
[01m[K/home/vasee22/ws_moveit/install/moveit_task_constructor_core/include/moveit/task_constructor/stages/generate_grasp_pose.h:60:14:[m[K [01;36m[Knote: [m[Kcandidate: ‘[01m[Kvoid moveit::task_constructor::stages::GenerateGraspPose::[01;32m[KsetPreGraspPose[m[K(const std::string&)[m[K’
   60 |         void [01;36m[KsetPreGraspPose[m[K(const std::string& pregrasp) { properties().set("pregrasp", pregrasp); }
      |              [01;36m[K^~~~~~~~~~~~~~~[m[K
[01m[K/home/vasee22/ws_moveit/install/moveit_task_constructor_core/include/moveit/task_constructor/stages/generate_grasp_pose.h:60:49:[m[K [01;36m[Knote: [m[K  no known conversion for argument 1 from ‘[01m[Ksensor_msgs::msg::JointState[m[K’ {aka ‘[01m[Ksensor_msgs::msg::JointState_<std::allocator<void> >[m[K’} to ‘[01m[Kconst std::string&[m[K’ {aka ‘[01m[Kconst std::__cxx11::basic_string<char>&[m[K’}
   60 |         void setPreGraspPose([01;36m[Kconst std::string& pregrasp[m[K) { properties().set("pregrasp", pregrasp); }
      |                              [01;36m[K~~~~~~~~~~~~~~~~~~~^~~~~~~~[m[K
[01m[K/home/vasee22/ws_moveit/install/moveit_task_constructor_core/include/moveit/task_constructor/stages/generate_grasp_pose.h:61:14:[m[K [01;36m[Knote: [m[Kcandidate: ‘[01m[Kvoid moveit::task_constructor::stages::GenerateGraspPose::[01;32m[KsetPreGraspPose[m[K(const moveit_msgs::msg::RobotState&)[m[K’
   61 |         void [01;36m[KsetPreGraspPose[m[K(const moveit_msgs::msg::RobotState& pregrasp) { properties().set("pregrasp", pregrasp); }
      |              [01;36m[K^~~~~~~~~~~~~~~[m[K
[01m[K/home/vasee22/ws_moveit/install/moveit_task_constructor_core/include/moveit/task_constructor/stages/generate_grasp_pose.h:61:66:[m[K [01;36m[Knote: [m[K  no known conversion for argument 1 from ‘[01m[Ksensor_msgs::msg::JointState[m[K’ {aka ‘[01m[Ksensor_msgs::msg::JointState_<std::allocator<void> >[m[K’} to ‘[01m[Kconst moveit_msgs::msg::RobotState&[m[K’ {aka ‘[01m[Kconst moveit_msgs::msg::RobotState_<std::allocator<void> >&[m[K’}
   61 |         void setPreGraspPose([01;36m[Kconst moveit_msgs::msg::RobotState& pregrasp[m[K) { properties().set("pregrasp", pregrasp); }
      |                              [01;36m[K~~~~~~~~~~~~~~~~~~~~~~~~~~~~~~~~~~~~^~~~~~~~[m[K
gmake[2]: *** [CMakeFiles/pick_and_place.dir/build.make:76: CMakeFiles/pick_and_place.dir/src/pick_and_place.cpp.o] Error 1
gmake[1]: *** [CMakeFiles/Makefile2:221: CMakeFiles/pick_and_place.dir/all] Error 2
gmake: *** [Makefile:146: all] Error 2
