[0.020s] Invoking command in '/home/vasee22/COAR-ROS2-Workspace-main/build/igus_rebel_msgs': CMAKE_PREFIX_PATH=${CMAKE_PREFIX_PATH}:/home/vasee22/COAR-ROS2-Workspace-main/install/modbus_ros:/home/vasee22/ws_moveit/install/moveit_configs_utils:/opt/ros/jazzy DEBUGINFOD_URLS=https://debuginfod.ubuntu.com /usr/bin/cmake --build /home/vasee22/COAR-ROS2-Workspace-main/build/igus_rebel_msgs -- -j24 -l24
[0.110s] [  2%] Built target igus_rebel_msgs__rosidl_generator_type_description
[0.128s] [  2%] Built target ament_cmake_python_copy_igus_rebel_msgs
[0.146s] [  4%] Built target igus_rebel_msgs__cpp
[0.149s] [ 22%] Built target igus_rebel_msgs__rosidl_generator_c
[0.192s] [ 77%] Built target igus_rebel_msgs__rosidl_typesupport_introspection_c
[0.192s] [ 77%] Built target igus_rebel_msgs__rosidl_typesupport_fastrtps_cpp
[0.192s] [ 77%] Built target igus_rebel_msgs__rosidl_typesupport_fastrtps_c
[0.192s] [ 77%] Built target igus_rebel_msgs__rosidl_typesupport_introspection_cpp
[0.192s] [ 77%] Built target igus_rebel_msgs__rosidl_typesupport_cpp
[0.192s] [ 77%] Built target igus_rebel_msgs__rosidl_typesupport_c
[0.228s] [ 77%] Built target igus_rebel_msgs
[0.265s] [ 79%] Built target igus_rebel_msgs__py
[0.311s] [ 86%] Built target igus_rebel_msgs__rosidl_generator_py
[0.356s] [100%] Built target igus_rebel_msgs_s__rosidl_typesupport_c
[0.358s] [100%] Built target igus_rebel_msgs_s__rosidl_typesupport_introspection_c
[0.359s] [100%] Built target igus_rebel_msgs_s__rosidl_typesupport_fastrtps_c
[0.390s] running egg_info
[0.410s] writing igus_rebel_msgs.egg-info/PKG-INFO
[0.411s] writing dependency_links to igus_rebel_msgs.egg-info/dependency_links.txt
[0.411s] writing top-level names to igus_rebel_msgs.egg-info/top_level.txt
[0.470s] reading manifest file 'igus_rebel_msgs.egg-info/SOURCES.txt'
[0.470s] writing manifest file 'igus_rebel_msgs.egg-info/SOURCES.txt'
[0.506s] [100%] Built target ament_cmake_python_build_igus_rebel_msgs_egg
[0.526s] Invoked command in '/home/vasee22/COAR-ROS2-Workspace-main/build/igus_rebel_msgs' returned '0': CMAKE_PREFIX_PATH=${CMAKE_PREFIX_PATH}:/home/vasee22/COAR-ROS2-Workspace-main/install/modbus_ros:/home/vasee22/ws_moveit/install/moveit_configs_utils:/opt/ros/jazzy DEBUGINFOD_URLS=https://debuginfod.ubuntu.com /usr/bin/cmake --build /home/vasee22/COAR-ROS2-Workspace-main/build/igus_rebel_msgs -- -j24 -l24
[0.528s] Invoking command in '/home/vasee22/COAR-ROS2-Workspace-main/build/igus_rebel_msgs': CMAKE_PREFIX_PATH=${CMAKE_PREFIX_PATH}:/home/vasee22/COAR-ROS2-Workspace-main/install/modbus_ros:/home/vasee22/ws_moveit/install/moveit_configs_utils:/opt/ros/jazzy DEBUGINFOD_URLS=https://debuginfod.ubuntu.com /usr/bin/cmake --install /home/vasee22/COAR-ROS2-Workspace-main/build/igus_rebel_msgs
[0.544s] -- Install configuration: "Debug"
[0.544s] -- Up-to-date: /home/vasee22/COAR-ROS2-Workspace-main/install/igus_rebel_msgs/share/ament_index/resource_index/rosidl_interfaces/igus_rebel_msgs
[0.544s] -- Up-to-date: /home/vasee22/COAR-ROS2-Workspace-main/install/igus_rebel_msgs/share/igus_rebel_msgs/msg/DigitalOutput.json
[0.544s] -- Up-to-date: /home/vasee22/COAR-ROS2-Workspace-main/install/igus_rebel_msgs/share/igus_rebel_msgs/srv/SetDigitalOutput.json
[0.545s] -- Up-to-date: /home/vasee22/COAR-ROS2-Workspace-main/install/igus_rebel_msgs/include/igus_rebel_msgs/igus_rebel_msgs
[0.545s] -- Up-to-date: /home/vasee22/COAR-ROS2-Workspace-main/install/igus_rebel_msgs/include/igus_rebel_msgs/igus_rebel_msgs/msg
[0.545s] -- Up-to-date: /home/vasee22/COAR-ROS2-Workspace-main/install/igus_rebel_msgs/include/igus_rebel_msgs/igus_rebel_msgs/msg/digital_output.h
[0.545s] -- Up-to-date: /home/vasee22/COAR-ROS2-Workspace-main/install/igus_rebel_msgs/include/igus_rebel_msgs/igus_rebel_msgs/msg/rosidl_generator_c__visibility_control.h
[0.545s] -- Up-to-date: /home/vasee22/COAR-ROS2-Workspace-main/install/igus_rebel_msgs/include/igus_rebel_msgs/igus_rebel_msgs/msg/detail
[0.545s] -- Up-to-date: /home/vasee22/COAR-ROS2-Workspace-main/install/igus_rebel_msgs/include/igus_rebel_msgs/igus_rebel_msgs/msg/detail/digital_output__type_support.h
[0.545s] -- Up-to-date: /home/vasee22/COAR-ROS2-Workspace-main/install/igus_rebel_msgs/include/igus_rebel_msgs/igus_rebel_msgs/msg/detail/digital_output__description.c
[0.546s] -- Up-to-date: /home/vasee22/COAR-ROS2-Workspace-main/install/igus_rebel_msgs/include/igus_rebel_msgs/igus_rebel_msgs/msg/detail/digital_output__type_support.c
[0.546s] -- Up-to-date: /home/vasee22/COAR-ROS2-Workspace-main/install/igus_rebel_msgs/include/igus_rebel_msgs/igus_rebel_msgs/msg/detail/digital_output__functions.c
[0.546s] -- Up-to-date: /home/vasee22/COAR-ROS2-Workspace-main/install/igus_rebel_msgs/include/igus_rebel_msgs/igus_rebel_msgs/msg/detail/digital_output__functions.h
[0.546s] -- Up-to-date: /home/vasee22/COAR-ROS2-Workspace-main/install/igus_rebel_msgs/include/igus_rebel_msgs/igus_rebel_msgs/msg/detail/digital_output__struct.h
[0.546s] -- Up-to-date: /home/vasee22/COAR-ROS2-Workspace-main/install/igus_rebel_msgs/include/igus_rebel_msgs/igus_rebel_msgs/srv
[0.546s] -- Up-to-date: /home/vasee22/COAR-ROS2-Workspace-main/install/igus_rebel_msgs/include/igus_rebel_msgs/igus_rebel_msgs/srv/set_digital_output.h
[0.546s] -- Up-to-date: /home/vasee22/COAR-ROS2-Workspace-main/install/igus_rebel_msgs/include/igus_rebel_msgs/igus_rebel_msgs/srv/detail
[0.546s] -- Up-to-date: /home/vasee22/COAR-ROS2-Workspace-main/install/igus_rebel_msgs/include/igus_rebel_msgs/igus_rebel_msgs/srv/detail/set_digital_output__type_support.c
[0.546s] -- Up-to-date: /home/vasee22/COAR-ROS2-Workspace-main/install/igus_rebel_msgs/include/igus_rebel_msgs/igus_rebel_msgs/srv/detail/set_digital_output__description.c
[0.546s] -- Up-to-date: /home/vasee22/COAR-ROS2-Workspace-main/install/igus_rebel_msgs/include/igus_rebel_msgs/igus_rebel_msgs/srv/detail/set_digital_output__struct.h
[0.547s] -- Up-to-date: /home/vasee22/COAR-ROS2-Workspace-main/install/igus_rebel_msgs/include/igus_rebel_msgs/igus_rebel_msgs/srv/detail/set_digital_output__functions.h
[0.547s] -- Up-to-date: /home/vasee22/COAR-ROS2-Workspace-main/install/igus_rebel_msgs/include/igus_rebel_msgs/igus_rebel_msgs/srv/detail/set_digital_output__type_support.h
[0.547s] -- Up-to-date: /home/vasee22/COAR-ROS2-Workspace-main/install/igus_rebel_msgs/include/igus_rebel_msgs/igus_rebel_msgs/srv/detail/set_digital_output__functions.c
[0.547s] -- Up-to-date: /home/vasee22/COAR-ROS2-Workspace-main/install/igus_rebel_msgs/share/igus_rebel_msgs/environment/library_path.sh
[0.547s] -- Up-to-date: /home/vasee22/COAR-ROS2-Workspace-main/install/igus_rebel_msgs/share/igus_rebel_msgs/environment/library_path.dsv
[0.547s] -- Up-to-date: /home/vasee22/COAR-ROS2-Workspace-main/install/igus_rebel_msgs/lib/libigus_rebel_msgs__rosidl_generator_c.so
[0.547s] -- Up-to-date: /home/vasee22/COAR-ROS2-Workspace-main/install/igus_rebel_msgs/include/igus_rebel_msgs/igus_rebel_msgs
[0.547s] -- Up-to-date: /home/vasee22/COAR-ROS2-Workspace-main/install/igus_rebel_msgs/include/igus_rebel_msgs/igus_rebel_msgs/msg
[0.547s] -- Up-to-date: /home/vasee22/COAR-ROS2-Workspace-main/install/igus_rebel_msgs/include/igus_rebel_msgs/igus_rebel_msgs/msg/rosidl_typesupport_fastrtps_c__visibility_control.h
[0.547s] -- Up-to-date: /home/vasee22/COAR-ROS2-Workspace-main/install/igus_rebel_msgs/include/igus_rebel_msgs/igus_rebel_msgs/msg/detail
[0.547s] -- Up-to-date: /home/vasee22/COAR-ROS2-Workspace-main/install/igus_rebel_msgs/include/igus_rebel_msgs/igus_rebel_msgs/msg/detail/digital_output__rosidl_typesupport_fastrtps_c.h
[0.548s] -- Up-to-date: /home/vasee22/COAR-ROS2-Workspace-main/install/igus_rebel_msgs/include/igus_rebel_msgs/igus_rebel_msgs/srv
[0.548s] -- Up-to-date: /home/vasee22/COAR-ROS2-Workspace-main/install/igus_rebel_msgs/include/igus_rebel_msgs/igus_rebel_msgs/srv/detail
[0.548s] -- Up-to-date: /home/vasee22/COAR-ROS2-Workspace-main/install/igus_rebel_msgs/include/igus_rebel_msgs/igus_rebel_msgs/srv/detail/set_digital_output__rosidl_typesupport_fastrtps_c.h
[0.548s] -- Up-to-date: /home/vasee22/COAR-ROS2-Workspace-main/install/igus_rebel_msgs/lib/libigus_rebel_msgs__rosidl_typesupport_fastrtps_c.so
[0.548s] -- Up-to-date: /home/vasee22/COAR-ROS2-Workspace-main/install/igus_rebel_msgs/include/igus_rebel_msgs/igus_rebel_msgs
[0.548s] -- Up-to-date: /home/vasee22/COAR-ROS2-Workspace-main/install/igus_rebel_msgs/include/igus_rebel_msgs/igus_rebel_msgs/msg
[0.548s] -- Up-to-date: /home/vasee22/COAR-ROS2-Workspace-main/install/igus_rebel_msgs/include/igus_rebel_msgs/igus_rebel_msgs/msg/detail
[0.548s] -- Up-to-date: /home/vasee22/COAR-ROS2-Workspace-main/install/igus_rebel_msgs/include/igus_rebel_msgs/igus_rebel_msgs/msg/detail/digital_output__struct.hpp
[0.548s] -- Up-to-date: /home/vasee22/COAR-ROS2-Workspace-main/install/igus_rebel_msgs/include/igus_rebel_msgs/igus_rebel_msgs/msg/detail/digital_output__type_support.hpp
[0.548s] -- Up-to-date: /home/vasee22/COAR-ROS2-Workspace-main/install/igus_rebel_msgs/include/igus_rebel_msgs/igus_rebel_msgs/msg/detail/digital_output__builder.hpp
[0.548s] -- Up-to-date: /home/vasee22/COAR-ROS2-Workspace-main/install/igus_rebel_msgs/include/igus_rebel_msgs/igus_rebel_msgs/msg/detail/digital_output__traits.hpp
[0.548s] -- Up-to-date: /home/vasee22/COAR-ROS2-Workspace-main/install/igus_rebel_msgs/include/igus_rebel_msgs/igus_rebel_msgs/msg/digital_output.hpp
[0.548s] -- Up-to-date: /home/vasee22/COAR-ROS2-Workspace-main/install/igus_rebel_msgs/include/igus_rebel_msgs/igus_rebel_msgs/msg/rosidl_generator_cpp__visibility_control.hpp
[0.549s] -- Up-to-date: /home/vasee22/COAR-ROS2-Workspace-main/install/igus_rebel_msgs/include/igus_rebel_msgs/igus_rebel_msgs/srv
[0.549s] -- Up-to-date: /home/vasee22/COAR-ROS2-Workspace-main/install/igus_rebel_msgs/include/igus_rebel_msgs/igus_rebel_msgs/srv/set_digital_output.hpp
[0.549s] -- Up-to-date: /home/vasee22/COAR-ROS2-Workspace-main/install/igus_rebel_msgs/include/igus_rebel_msgs/igus_rebel_msgs/srv/detail
[0.549s] -- Up-to-date: /home/vasee22/COAR-ROS2-Workspace-main/install/igus_rebel_msgs/include/igus_rebel_msgs/igus_rebel_msgs/srv/detail/set_digital_output__type_support.hpp
[0.549s] -- Up-to-date: /home/vasee22/COAR-ROS2-Workspace-main/install/igus_rebel_msgs/include/igus_rebel_msgs/igus_rebel_msgs/srv/detail/set_digital_output__builder.hpp
[0.549s] -- Up-to-date: /home/vasee22/COAR-ROS2-Workspace-main/install/igus_rebel_msgs/include/igus_rebel_msgs/igus_rebel_msgs/srv/detail/set_digital_output__struct.hpp
[0.549s] -- Up-to-date: /home/vasee22/COAR-ROS2-Workspace-main/install/igus_rebel_msgs/include/igus_rebel_msgs/igus_rebel_msgs/srv/detail/set_digital_output__traits.hpp
[0.549s] -- Up-to-date: /home/vasee22/COAR-ROS2-Workspace-main/install/igus_rebel_msgs/include/igus_rebel_msgs/igus_rebel_msgs
[0.549s] -- Up-to-date: /home/vasee22/COAR-ROS2-Workspace-main/install/igus_rebel_msgs/include/igus_rebel_msgs/igus_rebel_msgs/msg
[0.549s] -- Up-to-date: /home/vasee22/COAR-ROS2-Workspace-main/install/igus_rebel_msgs/include/igus_rebel_msgs/igus_rebel_msgs/msg/rosidl_typesupport_fastrtps_cpp__visibility_control.h
[0.549s] -- Up-to-date: /home/vasee22/COAR-ROS2-Workspace-main/install/igus_rebel_msgs/include/igus_rebel_msgs/igus_rebel_msgs/msg/detail
[0.549s] -- Up-to-date: /home/vasee22/COAR-ROS2-Workspace-main/install/igus_rebel_msgs/include/igus_rebel_msgs/igus_rebel_msgs/msg/detail/dds_fastrtps
[0.550s] -- Up-to-date: /home/vasee22/COAR-ROS2-Workspace-main/install/igus_rebel_msgs/include/igus_rebel_msgs/igus_rebel_msgs/msg/detail/digital_output__rosidl_typesupport_fastrtps_cpp.hpp
[0.550s] -- Up-to-date: /home/vasee22/COAR-ROS2-Workspace-main/install/igus_rebel_msgs/include/igus_rebel_msgs/igus_rebel_msgs/srv
[0.550s] -- Up-to-date: /home/vasee22/COAR-ROS2-Workspace-main/install/igus_rebel_msgs/include/igus_rebel_msgs/igus_rebel_msgs/srv/detail
[0.550s] -- Up-to-date: /home/vasee22/COAR-ROS2-Workspace-main/install/igus_rebel_msgs/include/igus_rebel_msgs/igus_rebel_msgs/srv/detail/set_digital_output__rosidl_typesupport_fastrtps_cpp.hpp
[0.550s] -- Up-to-date: /home/vasee22/COAR-ROS2-Workspace-main/install/igus_rebel_msgs/include/igus_rebel_msgs/igus_rebel_msgs/srv/detail/dds_fastrtps
[0.550s] -- Up-to-date: /home/vasee22/COAR-ROS2-Workspace-main/install/igus_rebel_msgs/lib/libigus_rebel_msgs__rosidl_typesupport_fastrtps_cpp.so
[0.550s] -- Up-to-date: /home/vasee22/COAR-ROS2-Workspace-main/install/igus_rebel_msgs/include/igus_rebel_msgs/igus_rebel_msgs
[0.550s] -- Up-to-date: /home/vasee22/COAR-ROS2-Workspace-main/install/igus_rebel_msgs/include/igus_rebel_msgs/igus_rebel_msgs/msg
[0.550s] -- Up-to-date: /home/vasee22/COAR-ROS2-Workspace-main/install/igus_rebel_msgs/include/igus_rebel_msgs/igus_rebel_msgs/msg/rosidl_typesupport_introspection_c__visibility_control.h
[0.550s] -- Up-to-date: /home/vasee22/COAR-ROS2-Workspace-main/install/igus_rebel_msgs/include/igus_rebel_msgs/igus_rebel_msgs/msg/detail
[0.550s] -- Up-to-date: /home/vasee22/COAR-ROS2-Workspace-main/install/igus_rebel_msgs/include/igus_rebel_msgs/igus_rebel_msgs/msg/detail/digital_output__type_support.c
[0.550s] -- Up-to-date: /home/vasee22/COAR-ROS2-Workspace-main/install/igus_rebel_msgs/include/igus_rebel_msgs/igus_rebel_msgs/msg/detail/digital_output__rosidl_typesupport_introspection_c.h
[0.550s] -- Up-to-date: /home/vasee22/COAR-ROS2-Workspace-main/install/igus_rebel_msgs/include/igus_rebel_msgs/igus_rebel_msgs/srv
[0.551s] -- Up-to-date: /home/vasee22/COAR-ROS2-Workspace-main/install/igus_rebel_msgs/include/igus_rebel_msgs/igus_rebel_msgs/srv/detail
[0.551s] -- Up-to-date: /home/vasee22/COAR-ROS2-Workspace-main/install/igus_rebel_msgs/include/igus_rebel_msgs/igus_rebel_msgs/srv/detail/set_digital_output__type_support.c
[0.551s] -- Up-to-date: /home/vasee22/COAR-ROS2-Workspace-main/install/igus_rebel_msgs/include/igus_rebel_msgs/igus_rebel_msgs/srv/detail/set_digital_output__rosidl_typesupport_introspection_c.h
[0.551s] -- Up-to-date: /home/vasee22/COAR-ROS2-Workspace-main/install/igus_rebel_msgs/lib/libigus_rebel_msgs__rosidl_typesupport_introspection_c.so
[0.551s] -- Up-to-date: /home/vasee22/COAR-ROS2-Workspace-main/install/igus_rebel_msgs/lib/libigus_rebel_msgs__rosidl_typesupport_c.so
[0.551s] -- Up-to-date: /home/vasee22/COAR-ROS2-Workspace-main/install/igus_rebel_msgs/include/igus_rebel_msgs/igus_rebel_msgs
[0.551s] -- Up-to-date: /home/vasee22/COAR-ROS2-Workspace-main/install/igus_rebel_msgs/include/igus_rebel_msgs/igus_rebel_msgs/msg
[0.551s] -- Up-to-date: /home/vasee22/COAR-ROS2-Workspace-main/install/igus_rebel_msgs/include/igus_rebel_msgs/igus_rebel_msgs/msg/detail
[0.551s] -- Up-to-date: /home/vasee22/COAR-ROS2-Workspace-main/install/igus_rebel_msgs/include/igus_rebel_msgs/igus_rebel_msgs/msg/detail/digital_output__rosidl_typesupport_introspection_cpp.hpp
[0.551s] -- Up-to-date: /home/vasee22/COAR-ROS2-Workspace-main/install/igus_rebel_msgs/include/igus_rebel_msgs/igus_rebel_msgs/msg/detail/digital_output__type_support.cpp
[0.551s] -- Up-to-date: /home/vasee22/COAR-ROS2-Workspace-main/install/igus_rebel_msgs/include/igus_rebel_msgs/igus_rebel_msgs/srv
[0.551s] -- Up-to-date: /home/vasee22/COAR-ROS2-Workspace-main/install/igus_rebel_msgs/include/igus_rebel_msgs/igus_rebel_msgs/srv/detail
[0.551s] -- Up-to-date: /home/vasee22/COAR-ROS2-Workspace-main/install/igus_rebel_msgs/include/igus_rebel_msgs/igus_rebel_msgs/srv/detail/set_digital_output__rosidl_typesupport_introspection_cpp.hpp
[0.552s] -- Up-to-date: /home/vasee22/COAR-ROS2-Workspace-main/install/igus_rebel_msgs/include/igus_rebel_msgs/igus_rebel_msgs/srv/detail/set_digital_output__type_support.cpp
[0.552s] -- Up-to-date: /home/vasee22/COAR-ROS2-Workspace-main/install/igus_rebel_msgs/lib/libigus_rebel_msgs__rosidl_typesupport_introspection_cpp.so
[0.552s] -- Up-to-date: /home/vasee22/COAR-ROS2-Workspace-main/install/igus_rebel_msgs/lib/libigus_rebel_msgs__rosidl_typesupport_cpp.so
[0.552s] -- Up-to-date: /home/vasee22/COAR-ROS2-Workspace-main/install/igus_rebel_msgs/share/igus_rebel_msgs/environment/pythonpath.sh
[0.552s] -- Up-to-date: /home/vasee22/COAR-ROS2-Workspace-main/install/igus_rebel_msgs/share/igus_rebel_msgs/environment/pythonpath.dsv
[0.552s] -- Up-to-date: /home/vasee22/COAR-ROS2-Workspace-main/install/igus_rebel_msgs/lib/python3.12/site-packages/igus_rebel_msgs-0.0.0-py3.12.egg-info
[0.552s] -- Installing: /home/vasee22/COAR-ROS2-Workspace-main/install/igus_rebel_msgs/lib/python3.12/site-packages/igus_rebel_msgs-0.0.0-py3.12.egg-info/top_level.txt
[0.552s] -- Installing: /home/vasee22/COAR-ROS2-Workspace-main/install/igus_rebel_msgs/lib/python3.12/site-packages/igus_rebel_msgs-0.0.0-py3.12.egg-info/dependency_links.txt
[0.552s] -- Installing: /home/vasee22/COAR-ROS2-Workspace-main/install/igus_rebel_msgs/lib/python3.12/site-packages/igus_rebel_msgs-0.0.0-py3.12.egg-info/SOURCES.txt
[0.552s] -- Installing: /home/vasee22/COAR-ROS2-Workspace-main/install/igus_rebel_msgs/lib/python3.12/site-packages/igus_rebel_msgs-0.0.0-py3.12.egg-info/PKG-INFO
[0.552s] -- Up-to-date: /home/vasee22/COAR-ROS2-Workspace-main/install/igus_rebel_msgs/lib/python3.12/site-packages/igus_rebel_msgs
[0.552s] -- Up-to-date: /home/vasee22/COAR-ROS2-Workspace-main/install/igus_rebel_msgs/lib/python3.12/site-packages/igus_rebel_msgs/__init__.py
[0.552s] -- Up-to-date: /home/vasee22/COAR-ROS2-Workspace-main/install/igus_rebel_msgs/lib/python3.12/site-packages/igus_rebel_msgs/_igus_rebel_msgs_s.ep.rosidl_typesupport_introspection_c.c
[0.552s] -- Up-to-date: /home/vasee22/COAR-ROS2-Workspace-main/install/igus_rebel_msgs/lib/python3.12/site-packages/igus_rebel_msgs/msg
[0.553s] -- Up-to-date: /home/vasee22/COAR-ROS2-Workspace-main/install/igus_rebel_msgs/lib/python3.12/site-packages/igus_rebel_msgs/msg/__init__.py
[0.553s] -- Up-to-date: /home/vasee22/COAR-ROS2-Workspace-main/install/igus_rebel_msgs/lib/python3.12/site-packages/igus_rebel_msgs/msg/_digital_output_s.c
[0.553s] -- Up-to-date: /home/vasee22/COAR-ROS2-Workspace-main/install/igus_rebel_msgs/lib/python3.12/site-packages/igus_rebel_msgs/msg/_digital_output.py
[0.553s] -- Up-to-date: /home/vasee22/COAR-ROS2-Workspace-main/install/igus_rebel_msgs/lib/python3.12/site-packages/igus_rebel_msgs/igus_rebel_msgs_s__rosidl_typesupport_introspection_c.so
[0.553s] -- Up-to-date: /home/vasee22/COAR-ROS2-Workspace-main/install/igus_rebel_msgs/lib/python3.12/site-packages/igus_rebel_msgs/srv
[0.553s] -- Up-to-date: /home/vasee22/COAR-ROS2-Workspace-main/install/igus_rebel_msgs/lib/python3.12/site-packages/igus_rebel_msgs/srv/__init__.py
[0.553s] -- Up-to-date: /home/vasee22/COAR-ROS2-Workspace-main/install/igus_rebel_msgs/lib/python3.12/site-packages/igus_rebel_msgs/srv/_set_digital_output_s.c
[0.553s] -- Up-to-date: /home/vasee22/COAR-ROS2-Workspace-main/install/igus_rebel_msgs/lib/python3.12/site-packages/igus_rebel_msgs/srv/_set_digital_output.py
[0.553s] -- Up-to-date: /home/vasee22/COAR-ROS2-Workspace-main/install/igus_rebel_msgs/lib/python3.12/site-packages/igus_rebel_msgs/igus_rebel_msgs_s__rosidl_typesupport_fastrtps_c.so
[0.553s] -- Up-to-date: /home/vasee22/COAR-ROS2-Workspace-main/install/igus_rebel_msgs/lib/python3.12/site-packages/igus_rebel_msgs/_igus_rebel_msgs_s.ep.rosidl_typesupport_c.c
[0.553s] -- Up-to-date: /home/vasee22/COAR-ROS2-Workspace-main/install/igus_rebel_msgs/lib/python3.12/site-packages/igus_rebel_msgs/_igus_rebel_msgs_s.ep.rosidl_typesupport_fastrtps_c.c
[0.553s] -- Up-to-date: /home/vasee22/COAR-ROS2-Workspace-main/install/igus_rebel_msgs/lib/python3.12/site-packages/igus_rebel_msgs/igus_rebel_msgs_s__rosidl_typesupport_c.so
[0.603s] Listing '/home/vasee22/COAR-ROS2-Workspace-main/install/igus_rebel_msgs/lib/python3.12/site-packages/igus_rebel_msgs'...
[0.603s] Listing '/home/vasee22/COAR-ROS2-Workspace-main/install/igus_rebel_msgs/lib/python3.12/site-packages/igus_rebel_msgs/msg'...
[0.604s] Listing '/home/vasee22/COAR-ROS2-Workspace-main/install/igus_rebel_msgs/lib/python3.12/site-packages/igus_rebel_msgs/srv'...
[0.611s] -- Up-to-date: /home/vasee22/COAR-ROS2-Workspace-main/install/igus_rebel_msgs/lib/python3.12/site-packages/igus_rebel_msgs/igus_rebel_msgs_s__rosidl_typesupport_fastrtps_c.so
[0.612s] -- Up-to-date: /home/vasee22/COAR-ROS2-Workspace-main/install/igus_rebel_msgs/lib/python3.12/site-packages/igus_rebel_msgs/igus_rebel_msgs_s__rosidl_typesupport_introspection_c.so
[0.612s] -- Up-to-date: /home/vasee22/COAR-ROS2-Workspace-main/install/igus_rebel_msgs/lib/python3.12/site-packages/igus_rebel_msgs/igus_rebel_msgs_s__rosidl_typesupport_c.so
[0.612s] -- Up-to-date: /home/vasee22/COAR-ROS2-Workspace-main/install/igus_rebel_msgs/lib/libigus_rebel_msgs__rosidl_generator_py.so
[0.612s] -- Up-to-date: /home/vasee22/COAR-ROS2-Workspace-main/install/igus_rebel_msgs/share/igus_rebel_msgs/msg/DigitalOutput.idl
[0.613s] -- Up-to-date: /home/vasee22/COAR-ROS2-Workspace-main/install/igus_rebel_msgs/share/igus_rebel_msgs/srv/SetDigitalOutput.idl
[0.613s] -- Up-to-date: /home/vasee22/COAR-ROS2-Workspace-main/install/igus_rebel_msgs/share/igus_rebel_msgs/msg/DigitalOutput.msg
[0.613s] -- Up-to-date: /home/vasee22/COAR-ROS2-Workspace-main/install/igus_rebel_msgs/share/igus_rebel_msgs/srv/SetDigitalOutput.srv
[0.613s] -- Up-to-date: /home/vasee22/COAR-ROS2-Workspace-main/install/igus_rebel_msgs/share/ament_index/resource_index/package_run_dependencies/igus_rebel_msgs
[0.613s] -- Up-to-date: /home/vasee22/COAR-ROS2-Workspace-main/install/igus_rebel_msgs/share/ament_index/resource_index/parent_prefix_path/igus_rebel_msgs
[0.613s] -- Up-to-date: /home/vasee22/COAR-ROS2-Workspace-main/install/igus_rebel_msgs/share/igus_rebel_msgs/environment/ament_prefix_path.sh
[0.613s] -- Up-to-date: /home/vasee22/COAR-ROS2-Workspace-main/install/igus_rebel_msgs/share/igus_rebel_msgs/environment/ament_prefix_path.dsv
[0.613s] -- Up-to-date: /home/vasee22/COAR-ROS2-Workspace-main/install/igus_rebel_msgs/share/igus_rebel_msgs/environment/path.sh
[0.613s] -- Up-to-date: /home/vasee22/COAR-ROS2-Workspace-main/install/igus_rebel_msgs/share/igus_rebel_msgs/environment/path.dsv
[0.613s] -- Up-to-date: /home/vasee22/COAR-ROS2-Workspace-main/install/igus_rebel_msgs/share/igus_rebel_msgs/local_setup.bash
[0.613s] -- Up-to-date: /home/vasee22/COAR-ROS2-Workspace-main/install/igus_rebel_msgs/share/igus_rebel_msgs/local_setup.sh
[0.614s] -- Up-to-date: /home/vasee22/COAR-ROS2-Workspace-main/install/igus_rebel_msgs/share/igus_rebel_msgs/local_setup.zsh
[0.614s] -- Up-to-date: /home/vasee22/COAR-ROS2-Workspace-main/install/igus_rebel_msgs/share/igus_rebel_msgs/local_setup.dsv
[0.614s] -- Installing: /home/vasee22/COAR-ROS2-Workspace-main/install/igus_rebel_msgs/share/igus_rebel_msgs/package.dsv
[0.614s] -- Up-to-date: /home/vasee22/COAR-ROS2-Workspace-main/install/igus_rebel_msgs/share/ament_index/resource_index/packages/igus_rebel_msgs
[0.614s] -- Up-to-date: /home/vasee22/COAR-ROS2-Workspace-main/install/igus_rebel_msgs/share/igus_rebel_msgs/cmake/export_igus_rebel_msgs__rosidl_generator_cExport.cmake
[0.614s] -- Up-to-date: /home/vasee22/COAR-ROS2-Workspace-main/install/igus_rebel_msgs/share/igus_rebel_msgs/cmake/export_igus_rebel_msgs__rosidl_generator_cExport-debug.cmake
[0.614s] -- Up-to-date: /home/vasee22/COAR-ROS2-Workspace-main/install/igus_rebel_msgs/share/igus_rebel_msgs/cmake/export_igus_rebel_msgs__rosidl_typesupport_fastrtps_cExport.cmake
[0.614s] -- Up-to-date: /home/vasee22/COAR-ROS2-Workspace-main/install/igus_rebel_msgs/share/igus_rebel_msgs/cmake/export_igus_rebel_msgs__rosidl_typesupport_fastrtps_cExport-debug.cmake
[0.614s] -- Up-to-date: /home/vasee22/COAR-ROS2-Workspace-main/install/igus_rebel_msgs/share/igus_rebel_msgs/cmake/export_igus_rebel_msgs__rosidl_generator_cppExport.cmake
[0.614s] -- Up-to-date: /home/vasee22/COAR-ROS2-Workspace-main/install/igus_rebel_msgs/share/igus_rebel_msgs/cmake/export_igus_rebel_msgs__rosidl_typesupport_fastrtps_cppExport.cmake
[0.615s] -- Up-to-date: /home/vasee22/COAR-ROS2-Workspace-main/install/igus_rebel_msgs/share/igus_rebel_msgs/cmake/export_igus_rebel_msgs__rosidl_typesupport_fastrtps_cppExport-debug.cmake
[0.615s] -- Up-to-date: /home/vasee22/COAR-ROS2-Workspace-main/install/igus_rebel_msgs/share/igus_rebel_msgs/cmake/igus_rebel_msgs__rosidl_typesupport_introspection_cExport.cmake
[0.615s] -- Up-to-date: /home/vasee22/COAR-ROS2-Workspace-main/install/igus_rebel_msgs/share/igus_rebel_msgs/cmake/igus_rebel_msgs__rosidl_typesupport_introspection_cExport-debug.cmake
[0.615s] -- Up-to-date: /home/vasee22/COAR-ROS2-Workspace-main/install/igus_rebel_msgs/share/igus_rebel_msgs/cmake/igus_rebel_msgs__rosidl_typesupport_cExport.cmake
[0.615s] -- Up-to-date: /home/vasee22/COAR-ROS2-Workspace-main/install/igus_rebel_msgs/share/igus_rebel_msgs/cmake/igus_rebel_msgs__rosidl_typesupport_cExport-debug.cmake
[0.615s] -- Up-to-date: /home/vasee22/COAR-ROS2-Workspace-main/install/igus_rebel_msgs/share/igus_rebel_msgs/cmake/igus_rebel_msgs__rosidl_typesupport_introspection_cppExport.cmake
[0.615s] -- Up-to-date: /home/vasee22/COAR-ROS2-Workspace-main/install/igus_rebel_msgs/share/igus_rebel_msgs/cmake/igus_rebel_msgs__rosidl_typesupport_introspection_cppExport-debug.cmake
[0.615s] -- Up-to-date: /home/vasee22/COAR-ROS2-Workspace-main/install/igus_rebel_msgs/share/igus_rebel_msgs/cmake/igus_rebel_msgs__rosidl_typesupport_cppExport.cmake
[0.615s] -- Up-to-date: /home/vasee22/COAR-ROS2-Workspace-main/install/igus_rebel_msgs/share/igus_rebel_msgs/cmake/igus_rebel_msgs__rosidl_typesupport_cppExport-debug.cmake
[0.615s] -- Up-to-date: /home/vasee22/COAR-ROS2-Workspace-main/install/igus_rebel_msgs/share/igus_rebel_msgs/cmake/export_igus_rebel_msgs__rosidl_generator_pyExport.cmake
[0.615s] -- Up-to-date: /home/vasee22/COAR-ROS2-Workspace-main/install/igus_rebel_msgs/share/igus_rebel_msgs/cmake/export_igus_rebel_msgs__rosidl_generator_pyExport-debug.cmake
[0.615s] -- Up-to-date: /home/vasee22/COAR-ROS2-Workspace-main/install/igus_rebel_msgs/share/igus_rebel_msgs/cmake/rosidl_cmake-extras.cmake
[0.615s] -- Up-to-date: /home/vasee22/COAR-ROS2-Workspace-main/install/igus_rebel_msgs/share/igus_rebel_msgs/cmake/ament_cmake_export_dependencies-extras.cmake
[0.616s] -- Up-to-date: /home/vasee22/COAR-ROS2-Workspace-main/install/igus_rebel_msgs/share/igus_rebel_msgs/cmake/ament_cmake_export_include_directories-extras.cmake
[0.616s] -- Up-to-date: /home/vasee22/COAR-ROS2-Workspace-main/install/igus_rebel_msgs/share/igus_rebel_msgs/cmake/ament_cmake_export_libraries-extras.cmake
[0.616s] -- Up-to-date: /home/vasee22/COAR-ROS2-Workspace-main/install/igus_rebel_msgs/share/igus_rebel_msgs/cmake/ament_cmake_export_targets-extras.cmake
[0.616s] -- Up-to-date: /home/vasee22/COAR-ROS2-Workspace-main/install/igus_rebel_msgs/share/igus_rebel_msgs/cmake/rosidl_cmake_export_typesupport_targets-extras.cmake
[0.616s] -- Up-to-date: /home/vasee22/COAR-ROS2-Workspace-main/install/igus_rebel_msgs/share/igus_rebel_msgs/cmake/rosidl_cmake_export_typesupport_libraries-extras.cmake
[0.616s] -- Up-to-date: /home/vasee22/COAR-ROS2-Workspace-main/install/igus_rebel_msgs/share/igus_rebel_msgs/cmake/igus_rebel_msgsConfig.cmake
[0.616s] -- Up-to-date: /home/vasee22/COAR-ROS2-Workspace-main/install/igus_rebel_msgs/share/igus_rebel_msgs/cmake/igus_rebel_msgsConfig-version.cmake
[0.616s] -- Up-to-date: /home/vasee22/COAR-ROS2-Workspace-main/install/igus_rebel_msgs/share/igus_rebel_msgs/package.xml
[0.618s] Invoked command in '/home/vasee22/COAR-ROS2-Workspace-main/build/igus_rebel_msgs' returned '0': CMAKE_PREFIX_PATH=${CMAKE_PREFIX_PATH}:/home/vasee22/COAR-ROS2-Workspace-main/install/modbus_ros:/home/vasee22/ws_moveit/install/moveit_configs_utils:/opt/ros/jazzy DEBUGINFOD_URLS=https://debuginfod.ubuntu.com /usr/bin/cmake --install /home/vasee22/COAR-ROS2-Workspace-main/build/igus_rebel_msgs
