[0.028s] Invoking command in '/home/vasee22/COAR-ROS2-Workspace-mai/COAR-ROS2-Workspace-main/build/igus_rebel_msgs': CMAKE_PREFIX_PATH=${CMAKE_PREFIX_PATH}:/home/vasee22/COAR-ROS2-Workspace-mai/COAR-ROS2-Workspace-main/install/modbus_ros:/home/vasee22/ws_moveit/install/moveit_configs_utils:/home/vasee22/COAR-ROS2-Workspace-main/install/modbus_ros:/opt/ros/jazzy DEBUGINFOD_URLS=https://debuginfod.ubuntu.com /usr/bin/cmake --build /home/vasee22/COAR-ROS2-Workspace-mai/COAR-ROS2-Workspace-main/build/igus_rebel_msgs -- -j24 -l24
[0.117s] [  2%] Built target igus_rebel_msgs__rosidl_generator_type_description
[0.137s] [  2%] Built target ament_cmake_python_copy_igus_rebel_msgs
[0.156s] [  4%] Built target igus_rebel_msgs__cpp
[0.158s] [ 22%] Built target igus_rebel_msgs__rosidl_generator_c
[0.202s] [ 40%] Built target igus_rebel_msgs__rosidl_typesupport_introspection_c
[0.203s] [ 40%] Built target igus_rebel_msgs__rosidl_typesupport_fastrtps_c
[0.203s] [ 63%] Built target igus_rebel_msgs__rosidl_typesupport_fastrtps_cpp
[0.203s] [ 68%] Built target igus_rebel_msgs__rosidl_typesupport_introspection_cpp
[0.203s] [ 77%] Built target igus_rebel_msgs__rosidl_typesupport_cpp
[0.204s] [ 77%] Built target igus_rebel_msgs__rosidl_typesupport_c
[0.242s] [ 77%] Built target igus_rebel_msgs
[0.283s] [ 79%] Built target igus_rebel_msgs__py
[0.326s] [ 86%] Built target igus_rebel_msgs__rosidl_generator_py
[0.369s] [100%] Built target igus_rebel_msgs_s__rosidl_typesupport_introspection_c
[0.369s] [100%] Built target igus_rebel_msgs_s__rosidl_typesupport_fastrtps_c
[0.369s] [100%] Built target igus_rebel_msgs_s__rosidl_typesupport_c
[0.421s] running egg_info
[0.442s] writing igus_rebel_msgs.egg-info/PKG-INFO
[0.443s] writing dependency_links to igus_rebel_msgs.egg-info/dependency_links.txt
[0.443s] writing top-level names to igus_rebel_msgs.egg-info/top_level.txt
[0.505s] reading manifest file 'igus_rebel_msgs.egg-info/SOURCES.txt'
[0.506s] writing manifest file 'igus_rebel_msgs.egg-info/SOURCES.txt'
[0.543s] [100%] Built target ament_cmake_python_build_igus_rebel_msgs_egg
[0.564s] Invoked command in '/home/vasee22/COAR-ROS2-Workspace-mai/COAR-ROS2-Workspace-main/build/igus_rebel_msgs' returned '0': CMAKE_PREFIX_PATH=${CMAKE_PREFIX_PATH}:/home/vasee22/COAR-ROS2-Workspace-mai/COAR-ROS2-Workspace-main/install/modbus_ros:/home/vasee22/ws_moveit/install/moveit_configs_utils:/home/vasee22/COAR-ROS2-Workspace-main/install/modbus_ros:/opt/ros/jazzy DEBUGINFOD_URLS=https://debuginfod.ubuntu.com /usr/bin/cmake --build /home/vasee22/COAR-ROS2-Workspace-mai/COAR-ROS2-Workspace-main/build/igus_rebel_msgs -- -j24 -l24
[0.566s] Invoking command in '/home/vasee22/COAR-ROS2-Workspace-mai/COAR-ROS2-Workspace-main/build/igus_rebel_msgs': CMAKE_PREFIX_PATH=${CMAKE_PREFIX_PATH}:/home/vasee22/COAR-ROS2-Workspace-mai/COAR-ROS2-Workspace-main/install/modbus_ros:/home/vasee22/ws_moveit/install/moveit_configs_utils:/home/vasee22/COAR-ROS2-Workspace-main/install/modbus_ros:/opt/ros/jazzy DEBUGINFOD_URLS=https://debuginfod.ubuntu.com /usr/bin/cmake --install /home/vasee22/COAR-ROS2-Workspace-mai/COAR-ROS2-Workspace-main/build/igus_rebel_msgs
[0.583s] -- Install configuration: "Debug"
[0.583s] -- Up-to-date: /home/vasee22/COAR-ROS2-Workspace-mai/COAR-ROS2-Workspace-main/install/igus_rebel_msgs/share/ament_index/resource_index/rosidl_interfaces/igus_rebel_msgs
[0.583s] -- Up-to-date: /home/vasee22/COAR-ROS2-Workspace-mai/COAR-ROS2-Workspace-main/install/igus_rebel_msgs/share/igus_rebel_msgs/msg/DigitalOutput.json
[0.583s] -- Up-to-date: /home/vasee22/COAR-ROS2-Workspace-mai/COAR-ROS2-Workspace-main/install/igus_rebel_msgs/share/igus_rebel_msgs/srv/SetDigitalOutput.json
[0.583s] -- Up-to-date: /home/vasee22/COAR-ROS2-Workspace-mai/COAR-ROS2-Workspace-main/install/igus_rebel_msgs/include/igus_rebel_msgs/igus_rebel_msgs
[0.583s] -- Up-to-date: /home/vasee22/COAR-ROS2-Workspace-mai/COAR-ROS2-Workspace-main/install/igus_rebel_msgs/include/igus_rebel_msgs/igus_rebel_msgs/msg
[0.584s] -- Up-to-date: /home/vasee22/COAR-ROS2-Workspace-mai/COAR-ROS2-Workspace-main/install/igus_rebel_msgs/include/igus_rebel_msgs/igus_rebel_msgs/msg/digital_output.h
[0.584s] -- Up-to-date: /home/vasee22/COAR-ROS2-Workspace-mai/COAR-ROS2-Workspace-main/install/igus_rebel_msgs/include/igus_rebel_msgs/igus_rebel_msgs/msg/rosidl_generator_c__visibility_control.h
[0.584s] -- Up-to-date: /home/vasee22/COAR-ROS2-Workspace-mai/COAR-ROS2-Workspace-main/install/igus_rebel_msgs/include/igus_rebel_msgs/igus_rebel_msgs/msg/detail
[0.584s] -- Up-to-date: /home/vasee22/COAR-ROS2-Workspace-mai/COAR-ROS2-Workspace-main/install/igus_rebel_msgs/include/igus_rebel_msgs/igus_rebel_msgs/msg/detail/digital_output__type_support.h
[0.584s] -- Up-to-date: /home/vasee22/COAR-ROS2-Workspace-mai/COAR-ROS2-Workspace-main/install/igus_rebel_msgs/include/igus_rebel_msgs/igus_rebel_msgs/msg/detail/digital_output__description.c
[0.584s] -- Up-to-date: /home/vasee22/COAR-ROS2-Workspace-mai/COAR-ROS2-Workspace-main/install/igus_rebel_msgs/include/igus_rebel_msgs/igus_rebel_msgs/msg/detail/digital_output__type_support.c
[0.584s] -- Up-to-date: /home/vasee22/COAR-ROS2-Workspace-mai/COAR-ROS2-Workspace-main/install/igus_rebel_msgs/include/igus_rebel_msgs/igus_rebel_msgs/msg/detail/digital_output__functions.c
[0.584s] -- Up-to-date: /home/vasee22/COAR-ROS2-Workspace-mai/COAR-ROS2-Workspace-main/install/igus_rebel_msgs/include/igus_rebel_msgs/igus_rebel_msgs/msg/detail/digital_output__functions.h
[0.584s] -- Up-to-date: /home/vasee22/COAR-ROS2-Workspace-mai/COAR-ROS2-Workspace-main/install/igus_rebel_msgs/include/igus_rebel_msgs/igus_rebel_msgs/msg/detail/digital_output__struct.h
[0.584s] -- Up-to-date: /home/vasee22/COAR-ROS2-Workspace-mai/COAR-ROS2-Workspace-main/install/igus_rebel_msgs/include/igus_rebel_msgs/igus_rebel_msgs/srv
[0.584s] -- Up-to-date: /home/vasee22/COAR-ROS2-Workspace-mai/COAR-ROS2-Workspace-main/install/igus_rebel_msgs/include/igus_rebel_msgs/igus_rebel_msgs/srv/set_digital_output.h
[0.585s] -- Up-to-date: /home/vasee22/COAR-ROS2-Workspace-mai/COAR-ROS2-Workspace-main/install/igus_rebel_msgs/include/igus_rebel_msgs/igus_rebel_msgs/srv/detail
[0.585s] -- Up-to-date: /home/vasee22/COAR-ROS2-Workspace-mai/COAR-ROS2-Workspace-main/install/igus_rebel_msgs/include/igus_rebel_msgs/igus_rebel_msgs/srv/detail/set_digital_output__type_support.c
[0.585s] -- Up-to-date: /home/vasee22/COAR-ROS2-Workspace-mai/COAR-ROS2-Workspace-main/install/igus_rebel_msgs/include/igus_rebel_msgs/igus_rebel_msgs/srv/detail/set_digital_output__description.c
[0.585s] -- Up-to-date: /home/vasee22/COAR-ROS2-Workspace-mai/COAR-ROS2-Workspace-main/install/igus_rebel_msgs/include/igus_rebel_msgs/igus_rebel_msgs/srv/detail/set_digital_output__struct.h
[0.585s] -- Up-to-date: /home/vasee22/COAR-ROS2-Workspace-mai/COAR-ROS2-Workspace-main/install/igus_rebel_msgs/include/igus_rebel_msgs/igus_rebel_msgs/srv/detail/set_digital_output__functions.h
[0.585s] -- Up-to-date: /home/vasee22/COAR-ROS2-Workspace-mai/COAR-ROS2-Workspace-main/install/igus_rebel_msgs/include/igus_rebel_msgs/igus_rebel_msgs/srv/detail/set_digital_output__type_support.h
[0.585s] -- Up-to-date: /home/vasee22/COAR-ROS2-Workspace-mai/COAR-ROS2-Workspace-main/install/igus_rebel_msgs/include/igus_rebel_msgs/igus_rebel_msgs/srv/detail/set_digital_output__functions.c
[0.585s] -- Up-to-date: /home/vasee22/COAR-ROS2-Workspace-mai/COAR-ROS2-Workspace-main/install/igus_rebel_msgs/share/igus_rebel_msgs/environment/library_path.sh
[0.585s] -- Up-to-date: /home/vasee22/COAR-ROS2-Workspace-mai/COAR-ROS2-Workspace-main/install/igus_rebel_msgs/share/igus_rebel_msgs/environment/library_path.dsv
[0.585s] -- Up-to-date: /home/vasee22/COAR-ROS2-Workspace-mai/COAR-ROS2-Workspace-main/install/igus_rebel_msgs/lib/libigus_rebel_msgs__rosidl_generator_c.so
[0.585s] -- Up-to-date: /home/vasee22/COAR-ROS2-Workspace-mai/COAR-ROS2-Workspace-main/install/igus_rebel_msgs/include/igus_rebel_msgs/igus_rebel_msgs
[0.586s] -- Up-to-date: /home/vasee22/COAR-ROS2-Workspace-mai/COAR-ROS2-Workspace-main/install/igus_rebel_msgs/include/igus_rebel_msgs/igus_rebel_msgs/msg
[0.586s] -- Up-to-date: /home/vasee22/COAR-ROS2-Workspace-mai/COAR-ROS2-Workspace-main/install/igus_rebel_msgs/include/igus_rebel_msgs/igus_rebel_msgs/msg/rosidl_typesupport_fastrtps_c__visibility_control.h
[0.587s] -- Up-to-date: /home/vasee22/COAR-ROS2-Workspace-mai/COAR-ROS2-Workspace-main/install/igus_rebel_msgs/include/igus_rebel_msgs/igus_rebel_msgs/msg/detail
[0.587s] -- Up-to-date: /home/vasee22/COAR-ROS2-Workspace-mai/COAR-ROS2-Workspace-main/install/igus_rebel_msgs/include/igus_rebel_msgs/igus_rebel_msgs/msg/detail/digital_output__rosidl_typesupport_fastrtps_c.h
[0.587s] -- Up-to-date: /home/vasee22/COAR-ROS2-Workspace-mai/COAR-ROS2-Workspace-main/install/igus_rebel_msgs/include/igus_rebel_msgs/igus_rebel_msgs/srv
[0.590s] -- Up-to-date: /home/vasee22/COAR-ROS2-Workspace-mai/COAR-ROS2-Workspace-main/install/igus_rebel_msgs/include/igus_rebel_msgs/igus_rebel_msgs/srv/detail
[0.590s] -- Up-to-date: /home/vasee22/COAR-ROS2-Workspace-mai/COAR-ROS2-Workspace-main/install/igus_rebel_msgs/include/igus_rebel_msgs/igus_rebel_msgs/srv/detail/set_digital_output__rosidl_typesupport_fastrtps_c.h
[0.591s] -- Up-to-date: /home/vasee22/COAR-ROS2-Workspace-mai/COAR-ROS2-Workspace-main/install/igus_rebel_msgs/lib/libigus_rebel_msgs__rosidl_typesupport_fastrtps_c.so
[0.591s] -- Up-to-date: /home/vasee22/COAR-ROS2-Workspace-mai/COAR-ROS2-Workspace-main/install/igus_rebel_msgs/include/igus_rebel_msgs/igus_rebel_msgs
[0.592s] -- Up-to-date: /home/vasee22/COAR-ROS2-Workspace-mai/COAR-ROS2-Workspace-main/install/igus_rebel_msgs/include/igus_rebel_msgs/igus_rebel_msgs/msg
[0.592s] -- Up-to-date: /home/vasee22/COAR-ROS2-Workspace-mai/COAR-ROS2-Workspace-main/install/igus_rebel_msgs/include/igus_rebel_msgs/igus_rebel_msgs/msg/detail
[0.592s] -- Up-to-date: /home/vasee22/COAR-ROS2-Workspace-mai/COAR-ROS2-Workspace-main/install/igus_rebel_msgs/include/igus_rebel_msgs/igus_rebel_msgs/msg/detail/digital_output__struct.hpp
[0.593s] -- Up-to-date: /home/vasee22/COAR-ROS2-Workspace-mai/COAR-ROS2-Workspace-main/install/igus_rebel_msgs/include/igus_rebel_msgs/igus_rebel_msgs/msg/detail/digital_output__type_support.hpp
[0.593s] -- Up-to-date: /home/vasee22/COAR-ROS2-Workspace-mai/COAR-ROS2-Workspace-main/install/igus_rebel_msgs/include/igus_rebel_msgs/igus_rebel_msgs/msg/detail/digital_output__builder.hpp
[0.593s] -- Up-to-date: /home/vasee22/COAR-ROS2-Workspace-mai/COAR-ROS2-Workspace-main/install/igus_rebel_msgs/include/igus_rebel_msgs/igus_rebel_msgs/msg/detail/digital_output__traits.hpp
[0.593s] -- Up-to-date: /home/vasee22/COAR-ROS2-Workspace-mai/COAR-ROS2-Workspace-main/install/igus_rebel_msgs/include/igus_rebel_msgs/igus_rebel_msgs/msg/digital_output.hpp
[0.594s] -- Up-to-date: /home/vasee22/COAR-ROS2-Workspace-mai/COAR-ROS2-Workspace-main/install/igus_rebel_msgs/include/igus_rebel_msgs/igus_rebel_msgs/msg/rosidl_generator_cpp__visibility_control.hpp
[0.594s] -- Up-to-date: /home/vasee22/COAR-ROS2-Workspace-mai/COAR-ROS2-Workspace-main/install/igus_rebel_msgs/include/igus_rebel_msgs/igus_rebel_msgs/srv
[0.594s] -- Up-to-date: /home/vasee22/COAR-ROS2-Workspace-mai/COAR-ROS2-Workspace-main/install/igus_rebel_msgs/include/igus_rebel_msgs/igus_rebel_msgs/srv/set_digital_output.hpp
[0.594s] -- Up-to-date: /home/vasee22/COAR-ROS2-Workspace-mai/COAR-ROS2-Workspace-main/install/igus_rebel_msgs/include/igus_rebel_msgs/igus_rebel_msgs/srv/detail
[0.594s] -- Up-to-date: /home/vasee22/COAR-ROS2-Workspace-mai/COAR-ROS2-Workspace-main/install/igus_rebel_msgs/include/igus_rebel_msgs/igus_rebel_msgs/srv/detail/set_digital_output__type_support.hpp
[0.594s] -- Up-to-date: /home/vasee22/COAR-ROS2-Workspace-mai/COAR-ROS2-Workspace-main/install/igus_rebel_msgs/include/igus_rebel_msgs/igus_rebel_msgs/srv/detail/set_digital_output__builder.hpp
[0.595s] -- Up-to-date: /home/vasee22/COAR-ROS2-Workspace-mai/COAR-ROS2-Workspace-main/install/igus_rebel_msgs/include/igus_rebel_msgs/igus_rebel_msgs/srv/detail/set_digital_output__struct.hpp
[0.595s] -- Up-to-date: /home/vasee22/COAR-ROS2-Workspace-mai/COAR-ROS2-Workspace-main/install/igus_rebel_msgs/include/igus_rebel_msgs/igus_rebel_msgs/srv/detail/set_digital_output__traits.hpp
[0.595s] -- Up-to-date: /home/vasee22/COAR-ROS2-Workspace-mai/COAR-ROS2-Workspace-main/install/igus_rebel_msgs/include/igus_rebel_msgs/igus_rebel_msgs
[0.595s] -- Up-to-date: /home/vasee22/COAR-ROS2-Workspace-mai/COAR-ROS2-Workspace-main/install/igus_rebel_msgs/include/igus_rebel_msgs/igus_rebel_msgs/msg
[0.595s] -- Up-to-date: /home/vasee22/COAR-ROS2-Workspace-mai/COAR-ROS2-Workspace-main/install/igus_rebel_msgs/include/igus_rebel_msgs/igus_rebel_msgs/msg/rosidl_typesupport_fastrtps_cpp__visibility_control.h
[0.595s] -- Up-to-date: /home/vasee22/COAR-ROS2-Workspace-mai/COAR-ROS2-Workspace-main/install/igus_rebel_msgs/include/igus_rebel_msgs/igus_rebel_msgs/msg/detail
[0.595s] -- Up-to-date: /home/vasee22/COAR-ROS2-Workspace-mai/COAR-ROS2-Workspace-main/install/igus_rebel_msgs/include/igus_rebel_msgs/igus_rebel_msgs/msg/detail/dds_fastrtps
[0.596s] -- Up-to-date: /home/vasee22/COAR-ROS2-Workspace-mai/COAR-ROS2-Workspace-main/install/igus_rebel_msgs/include/igus_rebel_msgs/igus_rebel_msgs/msg/detail/digital_output__rosidl_typesupport_fastrtps_cpp.hpp
[0.596s] -- Up-to-date: /home/vasee22/COAR-ROS2-Workspace-mai/COAR-ROS2-Workspace-main/install/igus_rebel_msgs/include/igus_rebel_msgs/igus_rebel_msgs/srv
[0.596s] -- Up-to-date: /home/vasee22/COAR-ROS2-Workspace-mai/COAR-ROS2-Workspace-main/install/igus_rebel_msgs/include/igus_rebel_msgs/igus_rebel_msgs/srv/detail
[0.596s] -- Up-to-date: /home/vasee22/COAR-ROS2-Workspace-mai/COAR-ROS2-Workspace-main/install/igus_rebel_msgs/include/igus_rebel_msgs/igus_rebel_msgs/srv/detail/set_digital_output__rosidl_typesupport_fastrtps_cpp.hpp
[0.596s] -- Up-to-date: /home/vasee22/COAR-ROS2-Workspace-mai/COAR-ROS2-Workspace-main/install/igus_rebel_msgs/include/igus_rebel_msgs/igus_rebel_msgs/srv/detail/dds_fastrtps
[0.597s] -- Up-to-date: /home/vasee22/COAR-ROS2-Workspace-mai/COAR-ROS2-Workspace-main/install/igus_rebel_msgs/lib/libigus_rebel_msgs__rosidl_typesupport_fastrtps_cpp.so
[0.597s] -- Up-to-date: /home/vasee22/COAR-ROS2-Workspace-mai/COAR-ROS2-Workspace-main/install/igus_rebel_msgs/include/igus_rebel_msgs/igus_rebel_msgs
[0.598s] -- Up-to-date: /home/vasee22/COAR-ROS2-Workspace-mai/COAR-ROS2-Workspace-main/install/igus_rebel_msgs/include/igus_rebel_msgs/igus_rebel_msgs/msg
[0.598s] -- Up-to-date: /home/vasee22/COAR-ROS2-Workspace-mai/COAR-ROS2-Workspace-main/install/igus_rebel_msgs/include/igus_rebel_msgs/igus_rebel_msgs/msg/rosidl_typesupport_introspection_c__visibility_control.h
[0.598s] -- Up-to-date: /home/vasee22/COAR-ROS2-Workspace-mai/COAR-ROS2-Workspace-main/install/igus_rebel_msgs/include/igus_rebel_msgs/igus_rebel_msgs/msg/detail
[0.598s] -- Up-to-date: /home/vasee22/COAR-ROS2-Workspace-mai/COAR-ROS2-Workspace-main/install/igus_rebel_msgs/include/igus_rebel_msgs/igus_rebel_msgs/msg/detail/digital_output__type_support.c
[0.598s] -- Up-to-date: /home/vasee22/COAR-ROS2-Workspace-mai/COAR-ROS2-Workspace-main/install/igus_rebel_msgs/include/igus_rebel_msgs/igus_rebel_msgs/msg/detail/digital_output__rosidl_typesupport_introspection_c.h
[0.598s] -- Up-to-date: /home/vasee22/COAR-ROS2-Workspace-mai/COAR-ROS2-Workspace-main/install/igus_rebel_msgs/include/igus_rebel_msgs/igus_rebel_msgs/srv
[0.599s] -- Up-to-date: /home/vasee22/COAR-ROS2-Workspace-mai/COAR-ROS2-Workspace-main/install/igus_rebel_msgs/include/igus_rebel_msgs/igus_rebel_msgs/srv/detail
[0.599s] -- Up-to-date: /home/vasee22/COAR-ROS2-Workspace-mai/COAR-ROS2-Workspace-main/install/igus_rebel_msgs/include/igus_rebel_msgs/igus_rebel_msgs/srv/detail/set_digital_output__type_support.c
[0.599s] -- Up-to-date: /home/vasee22/COAR-ROS2-Workspace-mai/COAR-ROS2-Workspace-main/install/igus_rebel_msgs/include/igus_rebel_msgs/igus_rebel_msgs/srv/detail/set_digital_output__rosidl_typesupport_introspection_c.h
[0.601s] -- Up-to-date: /home/vasee22/COAR-ROS2-Workspace-mai/COAR-ROS2-Workspace-main/install/igus_rebel_msgs/lib/libigus_rebel_msgs__rosidl_typesupport_introspection_c.so
[0.602s] -- Up-to-date: /home/vasee22/COAR-ROS2-Workspace-mai/COAR-ROS2-Workspace-main/install/igus_rebel_msgs/lib/libigus_rebel_msgs__rosidl_typesupport_c.so
[0.602s] -- Up-to-date: /home/vasee22/COAR-ROS2-Workspace-mai/COAR-ROS2-Workspace-main/install/igus_rebel_msgs/include/igus_rebel_msgs/igus_rebel_msgs
[0.602s] -- Up-to-date: /home/vasee22/COAR-ROS2-Workspace-mai/COAR-ROS2-Workspace-main/install/igus_rebel_msgs/include/igus_rebel_msgs/igus_rebel_msgs/msg
[0.602s] -- Up-to-date: /home/vasee22/COAR-ROS2-Workspace-mai/COAR-ROS2-Workspace-main/install/igus_rebel_msgs/include/igus_rebel_msgs/igus_rebel_msgs/msg/detail
[0.602s] -- Up-to-date: /home/vasee22/COAR-ROS2-Workspace-mai/COAR-ROS2-Workspace-main/install/igus_rebel_msgs/include/igus_rebel_msgs/igus_rebel_msgs/msg/detail/digital_output__rosidl_typesupport_introspection_cpp.hpp
[0.602s] -- Up-to-date: /home/vasee22/COAR-ROS2-Workspace-mai/COAR-ROS2-Workspace-main/install/igus_rebel_msgs/include/igus_rebel_msgs/igus_rebel_msgs/msg/detail/digital_output__type_support.cpp
[0.602s] -- Up-to-date: /home/vasee22/COAR-ROS2-Workspace-mai/COAR-ROS2-Workspace-main/install/igus_rebel_msgs/include/igus_rebel_msgs/igus_rebel_msgs/srv
[0.603s] -- Up-to-date: /home/vasee22/COAR-ROS2-Workspace-mai/COAR-ROS2-Workspace-main/install/igus_rebel_msgs/include/igus_rebel_msgs/igus_rebel_msgs/srv/detail
[0.603s] -- Up-to-date: /home/vasee22/COAR-ROS2-Workspace-mai/COAR-ROS2-Workspace-main/install/igus_rebel_msgs/include/igus_rebel_msgs/igus_rebel_msgs/srv/detail/set_digital_output__rosidl_typesupport_introspection_cpp.hpp
[0.603s] -- Up-to-date: /home/vasee22/COAR-ROS2-Workspace-mai/COAR-ROS2-Workspace-main/install/igus_rebel_msgs/include/igus_rebel_msgs/igus_rebel_msgs/srv/detail/set_digital_output__type_support.cpp
[0.604s] -- Up-to-date: /home/vasee22/COAR-ROS2-Workspace-mai/COAR-ROS2-Workspace-main/install/igus_rebel_msgs/lib/libigus_rebel_msgs__rosidl_typesupport_introspection_cpp.so
[0.604s] -- Up-to-date: /home/vasee22/COAR-ROS2-Workspace-mai/COAR-ROS2-Workspace-main/install/igus_rebel_msgs/lib/libigus_rebel_msgs__rosidl_typesupport_cpp.so
[0.604s] -- Up-to-date: /home/vasee22/COAR-ROS2-Workspace-mai/COAR-ROS2-Workspace-main/install/igus_rebel_msgs/share/igus_rebel_msgs/environment/pythonpath.sh
[0.604s] -- Up-to-date: /home/vasee22/COAR-ROS2-Workspace-mai/COAR-ROS2-Workspace-main/install/igus_rebel_msgs/share/igus_rebel_msgs/environment/pythonpath.dsv
[0.604s] -- Up-to-date: /home/vasee22/COAR-ROS2-Workspace-mai/COAR-ROS2-Workspace-main/install/igus_rebel_msgs/lib/python3.12/site-packages/igus_rebel_msgs-0.0.0-py3.12.egg-info
[0.605s] -- Installing: /home/vasee22/COAR-ROS2-Workspace-mai/COAR-ROS2-Workspace-main/install/igus_rebel_msgs/lib/python3.12/site-packages/igus_rebel_msgs-0.0.0-py3.12.egg-info/top_level.txt
[0.605s] -- Installing: /home/vasee22/COAR-ROS2-Workspace-mai/COAR-ROS2-Workspace-main/install/igus_rebel_msgs/lib/python3.12/site-packages/igus_rebel_msgs-0.0.0-py3.12.egg-info/dependency_links.txt
[0.605s] -- Installing: /home/vasee22/COAR-ROS2-Workspace-mai/COAR-ROS2-Workspace-main/install/igus_rebel_msgs/lib/python3.12/site-packages/igus_rebel_msgs-0.0.0-py3.12.egg-info/SOURCES.txt
[0.605s] -- Installing: /home/vasee22/COAR-ROS2-Workspace-mai/COAR-ROS2-Workspace-main/install/igus_rebel_msgs/lib/python3.12/site-packages/igus_rebel_msgs-0.0.0-py3.12.egg-info/PKG-INFO
[0.609s] -- Up-to-date: /home/vasee22/COAR-ROS2-Workspace-mai/COAR-ROS2-Workspace-main/install/igus_rebel_msgs/lib/python3.12/site-packages/igus_rebel_msgs
[0.609s] -- Up-to-date: /home/vasee22/COAR-ROS2-Workspace-mai/COAR-ROS2-Workspace-main/install/igus_rebel_msgs/lib/python3.12/site-packages/igus_rebel_msgs/__init__.py
[0.609s] -- Up-to-date: /home/vasee22/COAR-ROS2-Workspace-mai/COAR-ROS2-Workspace-main/install/igus_rebel_msgs/lib/python3.12/site-packages/igus_rebel_msgs/_igus_rebel_msgs_s.ep.rosidl_typesupport_introspection_c.c
[0.610s] -- Up-to-date: /home/vasee22/COAR-ROS2-Workspace-mai/COAR-ROS2-Workspace-main/install/igus_rebel_msgs/lib/python3.12/site-packages/igus_rebel_msgs/msg
[0.610s] -- Up-to-date: /home/vasee22/COAR-ROS2-Workspace-mai/COAR-ROS2-Workspace-main/install/igus_rebel_msgs/lib/python3.12/site-packages/igus_rebel_msgs/msg/__init__.py
[0.610s] -- Up-to-date: /home/vasee22/COAR-ROS2-Workspace-mai/COAR-ROS2-Workspace-main/install/igus_rebel_msgs/lib/python3.12/site-packages/igus_rebel_msgs/msg/_digital_output_s.c
[0.610s] -- Up-to-date: /home/vasee22/COAR-ROS2-Workspace-mai/COAR-ROS2-Workspace-main/install/igus_rebel_msgs/lib/python3.12/site-packages/igus_rebel_msgs/msg/_digital_output.py
[0.610s] -- Up-to-date: /home/vasee22/COAR-ROS2-Workspace-mai/COAR-ROS2-Workspace-main/install/igus_rebel_msgs/lib/python3.12/site-packages/igus_rebel_msgs/igus_rebel_msgs_s__rosidl_typesupport_introspection_c.so
[0.610s] -- Up-to-date: /home/vasee22/COAR-ROS2-Workspace-mai/COAR-ROS2-Workspace-main/install/igus_rebel_msgs/lib/python3.12/site-packages/igus_rebel_msgs/srv
[0.610s] -- Up-to-date: /home/vasee22/COAR-ROS2-Workspace-mai/COAR-ROS2-Workspace-main/install/igus_rebel_msgs/lib/python3.12/site-packages/igus_rebel_msgs/srv/__init__.py
[0.610s] -- Up-to-date: /home/vasee22/COAR-ROS2-Workspace-mai/COAR-ROS2-Workspace-main/install/igus_rebel_msgs/lib/python3.12/site-packages/igus_rebel_msgs/srv/_set_digital_output_s.c
[0.610s] -- Up-to-date: /home/vasee22/COAR-ROS2-Workspace-mai/COAR-ROS2-Workspace-main/install/igus_rebel_msgs/lib/python3.12/site-packages/igus_rebel_msgs/srv/_set_digital_output.py
[0.610s] -- Up-to-date: /home/vasee22/COAR-ROS2-Workspace-mai/COAR-ROS2-Workspace-main/install/igus_rebel_msgs/lib/python3.12/site-packages/igus_rebel_msgs/igus_rebel_msgs_s__rosidl_typesupport_fastrtps_c.so
[0.610s] -- Up-to-date: /home/vasee22/COAR-ROS2-Workspace-mai/COAR-ROS2-Workspace-main/install/igus_rebel_msgs/lib/python3.12/site-packages/igus_rebel_msgs/_igus_rebel_msgs_s.ep.rosidl_typesupport_c.c
[0.610s] -- Up-to-date: /home/vasee22/COAR-ROS2-Workspace-mai/COAR-ROS2-Workspace-main/install/igus_rebel_msgs/lib/python3.12/site-packages/igus_rebel_msgs/_igus_rebel_msgs_s.ep.rosidl_typesupport_fastrtps_c.c
[0.610s] -- Up-to-date: /home/vasee22/COAR-ROS2-Workspace-mai/COAR-ROS2-Workspace-main/install/igus_rebel_msgs/lib/python3.12/site-packages/igus_rebel_msgs/igus_rebel_msgs_s__rosidl_typesupport_c.so
[0.649s] Listing '/home/vasee22/COAR-ROS2-Workspace-mai/COAR-ROS2-Workspace-main/install/igus_rebel_msgs/lib/python3.12/site-packages/igus_rebel_msgs'...
[0.649s] Listing '/home/vasee22/COAR-ROS2-Workspace-mai/COAR-ROS2-Workspace-main/install/igus_rebel_msgs/lib/python3.12/site-packages/igus_rebel_msgs/msg'...
[0.650s] Listing '/home/vasee22/COAR-ROS2-Workspace-mai/COAR-ROS2-Workspace-main/install/igus_rebel_msgs/lib/python3.12/site-packages/igus_rebel_msgs/srv'...
[0.658s] -- Up-to-date: /home/vasee22/COAR-ROS2-Workspace-mai/COAR-ROS2-Workspace-main/install/igus_rebel_msgs/lib/python3.12/site-packages/igus_rebel_msgs/igus_rebel_msgs_s__rosidl_typesupport_fastrtps_c.so
[0.659s] -- Up-to-date: /home/vasee22/COAR-ROS2-Workspace-mai/COAR-ROS2-Workspace-main/install/igus_rebel_msgs/lib/python3.12/site-packages/igus_rebel_msgs/igus_rebel_msgs_s__rosidl_typesupport_introspection_c.so
[0.659s] -- Up-to-date: /home/vasee22/COAR-ROS2-Workspace-mai/COAR-ROS2-Workspace-main/install/igus_rebel_msgs/lib/python3.12/site-packages/igus_rebel_msgs/igus_rebel_msgs_s__rosidl_typesupport_c.so
[0.660s] -- Up-to-date: /home/vasee22/COAR-ROS2-Workspace-mai/COAR-ROS2-Workspace-main/install/igus_rebel_msgs/lib/libigus_rebel_msgs__rosidl_generator_py.so
[0.660s] -- Up-to-date: /home/vasee22/COAR-ROS2-Workspace-mai/COAR-ROS2-Workspace-main/install/igus_rebel_msgs/share/igus_rebel_msgs/msg/DigitalOutput.idl
[0.660s] -- Up-to-date: /home/vasee22/COAR-ROS2-Workspace-mai/COAR-ROS2-Workspace-main/install/igus_rebel_msgs/share/igus_rebel_msgs/srv/SetDigitalOutput.idl
[0.660s] -- Up-to-date: /home/vasee22/COAR-ROS2-Workspace-mai/COAR-ROS2-Workspace-main/install/igus_rebel_msgs/share/igus_rebel_msgs/msg/DigitalOutput.msg
[0.660s] -- Up-to-date: /home/vasee22/COAR-ROS2-Workspace-mai/COAR-ROS2-Workspace-main/install/igus_rebel_msgs/share/igus_rebel_msgs/srv/SetDigitalOutput.srv
[0.660s] -- Up-to-date: /home/vasee22/COAR-ROS2-Workspace-mai/COAR-ROS2-Workspace-main/install/igus_rebel_msgs/share/ament_index/resource_index/package_run_dependencies/igus_rebel_msgs
[0.660s] -- Up-to-date: /home/vasee22/COAR-ROS2-Workspace-mai/COAR-ROS2-Workspace-main/install/igus_rebel_msgs/share/ament_index/resource_index/parent_prefix_path/igus_rebel_msgs
[0.660s] -- Up-to-date: /home/vasee22/COAR-ROS2-Workspace-mai/COAR-ROS2-Workspace-main/install/igus_rebel_msgs/share/igus_rebel_msgs/environment/ament_prefix_path.sh
[0.661s] -- Up-to-date: /home/vasee22/COAR-ROS2-Workspace-mai/COAR-ROS2-Workspace-main/install/igus_rebel_msgs/share/igus_rebel_msgs/environment/ament_prefix_path.dsv
[0.661s] -- Up-to-date: /home/vasee22/COAR-ROS2-Workspace-mai/COAR-ROS2-Workspace-main/install/igus_rebel_msgs/share/igus_rebel_msgs/environment/path.sh
[0.661s] -- Up-to-date: /home/vasee22/COAR-ROS2-Workspace-mai/COAR-ROS2-Workspace-main/install/igus_rebel_msgs/share/igus_rebel_msgs/environment/path.dsv
[0.661s] -- Up-to-date: /home/vasee22/COAR-ROS2-Workspace-mai/COAR-ROS2-Workspace-main/install/igus_rebel_msgs/share/igus_rebel_msgs/local_setup.bash
[0.661s] -- Up-to-date: /home/vasee22/COAR-ROS2-Workspace-mai/COAR-ROS2-Workspace-main/install/igus_rebel_msgs/share/igus_rebel_msgs/local_setup.sh
[0.661s] -- Up-to-date: /home/vasee22/COAR-ROS2-Workspace-mai/COAR-ROS2-Workspace-main/install/igus_rebel_msgs/share/igus_rebel_msgs/local_setup.zsh
[0.661s] -- Up-to-date: /home/vasee22/COAR-ROS2-Workspace-mai/COAR-ROS2-Workspace-main/install/igus_rebel_msgs/share/igus_rebel_msgs/local_setup.dsv
[0.661s] -- Installing: /home/vasee22/COAR-ROS2-Workspace-mai/COAR-ROS2-Workspace-main/install/igus_rebel_msgs/share/igus_rebel_msgs/package.dsv
[0.661s] -- Up-to-date: /home/vasee22/COAR-ROS2-Workspace-mai/COAR-ROS2-Workspace-main/install/igus_rebel_msgs/share/ament_index/resource_index/packages/igus_rebel_msgs
[0.662s] -- Up-to-date: /home/vasee22/COAR-ROS2-Workspace-mai/COAR-ROS2-Workspace-main/install/igus_rebel_msgs/share/igus_rebel_msgs/cmake/export_igus_rebel_msgs__rosidl_generator_cExport.cmake
[0.662s] -- Up-to-date: /home/vasee22/COAR-ROS2-Workspace-mai/COAR-ROS2-Workspace-main/install/igus_rebel_msgs/share/igus_rebel_msgs/cmake/export_igus_rebel_msgs__rosidl_generator_cExport-debug.cmake
[0.662s] -- Up-to-date: /home/vasee22/COAR-ROS2-Workspace-mai/COAR-ROS2-Workspace-main/install/igus_rebel_msgs/share/igus_rebel_msgs/cmake/export_igus_rebel_msgs__rosidl_typesupport_fastrtps_cExport.cmake
[0.662s] -- Up-to-date: /home/vasee22/COAR-ROS2-Workspace-mai/COAR-ROS2-Workspace-main/install/igus_rebel_msgs/share/igus_rebel_msgs/cmake/export_igus_rebel_msgs__rosidl_typesupport_fastrtps_cExport-debug.cmake
[0.662s] -- Up-to-date: /home/vasee22/COAR-ROS2-Workspace-mai/COAR-ROS2-Workspace-main/install/igus_rebel_msgs/share/igus_rebel_msgs/cmake/export_igus_rebel_msgs__rosidl_generator_cppExport.cmake
[0.662s] -- Up-to-date: /home/vasee22/COAR-ROS2-Workspace-mai/COAR-ROS2-Workspace-main/install/igus_rebel_msgs/share/igus_rebel_msgs/cmake/export_igus_rebel_msgs__rosidl_typesupport_fastrtps_cppExport.cmake
[0.662s] -- Up-to-date: /home/vasee22/COAR-ROS2-Workspace-mai/COAR-ROS2-Workspace-main/install/igus_rebel_msgs/share/igus_rebel_msgs/cmake/export_igus_rebel_msgs__rosidl_typesupport_fastrtps_cppExport-debug.cmake
[0.663s] -- Up-to-date: /home/vasee22/COAR-ROS2-Workspace-mai/COAR-ROS2-Workspace-main/install/igus_rebel_msgs/share/igus_rebel_msgs/cmake/igus_rebel_msgs__rosidl_typesupport_introspection_cExport.cmake
[0.663s] -- Up-to-date: /home/vasee22/COAR-ROS2-Workspace-mai/COAR-ROS2-Workspace-main/install/igus_rebel_msgs/share/igus_rebel_msgs/cmake/igus_rebel_msgs__rosidl_typesupport_introspection_cExport-debug.cmake
[0.663s] -- Up-to-date: /home/vasee22/COAR-ROS2-Workspace-mai/COAR-ROS2-Workspace-main/install/igus_rebel_msgs/share/igus_rebel_msgs/cmake/igus_rebel_msgs__rosidl_typesupport_cExport.cmake
[0.663s] -- Up-to-date: /home/vasee22/COAR-ROS2-Workspace-mai/COAR-ROS2-Workspace-main/install/igus_rebel_msgs/share/igus_rebel_msgs/cmake/igus_rebel_msgs__rosidl_typesupport_cExport-debug.cmake
[0.663s] -- Up-to-date: /home/vasee22/COAR-ROS2-Workspace-mai/COAR-ROS2-Workspace-main/install/igus_rebel_msgs/share/igus_rebel_msgs/cmake/igus_rebel_msgs__rosidl_typesupport_introspection_cppExport.cmake
[0.663s] -- Up-to-date: /home/vasee22/COAR-ROS2-Workspace-mai/COAR-ROS2-Workspace-main/install/igus_rebel_msgs/share/igus_rebel_msgs/cmake/igus_rebel_msgs__rosidl_typesupport_introspection_cppExport-debug.cmake
[0.663s] -- Up-to-date: /home/vasee22/COAR-ROS2-Workspace-mai/COAR-ROS2-Workspace-main/install/igus_rebel_msgs/share/igus_rebel_msgs/cmake/igus_rebel_msgs__rosidl_typesupport_cppExport.cmake
[0.664s] -- Up-to-date: /home/vasee22/COAR-ROS2-Workspace-mai/COAR-ROS2-Workspace-main/install/igus_rebel_msgs/share/igus_rebel_msgs/cmake/igus_rebel_msgs__rosidl_typesupport_cppExport-debug.cmake
[0.664s] -- Up-to-date: /home/vasee22/COAR-ROS2-Workspace-mai/COAR-ROS2-Workspace-main/install/igus_rebel_msgs/share/igus_rebel_msgs/cmake/export_igus_rebel_msgs__rosidl_generator_pyExport.cmake
[0.664s] -- Up-to-date: /home/vasee22/COAR-ROS2-Workspace-mai/COAR-ROS2-Workspace-main/install/igus_rebel_msgs/share/igus_rebel_msgs/cmake/export_igus_rebel_msgs__rosidl_generator_pyExport-debug.cmake
[0.664s] -- Up-to-date: /home/vasee22/COAR-ROS2-Workspace-mai/COAR-ROS2-Workspace-main/install/igus_rebel_msgs/share/igus_rebel_msgs/cmake/rosidl_cmake-extras.cmake
[0.664s] -- Up-to-date: /home/vasee22/COAR-ROS2-Workspace-mai/COAR-ROS2-Workspace-main/install/igus_rebel_msgs/share/igus_rebel_msgs/cmake/ament_cmake_export_dependencies-extras.cmake
[0.664s] -- Up-to-date: /home/vasee22/COAR-ROS2-Workspace-mai/COAR-ROS2-Workspace-main/install/igus_rebel_msgs/share/igus_rebel_msgs/cmake/ament_cmake_export_include_directories-extras.cmake
[0.664s] -- Up-to-date: /home/vasee22/COAR-ROS2-Workspace-mai/COAR-ROS2-Workspace-main/install/igus_rebel_msgs/share/igus_rebel_msgs/cmake/ament_cmake_export_libraries-extras.cmake
[0.664s] -- Up-to-date: /home/vasee22/COAR-ROS2-Workspace-mai/COAR-ROS2-Workspace-main/install/igus_rebel_msgs/share/igus_rebel_msgs/cmake/ament_cmake_export_targets-extras.cmake
[0.664s] -- Up-to-date: /home/vasee22/COAR-ROS2-Workspace-mai/COAR-ROS2-Workspace-main/install/igus_rebel_msgs/share/igus_rebel_msgs/cmake/rosidl_cmake_export_typesupport_targets-extras.cmake
[0.664s] -- Up-to-date: /home/vasee22/COAR-ROS2-Workspace-mai/COAR-ROS2-Workspace-main/install/igus_rebel_msgs/share/igus_rebel_msgs/cmake/rosidl_cmake_export_typesupport_libraries-extras.cmake
[0.664s] -- Up-to-date: /home/vasee22/COAR-ROS2-Workspace-mai/COAR-ROS2-Workspace-main/install/igus_rebel_msgs/share/igus_rebel_msgs/cmake/igus_rebel_msgsConfig.cmake
[0.664s] -- Up-to-date: /home/vasee22/COAR-ROS2-Workspace-mai/COAR-ROS2-Workspace-main/install/igus_rebel_msgs/share/igus_rebel_msgs/cmake/igus_rebel_msgsConfig-version.cmake
[0.665s] -- Up-to-date: /home/vasee22/COAR-ROS2-Workspace-mai/COAR-ROS2-Workspace-main/install/igus_rebel_msgs/share/igus_rebel_msgs/package.xml
[0.667s] Invoked command in '/home/vasee22/COAR-ROS2-Workspace-mai/COAR-ROS2-Workspace-main/build/igus_rebel_msgs' returned '0': CMAKE_PREFIX_PATH=${CMAKE_PREFIX_PATH}:/home/vasee22/COAR-ROS2-Workspace-mai/COAR-ROS2-Workspace-main/install/modbus_ros:/home/vasee22/ws_moveit/install/moveit_configs_utils:/home/vasee22/COAR-ROS2-Workspace-main/install/modbus_ros:/opt/ros/jazzy DEBUGINFOD_URLS=https://debuginfod.ubuntu.com /usr/bin/cmake --install /home/vasee22/COAR-ROS2-Workspace-mai/COAR-ROS2-Workspace-main/build/igus_rebel_msgs
