[0.027s] Invoking command in '/home/vasee22/COAR-ROS2-Workspace-mai/COAR-ROS2-Workspace-main/build/moveit_task_constructor_msgs': CMAKE_PREFIX_PATH=${CMAKE_PREFIX_PATH}:/home/vasee22/COAR-ROS2-Workspace-mai/COAR-ROS2-Workspace-main/install/modbus_ros:/home/vasee22/ws_moveit/install/moveit_configs_utils:/home/vasee22/COAR-ROS2-Workspace-main/install/modbus_ros:/opt/ros/jazzy DEBUGINFOD_URLS=https://debuginfod.ubuntu.com /usr/bin/cmake --build /home/vasee22/COAR-ROS2-Workspace-mai/COAR-ROS2-Workspace-main/build/moveit_task_constructor_msgs -- -j24 -l24
[0.091s] [  1%] Built target moveit_task_constructor_msgs__rosidl_generator_type_description
[0.100s] [  1%] Built target ament_cmake_python_copy_moveit_task_constructor_msgs
[0.120s] [  1%] Built target moveit_task_constructor_msgs__cpp
[0.128s] [ 27%] Built target moveit_task_constructor_msgs__rosidl_generator_c
[0.164s] [ 37%] Built target moveit_task_constructor_msgs__rosidl_typesupport_c
[0.165s] [ 47%] Built target moveit_task_constructor_msgs__rosidl_typesupport_introspection_c
[0.165s] [ 65%] Built target moveit_task_constructor_msgs__rosidl_typesupport_fastrtps_c
[0.167s] [ 69%] Built target moveit_task_constructor_msgs__rosidl_typesupport_introspection_cpp
[0.167s] [ 77%] Built target moveit_task_constructor_msgs__rosidl_typesupport_cpp
[0.168s] [ 85%] Built target moveit_task_constructor_msgs__rosidl_typesupport_fastrtps_cpp
[0.195s] [ 85%] Built target moveit_task_constructor_msgs
[0.225s] [ 86%] Built target moveit_task_constructor_msgs__py
[0.259s] [ 95%] Built target moveit_task_constructor_msgs__rosidl_generator_py
[0.284s] [ 97%] Built target moveit_task_constructor_msgs_s__rosidl_typesupport_introspection_c
[0.287s] [ 98%] Built target moveit_task_constructor_msgs_s__rosidl_typesupport_fastrtps_c
[0.287s] [100%] Built target moveit_task_constructor_msgs_s__rosidl_typesupport_c
[0.296s] running egg_info
[0.311s] writing moveit_task_constructor_msgs.egg-info/PKG-INFO
[0.311s] writing dependency_links to moveit_task_constructor_msgs.egg-info/dependency_links.txt
[0.311s] writing top-level names to moveit_task_constructor_msgs.egg-info/top_level.txt
[0.358s] reading manifest file 'moveit_task_constructor_msgs.egg-info/SOURCES.txt'
[0.359s] writing manifest file 'moveit_task_constructor_msgs.egg-info/SOURCES.txt'
[0.376s] [100%] Built target ament_cmake_python_build_moveit_task_constructor_msgs_egg
[0.391s] Invoked command in '/home/vasee22/COAR-ROS2-Workspace-mai/COAR-ROS2-Workspace-main/build/moveit_task_constructor_msgs' returned '0': CMAKE_PREFIX_PATH=${CMAKE_PREFIX_PATH}:/home/vasee22/COAR-ROS2-Workspace-mai/COAR-ROS2-Workspace-main/install/modbus_ros:/home/vasee22/ws_moveit/install/moveit_configs_utils:/home/vasee22/COAR-ROS2-Workspace-main/install/modbus_ros:/opt/ros/jazzy DEBUGINFOD_URLS=https://debuginfod.ubuntu.com /usr/bin/cmake --build /home/vasee22/COAR-ROS2-Workspace-mai/COAR-ROS2-Workspace-main/build/moveit_task_constructor_msgs -- -j24 -l24
[0.392s] Invoking command in '/home/vasee22/COAR-ROS2-Workspace-mai/COAR-ROS2-Workspace-main/build/moveit_task_constructor_msgs': CMAKE_PREFIX_PATH=${CMAKE_PREFIX_PATH}:/home/vasee22/COAR-ROS2-Workspace-mai/COAR-ROS2-Workspace-main/install/modbus_ros:/home/vasee22/ws_moveit/install/moveit_configs_utils:/home/vasee22/COAR-ROS2-Workspace-main/install/modbus_ros:/opt/ros/jazzy DEBUGINFOD_URLS=https://debuginfod.ubuntu.com /usr/bin/cmake --install /home/vasee22/COAR-ROS2-Workspace-mai/COAR-ROS2-Workspace-main/build/moveit_task_constructor_msgs
[0.402s] -- Install configuration: "Debug"
[0.402s] -- Up-to-date: /home/vasee22/COAR-ROS2-Workspace-mai/COAR-ROS2-Workspace-main/install/moveit_task_constructor_msgs/share/ament_index/resource_index/rosidl_interfaces/moveit_task_constructor_msgs
[0.402s] -- Up-to-date: /home/vasee22/COAR-ROS2-Workspace-mai/COAR-ROS2-Workspace-main/install/moveit_task_constructor_msgs/share/moveit_task_constructor_msgs/msg/Property.json
[0.402s] -- Up-to-date: /home/vasee22/COAR-ROS2-Workspace-mai/COAR-ROS2-Workspace-main/install/moveit_task_constructor_msgs/share/moveit_task_constructor_msgs/msg/Solution.json
[0.402s] -- Up-to-date: /home/vasee22/COAR-ROS2-Workspace-mai/COAR-ROS2-Workspace-main/install/moveit_task_constructor_msgs/share/moveit_task_constructor_msgs/msg/SolutionInfo.json
[0.402s] -- Up-to-date: /home/vasee22/COAR-ROS2-Workspace-mai/COAR-ROS2-Workspace-main/install/moveit_task_constructor_msgs/share/moveit_task_constructor_msgs/msg/StageDescription.json
[0.402s] -- Up-to-date: /home/vasee22/COAR-ROS2-Workspace-mai/COAR-ROS2-Workspace-main/install/moveit_task_constructor_msgs/share/moveit_task_constructor_msgs/msg/StageStatistics.json
[0.403s] -- Up-to-date: /home/vasee22/COAR-ROS2-Workspace-mai/COAR-ROS2-Workspace-main/install/moveit_task_constructor_msgs/share/moveit_task_constructor_msgs/msg/SubSolution.json
[0.403s] -- Up-to-date: /home/vasee22/COAR-ROS2-Workspace-mai/COAR-ROS2-Workspace-main/install/moveit_task_constructor_msgs/share/moveit_task_constructor_msgs/msg/SubTrajectory.json
[0.403s] -- Up-to-date: /home/vasee22/COAR-ROS2-Workspace-mai/COAR-ROS2-Workspace-main/install/moveit_task_constructor_msgs/share/moveit_task_constructor_msgs/msg/TaskDescription.json
[0.403s] -- Up-to-date: /home/vasee22/COAR-ROS2-Workspace-mai/COAR-ROS2-Workspace-main/install/moveit_task_constructor_msgs/share/moveit_task_constructor_msgs/msg/TaskStatistics.json
[0.403s] -- Up-to-date: /home/vasee22/COAR-ROS2-Workspace-mai/COAR-ROS2-Workspace-main/install/moveit_task_constructor_msgs/share/moveit_task_constructor_msgs/msg/TrajectoryExecutionInfo.json
[0.403s] -- Up-to-date: /home/vasee22/COAR-ROS2-Workspace-mai/COAR-ROS2-Workspace-main/install/moveit_task_constructor_msgs/share/moveit_task_constructor_msgs/srv/GetSolution.json
[0.403s] -- Up-to-date: /home/vasee22/COAR-ROS2-Workspace-mai/COAR-ROS2-Workspace-main/install/moveit_task_constructor_msgs/share/moveit_task_constructor_msgs/action/ExecuteTaskSolution.json
[0.403s] -- Up-to-date: /home/vasee22/COAR-ROS2-Workspace-mai/COAR-ROS2-Workspace-main/install/moveit_task_constructor_msgs/include/moveit_task_constructor_msgs/moveit_task_constructor_msgs
[0.403s] -- Up-to-date: /home/vasee22/COAR-ROS2-Workspace-mai/COAR-ROS2-Workspace-main/install/moveit_task_constructor_msgs/include/moveit_task_constructor_msgs/moveit_task_constructor_msgs/msg
[0.403s] -- Up-to-date: /home/vasee22/COAR-ROS2-Workspace-mai/COAR-ROS2-Workspace-main/install/moveit_task_constructor_msgs/include/moveit_task_constructor_msgs/moveit_task_constructor_msgs/msg/solution_info.h
[0.403s] -- Up-to-date: /home/vasee22/COAR-ROS2-Workspace-mai/COAR-ROS2-Workspace-main/install/moveit_task_constructor_msgs/include/moveit_task_constructor_msgs/moveit_task_constructor_msgs/msg/solution.h
[0.404s] -- Up-to-date: /home/vasee22/COAR-ROS2-Workspace-mai/COAR-ROS2-Workspace-main/install/moveit_task_constructor_msgs/include/moveit_task_constructor_msgs/moveit_task_constructor_msgs/msg/trajectory_execution_info.h
[0.404s] -- Up-to-date: /home/vasee22/COAR-ROS2-Workspace-mai/COAR-ROS2-Workspace-main/install/moveit_task_constructor_msgs/include/moveit_task_constructor_msgs/moveit_task_constructor_msgs/msg/rosidl_generator_c__visibility_control.h
[0.404s] -- Up-to-date: /home/vasee22/COAR-ROS2-Workspace-mai/COAR-ROS2-Workspace-main/install/moveit_task_constructor_msgs/include/moveit_task_constructor_msgs/moveit_task_constructor_msgs/msg/sub_trajectory.h
[0.404s] -- Up-to-date: /home/vasee22/COAR-ROS2-Workspace-mai/COAR-ROS2-Workspace-main/install/moveit_task_constructor_msgs/include/moveit_task_constructor_msgs/moveit_task_constructor_msgs/msg/sub_solution.h
[0.404s] -- Up-to-date: /home/vasee22/COAR-ROS2-Workspace-mai/COAR-ROS2-Workspace-main/install/moveit_task_constructor_msgs/include/moveit_task_constructor_msgs/moveit_task_constructor_msgs/msg/property.h
[0.404s] -- Up-to-date: /home/vasee22/COAR-ROS2-Workspace-mai/COAR-ROS2-Workspace-main/install/moveit_task_constructor_msgs/include/moveit_task_constructor_msgs/moveit_task_constructor_msgs/msg/stage_statistics.h
[0.404s] -- Up-to-date: /home/vasee22/COAR-ROS2-Workspace-mai/COAR-ROS2-Workspace-main/install/moveit_task_constructor_msgs/include/moveit_task_constructor_msgs/moveit_task_constructor_msgs/msg/detail
[0.404s] -- Up-to-date: /home/vasee22/COAR-ROS2-Workspace-mai/COAR-ROS2-Workspace-main/install/moveit_task_constructor_msgs/include/moveit_task_constructor_msgs/moveit_task_constructor_msgs/msg/detail/task_description__type_support.c
[0.404s] -- Up-to-date: /home/vasee22/COAR-ROS2-Workspace-mai/COAR-ROS2-Workspace-main/install/moveit_task_constructor_msgs/include/moveit_task_constructor_msgs/moveit_task_constructor_msgs/msg/detail/stage_description__type_support.h
[0.404s] -- Up-to-date: /home/vasee22/COAR-ROS2-Workspace-mai/COAR-ROS2-Workspace-main/install/moveit_task_constructor_msgs/include/moveit_task_constructor_msgs/moveit_task_constructor_msgs/msg/detail/task_statistics__struct.h
[0.404s] -- Up-to-date: /home/vasee22/COAR-ROS2-Workspace-mai/COAR-ROS2-Workspace-main/install/moveit_task_constructor_msgs/include/moveit_task_constructor_msgs/moveit_task_constructor_msgs/msg/detail/task_statistics__description.c
[0.404s] -- Up-to-date: /home/vasee22/COAR-ROS2-Workspace-mai/COAR-ROS2-Workspace-main/install/moveit_task_constructor_msgs/include/moveit_task_constructor_msgs/moveit_task_constructor_msgs/msg/detail/property__type_support.h
[0.404s] -- Up-to-date: /home/vasee22/COAR-ROS2-Workspace-mai/COAR-ROS2-Workspace-main/install/moveit_task_constructor_msgs/include/moveit_task_constructor_msgs/moveit_task_constructor_msgs/msg/detail/sub_solution__description.c
[0.404s] -- Up-to-date: /home/vasee22/COAR-ROS2-Workspace-mai/COAR-ROS2-Workspace-main/install/moveit_task_constructor_msgs/include/moveit_task_constructor_msgs/moveit_task_constructor_msgs/msg/detail/solution_info__functions.h
[0.404s] -- Up-to-date: /home/vasee22/COAR-ROS2-Workspace-mai/COAR-ROS2-Workspace-main/install/moveit_task_constructor_msgs/include/moveit_task_constructor_msgs/moveit_task_constructor_msgs/msg/detail/stage_description__functions.h
[0.404s] -- Up-to-date: /home/vasee22/COAR-ROS2-Workspace-mai/COAR-ROS2-Workspace-main/install/moveit_task_constructor_msgs/include/moveit_task_constructor_msgs/moveit_task_constructor_msgs/msg/detail/stage_statistics__functions.h
[0.404s] -- Up-to-date: /home/vasee22/COAR-ROS2-Workspace-mai/COAR-ROS2-Workspace-main/install/moveit_task_constructor_msgs/include/moveit_task_constructor_msgs/moveit_task_constructor_msgs/msg/detail/sub_solution__struct.h
[0.404s] -- Up-to-date: /home/vasee22/COAR-ROS2-Workspace-mai/COAR-ROS2-Workspace-main/install/moveit_task_constructor_msgs/include/moveit_task_constructor_msgs/moveit_task_constructor_msgs/msg/detail/solution_info__type_support.h
[0.404s] -- Up-to-date: /home/vasee22/COAR-ROS2-Workspace-mai/COAR-ROS2-Workspace-main/install/moveit_task_constructor_msgs/include/moveit_task_constructor_msgs/moveit_task_constructor_msgs/msg/detail/trajectory_execution_info__type_support.c
[0.405s] -- Up-to-date: /home/vasee22/COAR-ROS2-Workspace-mai/COAR-ROS2-Workspace-main/install/moveit_task_constructor_msgs/include/moveit_task_constructor_msgs/moveit_task_constructor_msgs/msg/detail/sub_solution__functions.c
[0.405s] -- Up-to-date: /home/vasee22/COAR-ROS2-Workspace-mai/COAR-ROS2-Workspace-main/install/moveit_task_constructor_msgs/include/moveit_task_constructor_msgs/moveit_task_constructor_msgs/msg/detail/task_statistics__type_support.c
[0.405s] -- Up-to-date: /home/vasee22/COAR-ROS2-Workspace-mai/COAR-ROS2-Workspace-main/install/moveit_task_constructor_msgs/include/moveit_task_constructor_msgs/moveit_task_constructor_msgs/msg/detail/trajectory_execution_info__type_support.h
[0.405s] -- Installing: /home/vasee22/COAR-ROS2-Workspace-mai/COAR-ROS2-Workspace-main/install/moveit_task_constructor_msgs/include/moveit_task_constructor_msgs/moveit_task_constructor_msgs/msg/detail/solution__type_support.c
[0.405s] -- Up-to-date: /home/vasee22/COAR-ROS2-Workspace-mai/COAR-ROS2-Workspace-main/install/moveit_task_constructor_msgs/include/moveit_task_constructor_msgs/moveit_task_constructor_msgs/msg/detail/task_description__struct.h
[0.405s] -- Up-to-date: /home/vasee22/COAR-ROS2-Workspace-mai/COAR-ROS2-Workspace-main/install/moveit_task_constructor_msgs/include/moveit_task_constructor_msgs/moveit_task_constructor_msgs/msg/detail/solution_info__struct.h
[0.405s] -- Installing: /home/vasee22/COAR-ROS2-Workspace-mai/COAR-ROS2-Workspace-main/install/moveit_task_constructor_msgs/include/moveit_task_constructor_msgs/moveit_task_constructor_msgs/msg/detail/property__type_support.c
[0.405s] -- Up-to-date: /home/vasee22/COAR-ROS2-Workspace-mai/COAR-ROS2-Workspace-main/install/moveit_task_constructor_msgs/include/moveit_task_constructor_msgs/moveit_task_constructor_msgs/msg/detail/solution__description.c
[0.405s] -- Up-to-date: /home/vasee22/COAR-ROS2-Workspace-mai/COAR-ROS2-Workspace-main/install/moveit_task_constructor_msgs/include/moveit_task_constructor_msgs/moveit_task_constructor_msgs/msg/detail/sub_solution__functions.h
[0.405s] -- Up-to-date: /home/vasee22/COAR-ROS2-Workspace-mai/COAR-ROS2-Workspace-main/install/moveit_task_constructor_msgs/include/moveit_task_constructor_msgs/moveit_task_constructor_msgs/msg/detail/task_description__functions.c
[0.405s] -- Up-to-date: /home/vasee22/COAR-ROS2-Workspace-mai/COAR-ROS2-Workspace-main/install/moveit_task_constructor_msgs/include/moveit_task_constructor_msgs/moveit_task_constructor_msgs/msg/detail/trajectory_execution_info__functions.c
[0.405s] -- Up-to-date: /home/vasee22/COAR-ROS2-Workspace-mai/COAR-ROS2-Workspace-main/install/moveit_task_constructor_msgs/include/moveit_task_constructor_msgs/moveit_task_constructor_msgs/msg/detail/trajectory_execution_info__functions.h
[0.405s] -- Up-to-date: /home/vasee22/COAR-ROS2-Workspace-mai/COAR-ROS2-Workspace-main/install/moveit_task_constructor_msgs/include/moveit_task_constructor_msgs/moveit_task_constructor_msgs/msg/detail/sub_trajectory__functions.c
[0.405s] -- Up-to-date: /home/vasee22/COAR-ROS2-Workspace-mai/COAR-ROS2-Workspace-main/install/moveit_task_constructor_msgs/include/moveit_task_constructor_msgs/moveit_task_constructor_msgs/msg/detail/stage_description__functions.c
[0.405s] -- Installing: /home/vasee22/COAR-ROS2-Workspace-mai/COAR-ROS2-Workspace-main/install/moveit_task_constructor_msgs/include/moveit_task_constructor_msgs/moveit_task_constructor_msgs/msg/detail/stage_statistics__type_support.c
[0.406s] -- Up-to-date: /home/vasee22/COAR-ROS2-Workspace-mai/COAR-ROS2-Workspace-main/install/moveit_task_constructor_msgs/include/moveit_task_constructor_msgs/moveit_task_constructor_msgs/msg/detail/solution__functions.h
[0.406s] -- Up-to-date: /home/vasee22/COAR-ROS2-Workspace-mai/COAR-ROS2-Workspace-main/install/moveit_task_constructor_msgs/include/moveit_task_constructor_msgs/moveit_task_constructor_msgs/msg/detail/task_description__description.c
[0.406s] -- Up-to-date: /home/vasee22/COAR-ROS2-Workspace-mai/COAR-ROS2-Workspace-main/install/moveit_task_constructor_msgs/include/moveit_task_constructor_msgs/moveit_task_constructor_msgs/msg/detail/trajectory_execution_info__struct.h
[0.406s] -- Up-to-date: /home/vasee22/COAR-ROS2-Workspace-mai/COAR-ROS2-Workspace-main/install/moveit_task_constructor_msgs/include/moveit_task_constructor_msgs/moveit_task_constructor_msgs/msg/detail/solution__struct.h
[0.406s] -- Up-to-date: /home/vasee22/COAR-ROS2-Workspace-mai/COAR-ROS2-Workspace-main/install/moveit_task_constructor_msgs/include/moveit_task_constructor_msgs/moveit_task_constructor_msgs/msg/detail/trajectory_execution_info__description.c
[0.406s] -- Up-to-date: /home/vasee22/COAR-ROS2-Workspace-mai/COAR-ROS2-Workspace-main/install/moveit_task_constructor_msgs/include/moveit_task_constructor_msgs/moveit_task_constructor_msgs/msg/detail/task_description__functions.h
[0.406s] -- Up-to-date: /home/vasee22/COAR-ROS2-Workspace-mai/COAR-ROS2-Workspace-main/install/moveit_task_constructor_msgs/include/moveit_task_constructor_msgs/moveit_task_constructor_msgs/msg/detail/sub_trajectory__functions.h
[0.406s] -- Up-to-date: /home/vasee22/COAR-ROS2-Workspace-mai/COAR-ROS2-Workspace-main/install/moveit_task_constructor_msgs/include/moveit_task_constructor_msgs/moveit_task_constructor_msgs/msg/detail/sub_trajectory__description.c
[0.406s] -- Installing: /home/vasee22/COAR-ROS2-Workspace-mai/COAR-ROS2-Workspace-main/install/moveit_task_constructor_msgs/include/moveit_task_constructor_msgs/moveit_task_constructor_msgs/msg/detail/solution_info__type_support.c
[0.406s] -- Up-to-date: /home/vasee22/COAR-ROS2-Workspace-mai/COAR-ROS2-Workspace-main/install/moveit_task_constructor_msgs/include/moveit_task_constructor_msgs/moveit_task_constructor_msgs/msg/detail/stage_statistics__functions.c
[0.406s] -- Up-to-date: /home/vasee22/COAR-ROS2-Workspace-mai/COAR-ROS2-Workspace-main/install/moveit_task_constructor_msgs/include/moveit_task_constructor_msgs/moveit_task_constructor_msgs/msg/detail/stage_statistics__type_support.h
[0.406s] -- Installing: /home/vasee22/COAR-ROS2-Workspace-mai/COAR-ROS2-Workspace-main/install/moveit_task_constructor_msgs/include/moveit_task_constructor_msgs/moveit_task_constructor_msgs/msg/detail/sub_trajectory__type_support.c
[0.406s] -- Installing: /home/vasee22/COAR-ROS2-Workspace-mai/COAR-ROS2-Workspace-main/install/moveit_task_constructor_msgs/include/moveit_task_constructor_msgs/moveit_task_constructor_msgs/msg/detail/stage_description__type_support.c
[0.407s] -- Up-to-date: /home/vasee22/COAR-ROS2-Workspace-mai/COAR-ROS2-Workspace-main/install/moveit_task_constructor_msgs/include/moveit_task_constructor_msgs/moveit_task_constructor_msgs/msg/detail/solution__functions.c
[0.407s] -- Up-to-date: /home/vasee22/COAR-ROS2-Workspace-mai/COAR-ROS2-Workspace-main/install/moveit_task_constructor_msgs/include/moveit_task_constructor_msgs/moveit_task_constructor_msgs/msg/detail/stage_description__description.c
[0.407s] -- Up-to-date: /home/vasee22/COAR-ROS2-Workspace-mai/COAR-ROS2-Workspace-main/install/moveit_task_constructor_msgs/include/moveit_task_constructor_msgs/moveit_task_constructor_msgs/msg/detail/stage_statistics__struct.h
[0.407s] -- Up-to-date: /home/vasee22/COAR-ROS2-Workspace-mai/COAR-ROS2-Workspace-main/install/moveit_task_constructor_msgs/include/moveit_task_constructor_msgs/moveit_task_constructor_msgs/msg/detail/property__functions.h
[0.407s] -- Up-to-date: /home/vasee22/COAR-ROS2-Workspace-mai/COAR-ROS2-Workspace-main/install/moveit_task_constructor_msgs/include/moveit_task_constructor_msgs/moveit_task_constructor_msgs/msg/detail/property__description.c
[0.407s] -- Up-to-date: /home/vasee22/COAR-ROS2-Workspace-mai/COAR-ROS2-Workspace-main/install/moveit_task_constructor_msgs/include/moveit_task_constructor_msgs/moveit_task_constructor_msgs/msg/detail/solution_info__description.c
[0.407s] -- Up-to-date: /home/vasee22/COAR-ROS2-Workspace-mai/COAR-ROS2-Workspace-main/install/moveit_task_constructor_msgs/include/moveit_task_constructor_msgs/moveit_task_constructor_msgs/msg/detail/stage_description__struct.h
[0.407s] -- Up-to-date: /home/vasee22/COAR-ROS2-Workspace-mai/COAR-ROS2-Workspace-main/install/moveit_task_constructor_msgs/include/moveit_task_constructor_msgs/moveit_task_constructor_msgs/msg/detail/sub_trajectory__struct.h
[0.407s] -- Installing: /home/vasee22/COAR-ROS2-Workspace-mai/COAR-ROS2-Workspace-main/install/moveit_task_constructor_msgs/include/moveit_task_constructor_msgs/moveit_task_constructor_msgs/msg/detail/sub_solution__type_support.c
[0.407s] -- Up-to-date: /home/vasee22/COAR-ROS2-Workspace-mai/COAR-ROS2-Workspace-main/install/moveit_task_constructor_msgs/include/moveit_task_constructor_msgs/moveit_task_constructor_msgs/msg/detail/task_description__type_support.h
[0.407s] -- Up-to-date: /home/vasee22/COAR-ROS2-Workspace-mai/COAR-ROS2-Workspace-main/install/moveit_task_constructor_msgs/include/moveit_task_constructor_msgs/moveit_task_constructor_msgs/msg/detail/solution__type_support.h
[0.407s] -- Up-to-date: /home/vasee22/COAR-ROS2-Workspace-mai/COAR-ROS2-Workspace-main/install/moveit_task_constructor_msgs/include/moveit_task_constructor_msgs/moveit_task_constructor_msgs/msg/detail/task_statistics__functions.h
[0.407s] -- Up-to-date: /home/vasee22/COAR-ROS2-Workspace-mai/COAR-ROS2-Workspace-main/install/moveit_task_constructor_msgs/include/moveit_task_constructor_msgs/moveit_task_constructor_msgs/msg/detail/property__struct.h
[0.407s] -- Up-to-date: /home/vasee22/COAR-ROS2-Workspace-mai/COAR-ROS2-Workspace-main/install/moveit_task_constructor_msgs/include/moveit_task_constructor_msgs/moveit_task_constructor_msgs/msg/detail/stage_statistics__description.c
[0.407s] -- Up-to-date: /home/vasee22/COAR-ROS2-Workspace-mai/COAR-ROS2-Workspace-main/install/moveit_task_constructor_msgs/include/moveit_task_constructor_msgs/moveit_task_constructor_msgs/msg/detail/sub_solution__type_support.h
[0.407s] -- Up-to-date: /home/vasee22/COAR-ROS2-Workspace-mai/COAR-ROS2-Workspace-main/install/moveit_task_constructor_msgs/include/moveit_task_constructor_msgs/moveit_task_constructor_msgs/msg/detail/property__functions.c
[0.408s] -- Up-to-date: /home/vasee22/COAR-ROS2-Workspace-mai/COAR-ROS2-Workspace-main/install/moveit_task_constructor_msgs/include/moveit_task_constructor_msgs/moveit_task_constructor_msgs/msg/detail/task_statistics__functions.c
[0.408s] -- Up-to-date: /home/vasee22/COAR-ROS2-Workspace-mai/COAR-ROS2-Workspace-main/install/moveit_task_constructor_msgs/include/moveit_task_constructor_msgs/moveit_task_constructor_msgs/msg/detail/sub_trajectory__type_support.h
[0.408s] -- Up-to-date: /home/vasee22/COAR-ROS2-Workspace-mai/COAR-ROS2-Workspace-main/install/moveit_task_constructor_msgs/include/moveit_task_constructor_msgs/moveit_task_constructor_msgs/msg/detail/solution_info__functions.c
[0.408s] -- Up-to-date: /home/vasee22/COAR-ROS2-Workspace-mai/COAR-ROS2-Workspace-main/install/moveit_task_constructor_msgs/include/moveit_task_constructor_msgs/moveit_task_constructor_msgs/msg/detail/task_statistics__type_support.h
[0.408s] -- Up-to-date: /home/vasee22/COAR-ROS2-Workspace-mai/COAR-ROS2-Workspace-main/install/moveit_task_constructor_msgs/include/moveit_task_constructor_msgs/moveit_task_constructor_msgs/msg/stage_description.h
[0.408s] -- Up-to-date: /home/vasee22/COAR-ROS2-Workspace-mai/COAR-ROS2-Workspace-main/install/moveit_task_constructor_msgs/include/moveit_task_constructor_msgs/moveit_task_constructor_msgs/msg/task_description.h
[0.408s] -- Up-to-date: /home/vasee22/COAR-ROS2-Workspace-mai/COAR-ROS2-Workspace-main/install/moveit_task_constructor_msgs/include/moveit_task_constructor_msgs/moveit_task_constructor_msgs/msg/task_statistics.h
[0.408s] -- Up-to-date: /home/vasee22/COAR-ROS2-Workspace-mai/COAR-ROS2-Workspace-main/install/moveit_task_constructor_msgs/include/moveit_task_constructor_msgs/moveit_task_constructor_msgs/srv
[0.408s] -- Up-to-date: /home/vasee22/COAR-ROS2-Workspace-mai/COAR-ROS2-Workspace-main/install/moveit_task_constructor_msgs/include/moveit_task_constructor_msgs/moveit_task_constructor_msgs/srv/get_solution.h
[0.408s] -- Up-to-date: /home/vasee22/COAR-ROS2-Workspace-mai/COAR-ROS2-Workspace-main/install/moveit_task_constructor_msgs/include/moveit_task_constructor_msgs/moveit_task_constructor_msgs/srv/detail
[0.408s] -- Up-to-date: /home/vasee22/COAR-ROS2-Workspace-mai/COAR-ROS2-Workspace-main/install/moveit_task_constructor_msgs/include/moveit_task_constructor_msgs/moveit_task_constructor_msgs/srv/detail/get_solution__functions.c
[0.408s] -- Up-to-date: /home/vasee22/COAR-ROS2-Workspace-mai/COAR-ROS2-Workspace-main/install/moveit_task_constructor_msgs/include/moveit_task_constructor_msgs/moveit_task_constructor_msgs/srv/detail/get_solution__functions.h
[0.408s] -- Up-to-date: /home/vasee22/COAR-ROS2-Workspace-mai/COAR-ROS2-Workspace-main/install/moveit_task_constructor_msgs/include/moveit_task_constructor_msgs/moveit_task_constructor_msgs/srv/detail/get_solution__description.c
[0.408s] -- Up-to-date: /home/vasee22/COAR-ROS2-Workspace-mai/COAR-ROS2-Workspace-main/install/moveit_task_constructor_msgs/include/moveit_task_constructor_msgs/moveit_task_constructor_msgs/srv/detail/get_solution__type_support.h
[0.408s] -- Up-to-date: /home/vasee22/COAR-ROS2-Workspace-mai/COAR-ROS2-Workspace-main/install/moveit_task_constructor_msgs/include/moveit_task_constructor_msgs/moveit_task_constructor_msgs/srv/detail/get_solution__struct.h
[0.408s] -- Up-to-date: /home/vasee22/COAR-ROS2-Workspace-mai/COAR-ROS2-Workspace-main/install/moveit_task_constructor_msgs/include/moveit_task_constructor_msgs/moveit_task_constructor_msgs/srv/detail/get_solution__type_support.c
[0.408s] -- Up-to-date: /home/vasee22/COAR-ROS2-Workspace-mai/COAR-ROS2-Workspace-main/install/moveit_task_constructor_msgs/include/moveit_task_constructor_msgs/moveit_task_constructor_msgs/action
[0.408s] -- Up-to-date: /home/vasee22/COAR-ROS2-Workspace-mai/COAR-ROS2-Workspace-main/install/moveit_task_constructor_msgs/include/moveit_task_constructor_msgs/moveit_task_constructor_msgs/action/execute_task_solution.h
[0.409s] -- Up-to-date: /home/vasee22/COAR-ROS2-Workspace-mai/COAR-ROS2-Workspace-main/install/moveit_task_constructor_msgs/include/moveit_task_constructor_msgs/moveit_task_constructor_msgs/action/detail
[0.409s] -- Installing: /home/vasee22/COAR-ROS2-Workspace-mai/COAR-ROS2-Workspace-main/install/moveit_task_constructor_msgs/include/moveit_task_constructor_msgs/moveit_task_constructor_msgs/action/detail/execute_task_solution__type_support.c
[0.409s] -- Up-to-date: /home/vasee22/COAR-ROS2-Workspace-mai/COAR-ROS2-Workspace-main/install/moveit_task_constructor_msgs/include/moveit_task_constructor_msgs/moveit_task_constructor_msgs/action/detail/execute_task_solution__type_support.h
[0.409s] -- Up-to-date: /home/vasee22/COAR-ROS2-Workspace-mai/COAR-ROS2-Workspace-main/install/moveit_task_constructor_msgs/include/moveit_task_constructor_msgs/moveit_task_constructor_msgs/action/detail/execute_task_solution__description.c
[0.409s] -- Up-to-date: /home/vasee22/COAR-ROS2-Workspace-mai/COAR-ROS2-Workspace-main/install/moveit_task_constructor_msgs/include/moveit_task_constructor_msgs/moveit_task_constructor_msgs/action/detail/execute_task_solution__struct.h
[0.409s] -- Up-to-date: /home/vasee22/COAR-ROS2-Workspace-mai/COAR-ROS2-Workspace-main/install/moveit_task_constructor_msgs/include/moveit_task_constructor_msgs/moveit_task_constructor_msgs/action/detail/execute_task_solution__functions.c
[0.409s] -- Up-to-date: /home/vasee22/COAR-ROS2-Workspace-mai/COAR-ROS2-Workspace-main/install/moveit_task_constructor_msgs/include/moveit_task_constructor_msgs/moveit_task_constructor_msgs/action/detail/execute_task_solution__functions.h
[0.409s] -- Up-to-date: /home/vasee22/COAR-ROS2-Workspace-mai/COAR-ROS2-Workspace-main/install/moveit_task_constructor_msgs/share/moveit_task_constructor_msgs/environment/library_path.sh
[0.409s] -- Up-to-date: /home/vasee22/COAR-ROS2-Workspace-mai/COAR-ROS2-Workspace-main/install/moveit_task_constructor_msgs/share/moveit_task_constructor_msgs/environment/library_path.dsv
[0.409s] -- Up-to-date: /home/vasee22/COAR-ROS2-Workspace-mai/COAR-ROS2-Workspace-main/install/moveit_task_constructor_msgs/lib/libmoveit_task_constructor_msgs__rosidl_generator_c.so
[0.409s] -- Up-to-date: /home/vasee22/COAR-ROS2-Workspace-mai/COAR-ROS2-Workspace-main/install/moveit_task_constructor_msgs/include/moveit_task_constructor_msgs/moveit_task_constructor_msgs
[0.409s] -- Up-to-date: /home/vasee22/COAR-ROS2-Workspace-mai/COAR-ROS2-Workspace-main/install/moveit_task_constructor_msgs/include/moveit_task_constructor_msgs/moveit_task_constructor_msgs/msg
[0.409s] -- Up-to-date: /home/vasee22/COAR-ROS2-Workspace-mai/COAR-ROS2-Workspace-main/install/moveit_task_constructor_msgs/include/moveit_task_constructor_msgs/moveit_task_constructor_msgs/msg/rosidl_typesupport_fastrtps_c__visibility_control.h
[0.409s] -- Up-to-date: /home/vasee22/COAR-ROS2-Workspace-mai/COAR-ROS2-Workspace-main/install/moveit_task_constructor_msgs/include/moveit_task_constructor_msgs/moveit_task_constructor_msgs/msg/detail
[0.409s] -- Up-to-date: /home/vasee22/COAR-ROS2-Workspace-mai/COAR-ROS2-Workspace-main/install/moveit_task_constructor_msgs/include/moveit_task_constructor_msgs/moveit_task_constructor_msgs/msg/detail/stage_statistics__rosidl_typesupport_fastrtps_c.h
[0.409s] -- Up-to-date: /home/vasee22/COAR-ROS2-Workspace-mai/COAR-ROS2-Workspace-main/install/moveit_task_constructor_msgs/include/moveit_task_constructor_msgs/moveit_task_constructor_msgs/msg/detail/stage_description__rosidl_typesupport_fastrtps_c.h
[0.409s] -- Up-to-date: /home/vasee22/COAR-ROS2-Workspace-mai/COAR-ROS2-Workspace-main/install/moveit_task_constructor_msgs/include/moveit_task_constructor_msgs/moveit_task_constructor_msgs/msg/detail/task_description__rosidl_typesupport_fastrtps_c.h
[0.410s] -- Up-to-date: /home/vasee22/COAR-ROS2-Workspace-mai/COAR-ROS2-Workspace-main/install/moveit_task_constructor_msgs/include/moveit_task_constructor_msgs/moveit_task_constructor_msgs/msg/detail/solution__rosidl_typesupport_fastrtps_c.h
[0.410s] -- Up-to-date: /home/vasee22/COAR-ROS2-Workspace-mai/COAR-ROS2-Workspace-main/install/moveit_task_constructor_msgs/include/moveit_task_constructor_msgs/moveit_task_constructor_msgs/msg/detail/property__rosidl_typesupport_fastrtps_c.h
[0.410s] -- Up-to-date: /home/vasee22/COAR-ROS2-Workspace-mai/COAR-ROS2-Workspace-main/install/moveit_task_constructor_msgs/include/moveit_task_constructor_msgs/moveit_task_constructor_msgs/msg/detail/trajectory_execution_info__rosidl_typesupport_fastrtps_c.h
[0.410s] -- Up-to-date: /home/vasee22/COAR-ROS2-Workspace-mai/COAR-ROS2-Workspace-main/install/moveit_task_constructor_msgs/include/moveit_task_constructor_msgs/moveit_task_constructor_msgs/msg/detail/sub_trajectory__rosidl_typesupport_fastrtps_c.h
[0.410s] -- Up-to-date: /home/vasee22/COAR-ROS2-Workspace-mai/COAR-ROS2-Workspace-main/install/moveit_task_constructor_msgs/include/moveit_task_constructor_msgs/moveit_task_constructor_msgs/msg/detail/sub_solution__rosidl_typesupport_fastrtps_c.h
[0.410s] -- Up-to-date: /home/vasee22/COAR-ROS2-Workspace-mai/COAR-ROS2-Workspace-main/install/moveit_task_constructor_msgs/include/moveit_task_constructor_msgs/moveit_task_constructor_msgs/msg/detail/solution_info__rosidl_typesupport_fastrtps_c.h
[0.410s] -- Up-to-date: /home/vasee22/COAR-ROS2-Workspace-mai/COAR-ROS2-Workspace-main/install/moveit_task_constructor_msgs/include/moveit_task_constructor_msgs/moveit_task_constructor_msgs/msg/detail/task_statistics__rosidl_typesupport_fastrtps_c.h
[0.410s] -- Up-to-date: /home/vasee22/COAR-ROS2-Workspace-mai/COAR-ROS2-Workspace-main/install/moveit_task_constructor_msgs/include/moveit_task_constructor_msgs/moveit_task_constructor_msgs/srv
[0.410s] -- Up-to-date: /home/vasee22/COAR-ROS2-Workspace-mai/COAR-ROS2-Workspace-main/install/moveit_task_constructor_msgs/include/moveit_task_constructor_msgs/moveit_task_constructor_msgs/srv/detail
[0.410s] -- Up-to-date: /home/vasee22/COAR-ROS2-Workspace-mai/COAR-ROS2-Workspace-main/install/moveit_task_constructor_msgs/include/moveit_task_constructor_msgs/moveit_task_constructor_msgs/srv/detail/get_solution__rosidl_typesupport_fastrtps_c.h
[0.410s] -- Up-to-date: /home/vasee22/COAR-ROS2-Workspace-mai/COAR-ROS2-Workspace-main/install/moveit_task_constructor_msgs/include/moveit_task_constructor_msgs/moveit_task_constructor_msgs/action
[0.410s] -- Up-to-date: /home/vasee22/COAR-ROS2-Workspace-mai/COAR-ROS2-Workspace-main/install/moveit_task_constructor_msgs/include/moveit_task_constructor_msgs/moveit_task_constructor_msgs/action/detail
[0.410s] -- Up-to-date: /home/vasee22/COAR-ROS2-Workspace-mai/COAR-ROS2-Workspace-main/install/moveit_task_constructor_msgs/include/moveit_task_constructor_msgs/moveit_task_constructor_msgs/action/detail/execute_task_solution__rosidl_typesupport_fastrtps_c.h
[0.410s] -- Up-to-date: /home/vasee22/COAR-ROS2-Workspace-mai/COAR-ROS2-Workspace-main/install/moveit_task_constructor_msgs/lib/libmoveit_task_constructor_msgs__rosidl_typesupport_fastrtps_c.so
[0.410s] -- Up-to-date: /home/vasee22/COAR-ROS2-Workspace-mai/COAR-ROS2-Workspace-main/install/moveit_task_constructor_msgs/include/moveit_task_constructor_msgs/moveit_task_constructor_msgs
[0.410s] -- Up-to-date: /home/vasee22/COAR-ROS2-Workspace-mai/COAR-ROS2-Workspace-main/install/moveit_task_constructor_msgs/include/moveit_task_constructor_msgs/moveit_task_constructor_msgs/msg
[0.410s] -- Up-to-date: /home/vasee22/COAR-ROS2-Workspace-mai/COAR-ROS2-Workspace-main/install/moveit_task_constructor_msgs/include/moveit_task_constructor_msgs/moveit_task_constructor_msgs/msg/solution_info.hpp
[0.410s] -- Up-to-date: /home/vasee22/COAR-ROS2-Workspace-mai/COAR-ROS2-Workspace-main/install/moveit_task_constructor_msgs/include/moveit_task_constructor_msgs/moveit_task_constructor_msgs/msg/property.hpp
[0.410s] -- Up-to-date: /home/vasee22/COAR-ROS2-Workspace-mai/COAR-ROS2-Workspace-main/install/moveit_task_constructor_msgs/include/moveit_task_constructor_msgs/moveit_task_constructor_msgs/msg/task_statistics.hpp
[0.410s] -- Up-to-date: /home/vasee22/COAR-ROS2-Workspace-mai/COAR-ROS2-Workspace-main/install/moveit_task_constructor_msgs/include/moveit_task_constructor_msgs/moveit_task_constructor_msgs/msg/stage_description.hpp
[0.410s] -- Up-to-date: /home/vasee22/COAR-ROS2-Workspace-mai/COAR-ROS2-Workspace-main/install/moveit_task_constructor_msgs/include/moveit_task_constructor_msgs/moveit_task_constructor_msgs/msg/trajectory_execution_info.hpp
[0.410s] -- Up-to-date: /home/vasee22/COAR-ROS2-Workspace-mai/COAR-ROS2-Workspace-main/install/moveit_task_constructor_msgs/include/moveit_task_constructor_msgs/moveit_task_constructor_msgs/msg/task_description.hpp
[0.410s] -- Up-to-date: /home/vasee22/COAR-ROS2-Workspace-mai/COAR-ROS2-Workspace-main/install/moveit_task_constructor_msgs/include/moveit_task_constructor_msgs/moveit_task_constructor_msgs/msg/sub_trajectory.hpp
[0.410s] -- Up-to-date: /home/vasee22/COAR-ROS2-Workspace-mai/COAR-ROS2-Workspace-main/install/moveit_task_constructor_msgs/include/moveit_task_constructor_msgs/moveit_task_constructor_msgs/msg/stage_statistics.hpp
[0.410s] -- Up-to-date: /home/vasee22/COAR-ROS2-Workspace-mai/COAR-ROS2-Workspace-main/install/moveit_task_constructor_msgs/include/moveit_task_constructor_msgs/moveit_task_constructor_msgs/msg/sub_solution.hpp
[0.411s] -- Up-to-date: /home/vasee22/COAR-ROS2-Workspace-mai/COAR-ROS2-Workspace-main/install/moveit_task_constructor_msgs/include/moveit_task_constructor_msgs/moveit_task_constructor_msgs/msg/detail
[0.411s] -- Up-to-date: /home/vasee22/COAR-ROS2-Workspace-mai/COAR-ROS2-Workspace-main/install/moveit_task_constructor_msgs/include/moveit_task_constructor_msgs/moveit_task_constructor_msgs/msg/detail/stage_description__type_support.hpp
[0.411s] -- Up-to-date: /home/vasee22/COAR-ROS2-Workspace-mai/COAR-ROS2-Workspace-main/install/moveit_task_constructor_msgs/include/moveit_task_constructor_msgs/moveit_task_constructor_msgs/msg/detail/task_statistics__builder.hpp
[0.411s] -- Up-to-date: /home/vasee22/COAR-ROS2-Workspace-mai/COAR-ROS2-Workspace-main/install/moveit_task_constructor_msgs/include/moveit_task_constructor_msgs/moveit_task_constructor_msgs/msg/detail/sub_solution__builder.hpp
[0.411s] -- Up-to-date: /home/vasee22/COAR-ROS2-Workspace-mai/COAR-ROS2-Workspace-main/install/moveit_task_constructor_msgs/include/moveit_task_constructor_msgs/moveit_task_constructor_msgs/msg/detail/solution_info__builder.hpp
[0.411s] -- Up-to-date: /home/vasee22/COAR-ROS2-Workspace-mai/COAR-ROS2-Workspace-main/install/moveit_task_constructor_msgs/include/moveit_task_constructor_msgs/moveit_task_constructor_msgs/msg/detail/task_statistics__struct.hpp
[0.411s] -- Up-to-date: /home/vasee22/COAR-ROS2-Workspace-mai/COAR-ROS2-Workspace-main/install/moveit_task_constructor_msgs/include/moveit_task_constructor_msgs/moveit_task_constructor_msgs/msg/detail/task_description__struct.hpp
[0.411s] -- Up-to-date: /home/vasee22/COAR-ROS2-Workspace-mai/COAR-ROS2-Workspace-main/install/moveit_task_constructor_msgs/include/moveit_task_constructor_msgs/moveit_task_constructor_msgs/msg/detail/task_statistics__type_support.hpp
[0.411s] -- Up-to-date: /home/vasee22/COAR-ROS2-Workspace-mai/COAR-ROS2-Workspace-main/install/moveit_task_constructor_msgs/include/moveit_task_constructor_msgs/moveit_task_constructor_msgs/msg/detail/trajectory_execution_info__struct.hpp
[0.411s] -- Up-to-date: /home/vasee22/COAR-ROS2-Workspace-mai/COAR-ROS2-Workspace-main/install/moveit_task_constructor_msgs/include/moveit_task_constructor_msgs/moveit_task_constructor_msgs/msg/detail/stage_statistics__type_support.hpp
[0.411s] -- Up-to-date: /home/vasee22/COAR-ROS2-Workspace-mai/COAR-ROS2-Workspace-main/install/moveit_task_constructor_msgs/include/moveit_task_constructor_msgs/moveit_task_constructor_msgs/msg/detail/task_statistics__traits.hpp
[0.411s] -- Up-to-date: /home/vasee22/COAR-ROS2-Workspace-mai/COAR-ROS2-Workspace-main/install/moveit_task_constructor_msgs/include/moveit_task_constructor_msgs/moveit_task_constructor_msgs/msg/detail/sub_trajectory__builder.hpp
[0.411s] -- Up-to-date: /home/vasee22/COAR-ROS2-Workspace-mai/COAR-ROS2-Workspace-main/install/moveit_task_constructor_msgs/include/moveit_task_constructor_msgs/moveit_task_constructor_msgs/msg/detail/stage_statistics__builder.hpp
[0.411s] -- Up-to-date: /home/vasee22/COAR-ROS2-Workspace-mai/COAR-ROS2-Workspace-main/install/moveit_task_constructor_msgs/include/moveit_task_constructor_msgs/moveit_task_constructor_msgs/msg/detail/task_description__traits.hpp
[0.411s] -- Up-to-date: /home/vasee22/COAR-ROS2-Workspace-mai/COAR-ROS2-Workspace-main/install/moveit_task_constructor_msgs/include/moveit_task_constructor_msgs/moveit_task_constructor_msgs/msg/detail/sub_trajectory__struct.hpp
[0.411s] -- Up-to-date: /home/vasee22/COAR-ROS2-Workspace-mai/COAR-ROS2-Workspace-main/install/moveit_task_constructor_msgs/include/moveit_task_constructor_msgs/moveit_task_constructor_msgs/msg/detail/trajectory_execution_info__type_support.hpp
[0.411s] -- Up-to-date: /home/vasee22/COAR-ROS2-Workspace-mai/COAR-ROS2-Workspace-main/install/moveit_task_constructor_msgs/include/moveit_task_constructor_msgs/moveit_task_constructor_msgs/msg/detail/solution__struct.hpp
[0.411s] -- Up-to-date: /home/vasee22/COAR-ROS2-Workspace-mai/COAR-ROS2-Workspace-main/install/moveit_task_constructor_msgs/include/moveit_task_constructor_msgs/moveit_task_constructor_msgs/msg/detail/stage_description__struct.hpp
[0.411s] -- Up-to-date: /home/vasee22/COAR-ROS2-Workspace-mai/COAR-ROS2-Workspace-main/install/moveit_task_constructor_msgs/include/moveit_task_constructor_msgs/moveit_task_constructor_msgs/msg/detail/property__type_support.hpp
[0.411s] -- Up-to-date: /home/vasee22/COAR-ROS2-Workspace-mai/COAR-ROS2-Workspace-main/install/moveit_task_constructor_msgs/include/moveit_task_constructor_msgs/moveit_task_constructor_msgs/msg/detail/solution_info__type_support.hpp
[0.411s] -- Up-to-date: /home/vasee22/COAR-ROS2-Workspace-mai/COAR-ROS2-Workspace-main/install/moveit_task_constructor_msgs/include/moveit_task_constructor_msgs/moveit_task_constructor_msgs/msg/detail/stage_statistics__struct.hpp
[0.411s] -- Up-to-date: /home/vasee22/COAR-ROS2-Workspace-mai/COAR-ROS2-Workspace-main/install/moveit_task_constructor_msgs/include/moveit_task_constructor_msgs/moveit_task_constructor_msgs/msg/detail/trajectory_execution_info__builder.hpp
[0.411s] -- Up-to-date: /home/vasee22/COAR-ROS2-Workspace-mai/COAR-ROS2-Workspace-main/install/moveit_task_constructor_msgs/include/moveit_task_constructor_msgs/moveit_task_constructor_msgs/msg/detail/property__builder.hpp
[0.411s] -- Up-to-date: /home/vasee22/COAR-ROS2-Workspace-mai/COAR-ROS2-Workspace-main/install/moveit_task_constructor_msgs/include/moveit_task_constructor_msgs/moveit_task_constructor_msgs/msg/detail/task_description__builder.hpp
[0.412s] -- Up-to-date: /home/vasee22/COAR-ROS2-Workspace-mai/COAR-ROS2-Workspace-main/install/moveit_task_constructor_msgs/include/moveit_task_constructor_msgs/moveit_task_constructor_msgs/msg/detail/task_description__type_support.hpp
[0.412s] -- Up-to-date: /home/vasee22/COAR-ROS2-Workspace-mai/COAR-ROS2-Workspace-main/install/moveit_task_constructor_msgs/include/moveit_task_constructor_msgs/moveit_task_constructor_msgs/msg/detail/solution__type_support.hpp
[0.412s] -- Up-to-date: /home/vasee22/COAR-ROS2-Workspace-mai/COAR-ROS2-Workspace-main/install/moveit_task_constructor_msgs/include/moveit_task_constructor_msgs/moveit_task_constructor_msgs/msg/detail/property__traits.hpp
[0.412s] -- Up-to-date: /home/vasee22/COAR-ROS2-Workspace-mai/COAR-ROS2-Workspace-main/install/moveit_task_constructor_msgs/include/moveit_task_constructor_msgs/moveit_task_constructor_msgs/msg/detail/solution_info__traits.hpp
[0.412s] -- Up-to-date: /home/vasee22/COAR-ROS2-Workspace-mai/COAR-ROS2-Workspace-main/install/moveit_task_constructor_msgs/include/moveit_task_constructor_msgs/moveit_task_constructor_msgs/msg/detail/sub_trajectory__type_support.hpp
[0.412s] -- Up-to-date: /home/vasee22/COAR-ROS2-Workspace-mai/COAR-ROS2-Workspace-main/install/moveit_task_constructor_msgs/include/moveit_task_constructor_msgs/moveit_task_constructor_msgs/msg/detail/stage_description__traits.hpp
[0.412s] -- Up-to-date: /home/vasee22/COAR-ROS2-Workspace-mai/COAR-ROS2-Workspace-main/install/moveit_task_constructor_msgs/include/moveit_task_constructor_msgs/moveit_task_constructor_msgs/msg/detail/solution__traits.hpp
[0.412s] -- Up-to-date: /home/vasee22/COAR-ROS2-Workspace-mai/COAR-ROS2-Workspace-main/install/moveit_task_constructor_msgs/include/moveit_task_constructor_msgs/moveit_task_constructor_msgs/msg/detail/sub_solution__traits.hpp
[0.412s] -- Up-to-date: /home/vasee22/COAR-ROS2-Workspace-mai/COAR-ROS2-Workspace-main/install/moveit_task_constructor_msgs/include/moveit_task_constructor_msgs/moveit_task_constructor_msgs/msg/detail/sub_trajectory__traits.hpp
[0.412s] -- Up-to-date: /home/vasee22/COAR-ROS2-Workspace-mai/COAR-ROS2-Workspace-main/install/moveit_task_constructor_msgs/include/moveit_task_constructor_msgs/moveit_task_constructor_msgs/msg/detail/trajectory_execution_info__traits.hpp
[0.412s] -- Up-to-date: /home/vasee22/COAR-ROS2-Workspace-mai/COAR-ROS2-Workspace-main/install/moveit_task_constructor_msgs/include/moveit_task_constructor_msgs/moveit_task_constructor_msgs/msg/detail/stage_description__builder.hpp
[0.412s] -- Up-to-date: /home/vasee22/COAR-ROS2-Workspace-mai/COAR-ROS2-Workspace-main/install/moveit_task_constructor_msgs/include/moveit_task_constructor_msgs/moveit_task_constructor_msgs/msg/detail/sub_solution__type_support.hpp
[0.412s] -- Up-to-date: /home/vasee22/COAR-ROS2-Workspace-mai/COAR-ROS2-Workspace-main/install/moveit_task_constructor_msgs/include/moveit_task_constructor_msgs/moveit_task_constructor_msgs/msg/detail/solution_info__struct.hpp
[0.412s] -- Up-to-date: /home/vasee22/COAR-ROS2-Workspace-mai/COAR-ROS2-Workspace-main/install/moveit_task_constructor_msgs/include/moveit_task_constructor_msgs/moveit_task_constructor_msgs/msg/detail/stage_statistics__traits.hpp
[0.412s] -- Up-to-date: /home/vasee22/COAR-ROS2-Workspace-mai/COAR-ROS2-Workspace-main/install/moveit_task_constructor_msgs/include/moveit_task_constructor_msgs/moveit_task_constructor_msgs/msg/detail/sub_solution__struct.hpp
[0.412s] -- Up-to-date: /home/vasee22/COAR-ROS2-Workspace-mai/COAR-ROS2-Workspace-main/install/moveit_task_constructor_msgs/include/moveit_task_constructor_msgs/moveit_task_constructor_msgs/msg/detail/property__struct.hpp
[0.412s] -- Up-to-date: /home/vasee22/COAR-ROS2-Workspace-mai/COAR-ROS2-Workspace-main/install/moveit_task_constructor_msgs/include/moveit_task_constructor_msgs/moveit_task_constructor_msgs/msg/detail/solution__builder.hpp
[0.412s] -- Up-to-date: /home/vasee22/COAR-ROS2-Workspace-mai/COAR-ROS2-Workspace-main/install/moveit_task_constructor_msgs/include/moveit_task_constructor_msgs/moveit_task_constructor_msgs/msg/solution.hpp
[0.412s] -- Up-to-date: /home/vasee22/COAR-ROS2-Workspace-mai/COAR-ROS2-Workspace-main/install/moveit_task_constructor_msgs/include/moveit_task_constructor_msgs/moveit_task_constructor_msgs/msg/rosidl_generator_cpp__visibility_control.hpp
[0.412s] -- Up-to-date: /home/vasee22/COAR-ROS2-Workspace-mai/COAR-ROS2-Workspace-main/install/moveit_task_constructor_msgs/include/moveit_task_constructor_msgs/moveit_task_constructor_msgs/srv
[0.412s] -- Up-to-date: /home/vasee22/COAR-ROS2-Workspace-mai/COAR-ROS2-Workspace-main/install/moveit_task_constructor_msgs/include/moveit_task_constructor_msgs/moveit_task_constructor_msgs/srv/detail
[0.412s] -- Up-to-date: /home/vasee22/COAR-ROS2-Workspace-mai/COAR-ROS2-Workspace-main/install/moveit_task_constructor_msgs/include/moveit_task_constructor_msgs/moveit_task_constructor_msgs/srv/detail/get_solution__type_support.hpp
[0.413s] -- Up-to-date: /home/vasee22/COAR-ROS2-Workspace-mai/COAR-ROS2-Workspace-main/install/moveit_task_constructor_msgs/include/moveit_task_constructor_msgs/moveit_task_constructor_msgs/srv/detail/get_solution__struct.hpp
[0.413s] -- Up-to-date: /home/vasee22/COAR-ROS2-Workspace-mai/COAR-ROS2-Workspace-main/install/moveit_task_constructor_msgs/include/moveit_task_constructor_msgs/moveit_task_constructor_msgs/srv/detail/get_solution__traits.hpp
[0.413s] -- Up-to-date: /home/vasee22/COAR-ROS2-Workspace-mai/COAR-ROS2-Workspace-main/install/moveit_task_constructor_msgs/include/moveit_task_constructor_msgs/moveit_task_constructor_msgs/srv/detail/get_solution__builder.hpp
[0.413s] -- Up-to-date: /home/vasee22/COAR-ROS2-Workspace-mai/COAR-ROS2-Workspace-main/install/moveit_task_constructor_msgs/include/moveit_task_constructor_msgs/moveit_task_constructor_msgs/srv/get_solution.hpp
[0.413s] -- Up-to-date: /home/vasee22/COAR-ROS2-Workspace-mai/COAR-ROS2-Workspace-main/install/moveit_task_constructor_msgs/include/moveit_task_constructor_msgs/moveit_task_constructor_msgs/action
[0.413s] -- Up-to-date: /home/vasee22/COAR-ROS2-Workspace-mai/COAR-ROS2-Workspace-main/install/moveit_task_constructor_msgs/include/moveit_task_constructor_msgs/moveit_task_constructor_msgs/action/execute_task_solution.hpp
[0.413s] -- Up-to-date: /home/vasee22/COAR-ROS2-Workspace-mai/COAR-ROS2-Workspace-main/install/moveit_task_constructor_msgs/include/moveit_task_constructor_msgs/moveit_task_constructor_msgs/action/detail
[0.413s] -- Up-to-date: /home/vasee22/COAR-ROS2-Workspace-mai/COAR-ROS2-Workspace-main/install/moveit_task_constructor_msgs/include/moveit_task_constructor_msgs/moveit_task_constructor_msgs/action/detail/execute_task_solution__type_support.hpp
[0.413s] -- Up-to-date: /home/vasee22/COAR-ROS2-Workspace-mai/COAR-ROS2-Workspace-main/install/moveit_task_constructor_msgs/include/moveit_task_constructor_msgs/moveit_task_constructor_msgs/action/detail/execute_task_solution__traits.hpp
[0.413s] -- Up-to-date: /home/vasee22/COAR-ROS2-Workspace-mai/COAR-ROS2-Workspace-main/install/moveit_task_constructor_msgs/include/moveit_task_constructor_msgs/moveit_task_constructor_msgs/action/detail/execute_task_solution__builder.hpp
[0.413s] -- Up-to-date: /home/vasee22/COAR-ROS2-Workspace-mai/COAR-ROS2-Workspace-main/install/moveit_task_constructor_msgs/include/moveit_task_constructor_msgs/moveit_task_constructor_msgs/action/detail/execute_task_solution__struct.hpp
[0.413s] -- Up-to-date: /home/vasee22/COAR-ROS2-Workspace-mai/COAR-ROS2-Workspace-main/install/moveit_task_constructor_msgs/include/moveit_task_constructor_msgs/moveit_task_constructor_msgs
[0.413s] -- Up-to-date: /home/vasee22/COAR-ROS2-Workspace-mai/COAR-ROS2-Workspace-main/install/moveit_task_constructor_msgs/include/moveit_task_constructor_msgs/moveit_task_constructor_msgs/msg
[0.413s] -- Up-to-date: /home/vasee22/COAR-ROS2-Workspace-mai/COAR-ROS2-Workspace-main/install/moveit_task_constructor_msgs/include/moveit_task_constructor_msgs/moveit_task_constructor_msgs/msg/rosidl_typesupport_fastrtps_cpp__visibility_control.h
[0.413s] -- Up-to-date: /home/vasee22/COAR-ROS2-Workspace-mai/COAR-ROS2-Workspace-main/install/moveit_task_constructor_msgs/include/moveit_task_constructor_msgs/moveit_task_constructor_msgs/msg/detail
[0.413s] -- Up-to-date: /home/vasee22/COAR-ROS2-Workspace-mai/COAR-ROS2-Workspace-main/install/moveit_task_constructor_msgs/include/moveit_task_constructor_msgs/moveit_task_constructor_msgs/msg/detail/stage_statistics__rosidl_typesupport_fastrtps_cpp.hpp
[0.413s] -- Up-to-date: /home/vasee22/COAR-ROS2-Workspace-mai/COAR-ROS2-Workspace-main/install/moveit_task_constructor_msgs/include/moveit_task_constructor_msgs/moveit_task_constructor_msgs/msg/detail/property__rosidl_typesupport_fastrtps_cpp.hpp
[0.413s] -- Up-to-date: /home/vasee22/COAR-ROS2-Workspace-mai/COAR-ROS2-Workspace-main/install/moveit_task_constructor_msgs/include/moveit_task_constructor_msgs/moveit_task_constructor_msgs/msg/detail/dds_fastrtps
[0.413s] -- Up-to-date: /home/vasee22/COAR-ROS2-Workspace-mai/COAR-ROS2-Workspace-main/install/moveit_task_constructor_msgs/include/moveit_task_constructor_msgs/moveit_task_constructor_msgs/msg/detail/solution__rosidl_typesupport_fastrtps_cpp.hpp
[0.413s] -- Up-to-date: /home/vasee22/COAR-ROS2-Workspace-mai/COAR-ROS2-Workspace-main/install/moveit_task_constructor_msgs/include/moveit_task_constructor_msgs/moveit_task_constructor_msgs/msg/detail/trajectory_execution_info__rosidl_typesupport_fastrtps_cpp.hpp
[0.413s] -- Up-to-date: /home/vasee22/COAR-ROS2-Workspace-mai/COAR-ROS2-Workspace-main/install/moveit_task_constructor_msgs/include/moveit_task_constructor_msgs/moveit_task_constructor_msgs/msg/detail/sub_trajectory__rosidl_typesupport_fastrtps_cpp.hpp
[0.414s] -- Up-to-date: /home/vasee22/COAR-ROS2-Workspace-mai/COAR-ROS2-Workspace-main/install/moveit_task_constructor_msgs/include/moveit_task_constructor_msgs/moveit_task_constructor_msgs/msg/detail/stage_description__rosidl_typesupport_fastrtps_cpp.hpp
[0.414s] -- Up-to-date: /home/vasee22/COAR-ROS2-Workspace-mai/COAR-ROS2-Workspace-main/install/moveit_task_constructor_msgs/include/moveit_task_constructor_msgs/moveit_task_constructor_msgs/msg/detail/sub_solution__rosidl_typesupport_fastrtps_cpp.hpp
[0.414s] -- Up-to-date: /home/vasee22/COAR-ROS2-Workspace-mai/COAR-ROS2-Workspace-main/install/moveit_task_constructor_msgs/include/moveit_task_constructor_msgs/moveit_task_constructor_msgs/msg/detail/solution_info__rosidl_typesupport_fastrtps_cpp.hpp
[0.414s] -- Up-to-date: /home/vasee22/COAR-ROS2-Workspace-mai/COAR-ROS2-Workspace-main/install/moveit_task_constructor_msgs/include/moveit_task_constructor_msgs/moveit_task_constructor_msgs/msg/detail/task_description__rosidl_typesupport_fastrtps_cpp.hpp
[0.414s] -- Up-to-date: /home/vasee22/COAR-ROS2-Workspace-mai/COAR-ROS2-Workspace-main/install/moveit_task_constructor_msgs/include/moveit_task_constructor_msgs/moveit_task_constructor_msgs/msg/detail/task_statistics__rosidl_typesupport_fastrtps_cpp.hpp
[0.414s] -- Up-to-date: /home/vasee22/COAR-ROS2-Workspace-mai/COAR-ROS2-Workspace-main/install/moveit_task_constructor_msgs/include/moveit_task_constructor_msgs/moveit_task_constructor_msgs/srv
[0.414s] -- Up-to-date: /home/vasee22/COAR-ROS2-Workspace-mai/COAR-ROS2-Workspace-main/install/moveit_task_constructor_msgs/include/moveit_task_constructor_msgs/moveit_task_constructor_msgs/srv/detail
[0.414s] -- Up-to-date: /home/vasee22/COAR-ROS2-Workspace-mai/COAR-ROS2-Workspace-main/install/moveit_task_constructor_msgs/include/moveit_task_constructor_msgs/moveit_task_constructor_msgs/srv/detail/get_solution__rosidl_typesupport_fastrtps_cpp.hpp
[0.414s] -- Up-to-date: /home/vasee22/COAR-ROS2-Workspace-mai/COAR-ROS2-Workspace-main/install/moveit_task_constructor_msgs/include/moveit_task_constructor_msgs/moveit_task_constructor_msgs/srv/detail/dds_fastrtps
[0.414s] -- Up-to-date: /home/vasee22/COAR-ROS2-Workspace-mai/COAR-ROS2-Workspace-main/install/moveit_task_constructor_msgs/include/moveit_task_constructor_msgs/moveit_task_constructor_msgs/action
[0.414s] -- Up-to-date: /home/vasee22/COAR-ROS2-Workspace-mai/COAR-ROS2-Workspace-main/install/moveit_task_constructor_msgs/include/moveit_task_constructor_msgs/moveit_task_constructor_msgs/action/detail
[0.414s] -- Up-to-date: /home/vasee22/COAR-ROS2-Workspace-mai/COAR-ROS2-Workspace-main/install/moveit_task_constructor_msgs/include/moveit_task_constructor_msgs/moveit_task_constructor_msgs/action/detail/dds_fastrtps
[0.414s] -- Up-to-date: /home/vasee22/COAR-ROS2-Workspace-mai/COAR-ROS2-Workspace-main/install/moveit_task_constructor_msgs/include/moveit_task_constructor_msgs/moveit_task_constructor_msgs/action/detail/execute_task_solution__rosidl_typesupport_fastrtps_cpp.hpp
[0.414s] -- Up-to-date: /home/vasee22/COAR-ROS2-Workspace-mai/COAR-ROS2-Workspace-main/install/moveit_task_constructor_msgs/lib/libmoveit_task_constructor_msgs__rosidl_typesupport_fastrtps_cpp.so
[0.414s] -- Up-to-date: /home/vasee22/COAR-ROS2-Workspace-mai/COAR-ROS2-Workspace-main/install/moveit_task_constructor_msgs/include/moveit_task_constructor_msgs/moveit_task_constructor_msgs
[0.414s] -- Up-to-date: /home/vasee22/COAR-ROS2-Workspace-mai/COAR-ROS2-Workspace-main/install/moveit_task_constructor_msgs/include/moveit_task_constructor_msgs/moveit_task_constructor_msgs/msg
[0.414s] -- Up-to-date: /home/vasee22/COAR-ROS2-Workspace-mai/COAR-ROS2-Workspace-main/install/moveit_task_constructor_msgs/include/moveit_task_constructor_msgs/moveit_task_constructor_msgs/msg/rosidl_typesupport_introspection_c__visibility_control.h
[0.414s] -- Up-to-date: /home/vasee22/COAR-ROS2-Workspace-mai/COAR-ROS2-Workspace-main/install/moveit_task_constructor_msgs/include/moveit_task_constructor_msgs/moveit_task_constructor_msgs/msg/detail
[0.414s] -- Up-to-date: /home/vasee22/COAR-ROS2-Workspace-mai/COAR-ROS2-Workspace-main/install/moveit_task_constructor_msgs/include/moveit_task_constructor_msgs/moveit_task_constructor_msgs/msg/detail/solution_info__rosidl_typesupport_introspection_c.h
[0.414s] -- Up-to-date: /home/vasee22/COAR-ROS2-Workspace-mai/COAR-ROS2-Workspace-main/install/moveit_task_constructor_msgs/include/moveit_task_constructor_msgs/moveit_task_constructor_msgs/msg/detail/task_description__type_support.c
[0.414s] -- Up-to-date: /home/vasee22/COAR-ROS2-Workspace-mai/COAR-ROS2-Workspace-main/install/moveit_task_constructor_msgs/include/moveit_task_constructor_msgs/moveit_task_constructor_msgs/msg/detail/task_statistics__rosidl_typesupport_introspection_c.h
[0.414s] -- Up-to-date: /home/vasee22/COAR-ROS2-Workspace-mai/COAR-ROS2-Workspace-main/install/moveit_task_constructor_msgs/include/moveit_task_constructor_msgs/moveit_task_constructor_msgs/msg/detail/sub_solution__rosidl_typesupport_introspection_c.h
[0.415s] -- Up-to-date: /home/vasee22/COAR-ROS2-Workspace-mai/COAR-ROS2-Workspace-main/install/moveit_task_constructor_msgs/include/moveit_task_constructor_msgs/moveit_task_constructor_msgs/msg/detail/trajectory_execution_info__type_support.c
[0.415s] -- Up-to-date: /home/vasee22/COAR-ROS2-Workspace-mai/COAR-ROS2-Workspace-main/install/moveit_task_constructor_msgs/include/moveit_task_constructor_msgs/moveit_task_constructor_msgs/msg/detail/task_statistics__type_support.c
[0.415s] -- Installing: /home/vasee22/COAR-ROS2-Workspace-mai/COAR-ROS2-Workspace-main/install/moveit_task_constructor_msgs/include/moveit_task_constructor_msgs/moveit_task_constructor_msgs/msg/detail/solution__type_support.c
[0.415s] -- Installing: /home/vasee22/COAR-ROS2-Workspace-mai/COAR-ROS2-Workspace-main/install/moveit_task_constructor_msgs/include/moveit_task_constructor_msgs/moveit_task_constructor_msgs/msg/detail/property__type_support.c
[0.415s] -- Installing: /home/vasee22/COAR-ROS2-Workspace-mai/COAR-ROS2-Workspace-main/install/moveit_task_constructor_msgs/include/moveit_task_constructor_msgs/moveit_task_constructor_msgs/msg/detail/stage_statistics__type_support.c
[0.415s] -- Up-to-date: /home/vasee22/COAR-ROS2-Workspace-mai/COAR-ROS2-Workspace-main/install/moveit_task_constructor_msgs/include/moveit_task_constructor_msgs/moveit_task_constructor_msgs/msg/detail/sub_trajectory__rosidl_typesupport_introspection_c.h
[0.415s] -- Installing: /home/vasee22/COAR-ROS2-Workspace-mai/COAR-ROS2-Workspace-main/install/moveit_task_constructor_msgs/include/moveit_task_constructor_msgs/moveit_task_constructor_msgs/msg/detail/solution_info__type_support.c
[0.415s] -- Up-to-date: /home/vasee22/COAR-ROS2-Workspace-mai/COAR-ROS2-Workspace-main/install/moveit_task_constructor_msgs/include/moveit_task_constructor_msgs/moveit_task_constructor_msgs/msg/detail/property__rosidl_typesupport_introspection_c.h
[0.415s] -- Up-to-date: /home/vasee22/COAR-ROS2-Workspace-mai/COAR-ROS2-Workspace-main/install/moveit_task_constructor_msgs/include/moveit_task_constructor_msgs/moveit_task_constructor_msgs/msg/detail/trajectory_execution_info__rosidl_typesupport_introspection_c.h
[0.415s] -- Installing: /home/vasee22/COAR-ROS2-Workspace-mai/COAR-ROS2-Workspace-main/install/moveit_task_constructor_msgs/include/moveit_task_constructor_msgs/moveit_task_constructor_msgs/msg/detail/sub_trajectory__type_support.c
[0.415s] -- Installing: /home/vasee22/COAR-ROS2-Workspace-mai/COAR-ROS2-Workspace-main/install/moveit_task_constructor_msgs/include/moveit_task_constructor_msgs/moveit_task_constructor_msgs/msg/detail/stage_description__type_support.c
[0.415s] -- Up-to-date: /home/vasee22/COAR-ROS2-Workspace-mai/COAR-ROS2-Workspace-main/install/moveit_task_constructor_msgs/include/moveit_task_constructor_msgs/moveit_task_constructor_msgs/msg/detail/task_description__rosidl_typesupport_introspection_c.h
[0.415s] -- Up-to-date: /home/vasee22/COAR-ROS2-Workspace-mai/COAR-ROS2-Workspace-main/install/moveit_task_constructor_msgs/include/moveit_task_constructor_msgs/moveit_task_constructor_msgs/msg/detail/solution__rosidl_typesupport_introspection_c.h
[0.415s] -- Installing: /home/vasee22/COAR-ROS2-Workspace-mai/COAR-ROS2-Workspace-main/install/moveit_task_constructor_msgs/include/moveit_task_constructor_msgs/moveit_task_constructor_msgs/msg/detail/sub_solution__type_support.c
[0.415s] -- Up-to-date: /home/vasee22/COAR-ROS2-Workspace-mai/COAR-ROS2-Workspace-main/install/moveit_task_constructor_msgs/include/moveit_task_constructor_msgs/moveit_task_constructor_msgs/msg/detail/stage_statistics__rosidl_typesupport_introspection_c.h
[0.415s] -- Up-to-date: /home/vasee22/COAR-ROS2-Workspace-mai/COAR-ROS2-Workspace-main/install/moveit_task_constructor_msgs/include/moveit_task_constructor_msgs/moveit_task_constructor_msgs/msg/detail/stage_description__rosidl_typesupport_introspection_c.h
[0.415s] -- Up-to-date: /home/vasee22/COAR-ROS2-Workspace-mai/COAR-ROS2-Workspace-main/install/moveit_task_constructor_msgs/include/moveit_task_constructor_msgs/moveit_task_constructor_msgs/srv
[0.415s] -- Up-to-date: /home/vasee22/COAR-ROS2-Workspace-mai/COAR-ROS2-Workspace-main/install/moveit_task_constructor_msgs/include/moveit_task_constructor_msgs/moveit_task_constructor_msgs/srv/detail
[0.415s] -- Up-to-date: /home/vasee22/COAR-ROS2-Workspace-mai/COAR-ROS2-Workspace-main/install/moveit_task_constructor_msgs/include/moveit_task_constructor_msgs/moveit_task_constructor_msgs/srv/detail/get_solution__rosidl_typesupport_introspection_c.h
[0.415s] -- Up-to-date: /home/vasee22/COAR-ROS2-Workspace-mai/COAR-ROS2-Workspace-main/install/moveit_task_constructor_msgs/include/moveit_task_constructor_msgs/moveit_task_constructor_msgs/srv/detail/get_solution__type_support.c
[0.415s] -- Up-to-date: /home/vasee22/COAR-ROS2-Workspace-mai/COAR-ROS2-Workspace-main/install/moveit_task_constructor_msgs/include/moveit_task_constructor_msgs/moveit_task_constructor_msgs/action
[0.415s] -- Up-to-date: /home/vasee22/COAR-ROS2-Workspace-mai/COAR-ROS2-Workspace-main/install/moveit_task_constructor_msgs/include/moveit_task_constructor_msgs/moveit_task_constructor_msgs/action/detail
[0.416s] -- Installing: /home/vasee22/COAR-ROS2-Workspace-mai/COAR-ROS2-Workspace-main/install/moveit_task_constructor_msgs/include/moveit_task_constructor_msgs/moveit_task_constructor_msgs/action/detail/execute_task_solution__type_support.c
[0.416s] -- Up-to-date: /home/vasee22/COAR-ROS2-Workspace-mai/COAR-ROS2-Workspace-main/install/moveit_task_constructor_msgs/include/moveit_task_constructor_msgs/moveit_task_constructor_msgs/action/detail/execute_task_solution__rosidl_typesupport_introspection_c.h
[0.416s] -- Up-to-date: /home/vasee22/COAR-ROS2-Workspace-mai/COAR-ROS2-Workspace-main/install/moveit_task_constructor_msgs/lib/libmoveit_task_constructor_msgs__rosidl_typesupport_introspection_c.so
[0.416s] -- Up-to-date: /home/vasee22/COAR-ROS2-Workspace-mai/COAR-ROS2-Workspace-main/install/moveit_task_constructor_msgs/lib/libmoveit_task_constructor_msgs__rosidl_typesupport_c.so
[0.416s] -- Up-to-date: /home/vasee22/COAR-ROS2-Workspace-mai/COAR-ROS2-Workspace-main/install/moveit_task_constructor_msgs/include/moveit_task_constructor_msgs/moveit_task_constructor_msgs
[0.416s] -- Up-to-date: /home/vasee22/COAR-ROS2-Workspace-mai/COAR-ROS2-Workspace-main/install/moveit_task_constructor_msgs/include/moveit_task_constructor_msgs/moveit_task_constructor_msgs/msg
[0.416s] -- Up-to-date: /home/vasee22/COAR-ROS2-Workspace-mai/COAR-ROS2-Workspace-main/install/moveit_task_constructor_msgs/include/moveit_task_constructor_msgs/moveit_task_constructor_msgs/msg/detail
[0.416s] -- Up-to-date: /home/vasee22/COAR-ROS2-Workspace-mai/COAR-ROS2-Workspace-main/install/moveit_task_constructor_msgs/include/moveit_task_constructor_msgs/moveit_task_constructor_msgs/msg/detail/task_description__rosidl_typesupport_introspection_cpp.hpp
[0.416s] -- Up-to-date: /home/vasee22/COAR-ROS2-Workspace-mai/COAR-ROS2-Workspace-main/install/moveit_task_constructor_msgs/include/moveit_task_constructor_msgs/moveit_task_constructor_msgs/msg/detail/property__type_support.cpp
[0.416s] -- Up-to-date: /home/vasee22/COAR-ROS2-Workspace-mai/COAR-ROS2-Workspace-main/install/moveit_task_constructor_msgs/include/moveit_task_constructor_msgs/moveit_task_constructor_msgs/msg/detail/stage_description__type_support.cpp
[0.416s] -- Up-to-date: /home/vasee22/COAR-ROS2-Workspace-mai/COAR-ROS2-Workspace-main/install/moveit_task_constructor_msgs/include/moveit_task_constructor_msgs/moveit_task_constructor_msgs/msg/detail/solution_info__type_support.cpp
[0.416s] -- Up-to-date: /home/vasee22/COAR-ROS2-Workspace-mai/COAR-ROS2-Workspace-main/install/moveit_task_constructor_msgs/include/moveit_task_constructor_msgs/moveit_task_constructor_msgs/msg/detail/stage_statistics__type_support.cpp
[0.416s] -- Up-to-date: /home/vasee22/COAR-ROS2-Workspace-mai/COAR-ROS2-Workspace-main/install/moveit_task_constructor_msgs/include/moveit_task_constructor_msgs/moveit_task_constructor_msgs/msg/detail/trajectory_execution_info__type_support.cpp
[0.416s] -- Up-to-date: /home/vasee22/COAR-ROS2-Workspace-mai/COAR-ROS2-Workspace-main/install/moveit_task_constructor_msgs/include/moveit_task_constructor_msgs/moveit_task_constructor_msgs/msg/detail/solution__type_support.cpp
[0.416s] -- Up-to-date: /home/vasee22/COAR-ROS2-Workspace-mai/COAR-ROS2-Workspace-main/install/moveit_task_constructor_msgs/include/moveit_task_constructor_msgs/moveit_task_constructor_msgs/msg/detail/task_statistics__type_support.cpp
[0.416s] -- Up-to-date: /home/vasee22/COAR-ROS2-Workspace-mai/COAR-ROS2-Workspace-main/install/moveit_task_constructor_msgs/include/moveit_task_constructor_msgs/moveit_task_constructor_msgs/msg/detail/sub_trajectory__type_support.cpp
[0.416s] -- Up-to-date: /home/vasee22/COAR-ROS2-Workspace-mai/COAR-ROS2-Workspace-main/install/moveit_task_constructor_msgs/include/moveit_task_constructor_msgs/moveit_task_constructor_msgs/msg/detail/stage_statistics__rosidl_typesupport_introspection_cpp.hpp
[0.416s] -- Up-to-date: /home/vasee22/COAR-ROS2-Workspace-mai/COAR-ROS2-Workspace-main/install/moveit_task_constructor_msgs/include/moveit_task_constructor_msgs/moveit_task_constructor_msgs/msg/detail/solution__rosidl_typesupport_introspection_cpp.hpp
[0.416s] -- Up-to-date: /home/vasee22/COAR-ROS2-Workspace-mai/COAR-ROS2-Workspace-main/install/moveit_task_constructor_msgs/include/moveit_task_constructor_msgs/moveit_task_constructor_msgs/msg/detail/trajectory_execution_info__rosidl_typesupport_introspection_cpp.hpp
[0.416s] -- Up-to-date: /home/vasee22/COAR-ROS2-Workspace-mai/COAR-ROS2-Workspace-main/install/moveit_task_constructor_msgs/include/moveit_task_constructor_msgs/moveit_task_constructor_msgs/msg/detail/task_statistics__rosidl_typesupport_introspection_cpp.hpp
[0.416s] -- Up-to-date: /home/vasee22/COAR-ROS2-Workspace-mai/COAR-ROS2-Workspace-main/install/moveit_task_constructor_msgs/include/moveit_task_constructor_msgs/moveit_task_constructor_msgs/msg/detail/sub_solution__type_support.cpp
[0.417s] -- Up-to-date: /home/vasee22/COAR-ROS2-Workspace-mai/COAR-ROS2-Workspace-main/install/moveit_task_constructor_msgs/include/moveit_task_constructor_msgs/moveit_task_constructor_msgs/msg/detail/sub_trajectory__rosidl_typesupport_introspection_cpp.hpp
[0.417s] -- Up-to-date: /home/vasee22/COAR-ROS2-Workspace-mai/COAR-ROS2-Workspace-main/install/moveit_task_constructor_msgs/include/moveit_task_constructor_msgs/moveit_task_constructor_msgs/msg/detail/stage_description__rosidl_typesupport_introspection_cpp.hpp
[0.417s] -- Up-to-date: /home/vasee22/COAR-ROS2-Workspace-mai/COAR-ROS2-Workspace-main/install/moveit_task_constructor_msgs/include/moveit_task_constructor_msgs/moveit_task_constructor_msgs/msg/detail/property__rosidl_typesupport_introspection_cpp.hpp
[0.417s] -- Up-to-date: /home/vasee22/COAR-ROS2-Workspace-mai/COAR-ROS2-Workspace-main/install/moveit_task_constructor_msgs/include/moveit_task_constructor_msgs/moveit_task_constructor_msgs/msg/detail/sub_solution__rosidl_typesupport_introspection_cpp.hpp
[0.417s] -- Up-to-date: /home/vasee22/COAR-ROS2-Workspace-mai/COAR-ROS2-Workspace-main/install/moveit_task_constructor_msgs/include/moveit_task_constructor_msgs/moveit_task_constructor_msgs/msg/detail/task_description__type_support.cpp
[0.417s] -- Up-to-date: /home/vasee22/COAR-ROS2-Workspace-mai/COAR-ROS2-Workspace-main/install/moveit_task_constructor_msgs/include/moveit_task_constructor_msgs/moveit_task_constructor_msgs/msg/detail/solution_info__rosidl_typesupport_introspection_cpp.hpp
[0.417s] -- Up-to-date: /home/vasee22/COAR-ROS2-Workspace-mai/COAR-ROS2-Workspace-main/install/moveit_task_constructor_msgs/include/moveit_task_constructor_msgs/moveit_task_constructor_msgs/srv
[0.417s] -- Up-to-date: /home/vasee22/COAR-ROS2-Workspace-mai/COAR-ROS2-Workspace-main/install/moveit_task_constructor_msgs/include/moveit_task_constructor_msgs/moveit_task_constructor_msgs/srv/detail
[0.417s] -- Up-to-date: /home/vasee22/COAR-ROS2-Workspace-mai/COAR-ROS2-Workspace-main/install/moveit_task_constructor_msgs/include/moveit_task_constructor_msgs/moveit_task_constructor_msgs/srv/detail/get_solution__rosidl_typesupport_introspection_cpp.hpp
[0.417s] -- Up-to-date: /home/vasee22/COAR-ROS2-Workspace-mai/COAR-ROS2-Workspace-main/install/moveit_task_constructor_msgs/include/moveit_task_constructor_msgs/moveit_task_constructor_msgs/srv/detail/get_solution__type_support.cpp
[0.417s] -- Up-to-date: /home/vasee22/COAR-ROS2-Workspace-mai/COAR-ROS2-Workspace-main/install/moveit_task_constructor_msgs/include/moveit_task_constructor_msgs/moveit_task_constructor_msgs/action
[0.417s] -- Up-to-date: /home/vasee22/COAR-ROS2-Workspace-mai/COAR-ROS2-Workspace-main/install/moveit_task_constructor_msgs/include/moveit_task_constructor_msgs/moveit_task_constructor_msgs/action/detail
[0.417s] -- Up-to-date: /home/vasee22/COAR-ROS2-Workspace-mai/COAR-ROS2-Workspace-main/install/moveit_task_constructor_msgs/include/moveit_task_constructor_msgs/moveit_task_constructor_msgs/action/detail/execute_task_solution__rosidl_typesupport_introspection_cpp.hpp
[0.417s] -- Up-to-date: /home/vasee22/COAR-ROS2-Workspace-mai/COAR-ROS2-Workspace-main/install/moveit_task_constructor_msgs/include/moveit_task_constructor_msgs/moveit_task_constructor_msgs/action/detail/execute_task_solution__type_support.cpp
[0.417s] -- Up-to-date: /home/vasee22/COAR-ROS2-Workspace-mai/COAR-ROS2-Workspace-main/install/moveit_task_constructor_msgs/lib/libmoveit_task_constructor_msgs__rosidl_typesupport_introspection_cpp.so
[0.417s] -- Up-to-date: /home/vasee22/COAR-ROS2-Workspace-mai/COAR-ROS2-Workspace-main/install/moveit_task_constructor_msgs/lib/libmoveit_task_constructor_msgs__rosidl_typesupport_cpp.so
[0.417s] -- Up-to-date: /home/vasee22/COAR-ROS2-Workspace-mai/COAR-ROS2-Workspace-main/install/moveit_task_constructor_msgs/share/moveit_task_constructor_msgs/environment/pythonpath.sh
[0.417s] -- Up-to-date: /home/vasee22/COAR-ROS2-Workspace-mai/COAR-ROS2-Workspace-main/install/moveit_task_constructor_msgs/share/moveit_task_constructor_msgs/environment/pythonpath.dsv
[0.417s] -- Up-to-date: /home/vasee22/COAR-ROS2-Workspace-mai/COAR-ROS2-Workspace-main/install/moveit_task_constructor_msgs/lib/python3.12/site-packages/moveit_task_constructor_msgs-0.1.4-py3.12.egg-info
[0.417s] -- Installing: /home/vasee22/COAR-ROS2-Workspace-mai/COAR-ROS2-Workspace-main/install/moveit_task_constructor_msgs/lib/python3.12/site-packages/moveit_task_constructor_msgs-0.1.4-py3.12.egg-info/top_level.txt
[0.417s] -- Installing: /home/vasee22/COAR-ROS2-Workspace-mai/COAR-ROS2-Workspace-main/install/moveit_task_constructor_msgs/lib/python3.12/site-packages/moveit_task_constructor_msgs-0.1.4-py3.12.egg-info/dependency_links.txt
[0.418s] -- Installing: /home/vasee22/COAR-ROS2-Workspace-mai/COAR-ROS2-Workspace-main/install/moveit_task_constructor_msgs/lib/python3.12/site-packages/moveit_task_constructor_msgs-0.1.4-py3.12.egg-info/SOURCES.txt
[0.418s] -- Installing: /home/vasee22/COAR-ROS2-Workspace-mai/COAR-ROS2-Workspace-main/install/moveit_task_constructor_msgs/lib/python3.12/site-packages/moveit_task_constructor_msgs-0.1.4-py3.12.egg-info/PKG-INFO
[0.418s] -- Up-to-date: /home/vasee22/COAR-ROS2-Workspace-mai/COAR-ROS2-Workspace-main/install/moveit_task_constructor_msgs/lib/python3.12/site-packages/moveit_task_constructor_msgs
[0.418s] -- Up-to-date: /home/vasee22/COAR-ROS2-Workspace-mai/COAR-ROS2-Workspace-main/install/moveit_task_constructor_msgs/lib/python3.12/site-packages/moveit_task_constructor_msgs/__init__.py
[0.418s] -- Up-to-date: /home/vasee22/COAR-ROS2-Workspace-mai/COAR-ROS2-Workspace-main/install/moveit_task_constructor_msgs/lib/python3.12/site-packages/moveit_task_constructor_msgs/_moveit_task_constructor_msgs_s.ep.rosidl_typesupport_introspection_c.c
[0.418s] -- Up-to-date: /home/vasee22/COAR-ROS2-Workspace-mai/COAR-ROS2-Workspace-main/install/moveit_task_constructor_msgs/lib/python3.12/site-packages/moveit_task_constructor_msgs/msg
[0.418s] -- Up-to-date: /home/vasee22/COAR-ROS2-Workspace-mai/COAR-ROS2-Workspace-main/install/moveit_task_constructor_msgs/lib/python3.12/site-packages/moveit_task_constructor_msgs/msg/_property_s.c
[0.418s] -- Up-to-date: /home/vasee22/COAR-ROS2-Workspace-mai/COAR-ROS2-Workspace-main/install/moveit_task_constructor_msgs/lib/python3.12/site-packages/moveit_task_constructor_msgs/msg/_sub_trajectory_s.c
[0.418s] -- Up-to-date: /home/vasee22/COAR-ROS2-Workspace-mai/COAR-ROS2-Workspace-main/install/moveit_task_constructor_msgs/lib/python3.12/site-packages/moveit_task_constructor_msgs/msg/_property.py
[0.418s] -- Up-to-date: /home/vasee22/COAR-ROS2-Workspace-mai/COAR-ROS2-Workspace-main/install/moveit_task_constructor_msgs/lib/python3.12/site-packages/moveit_task_constructor_msgs/msg/__init__.py
[0.418s] -- Up-to-date: /home/vasee22/COAR-ROS2-Workspace-mai/COAR-ROS2-Workspace-main/install/moveit_task_constructor_msgs/lib/python3.12/site-packages/moveit_task_constructor_msgs/msg/_task_description_s.c
[0.418s] -- Up-to-date: /home/vasee22/COAR-ROS2-Workspace-mai/COAR-ROS2-Workspace-main/install/moveit_task_constructor_msgs/lib/python3.12/site-packages/moveit_task_constructor_msgs/msg/_sub_solution.py
[0.418s] -- Up-to-date: /home/vasee22/COAR-ROS2-Workspace-mai/COAR-ROS2-Workspace-main/install/moveit_task_constructor_msgs/lib/python3.12/site-packages/moveit_task_constructor_msgs/msg/_task_statistics_s.c
[0.418s] -- Up-to-date: /home/vasee22/COAR-ROS2-Workspace-mai/COAR-ROS2-Workspace-main/install/moveit_task_constructor_msgs/lib/python3.12/site-packages/moveit_task_constructor_msgs/msg/_solution_info_s.c
[0.418s] -- Up-to-date: /home/vasee22/COAR-ROS2-Workspace-mai/COAR-ROS2-Workspace-main/install/moveit_task_constructor_msgs/lib/python3.12/site-packages/moveit_task_constructor_msgs/msg/_task_statistics.py
[0.418s] -- Up-to-date: /home/vasee22/COAR-ROS2-Workspace-mai/COAR-ROS2-Workspace-main/install/moveit_task_constructor_msgs/lib/python3.12/site-packages/moveit_task_constructor_msgs/msg/_task_description.py
[0.418s] -- Up-to-date: /home/vasee22/COAR-ROS2-Workspace-mai/COAR-ROS2-Workspace-main/install/moveit_task_constructor_msgs/lib/python3.12/site-packages/moveit_task_constructor_msgs/msg/_stage_statistics_s.c
[0.418s] -- Up-to-date: /home/vasee22/COAR-ROS2-Workspace-mai/COAR-ROS2-Workspace-main/install/moveit_task_constructor_msgs/lib/python3.12/site-packages/moveit_task_constructor_msgs/msg/_solution_info.py
[0.418s] -- Up-to-date: /home/vasee22/COAR-ROS2-Workspace-mai/COAR-ROS2-Workspace-main/install/moveit_task_constructor_msgs/lib/python3.12/site-packages/moveit_task_constructor_msgs/msg/_trajectory_execution_info_s.c
[0.418s] -- Up-to-date: /home/vasee22/COAR-ROS2-Workspace-mai/COAR-ROS2-Workspace-main/install/moveit_task_constructor_msgs/lib/python3.12/site-packages/moveit_task_constructor_msgs/msg/_sub_trajectory.py
[0.419s] -- Up-to-date: /home/vasee22/COAR-ROS2-Workspace-mai/COAR-ROS2-Workspace-main/install/moveit_task_constructor_msgs/lib/python3.12/site-packages/moveit_task_constructor_msgs/msg/_solution_s.c
[0.419s] -- Up-to-date: /home/vasee22/COAR-ROS2-Workspace-mai/COAR-ROS2-Workspace-main/install/moveit_task_constructor_msgs/lib/python3.12/site-packages/moveit_task_constructor_msgs/msg/_stage_description_s.c
[0.419s] -- Up-to-date: /home/vasee22/COAR-ROS2-Workspace-mai/COAR-ROS2-Workspace-main/install/moveit_task_constructor_msgs/lib/python3.12/site-packages/moveit_task_constructor_msgs/msg/_stage_statistics.py
[0.419s] -- Up-to-date: /home/vasee22/COAR-ROS2-Workspace-mai/COAR-ROS2-Workspace-main/install/moveit_task_constructor_msgs/lib/python3.12/site-packages/moveit_task_constructor_msgs/msg/_solution.py
[0.419s] -- Up-to-date: /home/vasee22/COAR-ROS2-Workspace-mai/COAR-ROS2-Workspace-main/install/moveit_task_constructor_msgs/lib/python3.12/site-packages/moveit_task_constructor_msgs/msg/_sub_solution_s.c
[0.419s] -- Up-to-date: /home/vasee22/COAR-ROS2-Workspace-mai/COAR-ROS2-Workspace-main/install/moveit_task_constructor_msgs/lib/python3.12/site-packages/moveit_task_constructor_msgs/msg/_stage_description.py
[0.419s] -- Up-to-date: /home/vasee22/COAR-ROS2-Workspace-mai/COAR-ROS2-Workspace-main/install/moveit_task_constructor_msgs/lib/python3.12/site-packages/moveit_task_constructor_msgs/msg/_trajectory_execution_info.py
[0.419s] -- Up-to-date: /home/vasee22/COAR-ROS2-Workspace-mai/COAR-ROS2-Workspace-main/install/moveit_task_constructor_msgs/lib/python3.12/site-packages/moveit_task_constructor_msgs/srv
[0.419s] -- Up-to-date: /home/vasee22/COAR-ROS2-Workspace-mai/COAR-ROS2-Workspace-main/install/moveit_task_constructor_msgs/lib/python3.12/site-packages/moveit_task_constructor_msgs/srv/__init__.py
[0.419s] -- Up-to-date: /home/vasee22/COAR-ROS2-Workspace-mai/COAR-ROS2-Workspace-main/install/moveit_task_constructor_msgs/lib/python3.12/site-packages/moveit_task_constructor_msgs/srv/_get_solution.py
[0.419s] -- Up-to-date: /home/vasee22/COAR-ROS2-Workspace-mai/COAR-ROS2-Workspace-main/install/moveit_task_constructor_msgs/lib/python3.12/site-packages/moveit_task_constructor_msgs/srv/_get_solution_s.c
[0.419s] -- Up-to-date: /home/vasee22/COAR-ROS2-Workspace-mai/COAR-ROS2-Workspace-main/install/moveit_task_constructor_msgs/lib/python3.12/site-packages/moveit_task_constructor_msgs/moveit_task_constructor_msgs_s__rosidl_typesupport_c.so
[0.419s] -- Up-to-date: /home/vasee22/COAR-ROS2-Workspace-mai/COAR-ROS2-Workspace-main/install/moveit_task_constructor_msgs/lib/python3.12/site-packages/moveit_task_constructor_msgs/_moveit_task_constructor_msgs_s.ep.rosidl_typesupport_fastrtps_c.c
[0.419s] -- Up-to-date: /home/vasee22/COAR-ROS2-Workspace-mai/COAR-ROS2-Workspace-main/install/moveit_task_constructor_msgs/lib/python3.12/site-packages/moveit_task_constructor_msgs/moveit_task_constructor_msgs_s__rosidl_typesupport_introspection_c.so
[0.419s] -- Up-to-date: /home/vasee22/COAR-ROS2-Workspace-mai/COAR-ROS2-Workspace-main/install/moveit_task_constructor_msgs/lib/python3.12/site-packages/moveit_task_constructor_msgs/moveit_task_constructor_msgs_s__rosidl_typesupport_fastrtps_c.so
[0.419s] -- Up-to-date: /home/vasee22/COAR-ROS2-Workspace-mai/COAR-ROS2-Workspace-main/install/moveit_task_constructor_msgs/lib/python3.12/site-packages/moveit_task_constructor_msgs/_moveit_task_constructor_msgs_s.ep.rosidl_typesupport_c.c
[0.419s] -- Up-to-date: /home/vasee22/COAR-ROS2-Workspace-mai/COAR-ROS2-Workspace-main/install/moveit_task_constructor_msgs/lib/python3.12/site-packages/moveit_task_constructor_msgs/action
[0.419s] -- Up-to-date: /home/vasee22/COAR-ROS2-Workspace-mai/COAR-ROS2-Workspace-main/install/moveit_task_constructor_msgs/lib/python3.12/site-packages/moveit_task_constructor_msgs/action/__init__.py
[0.419s] -- Up-to-date: /home/vasee22/COAR-ROS2-Workspace-mai/COAR-ROS2-Workspace-main/install/moveit_task_constructor_msgs/lib/python3.12/site-packages/moveit_task_constructor_msgs/action/_execute_task_solution.py
[0.419s] -- Up-to-date: /home/vasee22/COAR-ROS2-Workspace-mai/COAR-ROS2-Workspace-main/install/moveit_task_constructor_msgs/lib/python3.12/site-packages/moveit_task_constructor_msgs/action/_execute_task_solution_s.c
[0.444s] Listing '/home/vasee22/COAR-ROS2-Workspace-mai/COAR-ROS2-Workspace-main/install/moveit_task_constructor_msgs/lib/python3.12/site-packages/moveit_task_constructor_msgs'...
[0.444s] Listing '/home/vasee22/COAR-ROS2-Workspace-mai/COAR-ROS2-Workspace-main/install/moveit_task_constructor_msgs/lib/python3.12/site-packages/moveit_task_constructor_msgs/action'...
[0.444s] Listing '/home/vasee22/COAR-ROS2-Workspace-mai/COAR-ROS2-Workspace-main/install/moveit_task_constructor_msgs/lib/python3.12/site-packages/moveit_task_constructor_msgs/msg'...
[0.444s] Listing '/home/vasee22/COAR-ROS2-Workspace-mai/COAR-ROS2-Workspace-main/install/moveit_task_constructor_msgs/lib/python3.12/site-packages/moveit_task_constructor_msgs/srv'...
[0.449s] -- Up-to-date: /home/vasee22/COAR-ROS2-Workspace-mai/COAR-ROS2-Workspace-main/install/moveit_task_constructor_msgs/lib/python3.12/site-packages/moveit_task_constructor_msgs/moveit_task_constructor_msgs_s__rosidl_typesupport_fastrtps_c.so
[0.449s] -- Up-to-date: /home/vasee22/COAR-ROS2-Workspace-mai/COAR-ROS2-Workspace-main/install/moveit_task_constructor_msgs/lib/python3.12/site-packages/moveit_task_constructor_msgs/moveit_task_constructor_msgs_s__rosidl_typesupport_introspection_c.so
[0.449s] -- Up-to-date: /home/vasee22/COAR-ROS2-Workspace-mai/COAR-ROS2-Workspace-main/install/moveit_task_constructor_msgs/lib/python3.12/site-packages/moveit_task_constructor_msgs/moveit_task_constructor_msgs_s__rosidl_typesupport_c.so
[0.449s] -- Up-to-date: /home/vasee22/COAR-ROS2-Workspace-mai/COAR-ROS2-Workspace-main/install/moveit_task_constructor_msgs/lib/libmoveit_task_constructor_msgs__rosidl_generator_py.so
[0.449s] -- Up-to-date: /home/vasee22/COAR-ROS2-Workspace-mai/COAR-ROS2-Workspace-main/install/moveit_task_constructor_msgs/share/moveit_task_constructor_msgs/msg/Property.idl
[0.450s] -- Up-to-date: /home/vasee22/COAR-ROS2-Workspace-mai/COAR-ROS2-Workspace-main/install/moveit_task_constructor_msgs/share/moveit_task_constructor_msgs/msg/Solution.idl
[0.450s] -- Up-to-date: /home/vasee22/COAR-ROS2-Workspace-mai/COAR-ROS2-Workspace-main/install/moveit_task_constructor_msgs/share/moveit_task_constructor_msgs/msg/SolutionInfo.idl
[0.450s] -- Up-to-date: /home/vasee22/COAR-ROS2-Workspace-mai/COAR-ROS2-Workspace-main/install/moveit_task_constructor_msgs/share/moveit_task_constructor_msgs/msg/StageDescription.idl
[0.450s] -- Up-to-date: /home/vasee22/COAR-ROS2-Workspace-mai/COAR-ROS2-Workspace-main/install/moveit_task_constructor_msgs/share/moveit_task_constructor_msgs/msg/StageStatistics.idl
[0.450s] -- Up-to-date: /home/vasee22/COAR-ROS2-Workspace-mai/COAR-ROS2-Workspace-main/install/moveit_task_constructor_msgs/share/moveit_task_constructor_msgs/msg/SubSolution.idl
[0.450s] -- Up-to-date: /home/vasee22/COAR-ROS2-Workspace-mai/COAR-ROS2-Workspace-main/install/moveit_task_constructor_msgs/share/moveit_task_constructor_msgs/msg/SubTrajectory.idl
[0.450s] -- Up-to-date: /home/vasee22/COAR-ROS2-Workspace-mai/COAR-ROS2-Workspace-main/install/moveit_task_constructor_msgs/share/moveit_task_constructor_msgs/msg/TaskDescription.idl
[0.451s] -- Up-to-date: /home/vasee22/COAR-ROS2-Workspace-mai/COAR-ROS2-Workspace-main/install/moveit_task_constructor_msgs/share/moveit_task_constructor_msgs/msg/TaskStatistics.idl
[0.451s] -- Up-to-date: /home/vasee22/COAR-ROS2-Workspace-mai/COAR-ROS2-Workspace-main/install/moveit_task_constructor_msgs/share/moveit_task_constructor_msgs/msg/TrajectoryExecutionInfo.idl
[0.451s] -- Up-to-date: /home/vasee22/COAR-ROS2-Workspace-mai/COAR-ROS2-Workspace-main/install/moveit_task_constructor_msgs/share/moveit_task_constructor_msgs/srv/GetSolution.idl
[0.451s] -- Up-to-date: /home/vasee22/COAR-ROS2-Workspace-mai/COAR-ROS2-Workspace-main/install/moveit_task_constructor_msgs/share/moveit_task_constructor_msgs/action/ExecuteTaskSolution.idl
[0.451s] -- Up-to-date: /home/vasee22/COAR-ROS2-Workspace-mai/COAR-ROS2-Workspace-main/install/moveit_task_constructor_msgs/share/moveit_task_constructor_msgs/msg/Property.msg
[0.452s] -- Up-to-date: /home/vasee22/COAR-ROS2-Workspace-mai/COAR-ROS2-Workspace-main/install/moveit_task_constructor_msgs/share/moveit_task_constructor_msgs/msg/Solution.msg
[0.452s] -- Up-to-date: /home/vasee22/COAR-ROS2-Workspace-mai/COAR-ROS2-Workspace-main/install/moveit_task_constructor_msgs/share/moveit_task_constructor_msgs/msg/SolutionInfo.msg
[0.452s] -- Up-to-date: /home/vasee22/COAR-ROS2-Workspace-mai/COAR-ROS2-Workspace-main/install/moveit_task_constructor_msgs/share/moveit_task_constructor_msgs/msg/StageDescription.msg
[0.452s] -- Up-to-date: /home/vasee22/COAR-ROS2-Workspace-mai/COAR-ROS2-Workspace-main/install/moveit_task_constructor_msgs/share/moveit_task_constructor_msgs/msg/StageStatistics.msg
[0.452s] -- Up-to-date: /home/vasee22/COAR-ROS2-Workspace-mai/COAR-ROS2-Workspace-main/install/moveit_task_constructor_msgs/share/moveit_task_constructor_msgs/msg/SubSolution.msg
[0.452s] -- Up-to-date: /home/vasee22/COAR-ROS2-Workspace-mai/COAR-ROS2-Workspace-main/install/moveit_task_constructor_msgs/share/moveit_task_constructor_msgs/msg/SubTrajectory.msg
[0.452s] -- Up-to-date: /home/vasee22/COAR-ROS2-Workspace-mai/COAR-ROS2-Workspace-main/install/moveit_task_constructor_msgs/share/moveit_task_constructor_msgs/msg/TaskDescription.msg
[0.452s] -- Up-to-date: /home/vasee22/COAR-ROS2-Workspace-mai/COAR-ROS2-Workspace-main/install/moveit_task_constructor_msgs/share/moveit_task_constructor_msgs/msg/TaskStatistics.msg
[0.452s] -- Up-to-date: /home/vasee22/COAR-ROS2-Workspace-mai/COAR-ROS2-Workspace-main/install/moveit_task_constructor_msgs/share/moveit_task_constructor_msgs/msg/TrajectoryExecutionInfo.msg
[0.452s] -- Up-to-date: /home/vasee22/COAR-ROS2-Workspace-mai/COAR-ROS2-Workspace-main/install/moveit_task_constructor_msgs/share/moveit_task_constructor_msgs/srv/GetSolution.srv
[0.453s] -- Up-to-date: /home/vasee22/COAR-ROS2-Workspace-mai/COAR-ROS2-Workspace-main/install/moveit_task_constructor_msgs/share/moveit_task_constructor_msgs/action/ExecuteTaskSolution.action
[0.453s] -- Up-to-date: /home/vasee22/COAR-ROS2-Workspace-mai/COAR-ROS2-Workspace-main/install/moveit_task_constructor_msgs/share/ament_index/resource_index/package_run_dependencies/moveit_task_constructor_msgs
[0.453s] -- Up-to-date: /home/vasee22/COAR-ROS2-Workspace-mai/COAR-ROS2-Workspace-main/install/moveit_task_constructor_msgs/share/ament_index/resource_index/parent_prefix_path/moveit_task_constructor_msgs
[0.453s] -- Up-to-date: /home/vasee22/COAR-ROS2-Workspace-mai/COAR-ROS2-Workspace-main/install/moveit_task_constructor_msgs/share/moveit_task_constructor_msgs/environment/ament_prefix_path.sh
[0.453s] -- Up-to-date: /home/vasee22/COAR-ROS2-Workspace-mai/COAR-ROS2-Workspace-main/install/moveit_task_constructor_msgs/share/moveit_task_constructor_msgs/environment/ament_prefix_path.dsv
[0.453s] -- Up-to-date: /home/vasee22/COAR-ROS2-Workspace-mai/COAR-ROS2-Workspace-main/install/moveit_task_constructor_msgs/share/moveit_task_constructor_msgs/environment/path.sh
[0.453s] -- Up-to-date: /home/vasee22/COAR-ROS2-Workspace-mai/COAR-ROS2-Workspace-main/install/moveit_task_constructor_msgs/share/moveit_task_constructor_msgs/environment/path.dsv
[0.453s] -- Up-to-date: /home/vasee22/COAR-ROS2-Workspace-mai/COAR-ROS2-Workspace-main/install/moveit_task_constructor_msgs/share/moveit_task_constructor_msgs/local_setup.bash
[0.453s] -- Up-to-date: /home/vasee22/COAR-ROS2-Workspace-mai/COAR-ROS2-Workspace-main/install/moveit_task_constructor_msgs/share/moveit_task_constructor_msgs/local_setup.sh
[0.453s] -- Up-to-date: /home/vasee22/COAR-ROS2-Workspace-mai/COAR-ROS2-Workspace-main/install/moveit_task_constructor_msgs/share/moveit_task_constructor_msgs/local_setup.zsh
[0.453s] -- Up-to-date: /home/vasee22/COAR-ROS2-Workspace-mai/COAR-ROS2-Workspace-main/install/moveit_task_constructor_msgs/share/moveit_task_constructor_msgs/local_setup.dsv
[0.453s] -- Installing: /home/vasee22/COAR-ROS2-Workspace-mai/COAR-ROS2-Workspace-main/install/moveit_task_constructor_msgs/share/moveit_task_constructor_msgs/package.dsv
[0.453s] -- Up-to-date: /home/vasee22/COAR-ROS2-Workspace-mai/COAR-ROS2-Workspace-main/install/moveit_task_constructor_msgs/share/ament_index/resource_index/packages/moveit_task_constructor_msgs
[0.453s] -- Up-to-date: /home/vasee22/COAR-ROS2-Workspace-mai/COAR-ROS2-Workspace-main/install/moveit_task_constructor_msgs/share/moveit_task_constructor_msgs/cmake/export_moveit_task_constructor_msgs__rosidl_generator_cExport.cmake
[0.453s] -- Up-to-date: /home/vasee22/COAR-ROS2-Workspace-mai/COAR-ROS2-Workspace-main/install/moveit_task_constructor_msgs/share/moveit_task_constructor_msgs/cmake/export_moveit_task_constructor_msgs__rosidl_generator_cExport-debug.cmake
[0.453s] -- Up-to-date: /home/vasee22/COAR-ROS2-Workspace-mai/COAR-ROS2-Workspace-main/install/moveit_task_constructor_msgs/share/moveit_task_constructor_msgs/cmake/export_moveit_task_constructor_msgs__rosidl_typesupport_fastrtps_cExport.cmake
[0.454s] -- Up-to-date: /home/vasee22/COAR-ROS2-Workspace-mai/COAR-ROS2-Workspace-main/install/moveit_task_constructor_msgs/share/moveit_task_constructor_msgs/cmake/export_moveit_task_constructor_msgs__rosidl_typesupport_fastrtps_cExport-debug.cmake
[0.454s] -- Up-to-date: /home/vasee22/COAR-ROS2-Workspace-mai/COAR-ROS2-Workspace-main/install/moveit_task_constructor_msgs/share/moveit_task_constructor_msgs/cmake/export_moveit_task_constructor_msgs__rosidl_generator_cppExport.cmake
[0.454s] -- Up-to-date: /home/vasee22/COAR-ROS2-Workspace-mai/COAR-ROS2-Workspace-main/install/moveit_task_constructor_msgs/share/moveit_task_constructor_msgs/cmake/export_moveit_task_constructor_msgs__rosidl_typesupport_fastrtps_cppExport.cmake
[0.454s] -- Up-to-date: /home/vasee22/COAR-ROS2-Workspace-mai/COAR-ROS2-Workspace-main/install/moveit_task_constructor_msgs/share/moveit_task_constructor_msgs/cmake/export_moveit_task_constructor_msgs__rosidl_typesupport_fastrtps_cppExport-debug.cmake
[0.454s] -- Up-to-date: /home/vasee22/COAR-ROS2-Workspace-mai/COAR-ROS2-Workspace-main/install/moveit_task_constructor_msgs/share/moveit_task_constructor_msgs/cmake/moveit_task_constructor_msgs__rosidl_typesupport_introspection_cExport.cmake
[0.454s] -- Up-to-date: /home/vasee22/COAR-ROS2-Workspace-mai/COAR-ROS2-Workspace-main/install/moveit_task_constructor_msgs/share/moveit_task_constructor_msgs/cmake/moveit_task_constructor_msgs__rosidl_typesupport_introspection_cExport-debug.cmake
[0.454s] -- Up-to-date: /home/vasee22/COAR-ROS2-Workspace-mai/COAR-ROS2-Workspace-main/install/moveit_task_constructor_msgs/share/moveit_task_constructor_msgs/cmake/moveit_task_constructor_msgs__rosidl_typesupport_cExport.cmake
[0.454s] -- Up-to-date: /home/vasee22/COAR-ROS2-Workspace-mai/COAR-ROS2-Workspace-main/install/moveit_task_constructor_msgs/share/moveit_task_constructor_msgs/cmake/moveit_task_constructor_msgs__rosidl_typesupport_cExport-debug.cmake
[0.454s] -- Up-to-date: /home/vasee22/COAR-ROS2-Workspace-mai/COAR-ROS2-Workspace-main/install/moveit_task_constructor_msgs/share/moveit_task_constructor_msgs/cmake/moveit_task_constructor_msgs__rosidl_typesupport_introspection_cppExport.cmake
[0.455s] -- Up-to-date: /home/vasee22/COAR-ROS2-Workspace-mai/COAR-ROS2-Workspace-main/install/moveit_task_constructor_msgs/share/moveit_task_constructor_msgs/cmake/moveit_task_constructor_msgs__rosidl_typesupport_introspection_cppExport-debug.cmake
[0.455s] -- Up-to-date: /home/vasee22/COAR-ROS2-Workspace-mai/COAR-ROS2-Workspace-main/install/moveit_task_constructor_msgs/share/moveit_task_constructor_msgs/cmake/moveit_task_constructor_msgs__rosidl_typesupport_cppExport.cmake
[0.455s] -- Up-to-date: /home/vasee22/COAR-ROS2-Workspace-mai/COAR-ROS2-Workspace-main/install/moveit_task_constructor_msgs/share/moveit_task_constructor_msgs/cmake/moveit_task_constructor_msgs__rosidl_typesupport_cppExport-debug.cmake
[0.455s] -- Up-to-date: /home/vasee22/COAR-ROS2-Workspace-mai/COAR-ROS2-Workspace-main/install/moveit_task_constructor_msgs/share/moveit_task_constructor_msgs/cmake/export_moveit_task_constructor_msgs__rosidl_generator_pyExport.cmake
[0.455s] -- Up-to-date: /home/vasee22/COAR-ROS2-Workspace-mai/COAR-ROS2-Workspace-main/install/moveit_task_constructor_msgs/share/moveit_task_constructor_msgs/cmake/export_moveit_task_constructor_msgs__rosidl_generator_pyExport-debug.cmake
[0.456s] -- Up-to-date: /home/vasee22/COAR-ROS2-Workspace-mai/COAR-ROS2-Workspace-main/install/moveit_task_constructor_msgs/share/moveit_task_constructor_msgs/cmake/rosidl_cmake-extras.cmake
[0.456s] -- Up-to-date: /home/vasee22/COAR-ROS2-Workspace-mai/COAR-ROS2-Workspace-main/install/moveit_task_constructor_msgs/share/moveit_task_constructor_msgs/cmake/ament_cmake_export_dependencies-extras.cmake
[0.456s] -- Up-to-date: /home/vasee22/COAR-ROS2-Workspace-mai/COAR-ROS2-Workspace-main/install/moveit_task_constructor_msgs/share/moveit_task_constructor_msgs/cmake/ament_cmake_export_include_directories-extras.cmake
[0.456s] -- Up-to-date: /home/vasee22/COAR-ROS2-Workspace-mai/COAR-ROS2-Workspace-main/install/moveit_task_constructor_msgs/share/moveit_task_constructor_msgs/cmake/ament_cmake_export_libraries-extras.cmake
[0.457s] -- Up-to-date: /home/vasee22/COAR-ROS2-Workspace-mai/COAR-ROS2-Workspace-main/install/moveit_task_constructor_msgs/share/moveit_task_constructor_msgs/cmake/ament_cmake_export_targets-extras.cmake
[0.457s] -- Up-to-date: /home/vasee22/COAR-ROS2-Workspace-mai/COAR-ROS2-Workspace-main/install/moveit_task_constructor_msgs/share/moveit_task_constructor_msgs/cmake/rosidl_cmake_export_typesupport_targets-extras.cmake
[0.457s] -- Up-to-date: /home/vasee22/COAR-ROS2-Workspace-mai/COAR-ROS2-Workspace-main/install/moveit_task_constructor_msgs/share/moveit_task_constructor_msgs/cmake/rosidl_cmake_export_typesupport_libraries-extras.cmake
[0.457s] -- Up-to-date: /home/vasee22/COAR-ROS2-Workspace-mai/COAR-ROS2-Workspace-main/install/moveit_task_constructor_msgs/share/moveit_task_constructor_msgs/cmake/moveit_task_constructor_msgsConfig.cmake
[0.457s] -- Up-to-date: /home/vasee22/COAR-ROS2-Workspace-mai/COAR-ROS2-Workspace-main/install/moveit_task_constructor_msgs/share/moveit_task_constructor_msgs/cmake/moveit_task_constructor_msgsConfig-version.cmake
[0.458s] -- Up-to-date: /home/vasee22/COAR-ROS2-Workspace-mai/COAR-ROS2-Workspace-main/install/moveit_task_constructor_msgs/share/moveit_task_constructor_msgs/package.xml
[0.467s] Invoked command in '/home/vasee22/COAR-ROS2-Workspace-mai/COAR-ROS2-Workspace-main/build/moveit_task_constructor_msgs' returned '0': CMAKE_PREFIX_PATH=${CMAKE_PREFIX_PATH}:/home/vasee22/COAR-ROS2-Workspace-mai/COAR-ROS2-Workspace-main/install/modbus_ros:/home/vasee22/ws_moveit/install/moveit_configs_utils:/home/vasee22/COAR-ROS2-Workspace-main/install/modbus_ros:/opt/ros/jazzy DEBUGINFOD_URLS=https://debuginfod.ubuntu.com /usr/bin/cmake --install /home/vasee22/COAR-ROS2-Workspace-mai/COAR-ROS2-Workspace-main/build/moveit_task_constructor_msgs
