[ 66%] Built target igus_rail_moveit
[ 66%] Built target end_effector_movement
[ 66%] Built target igus_moveit
[ 83%] Built target igus_rebel
[ 91%] [32mBuilding CXX object CMakeFiles/igus_rebel_pick_and_place.dir/src/igus_rebel_pick_and_place.cpp.o[0m
[01m[K/home/vasee22/COAR-ROS2-Workspace-main/src/igus_rebel_ros2/igus_rebel/src/igus_rebel_pick_and_place.cpp:[m[K In member function ‘[01m[Kmoveit::task_constructor::Task MTCTaskNode::[01;32m[KcreateTask[m[K()[m[K’:
[01m[K/home/vasee22/COAR-ROS2-Workspace-main/src/igus_rebel_ros2/igus_rebel/src/igus_rebel_pick_and_place.cpp:165:21:[m[K [01;31m[Kerror: [m[K‘[01m[Kclass moveit::task_constructor::stages::GenerateGraspPose[m[K’ has no member named ‘[01m[KsetGraspFrameTransform[m[K’
  165 |   stage_grasp_pose->[01;31m[KsetGraspFrameTransform[m[K(grasp_frame_transform);
      |                     [01;31m[K^~~~~~~~~~~~~~~~~~~~~~[m[K
[01m[K/home/vasee22/COAR-ROS2-Workspace-main/src/igus_rebel_ros2/igus_rebel/src/igus_rebel_pick_and_place.cpp:168:51:[m[K [01;31m[Kerror: [m[K‘[01m[KSimpleGrasp[m[K’ is not a member of ‘[01m[Kmoveit::task_constructor::stages[m[K’
  168 |   auto stage_pick = std::make_unique<mtc::stages::[01;31m[KSimpleGrasp[m[K>(std::move(stage_grasp_pose));
      |                                                   [01;31m[K^~~~~~~~~~~[m[K
[01m[K/home/vasee22/COAR-ROS2-Workspace-main/src/igus_rebel_ros2/igus_rebel/src/igus_rebel_pick_and_place.cpp:168:63:[m[K [01;31m[Kerror: [m[Kno matching function for call to ‘[01m[Kmake_unique<<expression error> >(std::remove_reference<std::unique_ptr<moveit::task_constructor::stages::GenerateGraspPose, std::default_delete<moveit::task_constructor::stages::GenerateGraspPose> >&>::type)[m[K’
  168 |   auto stage_pick = [01;31m[Kstd::make_unique<mtc::stages::SimpleGrasp>(std::move(stage_grasp_pose))[m[K;
      |                     [01;31m[K~~~~~~~~~~~~~~~~~~~~~~~~~~~~~~~~~~~~~~~~~~^~~~~~~~~~~~~~~~~~~~~~~~~~~~~[m[K
In file included from [01m[K/usr/include/c++/13/memory:78[m[K,
                 from [01m[K/opt/ros/jazzy/include/rclcpp/rclcpp/rclcpp.hpp:169[m[K,
                 from [01m[K/home/vasee22/COAR-ROS2-Workspace-main/src/igus_rebel_ros2/igus_rebel/src/igus_rebel_pick_and_place.cpp:1[m[K:
[01m[K/usr/include/c++/13/bits/unique_ptr.h:1069:5:[m[K [01;36m[Knote: [m[Kcandidate: ‘[01m[Ktemplate<class _Tp, class ... _Args> std::__detail::__unique_ptr_t<_Tp> std::[01;32m[Kmake_unique[m[K(_Args&& ...)[m[K’
 1069 |     [01;36m[Kmake_unique[m[K(_Args&&... __args)
      |     [01;36m[K^~~~~~~~~~~[m[K
[01m[K/usr/include/c++/13/bits/unique_ptr.h:1069:5:[m[K [01;36m[Knote: [m[K  template argument deduction/substitution failed:
[01m[K/home/vasee22/COAR-ROS2-Workspace-main/src/igus_rebel_ros2/igus_rebel/src/igus_rebel_pick_and_place.cpp:168:63:[m[K [01;31m[Kerror: [m[Ktemplate argument 1 is invalid
  168 |   auto stage_pick = [01;31m[Kstd::make_unique<mtc::stages::SimpleGrasp>(std::move(stage_grasp_pose))[m[K;
      |                     [01;31m[K~~~~~~~~~~~~~~~~~~~~~~~~~~~~~~~~~~~~~~~~~~^~~~~~~~~~~~~~~~~~~~~~~~~~~~~[m[K
[01m[K/usr/include/c++/13/bits/unique_ptr.h:1084:5:[m[K [01;36m[Knote: [m[Kcandidate: ‘[01m[Ktemplate<class _Tp> std::__detail::__unique_ptr_array_t<_Tp> std::[01;32m[Kmake_unique[m[K(size_t)[m[K’
 1084 |     [01;36m[Kmake_unique[m[K(size_t __num)
      |     [01;36m[K^~~~~~~~~~~[m[K
[01m[K/usr/include/c++/13/bits/unique_ptr.h:1084:5:[m[K [01;36m[Knote: [m[K  template argument deduction/substitution failed:
[01m[K/home/vasee22/COAR-ROS2-Workspace-main/src/igus_rebel_ros2/igus_rebel/src/igus_rebel_pick_and_place.cpp:168:63:[m[K [01;31m[Kerror: [m[Ktemplate argument 1 is invalid
  168 |   auto stage_pick = [01;31m[Kstd::make_unique<mtc::stages::SimpleGrasp>(std::move(stage_grasp_pose))[m[K;
      |                     [01;31m[K~~~~~~~~~~~~~~~~~~~~~~~~~~~~~~~~~~~~~~~~~~^~~~~~~~~~~~~~~~~~~~~~~~~~~~~[m[K
[01m[K/usr/include/c++/13/bits/unique_ptr.h:1094:5:[m[K [01;36m[Knote: [m[Kcandidate: ‘[01m[Ktemplate<class _Tp, class ... _Args> std::__detail::__invalid_make_unique_t<_Tp> std::[01;32m[Kmake_unique[m[K(_Args&& ...)[m[K’ (deleted)
 1094 |     [01;36m[Kmake_unique[m[K(_Args&&...) = delete;
      |     [01;36m[K^~~~~~~~~~~[m[K
[01m[K/usr/include/c++/13/bits/unique_ptr.h:1094:5:[m[K [01;36m[Knote: [m[K  template argument deduction/substitution failed:
[01m[K/home/vasee22/COAR-ROS2-Workspace-main/src/igus_rebel_ros2/igus_rebel/src/igus_rebel_pick_and_place.cpp:168:63:[m[K [01;31m[Kerror: [m[Ktemplate argument 1 is invalid
  168 |   auto stage_pick = [01;31m[Kstd::make_unique<mtc::stages::SimpleGrasp>(std::move(stage_grasp_pose))[m[K;
      |                     [01;31m[K~~~~~~~~~~~~~~~~~~~~~~~~~~~~~~~~~~~~~~~~~~^~~~~~~~~~~~~~~~~~~~~~~~~~~~~[m[K
gmake[2]: *** [CMakeFiles/igus_rebel_pick_and_place.dir/build.make:76: CMakeFiles/igus_rebel_pick_and_place.dir/src/igus_rebel_pick_and_place.cpp.o] Error 1
gmake[1]: *** [CMakeFiles/Makefile2:249: CMakeFiles/igus_rebel_pick_and_place.dir/all] Error 2
gmake: *** [Makefile:146: all] Error 2
